#
# A fatal error has been detected by the Java Runtime Environment:
#
#  EXCEPTION_ACCESS_VIOLATION (0xc0000005) at pc=0x000000007110b5db, pid=9924, tid=14232
#
# JRE version: Java(TM) SE Runtime Environment (9.0+11) (build 9.0.4+11)
# Java VM: Java HotSpot(TM) 64-Bit Server VM (9.0.4+11, mixed mode, tiered, compressed oops, g1 gc, windows-amd64)
# Problematic frame:
# C  [jSSC-2.8_x86_64.dll+0xb5db]
#
# No core dump will be written. Minidumps are not enabled by default on client versions of Windows
#
# If you would like to submit a bug report, please visit:
#   http://bugreport.java.com/bugreport/crash.jsp
# The crash happened outside the Java Virtual Machine in native code.
# See problematic frame for where to report the bug.
#

---------------  S U M M A R Y ------------

Command Line: -javaagent:C:\Program Files\JetBrains\IntelliJ IDEA 2018.2.4\lib\idea_rt.jar=61495:C:\Program Files\JetBrains\IntelliJ IDEA 2018.2.4\bin -Dfile.encoding=UTF-8 com.intellij.uiDesigner.snapShooter.SnapShooter 3 61494 sample.Main

Host: Intel(R) Core(TM) m3-7Y30 CPU @ 1.00GHz, 4 cores, 3G,  Windows 10 , 64 bit Build 17134 (10.0.17134.1)
Time: Tue Sep 25 16:59:15 2018 Aaea?onu (ceia) elapsed time: 8 seconds (0d 0h 0m 8s)

---------------  T H R E A D  ---------------

Current thread (0x00000261c2367800):  JavaThread "JavaFX Application Thread" [_thread_in_native, id=14232, stack(0x000000f686f00000,0x000000f687000000)]

Stack: [0x000000f686f00000,0x000000f687000000],  sp=0x000000f686ffaa10,  free space=1002k
Native frames: (J=compiled Java code, j=interpreted, Vv=VM code, C=native code)
C  [jSSC-2.8_x86_64.dll+0xb5db]
C  [jSSC-2.8_x86_64.dll+0x12590]
C  [jSSC-2.8_x86_64.dll+0x1595]
C  0x00000261ace0921c

Java frames: (J=compiled Java code, j=interpreted, Vv=VM code)
j  jssc.SerialNativeInterface.openPort(Ljava/lang/String;Z)J+0
j  jssc.SerialPort.openPort()Z+65
j  sample.MessengerCore.connect()V+601
j  sample.Controller.pressedConnectButton()V+4
v  ~StubRoutines::call_stub
j  jdk.internal.reflect.NativeMethodAccessorImpl.invoke0(Ljava/lang/reflect/Method;Ljava/lang/Object;[Ljava/lang/Object;)Ljava/lang/Object;+0 java.base@9.0.4
J 2539 c1 jdk.internal.reflect.NativeMethodAccessorImpl.invoke(Ljava/lang/Object;[Ljava/lang/Object;)Ljava/lang/Object; java.base@9.0.4 (104 bytes) @ 0x00000261ad83df14 [0x00000261ad83ce40+0x00000000000010d4]
J 1249 c1 jdk.internal.reflect.DelegatingMethodAccessorImpl.invoke(Ljava/lang/Object;[Ljava/lang/Object;)Ljava/lang/Object; java.base@9.0.4 (10 bytes) @ 0x00000261ad5c0c3c [0x00000261ad5c0b40+0x00000000000000fc]
J 1248 c1 java.lang.reflect.Method.invoke(Ljava/lang/Object;[Ljava/lang/Object;)Ljava/lang/Object; java.base@9.0.4 (65 bytes) @ 0x00000261ad5c06a4 [0x00000261ad5c0280+0x0000000000000424]
j  com.sun.javafx.reflect.Trampoline.invoke(Ljava/lang/reflect/Method;Ljava/lang/Object;[Ljava/lang/Object;)Ljava/lang/Object;+7
j  jdk.internal.reflect.GeneratedMethodAccessor2.invoke(Ljava/lang/Object;[Ljava/lang/Object;)Ljava/lang/Object;+40
J 1249 c1 jdk.internal.reflect.DelegatingMethodAccessorImpl.invoke(Ljava/lang/Object;[Ljava/lang/Object;)Ljava/lang/Object; java.base@9.0.4 (10 bytes) @ 0x00000261ad5c0c3c [0x00000261ad5c0b40+0x00000000000000fc]
J 1248 c1 java.lang.reflect.Method.invoke(Ljava/lang/Object;[Ljava/lang/Object;)Ljava/lang/Object; java.base@9.0.4 (65 bytes) @ 0x00000261ad5c06a4 [0x00000261ad5c0280+0x0000000000000424]
j  com.sun.javafx.reflect.MethodUtil.invoke(Ljava/lang/reflect/Method;Ljava/lang/Object;[Ljava/lang/Object;)Ljava/lang/Object;+20 javafx.base@9.0.4
j  com.sun.javafx.fxml.MethodHelper.invoke(Ljava/lang/reflect/Method;Ljava/lang/Object;[Ljava/lang/Object;)Ljava/lang/Object;+142 javafx.fxml@9.0.4
j  javafx.fxml.FXMLLoader$MethodHandler.invoke([Ljava/lang/Object;)V+38 javafx.fxml@9.0.4
j  javafx.fxml.FXMLLoader$ControllerMethodEventHandler.handle(Ljavafx/event/Event;)V+12 javafx.fxml@9.0.4
J 2556 c1 com.sun.javafx.event.CompositeEventHandler.dispatchBubblingEvent(Ljavafx/event/Event;)V javafx.base@9.0.4 (57 bytes) @ 0x00000261ad844e3c [0x00000261ad844a80+0x00000000000003bc]
J 2266 c1 com.sun.javafx.event.EventHandlerManager.dispatchBubblingEvent(Ljavafx/event/Event;)Ljavafx/event/Event; javafx.base@9.0.4 (23 bytes) @ 0x00000261ad7c8c04 [0x00000261ad7c85a0+0x0000000000000664]
J 2265 c1 com.sun.javafx.event.CompositeEventDispatcher.dispatchBubblingEvent(Ljavafx/event/Event;)Ljavafx/event/Event; javafx.base@9.0.4 (35 bytes) @ 0x00000261ad7c9594 [0x00000261ad7c93e0+0x00000000000001b4]
J 2239 c1 com.sun.javafx.event.BasicEventDispatcher.dispatchEvent(Ljavafx/event/Event;Ljavafx/event/EventDispatchChain;)Ljavafx/event/Event; javafx.base@9.0.4 (44 bytes) @ 0x00000261ad7bb02c [0x00000261ad7bad00+0x000000000000032c]
J 2231 c1 com.sun.javafx.event.EventDispatchChainImpl.dispatchEvent(Ljavafx/event/Event;)Ljavafx/event/Event; javafx.base@9.0.4 (101 bytes) @ 0x00000261ad7b528c [0x00000261ad7b50e0+0x00000000000001ac]
J 2239 c1 com.sun.javafx.event.BasicEventDispatcher.dispatchEvent(Ljavafx/event/Event;Ljavafx/event/EventDispatchChain;)Ljavafx/event/Event; javafx.base@9.0.4 (44 bytes) @ 0x00000261ad7baf44 [0x00000261ad7bad00+0x0000000000000244]
J 2231 c1 com.sun.javafx.event.EventDispatchChainImpl.dispatchEvent(Ljavafx/event/Event;)Ljavafx/event/Event; javafx.base@9.0.4 (101 bytes) @ 0x00000261ad7b528c [0x00000261ad7b50e0+0x00000000000001ac]
J 2239 c1 com.sun.javafx.event.BasicEventDispatcher.dispatchEvent(Ljavafx/event/Event;Ljavafx/event/EventDispatchChain;)Ljavafx/event/Event; javafx.base@9.0.4 (44 bytes) @ 0x00000261ad7baf44 [0x00000261ad7bad00+0x0000000000000244]
J 2231 c1 com.sun.javafx.event.EventDispatchChainImpl.dispatchEvent(Ljavafx/event/Event;)Ljavafx/event/Event; javafx.base@9.0.4 (101 bytes) @ 0x00000261ad7b528c [0x00000261ad7b50e0+0x00000000000001ac]
J 2239 c1 com.sun.javafx.event.BasicEventDispatcher.dispatchEvent(Ljavafx/event/Event;Ljavafx/event/EventDispatchChain;)Ljavafx/event/Event; javafx.base@9.0.4 (44 bytes) @ 0x00000261ad7baf44 [0x00000261ad7bad00+0x0000000000000244]
J 2231 c1 com.sun.javafx.event.EventDispatchChainImpl.dispatchEvent(Ljavafx/event/Event;)Ljavafx/event/Event; javafx.base@9.0.4 (101 bytes) @ 0x00000261ad7b528c [0x00000261ad7b50e0+0x00000000000001ac]
j  com.sun.javafx.event.EventUtil.fireEventImpl(Ljavafx/event/EventDispatchChain;Ljavafx/event/EventTarget;Ljavafx/event/Event;)Ljavafx/event/Event;+10 javafx.base@9.0.4
j  com.sun.javafx.event.EventUtil.fireEvent(Ljavafx/event/EventTarget;Ljavafx/event/Event;)Ljavafx/event/Event;+37 javafx.base@9.0.4
J 2626 c1 javafx.event.Event.fireEvent(Ljavafx/event/EventTarget;Ljavafx/event/Event;)V javafx.base@9.0.4 (35 bytes) @ 0x00000261ad85f6c4 [0x00000261ad85f600+0x00000000000000c4]
j  javafx.scene.Node.fireEvent(Ljavafx/event/Event;)V+86 javafx.graphics@9.0.4
j  javafx.scene.control.Button.fire()V+15 javafx.controls@9.0.4
j  com.sun.javafx.scene.control.behavior.ButtonBehavior.mouseReleased(Ljavafx/scene/input/MouseEvent;)V+27 javafx.controls@9.0.4
j  com.sun.javafx.scene.control.behavior.ButtonBehavior$$Lambda$428.handle(Ljavafx/event/Event;)V+8 javafx.controls@9.0.4
j  com.sun.javafx.scene.control.inputmap.InputMap.handle(Ljavafx/event/Event;)V+61 javafx.controls@9.0.4
j  com.sun.javafx.scene.control.inputmap.InputMap$$Lambda$173.handle(Ljavafx/event/Event;)V+5 javafx.controls@9.0.4
J 2657 c1 com.sun.javafx.event.CompositeEventHandler$NormalEventHandlerRecord.handleBubblingEvent(Ljavafx/event/Event;)V javafx.base@9.0.4 (11 bytes) @ 0x00000261ad875f3c [0x00000261ad875e40+0x00000000000000fc]
J 2556 c1 com.sun.javafx.event.CompositeEventHandler.dispatchBubblingEvent(Ljavafx/event/Event;)V javafx.base@9.0.4 (57 bytes) @ 0x00000261ad844cbc [0x00000261ad844a80+0x000000000000023c]
J 2266 c1 com.sun.javafx.event.EventHandlerManager.dispatchBubblingEvent(Ljavafx/event/Event;)Ljavafx/event/Event; javafx.base@9.0.4 (23 bytes) @ 0x00000261ad7c8c04 [0x00000261ad7c85a0+0x0000000000000664]
J 2265 c1 com.sun.javafx.event.CompositeEventDispatcher.dispatchBubblingEvent(Ljavafx/event/Event;)Ljavafx/event/Event; javafx.base@9.0.4 (35 bytes) @ 0x00000261ad7c9594 [0x00000261ad7c93e0+0x00000000000001b4]
J 2239 c1 com.sun.javafx.event.BasicEventDispatcher.dispatchEvent(Ljavafx/event/Event;Ljavafx/event/EventDispatchChain;)Ljavafx/event/Event; javafx.base@9.0.4 (44 bytes) @ 0x00000261ad7bb02c [0x00000261ad7bad00+0x000000000000032c]
J 2231 c1 com.sun.javafx.event.EventDispatchChainImpl.dispatchEvent(Ljavafx/event/Event;)Ljavafx/event/Event; javafx.base@9.0.4 (101 bytes) @ 0x00000261ad7b528c [0x00000261ad7b50e0+0x00000000000001ac]
J 2239 c1 com.sun.javafx.event.BasicEventDispatcher.dispatchEvent(Ljavafx/event/Event;Ljavafx/event/EventDispatchChain;)Ljavafx/event/Event; javafx.base@9.0.4 (44 bytes) @ 0x00000261ad7baf44 [0x00000261ad7bad00+0x0000000000000244]
J 2231 c1 com.sun.javafx.event.EventDispatchChainImpl.dispatchEvent(Ljavafx/event/Event;)Ljavafx/event/Event; javafx.base@9.0.4 (101 bytes) @ 0x00000261ad7b528c [0x00000261ad7b50e0+0x00000000000001ac]
J 2239 c1 com.sun.javafx.event.BasicEventDispatcher.dispatchEvent(Ljavafx/event/Event;Ljavafx/event/EventDispatchChain;)Ljavafx/event/Event; javafx.base@9.0.4 (44 bytes) @ 0x00000261ad7baf44 [0x00000261ad7bad00+0x0000000000000244]
J 2231 c1 com.sun.javafx.event.EventDispatchChainImpl.dispatchEvent(Ljavafx/event/Event;)Ljavafx/event/Event; javafx.base@9.0.4 (101 bytes) @ 0x00000261ad7b528c [0x00000261ad7b50e0+0x00000000000001ac]
J 2239 c1 com.sun.javafx.event.BasicEventDispatcher.dispatchEvent(Ljavafx/event/Event;Ljavafx/event/EventDispatchChain;)Ljavafx/event/Event; javafx.base@9.0.4 (44 bytes) @ 0x00000261ad7baf44 [0x00000261ad7bad00+0x0000000000000244]
J 2231 c1 com.sun.javafx.event.EventDispatchChainImpl.dispatchEvent(Ljavafx/event/Event;)Ljavafx/event/Event; javafx.base@9.0.4 (101 bytes) @ 0x00000261ad7b528c [0x00000261ad7b50e0+0x00000000000001ac]
j  com.sun.javafx.event.EventUtil.fireEventImpl(Ljavafx/event/EventDispatchChain;Ljavafx/event/EventTarget;Ljavafx/event/Event;)Ljavafx/event/Event;+10 javafx.base@9.0.4
j  com.sun.javafx.event.EventUtil.fireEvent(Ljavafx/event/EventTarget;Ljavafx/event/Event;)Ljavafx/event/Event;+46 javafx.base@9.0.4
J 2626 c1 javafx.event.Event.fireEvent(Ljavafx/event/EventTarget;Ljavafx/event/Event;)V javafx.base@9.0.4 (35 bytes) @ 0x00000261ad85f6c4 [0x00000261ad85f600+0x00000000000000c4]
j  javafx.scene.Scene$MouseHandler.process(Ljavafx/scene/input/MouseEvent;Z)V+491 javafx.graphics@9.0.4
j  javafx.scene.Scene$MouseHandler.access$1300(Ljavafx/scene/Scene$MouseHandler;Ljavafx/scene/input/MouseEvent;Z)V+3 javafx.graphics@9.0.4
j  javafx.scene.Scene.processMouseEvent(Ljavafx/scene/input/MouseEvent;)V+6 javafx.graphics@9.0.4
j  javafx.scene.Scene$ScenePeerListener.mouseEvent(Ljavafx/event/EventType;DDDDLjavafx/scene/input/MouseButton;ZZZZZZZZZ)V+46 javafx.graphics@9.0.4
j  com.sun.javafx.tk.quantum.GlassViewEventHandler$MouseEventNotification.run()Ljava/lang/Void;+582 javafx.graphics@9.0.4
j  com.sun.javafx.tk.quantum.GlassViewEventHandler$MouseEventNotification.run()Ljava/lang/Object;+1 javafx.graphics@9.0.4
v  ~StubRoutines::call_stub
J 2422  java.security.AccessController.doPrivileged(Ljava/security/PrivilegedAction;Ljava/security/AccessControlContext;)Ljava/lang/Object; java.base@9.0.4 (0 bytes) @ 0x00000261b49dcc46 [0x00000261b49dcbe0+0x0000000000000066]
j  com.sun.javafx.tk.quantum.GlassViewEventHandler.lambda$handleMouseEvent$2()Ljava/lang/Void;+11 javafx.graphics@9.0.4
j  com.sun.javafx.tk.quantum.GlassViewEventHandler$$Lambda$481.get()Ljava/lang/Object;+4 javafx.graphics@9.0.4
J 2690 c1 com.sun.javafx.tk.quantum.QuantumToolkit.runWithoutRenderLock(Ljava/util/function/Supplier;)Ljava/lang/Object; javafx.graphics@9.0.4 (49 bytes) @ 0x00000261ad890fdc [0x00000261ad890ac0+0x000000000000051c]
j  com.sun.javafx.tk.quantum.GlassViewEventHandler.handleMouseEvent(Lcom/sun/glass/ui/View;JIIIIIIIZZ)V+103 javafx.graphics@9.0.4
j  com.sun.glass.ui.View.handleMouseEvent(JIIIIIIIZZ)V+30 javafx.graphics@9.0.4
j  com.sun.glass.ui.View.notifyMouse(IIIIIIIZZ)V+181 javafx.graphics@9.0.4
v  ~StubRoutines::call_stub
j  com.sun.glass.ui.win.WinApplication._runLoop(Ljava/lang/Runnable;)V+0 javafx.graphics@9.0.4
j  com.sun.glass.ui.win.WinApplication.lambda$runLoop$3(ILjava/lang/Runnable;)V+8 javafx.graphics@9.0.4
j  com.sun.glass.ui.win.WinApplication$$Lambda$67.run()V+12 javafx.graphics@9.0.4
j  java.lang.Thread.run()V+11 java.base@9.0.4
v  ~StubRoutines::call_stub

siginfo: EXCEPTION_ACCESS_VIOLATION (0xc0000005), reading address 0xffffffffc2e75ef1


Register to memory mapping:

RIP=0x000000007110b5db jSSC-2.8_x86_64.dll
RAX=0xffffffffc2e75ef1 is an unknown value
RBX=0x000000f686ffaa80 is pointing into the stack for thread: 0x00000261c2367800
RCX=0x00007ffe8deda0d4 ntdll.dll
RDX=0x0000000000000000 is an unknown value
RSP=0x000000f686ffaa10 is pointing into the stack for thread: 0x00000261c2367800
RBP=0x000000f686ffab90 is pointing into the stack for thread: 0x00000261c2367800
RSI=0x00000261c2367a18 is an unknown value
RDI=0x0000000000000998 is an unknown value
R8 =0x000000f686ffa908 is pointing into the stack for thread: 0x00000261c2367800
R9 =0x000000f686ffaa00 is pointing into the stack for thread: 0x00000261c2367800
R10=0x0000000000000000 is an unknown value
R11=0x0000000000000246 is an unknown value
R12=0x000000f686ffac48 is pointing into the stack for thread: 0x00000261c2367800
R13=0x00000261c3b94260 is an unknown value
R14=0x000000f686ffab40 is pointing into the stack for thread: 0x00000261c2367800
R15=0x00000261c2367800 is a thread


Registers:
RAX=0xffffffffc2e75ef1, RBX=0x000000f686ffaa80, RCX=0x00007ffe8deda0d4, RDX=0x0000000000000000
RSP=0x000000f686ffaa10, RBP=0x000000f686ffab90, RSI=0x00000261c2367a18, RDI=0x0000000000000998
R8 =0x000000f686ffa908, R9 =0x000000f686ffaa00, R10=0x0000000000000000, R11=0x0000000000000246
R12=0x000000f686ffac48, R13=0x00000261c3b94260, R14=0x000000f686ffab40, R15=0x00000261c2367800
RIP=0x000000007110b5db, EFLAGS=0x0000000000010202

Top of Stack: (sp=0x000000f686ffaa10)
0x000000f686ffaa10:   000000f686ffaa38 00007ffe00000000
0x000000f686ffaa20:   000000007110b230 00007ffe8de50428
0x000000f686ffaa30:   00000261c3b94260 0000000000000004
0x000000f686ffaa40:   00000261c2367a18 0000000000000998
0x000000f686ffaa50:   000000f686ffab90 0000000071112590
0x000000f686ffaa60:   000000f686ffaac0 000000f686ffac48
0x000000f686ffaa70:   00000261c3b93f10 0000000000000000
0x000000f686ffaa80:   0000000000000998 00007ffe8ae94847
0x000000f686ffaa90:   00000261c2367800 000000f686ffab40
0x000000f686ffaaa0:   00000261c3b94260 00000261c2367a18
0x000000f686ffaab0:   0000000071113500 0000000071113be8
0x000000f686ffaac0:   000000f686ffaaf0 0000000071112641
0x000000f686ffaad0:   000000f686ffaa60 0000000040000000
0x000000f686ffaae0:   0000000000000000 0000000000000000
0x000000f686ffaaf0:   000000f686ffab90 0000000071101595
0x000000f686ffab00:   000000000000001c 00000261c2367a18 

Instructions: (pc=0x000000007110b5db)
0x000000007110b5bb:   c5 0f 1f 40 00 55 57 56 53 48 83 ec 28 48 8b 05
0x000000007110b5cb:   39 33 01 00 48 89 cb 48 85 c0 0f 84 c5 00 00 00
0x000000007110b5db:   8b 38 85 ff 0f 88 ab 00 00 00 48 8b 05 1c 33 01
0x000000007110b5eb:   00 48 85 c0 0f 84 bc 00 00 00 8b 30 85 f6 74 57 



---------------  P R O C E S S  ---------------

Java Threads: ( => current thread )
  0x00000261ca015800 JavaThread "Prism Font Disposer" daemon [_thread_blocked, id=2380, stack(0x000000f687800000,0x000000f687900000)]
  0x00000261c372f800 JavaThread "Java2D Disposer" daemon [_thread_blocked, id=13920, stack(0x000000f687400000,0x000000f687500000)]
  0x00000261c22e9000 JavaThread "Thread-2" daemon [_thread_in_native, id=11692, stack(0x000000f687200000,0x000000f687300000)]
=>0x00000261c2367800 JavaThread "JavaFX Application Thread" [_thread_in_native, id=14232, stack(0x000000f686f00000,0x000000f687000000)]
  0x00000261c24cb000 JavaThread "InvokeLaterDispatcher" daemon [_thread_blocked, id=14708, stack(0x000000f686e00000,0x000000f686f00000)]
  0x00000261c22a7000 JavaThread "QuantumRenderer-0" daemon [_thread_blocked, id=9492, stack(0x000000f686d00000,0x000000f686e00000)]
  0x00000261c1d10000 JavaThread "JavaFX-Launcher" [_thread_blocked, id=5528, stack(0x000000f686c00000,0x000000f686d00000)]
  0x00000261c1c46000 JavaThread "snapshooter" daemon [_thread_in_native, id=13456, stack(0x000000f686b00000,0x000000f686c00000)]
  0x00000261c1c3b000 JavaThread "Service Thread" daemon [_thread_blocked, id=9372, stack(0x000000f686900000,0x000000f686a00000)]
  0x00000261c1c32000 JavaThread "Monitor Ctrl-Break" daemon [_thread_in_native, id=4488, stack(0x000000f686800000,0x000000f686900000)]
  0x00000261c1901800 JavaThread "Common-Cleaner" daemon [_thread_blocked, id=14676, stack(0x000000f686700000,0x000000f686800000)]
  0x00000261c18d6800 JavaThread "Sweeper thread" daemon [_thread_blocked, id=2600, stack(0x000000f686600000,0x000000f686700000)]
  0x00000261c187c000 JavaThread "C1 CompilerThread2" daemon [_thread_blocked, id=3676, stack(0x000000f686500000,0x000000f686600000)]
  0x00000261c185e800 JavaThread "C2 CompilerThread1" daemon [_thread_blocked, id=3392, stack(0x000000f686400000,0x000000f686500000)]
  0x00000261c185a800 JavaThread "C2 CompilerThread0" daemon [_thread_blocked, id=1316, stack(0x000000f686300000,0x000000f686400000)]
  0x00000261c1856800 JavaThread "Attach Listener" daemon [_thread_blocked, id=1364, stack(0x000000f686200000,0x000000f686300000)]
  0x00000261c1855800 JavaThread "Signal Dispatcher" daemon [_thread_blocked, id=8168, stack(0x000000f686100000,0x000000f686200000)]
  0x00000261c1808000 JavaThread "Finalizer" daemon [_thread_blocked, id=9196, stack(0x000000f686000000,0x000000f686100000)]
  0x00000261c17f7000 JavaThread "Reference Handler" daemon [_thread_blocked, id=12292, stack(0x000000f685f00000,0x000000f686000000)]
  0x00000261a0df4000 JavaThread "main" [_thread_blocked, id=2208, stack(0x000000f685200000,0x000000f685300000)]

Other Threads:
  0x00000261c17f2800 VMThread "VM Thread" [stack: 0x000000f685e00000,0x000000f685f00000] [id=9788]
  0x00000261c1c41800 WatcherThread [stack: 0x000000f686a00000,0x000000f686b00000] [id=9864]
  0x00000261a0e09000 GCTaskThread "GC Thread#0" [stack: 0x000000f685300000,0x000000f685400000] [id=14168]
  0x00000261a0e0a000 GCTaskThread "GC Thread#1" [stack: 0x000000f685400000,0x000000f685500000] [id=2648]
  0x00000261a0e0c000 GCTaskThread "GC Thread#2" [stack: 0x000000f685500000,0x000000f685600000] [id=5720]
  0x00000261a0e0e000 GCTaskThread "GC Thread#3" [stack: 0x000000f685600000,0x000000f685700000] [id=15288]
  0x00000261a0e50800 ConcurrentGCThread "G1 Main Marker" [stack: 0x000000f685c00000,0x000000f685d00000] [id=4372]
  0x00000261a0e52800 ConcurrentGCThread "G1 Marker#0" [stack: 0x000000f685d00000,0x000000f685e00000] [id=5868]
  0x00000261a0e18800 ConcurrentGCThread "G1 Refine#0" [stack: 0x000000f685a00000,0x000000f685b00000] [id=10288]
  0x00000261a0e15000 ConcurrentGCThread "G1 Refine#1" [stack: 0x000000f685900000,0x000000f685a00000] [id=8160]
  0x00000261a0e14000 ConcurrentGCThread "G1 Refine#2" [stack: 0x000000f685800000,0x000000f685900000] [id=8804]
  0x00000261a0e0f800 ConcurrentGCThread "G1 Refine#3" [stack: 0x000000f685700000,0x000000f685800000] [id=3504]
  0x00000261a0e1a000 ConcurrentGCThread "G1 Young RemSet Sampling" [stack: 0x000000f685b00000,0x000000f685c00000] [id=14980]

Threads with active compile tasks:

VM state:not at safepoint (normal execution)

VM Mutex/Monitor currently owned by a thread: None

Heap address: 0x00000000c1c00000, size: 996 MB, Compressed Oops mode: 32-bit
Narrow klass base: 0x0000000000000000, Narrow klass shift: 3
Compressed class space size: 1073741824 Address: 0x0000000100000000

Heap:
 garbage-first heap   total 65536K, used 23230K [0x00000000c1c00000, 0x00000000c1d00200, 0x0000000100000000)
  region size 1024K, 16 young (16384K), 5 survivors (5120K)
 Metaspace       used 22523K, capacity 25068K, committed 25136K, reserved 1071104K
  class space    used 2942K, capacity 3376K, committed 3376K, reserved 1048576K
Heap Regions: E=young(eden), S=young(survivor), O=old, HS=humongous(starts), HC=humongous(continues), CS=collection set, F=free, A=archive, TS=gc time stamp, AC=allocation context, TAMS=top-at-mark-start (previous, next)
|   0|0x00000000c1c00000, 0x00000000c1d00000, 0x00000000c1d00000|100%|HS|  |TS  0|AC  0|TAMS 0x00000000c1d00000, 0x00000000c1d00000|
|   1|0x00000000c1d00000, 0x00000000c1e00000, 0x00000000c1e00000|100%|HC|  |TS  0|AC  0|TAMS 0x00000000c1e00000, 0x00000000c1e00000|
|   2|0x00000000c1e00000, 0x00000000c1f00000, 0x00000000c1f00000|100%|HC|  |TS  0|AC  0|TAMS 0x00000000c1f00000, 0x00000000c1f00000|
|   3|0x00000000c1f00000, 0x00000000c2000000, 0x00000000c2000000|100%|HS|  |TS  0|AC  0|TAMS 0x00000000c2000000, 0x00000000c2000000|
|   4|0x00000000c2000000, 0x00000000c2100000, 0x00000000c2100000|100%| O|  |TS  0|AC  0|TAMS 0x00000000c2100000, 0x00000000c2100000|
|   5|0x00000000c2100000, 0x00000000c21af800, 0x00000000c2200000| 68%| O|  |TS  0|AC  0|TAMS 0x00000000c21af800, 0x00000000c21af800|
|   6|0x00000000c2200000, 0x00000000c2300000, 0x00000000c2300000|100%|HS|  |TS  0|AC  0|TAMS 0x00000000c2200000, 0x00000000c2200000|
|   7|0x00000000c2300000, 0x00000000c2400000, 0x00000000c2400000|100%|HC|  |TS  0|AC  0|TAMS 0x00000000c2300000, 0x00000000c2300000|
|   8|0x00000000c2400000, 0x00000000c2400000, 0x00000000c2500000|  0%| F|  |TS  0|AC  0|TAMS 0x00000000c2400000, 0x00000000c2400000|
|   9|0x00000000c2500000, 0x00000000c2500000, 0x00000000c2600000|  0%| F|  |TS  0|AC  0|TAMS 0x00000000c2500000, 0x00000000c2500000|
|  10|0x00000000c2600000, 0x00000000c2600000, 0x00000000c2700000|  0%| F|  |TS  0|AC  0|TAMS 0x00000000c2600000, 0x00000000c2600000|
|  11|0x00000000c2700000, 0x00000000c2700000, 0x00000000c2800000|  0%| F|  |TS  0|AC  0|TAMS 0x00000000c2700000, 0x00000000c2700000|
|  12|0x00000000c2800000, 0x00000000c2800000, 0x00000000c2900000|  0%| F|  |TS  0|AC  0|TAMS 0x00000000c2800000, 0x00000000c2800000|
|  13|0x00000000c2900000, 0x00000000c2900000, 0x00000000c2a00000|  0%| F|  |TS  0|AC  0|TAMS 0x00000000c2900000, 0x00000000c2900000|
|  14|0x00000000c2a00000, 0x00000000c2a00000, 0x00000000c2b00000|  0%| F|  |TS  0|AC  0|TAMS 0x00000000c2a00000, 0x00000000c2a00000|
|  15|0x00000000c2b00000, 0x00000000c2b00000, 0x00000000c2c00000|  0%| F|  |TS  0|AC  0|TAMS 0x00000000c2b00000, 0x00000000c2b00000|
|  16|0x00000000c2c00000, 0x00000000c2c00000, 0x00000000c2d00000|  0%| F|  |TS  0|AC  0|TAMS 0x00000000c2c00000, 0x00000000c2c00000|
|  17|0x00000000c2d00000, 0x00000000c2d00000, 0x00000000c2e00000|  0%| F|  |TS  0|AC  0|TAMS 0x00000000c2d00000, 0x00000000c2d00000|
|  18|0x00000000c2e00000, 0x00000000c2e00000, 0x00000000c2f00000|  0%| F|  |TS  0|AC  0|TAMS 0x00000000c2e00000, 0x00000000c2e00000|
|  19|0x00000000c2f00000, 0x00000000c2f00000, 0x00000000c3000000|  0%| F|  |TS  0|AC  0|TAMS 0x00000000c2f00000, 0x00000000c2f00000|
|  20|0x00000000c3000000, 0x00000000c3000000, 0x00000000c3100000|  0%| F|  |TS  0|AC  0|TAMS 0x00000000c3000000, 0x00000000c3000000|
|  21|0x00000000c3100000, 0x00000000c3100000, 0x00000000c3200000|  0%| F|  |TS  0|AC  0|TAMS 0x00000000c3100000, 0x00000000c3100000|
|  22|0x00000000c3200000, 0x00000000c3200000, 0x00000000c3300000|  0%| F|  |TS  0|AC  0|TAMS 0x00000000c3200000, 0x00000000c3200000|
|  23|0x00000000c3300000, 0x00000000c3300000, 0x00000000c3400000|  0%| F|  |TS  0|AC  0|TAMS 0x00000000c3300000, 0x00000000c3300000|
|  24|0x00000000c3400000, 0x00000000c3400000, 0x00000000c3500000|  0%| F|  |TS  0|AC  0|TAMS 0x00000000c3400000, 0x00000000c3400000|
|  25|0x00000000c3500000, 0x00000000c3500000, 0x00000000c3600000|  0%| F|  |TS  0|AC  0|TAMS 0x00000000c3500000, 0x00000000c3500000|
|  26|0x00000000c3600000, 0x00000000c3600000, 0x00000000c3700000|  0%| F|  |TS  0|AC  0|TAMS 0x00000000c3600000, 0x00000000c3600000|
|  27|0x00000000c3700000, 0x00000000c3700000, 0x00000000c3800000|  0%| F|  |TS  0|AC  0|TAMS 0x00000000c3700000, 0x00000000c3700000|
|  28|0x00000000c3800000, 0x00000000c3800000, 0x00000000c3900000|  0%| F|  |TS  0|AC  0|TAMS 0x00000000c3800000, 0x00000000c3800000|
|  29|0x00000000c3900000, 0x00000000c3900000, 0x00000000c3a00000|  0%| F|  |TS  0|AC  0|TAMS 0x00000000c3900000, 0x00000000c3900000|
|  30|0x00000000c3a00000, 0x00000000c3a00000, 0x00000000c3b00000|  0%| F|  |TS  0|AC  0|TAMS 0x00000000c3a00000, 0x00000000c3a00000|
|  31|0x00000000c3b00000, 0x00000000c3b00000, 0x00000000c3c00000|  0%| F|  |TS  0|AC  0|TAMS 0x00000000c3b00000, 0x00000000c3b00000|
|  32|0x00000000c3c00000, 0x00000000c3c00000, 0x00000000c3d00000|  0%| F|  |TS  0|AC  0|TAMS 0x00000000c3c00000, 0x00000000c3c00000|
|  33|0x00000000c3d00000, 0x00000000c3d00000, 0x00000000c3e00000|  0%| F|  |TS  0|AC  0|TAMS 0x00000000c3d00000, 0x00000000c3d00000|
|  34|0x00000000c3e00000, 0x00000000c3e00000, 0x00000000c3f00000|  0%| F|  |TS  0|AC  0|TAMS 0x00000000c3e00000, 0x00000000c3e00000|
|  35|0x00000000c3f00000, 0x00000000c3f00000, 0x00000000c4000000|  0%| F|  |TS  0|AC  0|TAMS 0x00000000c3f00000, 0x00000000c3f00000|
|  36|0x00000000c4000000, 0x00000000c4000000, 0x00000000c4100000|  0%| F|  |TS  0|AC  0|TAMS 0x00000000c4000000, 0x00000000c4000000|
|  37|0x00000000c4100000, 0x00000000c4200000, 0x00000000c4200000|100%| S|CS|TS  0|AC  0|TAMS 0x00000000c4100000, 0x00000000c4100000|
|  38|0x00000000c4200000, 0x00000000c4300000, 0x00000000c4300000|100%| S|CS|TS  0|AC  0|TAMS 0x00000000c4200000, 0x00000000c4200000|
|  39|0x00000000c4300000, 0x00000000c4400000, 0x00000000c4400000|100%| S|CS|TS  0|AC  0|TAMS 0x00000000c4300000, 0x00000000c4300000|
|  40|0x00000000c4400000, 0x00000000c4500000, 0x00000000c4500000|100%| S|CS|TS  0|AC  0|TAMS 0x00000000c4400000, 0x00000000c4400000|
|  41|0x00000000c4500000, 0x00000000c4600000, 0x00000000c4600000|100%| S|CS|TS  0|AC  0|TAMS 0x00000000c4500000, 0x00000000c4500000|
|  42|0x00000000c4600000, 0x00000000c4600000, 0x00000000c4700000|  0%| F|  |TS  0|AC  0|TAMS 0x00000000c4600000, 0x00000000c4600000|
|  43|0x00000000c4700000, 0x00000000c4700000, 0x00000000c4800000|  0%| F|  |TS  0|AC  0|TAMS 0x00000000c4700000, 0x00000000c4700000|
|  44|0x00000000c4800000, 0x00000000c4800000, 0x00000000c4900000|  0%| F|  |TS  0|AC  0|TAMS 0x00000000c4800000, 0x00000000c4800000|
|  45|0x00000000c4900000, 0x00000000c4900000, 0x00000000c4a00000|  0%| F|  |TS  0|AC  0|TAMS 0x00000000c4900000, 0x00000000c4900000|
|  46|0x00000000c4a00000, 0x00000000c4a00000, 0x00000000c4b00000|  0%| F|  |TS  0|AC  0|TAMS 0x00000000c4a00000, 0x00000000c4a00000|
|  47|0x00000000c4b00000, 0x00000000c4b00000, 0x00000000c4c00000|  0%| F|  |TS  0|AC  0|TAMS 0x00000000c4b00000, 0x00000000c4b00000|
|  48|0x00000000c4c00000, 0x00000000c4c00000, 0x00000000c4d00000|  0%| F|  |TS  0|AC  0|TAMS 0x00000000c4c00000, 0x00000000c4c00000|
|  49|0x00000000c4d00000, 0x00000000c4d00000, 0x00000000c4e00000|  0%| F|  |TS  0|AC  0|TAMS 0x00000000c4d00000, 0x00000000c4d00000|
|  50|0x00000000c4e00000, 0x00000000c4e00000, 0x00000000c4f00000|  0%| F|  |TS  0|AC  0|TAMS 0x00000000c4e00000, 0x00000000c4e00000|
|  51|0x00000000c4f00000, 0x00000000c4f00000, 0x00000000c5000000|  0%| F|  |TS  0|AC  0|TAMS 0x00000000c4f00000, 0x00000000c4f00000|
|  52|0x00000000c5000000, 0x00000000c5000000, 0x00000000c5100000|  0%| F|  |TS  0|AC  0|TAMS 0x00000000c5000000, 0x00000000c5000000|
|  53|0x00000000c5100000, 0x00000000c519d398, 0x00000000c5200000| 61%| E|  |TS  0|AC  0|TAMS 0x00000000c5100000, 0x00000000c5100000|
|  54|0x00000000c5200000, 0x00000000c5300000, 0x00000000c5300000|100%| E|CS|TS  0|AC  0|TAMS 0x00000000c5200000, 0x00000000c5200000|
|  55|0x00000000c5300000, 0x00000000c5400000, 0x00000000c5400000|100%| E|CS|TS  0|AC  0|TAMS 0x00000000c5300000, 0x00000000c5300000|
|  56|0x00000000c5400000, 0x00000000c5500000, 0x00000000c5500000|100%| E|CS|TS  0|AC  0|TAMS 0x00000000c5400000, 0x00000000c5400000|
|  57|0x00000000c5500000, 0x00000000c5600000, 0x00000000c5600000|100%| E|CS|TS  0|AC  0|TAMS 0x00000000c5500000, 0x00000000c5500000|
|  58|0x00000000c5600000, 0x00000000c5700000, 0x00000000c5700000|100%| E|CS|TS  0|AC  0|TAMS 0x00000000c5600000, 0x00000000c5600000|
|  59|0x00000000c5700000, 0x00000000c5800000, 0x00000000c5800000|100%| E|CS|TS  0|AC  0|TAMS 0x00000000c5700000, 0x00000000c5700000|
|  60|0x00000000c5800000, 0x00000000c5900000, 0x00000000c5900000|100%| E|CS|TS  0|AC  0|TAMS 0x00000000c5800000, 0x00000000c5800000|
|  61|0x00000000c5900000, 0x00000000c5a00000, 0x00000000c5a00000|100%| E|CS|TS  0|AC  0|TAMS 0x00000000c5900000, 0x00000000c5900000|
|  62|0x00000000c5a00000, 0x00000000c5b00000, 0x00000000c5b00000|100%| E|CS|TS  0|AC  0|TAMS 0x00000000c5a00000, 0x00000000c5a00000|
|  63|0x00000000c5b00000, 0x00000000c5c00000, 0x00000000c5c00000|100%| E|CS|TS  0|AC  0|TAMS 0x00000000c5b00000, 0x00000000c5b00000|

Card table byte_map: [0x00000261bc720000,0x00000261bc920000] byte_map_base: 0x00000261bc112000

Marking Bits (Prev, Next): (CMBitMap*) 0x00000261a0e4fba8, (CMBitMap*) 0x00000261a0e4fb70
 Prev Bits: [0x00000261bdab0000, 0x00000261bea40000)
 Next Bits: [0x00000261bcb20000, 0x00000261bdab0000)

Polling page: 0x00000261a0d60000

CodeHeap 'non-profiled nmethods': size=120064Kb used=1313Kb max_used=1313Kb free=118750Kb
 bounds [0x00000261b48b0000, 0x00000261b4b20000, 0x00000261bbdf0000]
CodeHeap 'profiled nmethods': size=120000Kb used=5272Kb max_used=5272Kb free=114727Kb
 bounds [0x00000261ad380000, 0x00000261ad8b0000, 0x00000261b48b0000]
CodeHeap 'non-nmethods': size=5696Kb used=1466Kb max_used=1499Kb free=4229Kb
 bounds [0x00000261acdf0000, 0x00000261ad060000, 0x00000261ad380000]
 total_blobs=3991 nmethods=2721 adapters=652
 compilation: enabled

Compilation events (10 events):
Event: 8.431 Thread 0x00000261c187c000 nmethod 2717 0x00000261ad8a3590 code [0x00000261ad8a3820, 0x00000261ad8a43b0]
Event: 8.446 Thread 0x00000261c187c000 2718       1       java.util.zip.ZipFile$Source::access$200 (5 bytes)
Event: 8.446 Thread 0x00000261c187c000 nmethod 2718 0x00000261b49f7e10 code [0x00000261b49f7fc0, 0x00000261b49f80b8]
Event: 8.446 Thread 0x00000261c187c000 2719       1       java.util.zip.ZStreamRef::address (5 bytes)
Event: 8.446 Thread 0x00000261c187c000 nmethod 2719 0x00000261b49f8190 code [0x00000261b49f8340, 0x00000261b49f8458]
Event: 8.447 Thread 0x00000261c187c000 2720       3       java.util.zip.ZipFile$Source::access$100 (7 bytes)
Event: 8.447 Thread 0x00000261c187c000 nmethod 2720 0x00000261ad8a4690 code [0x00000261ad8a4840, 0x00000261ad8a49b0]
Event: 8.447 Thread 0x00000261c187c000 2721   !   3       java.util.zip.ZipFile::getEntry (66 bytes)
Event: 8.448 Thread 0x00000261c187c000 nmethod 2721 0x00000261ad8a4a90 code [0x00000261ad8a4ce0, 0x00000261ad8a5620]
Event: 8.448 Thread 0x00000261c187c000 2722   !   3       jdk.internal.loader.URLClassPath$JarLoader::ensureOpen (36 bytes)

GC Heap History (4 events):
Event: 1.136 GC heap before
{Heap before GC invocations=0 (full 0):
 garbage-first heap   total 65536K, used 18432K [0x00000000c1c00000, 0x00000000c1d00200, 0x0000000100000000)
  region size 1024K, 14 young (14336K), 0 survivors (0K)
 Metaspace       used 11011K, capacity 11530K, committed 11776K, reserved 1060864K
  class space    used 1147K, capacity 1261K, committed 1280K, reserved 1048576K
}
Event: 1.144 GC heap after
{Heap after GC invocations=1 (full 0):
 garbage-first heap   total 65536K, used 7612K [0x00000000c1c00000, 0x00000000c1d00200, 0x0000000100000000)
  region size 1024K, 2 young (2048K), 2 survivors (2048K)
 Metaspace       used 11011K, capacity 11530K, committed 11776K, reserved 1060864K
  class space    used 1147K, capacity 1261K, committed 1280K, reserved 1048576K
}
Event: 2.376 GC heap before
{Heap before GC invocations=1 (full 0):
 garbage-first heap   total 65536K, used 27068K [0x00000000c1c00000, 0x00000000c1d00200, 0x0000000100000000)
  region size 1024K, 22 young (22528K), 2 survivors (2048K)
 Metaspace       used 19342K, capacity 21190K, committed 21296K, reserved 1067008K
  class space    used 2473K, capacity 2819K, committed 2864K, reserved 1048576K
}
Event: 2.386 GC heap after
{Heap after GC invocations=2 (full 0):
 garbage-first heap   total 65536K, used 10942K [0x00000000c1c00000, 0x00000000c1d00200, 0x0000000100000000)
  region size 1024K, 5 young (5120K), 5 survivors (5120K)
 Metaspace       used 19342K, capacity 21190K, committed 21296K, reserved 1067008K
  class space    used 2473K, capacity 2819K, committed 2864K, reserved 1048576K
}

Deoptimization events (10 events):
Event: 6.399 Thread 0x00000261c2367800 Uncommon trap: reason=array_check action=maybe_recompile pc=0x00000261b499b78c method=javafx.css.SimpleSelector.applies(Ljavafx/css/Styleable;[Ljava/util/Set;I)Z @ 37 c2
Event: 6.399 Thread 0x00000261c2367800 Uncommon trap: reason=array_check action=maybe_recompile pc=0x00000261b499b78c method=javafx.css.SimpleSelector.applies(Ljavafx/css/Styleable;[Ljava/util/Set;I)Z @ 37 c2
Event: 6.400 Thread 0x00000261c2367800 Uncommon trap: reason=array_check action=maybe_recompile pc=0x00000261b499b78c method=javafx.css.SimpleSelector.applies(Ljavafx/css/Styleable;[Ljava/util/Set;I)Z @ 37 c2
Event: 6.400 Thread 0x00000261c2367800 Uncommon trap: reason=array_check action=maybe_recompile pc=0x00000261b4989b94 method=javafx.css.SimpleSelector.applies(Ljavafx/css/Styleable;[Ljava/util/Set;I)Z @ 37 c2
Event: 6.418 Thread 0x00000261c2367800 Uncommon trap: reason=class_check action=maybe_recompile pc=0x00000261b49b4c44 method=javafx.scene.Node.updateLocalToParentTransform()V @ 11 c2
Event: 6.419 Thread 0x00000261c2367800 Uncommon trap: reason=class_check action=maybe_recompile pc=0x00000261b49b4c44 method=javafx.scene.Node.updateLocalToParentTransform()V @ 11 c2
Event: 6.420 Thread 0x00000261c2367800 Uncommon trap: reason=class_check action=maybe_recompile pc=0x00000261b49b4c44 method=javafx.scene.Node.updateLocalToParentTransform()V @ 11 c2
Event: 6.420 Thread 0x00000261c2367800 Uncommon trap: reason=class_check action=maybe_recompile pc=0x00000261b49b4c44 method=javafx.scene.Node.updateLocalToParentTransform()V @ 11 c2
Event: 6.429 Thread 0x00000261c2367800 Uncommon trap: reason=unstable_if action=reinterpret pc=0x00000261b49ce018 method=java.util.HashMap.removeNode(ILjava/lang/Object;Ljava/lang/Object;ZZ)Ljava/util/HashMap$Node; @ 234 c2
Event: 7.254 Thread 0x00000261c2367800 Uncommon trap: reason=null_check action=make_not_entrant pc=0x00000261b49e775c method=javafx.scene.Node$MiscProperties.getClip()Ljavafx/scene/Node; @ 20 c2

Classes redefined (0 events):
No events

Internal exceptions (10 events):
Event: 2.327 Thread 0x00000261c2367800 Exception <a 'java/lang/ClassNotFoundException'{0x00000000c48bee20}: com/sun/javafx/scene/control/skin/resources/controls_en_US> (0x00000000c48bee20) thrown at [t:/workspace/hotspot/src/share/vm/prims/jni.cpp, line 625]
Event: 2.688 Thread 0x00000261c2367800 Exception <a 'java/lang/NoSuchMethodError'{0x00000000c5686cb8}: method resolution failed> (0x00000000c5686cb8) thrown at [t:/workspace/hotspot/src/share/vm/prims/methodHandles.cpp, line 1256]
Event: 2.761 Thread 0x00000261c22a7000 Exception <a 'java/lang/NoSuchMethodError'{0x00000000c5557180}: java.lang.invoke.DirectMethodHandle$Holder.invokeStaticInit(Ljava/lang/Object;Ljava/lang/Object;)I> (0x00000000c5557180) thrown at [t:/workspace/hotspot/src/share/vm/interpreter/linkResolver.
Event: 2.887 Thread 0x00000261c22a7000 Exception <a 'java/lang/NoSuchMethodError'{0x00000000c54b0ce8}: java.lang.invoke.DirectMethodHandle$Holder.invokeStaticInit(Ljava/lang/Object;I)Ljava/lang/Object;> (0x00000000c54b0ce8) thrown at [t:/workspace/hotspot/src/share/vm/interpreter/linkResolver.
Event: 4.625 Thread 0x00000261c2367800 Exception <a 'java/lang/NoSuchMethodError'{0x00000000c53b5620}: method resolution failed> (0x00000000c53b5620) thrown at [t:/workspace/hotspot/src/share/vm/prims/methodHandles.cpp, line 1256]
Event: 4.625 Thread 0x00000261c2367800 Exception <a 'java/lang/NoSuchMethodError'{0x00000000c53b8848}: java.lang.invoke.DirectMethodHandle$Holder.invokeStaticInit(Ljava/lang/Object;Ljava/lang/Object;Ljava/lang/Object;)J> (0x00000000c53b8848) thrown at [t:/workspace/hotspot/src/share/vm/interpr
Event: 4.627 Thread 0x00000261c2367800 Exception <a 'java/lang/NoSuchMethodError'{0x00000000c53cb378}: method resolution failed> (0x00000000c53cb378) thrown at [t:/workspace/hotspot/src/share/vm/prims/methodHandles.cpp, line 1256]
Event: 4.628 Thread 0x00000261c2367800 Exception <a 'java/lang/NoSuchMethodError'{0x00000000c53d14a0}: java.lang.invoke.DirectMethodHandle$Holder.invokeStatic(Ljava/lang/Object;Ljava/lang/Object;J)Ljava/lang/Object;> (0x00000000c53d14a0) thrown at [t:/workspace/hotspot/src/share/vm/interpreter
Event: 4.628 Thread 0x00000261c2367800 Exception <a 'java/lang/NoSuchMethodError'{0x00000000c53d4a98}: method resolution failed> (0x00000000c53d4a98) thrown at [t:/workspace/hotspot/src/share/vm/prims/methodHandles.cpp, line 1256]
Event: 7.254 Thread 0x00000261c2367800 Implicit null exception at 0x00000261b49e7707 to 0x00000261b49e7751

Events (10 events):
Event: 7.254 Thread 0x00000261c2367800 DEOPT PACKING pc=0x00000261b49e775c sp=0x000000f686ffc8b0
Event: 7.254 Thread 0x00000261c2367800 DEOPT UNPACKING pc=0x00000261ace3df29 sp=0x000000f686ffc7e0 mode 2
Event: 8.444 loading class jssc/SerialPort
Event: 8.444 loading class jssc/SerialPort done
Event: 8.445 loading class jssc/SerialPort$EventThread
Event: 8.445 loading class jssc/SerialPort$EventThread done
Event: 8.446 loading class jssc/SerialPort$LinuxEventThread
Event: 8.446 loading class jssc/SerialPort$LinuxEventThread done
Event: 8.447 loading class jssc/SerialPortTimeoutException
Event: 8.447 loading class jssc/SerialPortTimeoutException done


Dynamic libraries:
0x00007ff6a3270000 - 0x00007ff6a32ae000 	C:\Program Files\Java\jdk-9.0.4\bin\java.exe
0x00007ffe8de40000 - 0x00007ffe8e021000 	C:\WINDOWS\SYSTEM32\ntdll.dll
0x00007ffe8dd30000 - 0x00007ffe8dde2000 	C:\WINDOWS\System32\KERNEL32.DLL
0x00007ffe8ae60000 - 0x00007ffe8b0d3000 	C:\WINDOWS\System32\KERNELBASE.dll
0x00007ffe8c7a0000 - 0x00007ffe8c841000 	C:\WINDOWS\System32\ADVAPI32.dll
0x00007ffe8b5d0000 - 0x00007ffe8b66e000 	C:\WINDOWS\System32\msvcrt.dll
0x00007ffe8c4c0000 - 0x00007ffe8c51b000 	C:\WINDOWS\System32\sechost.dll
0x00007ffe8c020000 - 0x00007ffe8c144000 	C:\WINDOWS\System32\RPCRT4.dll
0x00007ffe8c520000 - 0x00007ffe8c6b0000 	C:\WINDOWS\System32\USER32.dll
0x00007ffe8ab00000 - 0x00007ffe8ab20000 	C:\WINDOWS\System32\win32u.dll
0x00007ffe8c3b0000 - 0x00007ffe8c3d8000 	C:\WINDOWS\System32\GDI32.dll
0x00007ffe8ab20000 - 0x00007ffe8acb2000 	C:\WINDOWS\System32\gdi32full.dll
0x00007ffe8adc0000 - 0x00007ffe8ae5f000 	C:\WINDOWS\System32\msvcp_win.dll
0x00007ffe8acc0000 - 0x00007ffe8adba000 	C:\WINDOWS\System32\ucrtbase.dll
0x00007ffe7cc00000 - 0x00007ffe7ce69000 	C:\WINDOWS\WinSxS\amd64_microsoft.windows.common-controls_6595b64144ccf1df_6.0.17134.285_none_fb4297e330656775\COMCTL32.dll
0x00007ffe8bac0000 - 0x00007ffe8bde3000 	C:\WINDOWS\System32\combase.dll
0x00007ffe8a260000 - 0x00007ffe8a2da000 	C:\WINDOWS\System32\bcryptPrimitives.dll
0x00007ffe7c900000 - 0x00007ffe7c90a000 	C:\WINDOWS\SYSTEM32\VERSION.dll
0x00007ffe8bdf0000 - 0x00007ffe8be1d000 	C:\WINDOWS\System32\IMM32.DLL
0x00007ffe55be0000 - 0x00007ffe55ccf000 	C:\Program Files\Java\jdk-9.0.4\bin\msvcr120.dll
0x00007ffe57790000 - 0x00007ffe57836000 	C:\Program Files\Java\jdk-9.0.4\bin\msvcp120.dll
0x000000006c630000 - 0x000000006d055000 	C:\Program Files\Java\jdk-9.0.4\bin\server\jvm.dll
0x00007ffe8c2d0000 - 0x00007ffe8c2d8000 	C:\WINDOWS\System32\PSAPI.DLL
0x00007ffe75560000 - 0x00007ffe75569000 	C:\WINDOWS\SYSTEM32\WSOCK32.dll
0x00007ffe8c450000 - 0x00007ffe8c4bc000 	C:\WINDOWS\System32\WS2_32.dll
0x00007ffe86fd0000 - 0x00007ffe86ff3000 	C:\WINDOWS\SYSTEM32\WINMM.dll
0x00007ffe86fa0000 - 0x00007ffe86fca000 	C:\WINDOWS\SYSTEM32\WINMMBASE.dll
0x00007ffe8a210000 - 0x00007ffe8a259000 	C:\WINDOWS\System32\cfgmgr32.dll
0x00007ffe7fe40000 - 0x00007ffe7fe4f000 	C:\Program Files\Java\jdk-9.0.4\bin\verify.dll
0x00007ffe7e540000 - 0x00007ffe7e567000 	C:\Program Files\Java\jdk-9.0.4\bin\java.dll
0x00007ffe66fe0000 - 0x00007ffe6700a000 	C:\Program Files\Java\jdk-9.0.4\bin\instrument.dll
0x00007ffe67440000 - 0x00007ffe67456000 	C:\Program Files\Java\jdk-9.0.4\bin\zip.dll
0x00007ffe7fca0000 - 0x00007ffe7fcaa000 	C:\Program Files\Java\jdk-9.0.4\bin\jimage.dll
0x00007ffe8c850000 - 0x00007ffe8dc90000 	C:\WINDOWS\System32\SHELL32.dll
0x00007ffe8b520000 - 0x00007ffe8b5c9000 	C:\WINDOWS\System32\shcore.dll
0x00007ffe8a2e0000 - 0x00007ffe8a9ed000 	C:\WINDOWS\System32\windows.storage.dll
0x00007ffe8c740000 - 0x00007ffe8c791000 	C:\WINDOWS\System32\shlwapi.dll
0x00007ffe8a1d0000 - 0x00007ffe8a1e1000 	C:\WINDOWS\System32\kernel.appcore.dll
0x00007ffe8a160000 - 0x00007ffe8a17f000 	C:\WINDOWS\System32\profapi.dll
0x00007ffe8a180000 - 0x00007ffe8a1cc000 	C:\WINDOWS\System32\powrprof.dll
0x00007ffe8a150000 - 0x00007ffe8a15a000 	C:\WINDOWS\System32\FLTLIB.DLL
0x00007ffe66b40000 - 0x00007ffe66b5a000 	C:\Program Files\Java\jdk-9.0.4\bin\net.dll
0x00007ffe84de0000 - 0x00007ffe84ebc000 	C:\WINDOWS\SYSTEM32\WINHTTP.dll
0x00007ffe89970000 - 0x00007ffe899d6000 	C:\WINDOWS\system32\mswsock.dll
0x00007ffe66ac0000 - 0x00007ffe66ad1000 	C:\Program Files\Java\jdk-9.0.4\bin\nio.dll
0x00007ffe65310000 - 0x00007ffe6532a000 	C:\Program Files\JetBrains\IntelliJ IDEA 2018.2.4\bin\breakgen64.dll
0x00007ffe6ac50000 - 0x00007ffe6ac66000 	C:\WINDOWS\system32\napinsp.dll
0x00007ffe6ac30000 - 0x00007ffe6ac4a000 	C:\WINDOWS\system32\pnrpnsp.dll
0x00007ffe86970000 - 0x00007ffe86989000 	C:\WINDOWS\system32\NLAapi.dll
0x00007ffe89730000 - 0x00007ffe897ee000 	C:\WINDOWS\SYSTEM32\DNSAPI.dll
0x00007ffe8c3e0000 - 0x00007ffe8c3e8000 	C:\WINDOWS\System32\NSI.dll
0x00007ffe896f0000 - 0x00007ffe89728000 	C:\WINDOWS\SYSTEM32\IPHLPAPI.DLL
0x00007ffe70b10000 - 0x00007ffe70b1e000 	C:\WINDOWS\System32\winrnr.dll
0x00007ffe70af0000 - 0x00007ffe70b05000 	C:\WINDOWS\System32\wshbth.dll
0x00007ffe807f0000 - 0x00007ffe807fa000 	C:\Windows\System32\rasadhlp.dll
0x00007ffe7f110000 - 0x00007ffe7f182000 	C:\WINDOWS\System32\fwpuclnt.dll
0x00007ffe89c50000 - 0x00007ffe89c75000 	C:\WINDOWS\SYSTEM32\bcrypt.dll
0x00000261c29f0000 - 0x00000261c29f3000 	C:\Program Files\Java\jdk-9.0.4\bin\api-ms-win-core-console-l1-1-0.dll
0x00000261c2a00000 - 0x00000261c2a03000 	C:\Program Files\Java\jdk-9.0.4\bin\api-ms-win-core-datetime-l1-1-0.dll
0x00000261c2a10000 - 0x00000261c2a13000 	C:\Program Files\Java\jdk-9.0.4\bin\api-ms-win-core-debug-l1-1-0.dll
0x00000261c2a20000 - 0x00000261c2a23000 	C:\Program Files\Java\jdk-9.0.4\bin\api-ms-win-core-errorhandling-l1-1-0.dll
0x00000261c2a30000 - 0x00000261c2a34000 	C:\Program Files\Java\jdk-9.0.4\bin\api-ms-win-core-file-l1-1-0.dll
0x00000261c2a40000 - 0x00000261c2a43000 	C:\Program Files\Java\jdk-9.0.4\bin\api-ms-win-core-file-l1-2-0.dll
0x00000261c2a50000 - 0x00000261c2a53000 	C:\Program Files\Java\jdk-9.0.4\bin\api-ms-win-core-file-l2-1-0.dll
0x00000261c2a60000 - 0x00000261c2a63000 	C:\Program Files\Java\jdk-9.0.4\bin\api-ms-win-core-handle-l1-1-0.dll
0x00000261c2a70000 - 0x00000261c2a73000 	C:\Program Files\Java\jdk-9.0.4\bin\api-ms-win-core-heap-l1-1-0.dll
0x00000261c2a80000 - 0x00000261c2a83000 	C:\Program Files\Java\jdk-9.0.4\bin\api-ms-win-core-interlocked-l1-1-0.dll
0x00000261c2a90000 - 0x00000261c2a93000 	C:\Program Files\Java\jdk-9.0.4\bin\api-ms-win-core-libraryloader-l1-1-0.dll
0x00000261c2aa0000 - 0x00000261c2aa3000 	C:\Program Files\Java\jdk-9.0.4\bin\api-ms-win-core-localization-l1-2-0.dll
0x00000261c2ab0000 - 0x00000261c2ab3000 	C:\Program Files\Java\jdk-9.0.4\bin\api-ms-win-core-memory-l1-1-0.dll
0x00000261c2ac0000 - 0x00000261c2ac3000 	C:\Program Files\Java\jdk-9.0.4\bin\api-ms-win-core-namedpipe-l1-1-0.dll
0x00000261c2ad0000 - 0x00000261c2ad3000 	C:\Program Files\Java\jdk-9.0.4\bin\api-ms-win-core-processenvironment-l1-1-0.dll
0x00000261c2ae0000 - 0x00000261c2ae3000 	C:\Program Files\Java\jdk-9.0.4\bin\api-ms-win-core-processthreads-l1-1-0.dll
0x00000261c2af0000 - 0x00000261c2af3000 	C:\Program Files\Java\jdk-9.0.4\bin\api-ms-win-core-processthreads-l1-1-1.dll
0x00000261c2b00000 - 0x00000261c2b03000 	C:\Program Files\Java\jdk-9.0.4\bin\api-ms-win-core-profile-l1-1-0.dll
0x00000261c2b10000 - 0x00000261c2b13000 	C:\Program Files\Java\jdk-9.0.4\bin\api-ms-win-core-rtlsupport-l1-1-0.dll
0x00000261c2b20000 - 0x00000261c2b23000 	C:\Program Files\Java\jdk-9.0.4\bin\api-ms-win-core-string-l1-1-0.dll
0x00000261c2b30000 - 0x00000261c2b33000 	C:\Program Files\Java\jdk-9.0.4\bin\api-ms-win-core-synch-l1-1-0.dll
0x00000261c2b40000 - 0x00000261c2b43000 	C:\Program Files\Java\jdk-9.0.4\bin\api-ms-win-core-synch-l1-2-0.dll
0x00000261c2b50000 - 0x00000261c2b53000 	C:\Program Files\Java\jdk-9.0.4\bin\api-ms-win-core-sysinfo-l1-1-0.dll
0x00000261c2b60000 - 0x00000261c2b63000 	C:\Program Files\Java\jdk-9.0.4\bin\api-ms-win-core-timezone-l1-1-0.dll
0x00000261c2b70000 - 0x00000261c2b73000 	C:\Program Files\Java\jdk-9.0.4\bin\api-ms-win-core-util-l1-1-0.dll
0x00000261c2b80000 - 0x00000261c2b83000 	C:\Program Files\Java\jdk-9.0.4\bin\api-ms-win-crt-conio-l1-1-0.dll
0x00000261c2b90000 - 0x00000261c2b94000 	C:\Program Files\Java\jdk-9.0.4\bin\api-ms-win-crt-convert-l1-1-0.dll
0x00000261c2ba0000 - 0x00000261c2ba3000 	C:\Program Files\Java\jdk-9.0.4\bin\api-ms-win-crt-environment-l1-1-0.dll
0x00000261c2bb0000 - 0x00000261c2bb3000 	C:\Program Files\Java\jdk-9.0.4\bin\api-ms-win-crt-filesystem-l1-1-0.dll
0x00000261c2bc0000 - 0x00000261c2bc3000 	C:\Program Files\Java\jdk-9.0.4\bin\api-ms-win-crt-heap-l1-1-0.dll
0x00000261c2bd0000 - 0x00000261c2bd3000 	C:\Program Files\Java\jdk-9.0.4\bin\api-ms-win-crt-locale-l1-1-0.dll
0x00000261c2be0000 - 0x00000261c2be5000 	C:\Program Files\Java\jdk-9.0.4\bin\api-ms-win-crt-math-l1-1-0.dll
0x00000261c2bf0000 - 0x00000261c2bf5000 	C:\Program Files\Java\jdk-9.0.4\bin\api-ms-win-crt-multibyte-l1-1-0.dll
0x00000261c2c00000 - 0x00000261c2c10000 	C:\Program Files\Java\jdk-9.0.4\bin\api-ms-win-crt-private-l1-1-0.dll
0x00000261c2c10000 - 0x00000261c2c13000 	C:\Program Files\Java\jdk-9.0.4\bin\api-ms-win-crt-process-l1-1-0.dll
0x00000261c2c20000 - 0x00000261c2c24000 	C:\Program Files\Java\jdk-9.0.4\bin\api-ms-win-crt-runtime-l1-1-0.dll
0x00000261c2c30000 - 0x00000261c2c34000 	C:\Program Files\Java\jdk-9.0.4\bin\api-ms-win-crt-stdio-l1-1-0.dll
0x00000261c2c40000 - 0x00000261c2c44000 	C:\Program Files\Java\jdk-9.0.4\bin\api-ms-win-crt-string-l1-1-0.dll
0x00000261c2c50000 - 0x00000261c2c53000 	C:\Program Files\Java\jdk-9.0.4\bin\api-ms-win-crt-time-l1-1-0.dll
0x00000261c2c60000 - 0x00000261c2c63000 	C:\Program Files\Java\jdk-9.0.4\bin\api-ms-win-crt-utility-l1-1-0.dll
0x00007ffe53970000 - 0x00007ffe53a66000 	C:\Program Files\Java\jdk-9.0.4\bin\ucrtbase.dll
0x00007ffe65100000 - 0x00007ffe65116000 	C:\Program Files\Java\jdk-9.0.4\bin\vcruntime140.dll
0x00007ffe55b40000 - 0x00007ffe55bdc000 	C:\Program Files\Java\jdk-9.0.4\bin\msvcp140.dll
0x00007ffe5ae50000 - 0x00007ffe5aea1000 	C:\Program Files\Java\jdk-9.0.4\bin\concrt140.dll
0x00007ffe64f60000 - 0x00007ffe64f83000 	C:\Program Files\Java\jdk-9.0.4\bin\prism_d3d.dll
0x00007ffe59c90000 - 0x00007ffe59e27000 	C:\WINDOWS\system32\d3d9.dll
0x00007ffe888c0000 - 0x00007ffe888e9000 	C:\WINDOWS\SYSTEM32\dwmapi.dll
0x00007ffe887e0000 - 0x00007ffe88878000 	C:\WINDOWS\system32\uxtheme.dll
0x00007ffe28cc0000 - 0x00007ffe2e4ac000 	C:\WINDOWS\System32\DriverStore\FileRepository\igdlh64.inf_amd64_3b4451a7a4481c81\igdumdim64.dll
0x00007ffe8c2e0000 - 0x00007ffe8c3a2000 	C:\WINDOWS\System32\OLEAUT32.dll
0x00007ffe8b3c0000 - 0x00007ffe8b511000 	C:\WINDOWS\System32\ole32.dll
0x00007ffe8b670000 - 0x00007ffe8babb000 	C:\WINDOWS\System32\SETUPAPI.dll
0x00007ffe59930000 - 0x00007ffe5997a000 	C:\Program Files\Java\jdk-9.0.4\bin\glass.dll
0x00007ffe8b2d0000 - 0x00007ffe8b3bd000 	C:\WINDOWS\System32\COMDLG32.dll
0x00007ffe8c150000 - 0x00007ffe8c2c5000 	C:\WINDOWS\System32\MSCTF.dll
0x00007ffe81c00000 - 0x00007ffe82d5f000 	C:\WINDOWS\System32\DriverStore\FileRepository\igdlh64.inf_amd64_3b4451a7a4481c81\igc64.dll
0x00007ffe624c0000 - 0x00007ffe624d4000 	C:\Program Files\Java\jdk-9.0.4\bin\javafx_font.dll
0x00007ffe50fa0000 - 0x00007ffe51139000 	C:\Program Files\Java\jdk-9.0.4\bin\awt.dll
0x00007ffe87800000 - 0x00007ffe87dc7000 	C:\WINDOWS\SYSTEM32\d2d1.dll
0x00007ffe884e0000 - 0x00007ffe8856b000 	C:\WINDOWS\SYSTEM32\apphelp.dll
0x00007ffe52c80000 - 0x00007ffe52d1d000 	C:\Program Files\Java\jdk-9.0.4\bin\fontmanager.dll
0x00007ffe76410000 - 0x00007ffe7672c000 	C:\WINDOWS\SYSTEM32\dwrite.dll
0x0000000071100000 - 0x0000000071125000 	C:\Users\rosti\.jssc\windows\jSSC-2.8_x86_64.dll
0x00007ffe8dc90000 - 0x00007ffe8dd30000 	C:\WINDOWS\System32\clbcatq.dll
0x00007ffe86000000 - 0x00007ffe861ae000 	C:\WINDOWS\SYSTEM32\WindowsCodecs.dll
0x00007ffe71140000 - 0x00007ffe71198000 	C:\WINDOWS\system32\dataexchange.dll
0x00007ffe874f0000 - 0x00007ffe877fb000 	C:\WINDOWS\system32\d3d11.dll
0x00007ffe87dd0000 - 0x00007ffe87f6c000 	C:\WINDOWS\system32\dcomp.dll
0x00007ffe88f10000 - 0x00007ffe88fcb000 	C:\WINDOWS\system32\dxgi.dll
0x00007ffe88a20000 - 0x00007ffe88bd8000 	C:\WINDOWS\system32\twinapi.appcore.dll
0x00007ffe889a0000 - 0x00007ffe889c1000 	C:\WINDOWS\system32\RMCLIENT.dll

VM Arguments:
jvm_args: -javaagent:C:\Program Files\JetBrains\IntelliJ IDEA 2018.2.4\lib\idea_rt.jar=61495:C:\Program Files\JetBrains\IntelliJ IDEA 2018.2.4\bin -Dfile.encoding=UTF-8 
java_command: com.intellij.uiDesigner.snapShooter.SnapShooter 3 61494 sample.Main
java_class_path (initial): C:\Program Files\JetBrains\IntelliJ IDEA 2018.2.4\plugins\uiDesigner\lib\uiDesigner.jar;C:\Program Files\JetBrains\IntelliJ IDEA 2018.2.4\lib\util.jar;C:\Program Files\JetBrains\IntelliJ IDEA 2018.2.4\lib\trove4j.jar;C:\Program Files\JetBrains\IntelliJ IDEA 2018.2.4\lib\resources_en.jar;C:\Program Files\JetBrains\IntelliJ IDEA 2018.2.4\lib\platform-impl.jar;C:\Program Files\JetBrains\IntelliJ IDEA 2018.2.4\lib\platform-api.jar;C:\Program Files\JetBrains\IntelliJ IDEA 2018.2.4\lib\oro-2.0.8.jar;C:\Program Files\JetBrains\IntelliJ IDEA 2018.2.4\lib\lz4-1.3.0.jar;C:\Program Files\JetBrains\IntelliJ IDEA 2018.2.4\lib\log4j.jar;C:\Program Files\JetBrains\IntelliJ IDEA 2018.2.4\lib\jna.jar;C:\Program Files\JetBrains\IntelliJ IDEA 2018.2.4\lib\jna-platform.jar;C:\Program Files\JetBrains\IntelliJ IDEA 2018.2.4\lib\jdom.jar;C:\Program Files\JetBrains\IntelliJ IDEA 2018.2.4\lib\javac2.jar;C:\Program Files\JetBrains\IntelliJ IDEA 2018.2.4\lib\forms_rt.jar;C:\Program Files\JetBrains\IntelliJ IDEA 2018.2.4\lib\forms-1.1-preview.jar;C:\Program Files\JetBrains\IntelliJ IDEA 2018.2.4\lib\extensions.jar;C:\Program Files\JetBrains\IntelliJ IDEA 2018.2.4\lib\annotations.jar;C:\Users\rosti\Documents\GitHub\toks-labs-2018\LAB1.ComMessenger\out\production\LAB1.ComMessenger;C:\Users\rosti\Documents\GitHub\toks-labs-2018\jssc-2.8.0.jar
Launcher Type: SUN_STANDARD

Logging:
Log output configuration:
#0: stdout all=warning uptime,level,tags
#1: stderr all=off uptime,level,tags

Environment Variables:
JAVA_HOME=C:\Program Files\Java\jdk-9.0.4
JRE_HOME=C:\Program Files\Java\jdk-9.0.4
PATH=C:\ProgramData\Oracle\Java\javapath;C:\WINDOWS\system32;C:\WINDOWS;C:\WINDOWS\System32\Wbem;C:\WINDOWS\System32\WindowsPowerShell\v1.0\;C:\Program Files\Intel\WiFi\bin\;C:\Program Files\Common Files\Intel\WirelessCommon\;C:\Program Files\dotnet\;C:\Program Files\Java\jdk-9.0.4\bin;C:\Program Files (x86)\sbt\bin;C:\WINDOWS\System32\OpenSSH\;c:\quartus\quartus\bin;C:\Program Files\Java\apache-maven-3.5.4\bin;
USERNAME=rosti
OS=Windows_NT
PROCESSOR_IDENTIFIER=Intel64 Family 6 Model 142 Stepping 9, GenuineIntel



---------------  S Y S T E M  ---------------

OS: Windows 10 , 64 bit Build 17134 (10.0.17134.1)

CPU:total 4 (initial active 4) (2 cores per cpu, 2 threads per core) family 6 model 142 stepping 9, cmov, cx8, fxsr, mmx, sse, sse2, sse3, ssse3, sse4.1, sse4.2, popcnt, avx, avx2, aes, clmul, erms, 3dnowpref, lzcnt, ht, tsc, tscinvbit, bmi1, bmi2, adx, fma

Memory: 4k page, physical 4074596k(567128k free), swap 8714208k(1665132k free)

vm_info: Java HotSpot(TM) 64-Bit Server VM (9.0.4+11) for windows-amd64 JRE (9.0.4+11), built on Dec 20 2017 02:18:54 by "mach5one" with MS VC++ 12.0 (VS2013)

END.
