#
# A fatal error has been detected by the Java Runtime Environment:
#
#  EXCEPTION_ACCESS_VIOLATION (0xc0000005) at pc=0x000000007110b5db, pid=13124, tid=10300
#
# JRE version: Java(TM) SE Runtime Environment (9.0+11) (build 9.0.4+11)
# Java VM: Java HotSpot(TM) 64-Bit Server VM (9.0.4+11, mixed mode, tiered, compressed oops, g1 gc, windows-amd64)
# Problematic frame:
# C  [jSSC-2.8_x86_64.dll+0xb5db]
#
# No core dump will be written. Minidumps are not enabled by default on client versions of Windows
#
# If you would like to submit a bug report, please visit:
#   http://bugreport.java.com/bugreport/crash.jsp
# The crash happened outside the Java Virtual Machine in native code.
# See problematic frame for where to report the bug.
#

---------------  S U M M A R Y ------------

Command Line: -javaagent:C:\Program Files\JetBrains\IntelliJ IDEA 2018.2.4\lib\idea_rt.jar=58726:C:\Program Files\JetBrains\IntelliJ IDEA 2018.2.4\bin -Dfile.encoding=UTF-8 sample.Main

Host: Intel(R) Core(TM) m3-7Y30 CPU @ 1.00GHz, 4 cores, 3G,  Windows 10 , 64 bit Build 17134 (10.0.17134.1)
Time: Tue Sep 25 00:58:55 2018 Aaea?onu (ceia) elapsed time: 8 seconds (0d 0h 0m 8s)

---------------  T H R E A D  ---------------

Current thread (0x000002c57e14d800):  JavaThread "JavaFX Application Thread" [_thread_in_native, id=10300, stack(0x000000f03c900000,0x000000f03ca00000)]

Stack: [0x000000f03c900000,0x000000f03ca00000],  sp=0x000000f03c9fa650,  free space=1001k
Native frames: (J=compiled Java code, j=interpreted, Vv=VM code, C=native code)
C  [jSSC-2.8_x86_64.dll+0xb5db]
C  [jSSC-2.8_x86_64.dll+0x12590]
C  [jSSC-2.8_x86_64.dll+0x1595]
C  0x000002c50a66921c

Java frames: (J=compiled Java code, j=interpreted, Vv=VM code)
j  jssc.SerialNativeInterface.openPort(Ljava/lang/String;Z)J+0
j  jssc.SerialPort.openPort()Z+65
j  sample.MessengerCore.connect()V+601
j  sample.Controller.pressedConnectButton()V+4
v  ~StubRoutines::call_stub
j  jdk.internal.reflect.NativeMethodAccessorImpl.invoke0(Ljava/lang/reflect/Method;Ljava/lang/Object;[Ljava/lang/Object;)Ljava/lang/Object;+0 java.base@9.0.4
j  jdk.internal.reflect.NativeMethodAccessorImpl.invoke(Ljava/lang/Object;[Ljava/lang/Object;)Ljava/lang/Object;+100 java.base@9.0.4
J 1240 c1 jdk.internal.reflect.DelegatingMethodAccessorImpl.invoke(Ljava/lang/Object;[Ljava/lang/Object;)Ljava/lang/Object; java.base@9.0.4 (10 bytes) @ 0x000002c50ae47f3c [0x000002c50ae47e40+0x00000000000000fc]
J 1229 c1 java.lang.reflect.Method.invoke(Ljava/lang/Object;[Ljava/lang/Object;)Ljava/lang/Object; java.base@9.0.4 (65 bytes) @ 0x000002c50ae3f3a4 [0x000002c50ae3ef80+0x0000000000000424]
j  com.sun.javafx.reflect.Trampoline.invoke(Ljava/lang/reflect/Method;Ljava/lang/Object;[Ljava/lang/Object;)Ljava/lang/Object;+7
j  jdk.internal.reflect.GeneratedMethodAccessor2.invoke(Ljava/lang/Object;[Ljava/lang/Object;)Ljava/lang/Object;+40
J 1240 c1 jdk.internal.reflect.DelegatingMethodAccessorImpl.invoke(Ljava/lang/Object;[Ljava/lang/Object;)Ljava/lang/Object; java.base@9.0.4 (10 bytes) @ 0x000002c50ae47f3c [0x000002c50ae47e40+0x00000000000000fc]
J 1229 c1 java.lang.reflect.Method.invoke(Ljava/lang/Object;[Ljava/lang/Object;)Ljava/lang/Object; java.base@9.0.4 (65 bytes) @ 0x000002c50ae3f3a4 [0x000002c50ae3ef80+0x0000000000000424]
j  com.sun.javafx.reflect.MethodUtil.invoke(Ljava/lang/reflect/Method;Ljava/lang/Object;[Ljava/lang/Object;)Ljava/lang/Object;+20 javafx.base@9.0.4
j  com.sun.javafx.fxml.MethodHelper.invoke(Ljava/lang/reflect/Method;Ljava/lang/Object;[Ljava/lang/Object;)Ljava/lang/Object;+142 javafx.fxml@9.0.4
j  javafx.fxml.FXMLLoader$MethodHandler.invoke([Ljava/lang/Object;)V+38 javafx.fxml@9.0.4
j  javafx.fxml.FXMLLoader$ControllerMethodEventHandler.handle(Ljavafx/event/Event;)V+12 javafx.fxml@9.0.4
J 2400 c1 com.sun.javafx.event.CompositeEventHandler.dispatchBubblingEvent(Ljavafx/event/Event;)V javafx.base@9.0.4 (57 bytes) @ 0x000002c50b0821bc [0x000002c50b081e00+0x00000000000003bc]
J 2258 c1 com.sun.javafx.event.EventHandlerManager.dispatchBubblingEvent(Ljavafx/event/Event;)Ljavafx/event/Event; javafx.base@9.0.4 (23 bytes) @ 0x000002c50b03ba04 [0x000002c50b03b3a0+0x0000000000000664]
J 2241 c1 com.sun.javafx.event.CompositeEventDispatcher.dispatchBubblingEvent(Ljavafx/event/Event;)Ljavafx/event/Event; javafx.base@9.0.4 (35 bytes) @ 0x000002c50b034014 [0x000002c50b033e60+0x00000000000001b4]
J 2219 c1 com.sun.javafx.event.BasicEventDispatcher.dispatchEvent(Ljavafx/event/Event;Ljavafx/event/EventDispatchChain;)Ljavafx/event/Event; javafx.base@9.0.4 (44 bytes) @ 0x000002c50b02be2c [0x000002c50b02bb00+0x000000000000032c]
J 2206 c1 com.sun.javafx.event.EventDispatchChainImpl.dispatchEvent(Ljavafx/event/Event;)Ljavafx/event/Event; javafx.base@9.0.4 (101 bytes) @ 0x000002c50b02480c [0x000002c50b024660+0x00000000000001ac]
J 2219 c1 com.sun.javafx.event.BasicEventDispatcher.dispatchEvent(Ljavafx/event/Event;Ljavafx/event/EventDispatchChain;)Ljavafx/event/Event; javafx.base@9.0.4 (44 bytes) @ 0x000002c50b02bd44 [0x000002c50b02bb00+0x0000000000000244]
J 2206 c1 com.sun.javafx.event.EventDispatchChainImpl.dispatchEvent(Ljavafx/event/Event;)Ljavafx/event/Event; javafx.base@9.0.4 (101 bytes) @ 0x000002c50b02480c [0x000002c50b024660+0x00000000000001ac]
J 2219 c1 com.sun.javafx.event.BasicEventDispatcher.dispatchEvent(Ljavafx/event/Event;Ljavafx/event/EventDispatchChain;)Ljavafx/event/Event; javafx.base@9.0.4 (44 bytes) @ 0x000002c50b02bd44 [0x000002c50b02bb00+0x0000000000000244]
J 2206 c1 com.sun.javafx.event.EventDispatchChainImpl.dispatchEvent(Ljavafx/event/Event;)Ljavafx/event/Event; javafx.base@9.0.4 (101 bytes) @ 0x000002c50b02480c [0x000002c50b024660+0x00000000000001ac]
J 2219 c1 com.sun.javafx.event.BasicEventDispatcher.dispatchEvent(Ljavafx/event/Event;Ljavafx/event/EventDispatchChain;)Ljavafx/event/Event; javafx.base@9.0.4 (44 bytes) @ 0x000002c50b02bd44 [0x000002c50b02bb00+0x0000000000000244]
J 2206 c1 com.sun.javafx.event.EventDispatchChainImpl.dispatchEvent(Ljavafx/event/Event;)Ljavafx/event/Event; javafx.base@9.0.4 (101 bytes) @ 0x000002c50b02480c [0x000002c50b024660+0x00000000000001ac]
J 2607 c1 com.sun.javafx.event.EventUtil.fireEvent(Ljavafx/event/EventTarget;Ljavafx/event/Event;)Ljavafx/event/Event; javafx.base@9.0.4 (81 bytes) @ 0x000002c50b0ea0d4 [0x000002c50b0e92a0+0x0000000000000e34]
J 2606 c1 javafx.event.Event.fireEvent(Ljavafx/event/EventTarget;Ljavafx/event/Event;)V javafx.base@9.0.4 (35 bytes) @ 0x000002c50b0e8bc4 [0x000002c50b0e8b00+0x00000000000000c4]
j  javafx.scene.Node.fireEvent(Ljavafx/event/Event;)V+86 javafx.graphics@9.0.4
j  javafx.scene.control.Button.fire()V+15 javafx.controls@9.0.4
j  com.sun.javafx.scene.control.behavior.ButtonBehavior.mouseReleased(Ljavafx/scene/input/MouseEvent;)V+27 javafx.controls@9.0.4
j  com.sun.javafx.scene.control.behavior.ButtonBehavior$$Lambda$429.handle(Ljavafx/event/Event;)V+8 javafx.controls@9.0.4
j  com.sun.javafx.scene.control.inputmap.InputMap.handle(Ljavafx/event/Event;)V+61 javafx.controls@9.0.4
j  com.sun.javafx.scene.control.inputmap.InputMap$$Lambda$174.handle(Ljavafx/event/Event;)V+5 javafx.controls@9.0.4
J 2675 c1 com.sun.javafx.event.CompositeEventHandler$NormalEventHandlerRecord.handleBubblingEvent(Ljavafx/event/Event;)V javafx.base@9.0.4 (11 bytes) @ 0x000002c50b11893c [0x000002c50b118840+0x00000000000000fc]
J 2400 c1 com.sun.javafx.event.CompositeEventHandler.dispatchBubblingEvent(Ljavafx/event/Event;)V javafx.base@9.0.4 (57 bytes) @ 0x000002c50b08203c [0x000002c50b081e00+0x000000000000023c]
J 2258 c1 com.sun.javafx.event.EventHandlerManager.dispatchBubblingEvent(Ljavafx/event/Event;)Ljavafx/event/Event; javafx.base@9.0.4 (23 bytes) @ 0x000002c50b03ba04 [0x000002c50b03b3a0+0x0000000000000664]
J 2241 c1 com.sun.javafx.event.CompositeEventDispatcher.dispatchBubblingEvent(Ljavafx/event/Event;)Ljavafx/event/Event; javafx.base@9.0.4 (35 bytes) @ 0x000002c50b034014 [0x000002c50b033e60+0x00000000000001b4]
J 2219 c1 com.sun.javafx.event.BasicEventDispatcher.dispatchEvent(Ljavafx/event/Event;Ljavafx/event/EventDispatchChain;)Ljavafx/event/Event; javafx.base@9.0.4 (44 bytes) @ 0x000002c50b02be2c [0x000002c50b02bb00+0x000000000000032c]
J 2206 c1 com.sun.javafx.event.EventDispatchChainImpl.dispatchEvent(Ljavafx/event/Event;)Ljavafx/event/Event; javafx.base@9.0.4 (101 bytes) @ 0x000002c50b02480c [0x000002c50b024660+0x00000000000001ac]
J 2219 c1 com.sun.javafx.event.BasicEventDispatcher.dispatchEvent(Ljavafx/event/Event;Ljavafx/event/EventDispatchChain;)Ljavafx/event/Event; javafx.base@9.0.4 (44 bytes) @ 0x000002c50b02bd44 [0x000002c50b02bb00+0x0000000000000244]
J 2206 c1 com.sun.javafx.event.EventDispatchChainImpl.dispatchEvent(Ljavafx/event/Event;)Ljavafx/event/Event; javafx.base@9.0.4 (101 bytes) @ 0x000002c50b02480c [0x000002c50b024660+0x00000000000001ac]
J 2219 c1 com.sun.javafx.event.BasicEventDispatcher.dispatchEvent(Ljavafx/event/Event;Ljavafx/event/EventDispatchChain;)Ljavafx/event/Event; javafx.base@9.0.4 (44 bytes) @ 0x000002c50b02bd44 [0x000002c50b02bb00+0x0000000000000244]
J 2206 c1 com.sun.javafx.event.EventDispatchChainImpl.dispatchEvent(Ljavafx/event/Event;)Ljavafx/event/Event; javafx.base@9.0.4 (101 bytes) @ 0x000002c50b02480c [0x000002c50b024660+0x00000000000001ac]
J 2219 c1 com.sun.javafx.event.BasicEventDispatcher.dispatchEvent(Ljavafx/event/Event;Ljavafx/event/EventDispatchChain;)Ljavafx/event/Event; javafx.base@9.0.4 (44 bytes) @ 0x000002c50b02bd44 [0x000002c50b02bb00+0x0000000000000244]
J 2206 c1 com.sun.javafx.event.EventDispatchChainImpl.dispatchEvent(Ljavafx/event/Event;)Ljavafx/event/Event; javafx.base@9.0.4 (101 bytes) @ 0x000002c50b02480c [0x000002c50b024660+0x00000000000001ac]
J 2607 c1 com.sun.javafx.event.EventUtil.fireEvent(Ljavafx/event/EventTarget;Ljavafx/event/Event;)Ljavafx/event/Event; javafx.base@9.0.4 (81 bytes) @ 0x000002c50b0e9c44 [0x000002c50b0e92a0+0x00000000000009a4]
J 2694 c1 javafx.scene.Scene$MouseHandler.process(Ljavafx/scene/input/MouseEvent;Z)V javafx.graphics@9.0.4 (735 bytes) @ 0x000002c50b128b34 [0x000002c50b1262a0+0x0000000000002894]
J 2693 c1 javafx.scene.Scene$MouseHandler.access$1300(Ljavafx/scene/Scene$MouseHandler;Ljavafx/scene/input/MouseEvent;Z)V javafx.graphics@9.0.4 (7 bytes) @ 0x000002c50b123e14 [0x000002c50b123dc0+0x0000000000000054]
j  javafx.scene.Scene.processMouseEvent(Ljavafx/scene/input/MouseEvent;)V+6 javafx.graphics@9.0.4
j  javafx.scene.Scene$ScenePeerListener.mouseEvent(Ljavafx/event/EventType;DDDDLjavafx/scene/input/MouseButton;ZZZZZZZZZ)V+46 javafx.graphics@9.0.4
j  com.sun.javafx.tk.quantum.GlassViewEventHandler$MouseEventNotification.run()Ljava/lang/Void;+582 javafx.graphics@9.0.4
j  com.sun.javafx.tk.quantum.GlassViewEventHandler$MouseEventNotification.run()Ljava/lang/Object;+1 javafx.graphics@9.0.4
v  ~StubRoutines::call_stub
J 2430  java.security.AccessController.doPrivileged(Ljava/security/PrivilegedAction;Ljava/security/AccessControlContext;)Ljava/lang/Object; java.base@9.0.4 (0 bytes) @ 0x000002c51223d146 [0x000002c51223d0e0+0x0000000000000066]
j  com.sun.javafx.tk.quantum.GlassViewEventHandler.lambda$handleMouseEvent$2()Ljava/lang/Void;+11 javafx.graphics@9.0.4
j  com.sun.javafx.tk.quantum.GlassViewEventHandler$$Lambda$482.get()Ljava/lang/Object;+4 javafx.graphics@9.0.4
J 2677 c1 com.sun.javafx.tk.quantum.QuantumToolkit.runWithoutRenderLock(Ljava/util/function/Supplier;)Ljava/lang/Object; javafx.graphics@9.0.4 (49 bytes) @ 0x000002c50b11965c [0x000002c50b119140+0x000000000000051c]
j  com.sun.javafx.tk.quantum.GlassViewEventHandler.handleMouseEvent(Lcom/sun/glass/ui/View;JIIIIIIIZZ)V+103 javafx.graphics@9.0.4
J 2701 c1 com.sun.glass.ui.View.notifyMouse(IIIIIIIZZ)V javafx.graphics@9.0.4 (221 bytes) @ 0x000002c50b12d64c [0x000002c50b12c640+0x000000000000100c]
v  ~StubRoutines::call_stub
j  com.sun.glass.ui.win.WinApplication._runLoop(Ljava/lang/Runnable;)V+0 javafx.graphics@9.0.4
j  com.sun.glass.ui.win.WinApplication.lambda$runLoop$3(ILjava/lang/Runnable;)V+8 javafx.graphics@9.0.4
j  com.sun.glass.ui.win.WinApplication$$Lambda$49.run()V+12 javafx.graphics@9.0.4
j  java.lang.Thread.run()V+11 java.base@9.0.4
v  ~StubRoutines::call_stub

siginfo: EXCEPTION_ACCESS_VIOLATION (0xc0000005), reading address 0x000000007eab4fd5


Register to memory mapping:

RIP=0x000000007110b5db jSSC-2.8_x86_64.dll
RAX=0x000000007eab4fd5 is an unknown value
RBX=0x000000f03c9fa6c0 is pointing into the stack for thread: 0x000002c57e14d800
RCX=0x00007ffe8deda0d4 ntdll.dll
RDX=0x0000000000000000 is an unknown value
RSP=0x000000f03c9fa650 is pointing into the stack for thread: 0x000002c57e14d800
RBP=0x000000f03c9fa7d0 is pointing into the stack for thread: 0x000002c57e14d800
RSI=0x000002c57e14da18 is an unknown value
RDI=0x0000000000000870 is an unknown value
R8 =0x000000f03c9fa548 is pointing into the stack for thread: 0x000002c57e14d800
R9 =0x000000f03c9fa640 is pointing into the stack for thread: 0x000002c57e14d800
R10=0x0000000000000000 is an unknown value
R11=0x0000000000000246 is an unknown value
R12=0x000000f03c9fa888 is pointing into the stack for thread: 0x000002c57e14d800
R13=0x000002c57e873870 is an unknown value
R14=0x000000f03c9fa780 is pointing into the stack for thread: 0x000002c57e14d800
R15=0x000002c57e14d800 is a thread


Registers:
RAX=0x000000007eab4fd5, RBX=0x000000f03c9fa6c0, RCX=0x00007ffe8deda0d4, RDX=0x0000000000000000
RSP=0x000000f03c9fa650, RBP=0x000000f03c9fa7d0, RSI=0x000002c57e14da18, RDI=0x0000000000000870
R8 =0x000000f03c9fa548, R9 =0x000000f03c9fa640, R10=0x0000000000000000, R11=0x0000000000000246
R12=0x000000f03c9fa888, R13=0x000002c57e873870, R14=0x000000f03c9fa780, R15=0x000002c57e14d800
RIP=0x000000007110b5db, EFLAGS=0x0000000000010206

Top of Stack: (sp=0x000000f03c9fa650)
0x000000f03c9fa650:   000000f03c9fa678 00007ffe00000000
0x000000f03c9fa660:   000000007110b230 00007ffe8de50428
0x000000f03c9fa670:   000002c57e873870 0000000000000004
0x000000f03c9fa680:   000002c57e14da18 0000000000000870
0x000000f03c9fa690:   000000f03c9fa7d0 0000000071112590
0x000000f03c9fa6a0:   000000f03c9fa700 000000f03c9fa888
0x000000f03c9fa6b0:   000002c57e873140 0000000000000000
0x000000f03c9fa6c0:   0000000000000870 00007ffe8ae94847
0x000000f03c9fa6d0:   000002c57e14d800 000000f03c9fa780
0x000000f03c9fa6e0:   000002c57e873870 000002c57e14da18
0x000000f03c9fa6f0:   0000000071113500 0000000071113be8
0x000000f03c9fa700:   000000f03c9fa730 0000000071112641
0x000000f03c9fa710:   000000f03c9fa6a0 0000000040000000
0x000000f03c9fa720:   0000000000000000 0000000000000000
0x000000f03c9fa730:   000000f03c9fa7d0 0000000071101595
0x000000f03c9fa740:   000000000000001c 000002c57e14da18 

Instructions: (pc=0x000000007110b5db)
0x000000007110b5bb:   c5 0f 1f 40 00 55 57 56 53 48 83 ec 28 48 8b 05
0x000000007110b5cb:   39 33 01 00 48 89 cb 48 85 c0 0f 84 c5 00 00 00
0x000000007110b5db:   8b 38 85 ff 0f 88 ab 00 00 00 48 8b 05 1c 33 01
0x000000007110b5eb:   00 48 85 c0 0f 84 bc 00 00 00 8b 30 85 f6 74 57 



---------------  P R O C E S S  ---------------

Java Threads: ( => current thread )
  0x000002c57e47f800 JavaThread "Prism Font Disposer" daemon [_thread_blocked, id=12908, stack(0x000000f03d300000,0x000000f03d400000)]
  0x000002c57e6bd000 JavaThread "Java2D Disposer" daemon [_thread_blocked, id=3112, stack(0x000000f03cf00000,0x000000f03d000000)]
  0x000002c57e27c800 JavaThread "Thread-2" daemon [_thread_in_native, id=1520, stack(0x000000f03cd00000,0x000000f03ce00000)]
  0x000002c57e27a800 JavaThread "JavaFX-Launcher" [_thread_blocked, id=13512, stack(0x000000f03ce00000,0x000000f03cf00000)]
=>0x000002c57e14d800 JavaThread "JavaFX Application Thread" [_thread_in_native, id=10300, stack(0x000000f03c900000,0x000000f03ca00000)]
  0x000002c57e138800 JavaThread "InvokeLaterDispatcher" daemon [_thread_blocked, id=612, stack(0x000000f03c800000,0x000000f03c900000)]
  0x000002c57de61000 JavaThread "QuantumRenderer-0" daemon [_thread_blocked, id=3032, stack(0x000000f03c700000,0x000000f03c800000)]
  0x000002c57dba2800 JavaThread "Service Thread" daemon [_thread_blocked, id=14284, stack(0x000000f03c500000,0x000000f03c600000)]
  0x000002c57dba7000 JavaThread "Monitor Ctrl-Break" daemon [_thread_in_native, id=2724, stack(0x000000f03c400000,0x000000f03c500000)]
  0x000002c57d919000 JavaThread "Common-Cleaner" daemon [_thread_blocked, id=14804, stack(0x000000f03c300000,0x000000f03c400000)]
  0x000002c57d86a000 JavaThread "Sweeper thread" daemon [_thread_blocked, id=14684, stack(0x000000f03c200000,0x000000f03c300000)]
  0x000002c57d864000 JavaThread "C1 CompilerThread2" daemon [_thread_blocked, id=15348, stack(0x000000f03c100000,0x000000f03c200000)]
  0x000002c57d85b000 JavaThread "C2 CompilerThread1" daemon [_thread_blocked, id=15332, stack(0x000000f03c000000,0x000000f03c100000)]
  0x000002c57cf6a800 JavaThread "C2 CompilerThread0" daemon [_thread_blocked, id=14324, stack(0x000000f03bf00000,0x000000f03c000000)]
  0x000002c57d85a800 JavaThread "Attach Listener" daemon [_thread_blocked, id=13068, stack(0x000000f03be00000,0x000000f03bf00000)]
  0x000002c57cf67800 JavaThread "Signal Dispatcher" daemon [_thread_blocked, id=13976, stack(0x000000f03bd00000,0x000000f03be00000)]
  0x000002c57cf5c800 JavaThread "Finalizer" daemon [_thread_blocked, id=14652, stack(0x000000f03bc00000,0x000000f03bd00000)]
  0x000002c57cf59800 JavaThread "Reference Handler" daemon [_thread_blocked, id=14572, stack(0x000000f03bb00000,0x000000f03bc00000)]
  0x000002c5763e4000 JavaThread "main" [_thread_blocked, id=12352, stack(0x000000f03ae00000,0x000000f03af00000)]

Other Threads:
  0x000002c57cf57000 VMThread "VM Thread" [stack: 0x000000f03ba00000,0x000000f03bb00000] [id=3320]
  0x000002c57dbc7800 WatcherThread [stack: 0x000000f03c600000,0x000000f03c700000] [id=12792]
  0x000002c5763f7800 GCTaskThread "GC Thread#0" [stack: 0x000000f03af00000,0x000000f03b000000] [id=9232]
  0x000002c5763f8800 GCTaskThread "GC Thread#1" [stack: 0x000000f03b000000,0x000000f03b100000] [id=12832]
  0x000002c5763fa800 GCTaskThread "GC Thread#2" [stack: 0x000000f03b100000,0x000000f03b200000] [id=13196]
  0x000002c5763fd800 GCTaskThread "GC Thread#3" [stack: 0x000000f03b200000,0x000000f03b300000] [id=3148]
  0x000002c576456800 ConcurrentGCThread "G1 Main Marker" [stack: 0x000000f03b800000,0x000000f03b900000] [id=7536]
  0x000002c576457800 ConcurrentGCThread "G1 Marker#0" [stack: 0x000000f03b900000,0x000000f03ba00000] [id=14176]
  0x000002c57640d800 ConcurrentGCThread "G1 Refine#0" [stack: 0x000000f03b600000,0x000000f03b700000] [id=2752]
  0x000002c576412000 ConcurrentGCThread "G1 Refine#1" [stack: 0x000000f03b500000,0x000000f03b600000] [id=1592]
  0x000002c57640a800 ConcurrentGCThread "G1 Refine#2" [stack: 0x000000f03b400000,0x000000f03b500000] [id=3772]
  0x000002c576401800 ConcurrentGCThread "G1 Refine#3" [stack: 0x000000f03b300000,0x000000f03b400000] [id=8592]
  0x000002c57641e000 ConcurrentGCThread "G1 Young RemSet Sampling" [stack: 0x000000f03b700000,0x000000f03b800000] [id=6940]

Threads with active compile tasks:

VM state:not at safepoint (normal execution)

VM Mutex/Monitor currently owned by a thread: None

Heap address: 0x00000000c1c00000, size: 996 MB, Compressed Oops mode: 32-bit
Narrow klass base: 0x0000000000000000, Narrow klass shift: 3
Compressed class space size: 1073741824 Address: 0x0000000100000000

Heap:
 garbage-first heap   total 65536K, used 18226K [0x00000000c1c00000, 0x00000000c1d00200, 0x0000000100000000)
  region size 1024K, 16 young (16384K), 5 survivors (5120K)
 Metaspace       used 22378K, capacity 24870K, committed 25212K, reserved 1071104K
  class space    used 2925K, capacity 3351K, committed 3452K, reserved 1048576K
Heap Regions: E=young(eden), S=young(survivor), O=old, HS=humongous(starts), HC=humongous(continues), CS=collection set, F=free, A=archive, TS=gc time stamp, AC=allocation context, TAMS=top-at-mark-start (previous, next)
|   0|0x00000000c1c00000, 0x00000000c1ccca00, 0x00000000c1d00000| 79%| O|  |TS  0|AC  0|TAMS 0x00000000c1ccca00, 0x00000000c1ccca00|
|   1|0x00000000c1d00000, 0x00000000c1e00000, 0x00000000c1e00000|100%|HS|  |TS  0|AC  0|TAMS 0x00000000c1d00000, 0x00000000c1d00000|
|   2|0x00000000c1e00000, 0x00000000c1f00000, 0x00000000c1f00000|100%|HC|  |TS  0|AC  0|TAMS 0x00000000c1e00000, 0x00000000c1e00000|
|   3|0x00000000c1f00000, 0x00000000c1f00000, 0x00000000c2000000|  0%| F|  |TS  0|AC  0|TAMS 0x00000000c1f00000, 0x00000000c1f00000|
|   4|0x00000000c2000000, 0x00000000c2000000, 0x00000000c2100000|  0%| F|  |TS  0|AC  0|TAMS 0x00000000c2000000, 0x00000000c2000000|
|   5|0x00000000c2100000, 0x00000000c2100000, 0x00000000c2200000|  0%| F|  |TS  0|AC  0|TAMS 0x00000000c2100000, 0x00000000c2100000|
|   6|0x00000000c2200000, 0x00000000c2200000, 0x00000000c2300000|  0%| F|  |TS  0|AC  0|TAMS 0x00000000c2200000, 0x00000000c2200000|
|   7|0x00000000c2300000, 0x00000000c2300000, 0x00000000c2400000|  0%| F|  |TS  0|AC  0|TAMS 0x00000000c2300000, 0x00000000c2300000|
|   8|0x00000000c2400000, 0x00000000c2400000, 0x00000000c2500000|  0%| F|  |TS  0|AC  0|TAMS 0x00000000c2400000, 0x00000000c2400000|
|   9|0x00000000c2500000, 0x00000000c2500000, 0x00000000c2600000|  0%| F|  |TS  0|AC  0|TAMS 0x00000000c2500000, 0x00000000c2500000|
|  10|0x00000000c2600000, 0x00000000c2600000, 0x00000000c2700000|  0%| F|  |TS  0|AC  0|TAMS 0x00000000c2600000, 0x00000000c2600000|
|  11|0x00000000c2700000, 0x00000000c2700000, 0x00000000c2800000|  0%| F|  |TS  0|AC  0|TAMS 0x00000000c2700000, 0x00000000c2700000|
|  12|0x00000000c2800000, 0x00000000c2800000, 0x00000000c2900000|  0%| F|  |TS  0|AC  0|TAMS 0x00000000c2800000, 0x00000000c2800000|
|  13|0x00000000c2900000, 0x00000000c2900000, 0x00000000c2a00000|  0%| F|  |TS  0|AC  0|TAMS 0x00000000c2900000, 0x00000000c2900000|
|  14|0x00000000c2a00000, 0x00000000c2a00000, 0x00000000c2b00000|  0%| F|  |TS  0|AC  0|TAMS 0x00000000c2a00000, 0x00000000c2a00000|
|  15|0x00000000c2b00000, 0x00000000c2b00000, 0x00000000c2c00000|  0%| F|  |TS  0|AC  0|TAMS 0x00000000c2b00000, 0x00000000c2b00000|
|  16|0x00000000c2c00000, 0x00000000c2c00000, 0x00000000c2d00000|  0%| F|  |TS  0|AC  0|TAMS 0x00000000c2c00000, 0x00000000c2c00000|
|  17|0x00000000c2d00000, 0x00000000c2d00000, 0x00000000c2e00000|  0%| F|  |TS  0|AC  0|TAMS 0x00000000c2d00000, 0x00000000c2d00000|
|  18|0x00000000c2e00000, 0x00000000c2e00000, 0x00000000c2f00000|  0%| F|  |TS  0|AC  0|TAMS 0x00000000c2e00000, 0x00000000c2e00000|
|  19|0x00000000c2f00000, 0x00000000c2f00000, 0x00000000c3000000|  0%| F|  |TS  0|AC  0|TAMS 0x00000000c2f00000, 0x00000000c2f00000|
|  20|0x00000000c3000000, 0x00000000c3000000, 0x00000000c3100000|  0%| F|  |TS  0|AC  0|TAMS 0x00000000c3000000, 0x00000000c3000000|
|  21|0x00000000c3100000, 0x00000000c3100000, 0x00000000c3200000|  0%| F|  |TS  0|AC  0|TAMS 0x00000000c3100000, 0x00000000c3100000|
|  22|0x00000000c3200000, 0x00000000c3200000, 0x00000000c3300000|  0%| F|  |TS  0|AC  0|TAMS 0x00000000c3200000, 0x00000000c3200000|
|  23|0x00000000c3300000, 0x00000000c3300000, 0x00000000c3400000|  0%| F|  |TS  0|AC  0|TAMS 0x00000000c3300000, 0x00000000c3300000|
|  24|0x00000000c3400000, 0x00000000c3400000, 0x00000000c3500000|  0%| F|  |TS  0|AC  0|TAMS 0x00000000c3400000, 0x00000000c3400000|
|  25|0x00000000c3500000, 0x00000000c3500000, 0x00000000c3600000|  0%| F|  |TS  0|AC  0|TAMS 0x00000000c3500000, 0x00000000c3500000|
|  26|0x00000000c3600000, 0x00000000c3600000, 0x00000000c3700000|  0%| F|  |TS  0|AC  0|TAMS 0x00000000c3600000, 0x00000000c3600000|
|  27|0x00000000c3700000, 0x00000000c3700000, 0x00000000c3800000|  0%| F|  |TS  0|AC  0|TAMS 0x00000000c3700000, 0x00000000c3700000|
|  28|0x00000000c3800000, 0x00000000c3800000, 0x00000000c3900000|  0%| F|  |TS  0|AC  0|TAMS 0x00000000c3800000, 0x00000000c3800000|
|  29|0x00000000c3900000, 0x00000000c3900000, 0x00000000c3a00000|  0%| F|  |TS  0|AC  0|TAMS 0x00000000c3900000, 0x00000000c3900000|
|  30|0x00000000c3a00000, 0x00000000c3a00000, 0x00000000c3b00000|  0%| F|  |TS  0|AC  0|TAMS 0x00000000c3a00000, 0x00000000c3a00000|
|  31|0x00000000c3b00000, 0x00000000c3b00000, 0x00000000c3c00000|  0%| F|  |TS  0|AC  0|TAMS 0x00000000c3b00000, 0x00000000c3b00000|
|  32|0x00000000c3c00000, 0x00000000c3c00000, 0x00000000c3d00000|  0%| F|  |TS  0|AC  0|TAMS 0x00000000c3c00000, 0x00000000c3c00000|
|  33|0x00000000c3d00000, 0x00000000c3d00000, 0x00000000c3e00000|  0%| F|  |TS  0|AC  0|TAMS 0x00000000c3d00000, 0x00000000c3d00000|
|  34|0x00000000c3e00000, 0x00000000c3e00000, 0x00000000c3f00000|  0%| F|  |TS  0|AC  0|TAMS 0x00000000c3e00000, 0x00000000c3e00000|
|  35|0x00000000c3f00000, 0x00000000c3f00000, 0x00000000c4000000|  0%| F|  |TS  0|AC  0|TAMS 0x00000000c3f00000, 0x00000000c3f00000|
|  36|0x00000000c4000000, 0x00000000c4000000, 0x00000000c4100000|  0%| F|  |TS  0|AC  0|TAMS 0x00000000c4000000, 0x00000000c4000000|
|  37|0x00000000c4100000, 0x00000000c4100000, 0x00000000c4200000|  0%| F|  |TS  0|AC  0|TAMS 0x00000000c4100000, 0x00000000c4100000|
|  38|0x00000000c4200000, 0x00000000c4200000, 0x00000000c4300000|  0%| F|  |TS  0|AC  0|TAMS 0x00000000c4200000, 0x00000000c4200000|
|  39|0x00000000c4300000, 0x00000000c4400000, 0x00000000c4400000|100%| S|CS|TS  0|AC  0|TAMS 0x00000000c4300000, 0x00000000c4300000|
|  40|0x00000000c4400000, 0x00000000c4500000, 0x00000000c4500000|100%| S|CS|TS  0|AC  0|TAMS 0x00000000c4400000, 0x00000000c4400000|
|  41|0x00000000c4500000, 0x00000000c4600000, 0x00000000c4600000|100%| S|CS|TS  0|AC  0|TAMS 0x00000000c4500000, 0x00000000c4500000|
|  42|0x00000000c4600000, 0x00000000c4700000, 0x00000000c4700000|100%| S|CS|TS  0|AC  0|TAMS 0x00000000c4600000, 0x00000000c4600000|
|  43|0x00000000c4700000, 0x00000000c4800000, 0x00000000c4800000|100%| S|CS|TS  0|AC  0|TAMS 0x00000000c4700000, 0x00000000c4700000|
|  44|0x00000000c4800000, 0x00000000c4800000, 0x00000000c4900000|  0%| F|  |TS  0|AC  0|TAMS 0x00000000c4800000, 0x00000000c4800000|
|  45|0x00000000c4900000, 0x00000000c4900000, 0x00000000c4a00000|  0%| F|  |TS  0|AC  0|TAMS 0x00000000c4900000, 0x00000000c4900000|
|  46|0x00000000c4a00000, 0x00000000c4a00000, 0x00000000c4b00000|  0%| F|  |TS  0|AC  0|TAMS 0x00000000c4a00000, 0x00000000c4a00000|
|  47|0x00000000c4b00000, 0x00000000c4b00000, 0x00000000c4c00000|  0%| F|  |TS  0|AC  0|TAMS 0x00000000c4b00000, 0x00000000c4b00000|
|  48|0x00000000c4c00000, 0x00000000c4c00000, 0x00000000c4d00000|  0%| F|  |TS  0|AC  0|TAMS 0x00000000c4c00000, 0x00000000c4c00000|
|  49|0x00000000c4d00000, 0x00000000c4d00000, 0x00000000c4e00000|  0%| F|  |TS  0|AC  0|TAMS 0x00000000c4d00000, 0x00000000c4d00000|
|  50|0x00000000c4e00000, 0x00000000c4e00000, 0x00000000c4f00000|  0%| F|  |TS  0|AC  0|TAMS 0x00000000c4e00000, 0x00000000c4e00000|
|  51|0x00000000c4f00000, 0x00000000c4f00000, 0x00000000c5000000|  0%| F|  |TS  0|AC  0|TAMS 0x00000000c4f00000, 0x00000000c4f00000|
|  52|0x00000000c5000000, 0x00000000c5000000, 0x00000000c5100000|  0%| F|  |TS  0|AC  0|TAMS 0x00000000c5000000, 0x00000000c5000000|
|  53|0x00000000c5100000, 0x00000000c51e1058, 0x00000000c5200000| 87%| E|  |TS  0|AC  0|TAMS 0x00000000c5100000, 0x00000000c5100000|
|  54|0x00000000c5200000, 0x00000000c5300000, 0x00000000c5300000|100%| E|CS|TS  0|AC  0|TAMS 0x00000000c5200000, 0x00000000c5200000|
|  55|0x00000000c5300000, 0x00000000c5400000, 0x00000000c5400000|100%| E|CS|TS  0|AC  0|TAMS 0x00000000c5300000, 0x00000000c5300000|
|  56|0x00000000c5400000, 0x00000000c5500000, 0x00000000c5500000|100%| E|CS|TS  0|AC  0|TAMS 0x00000000c5400000, 0x00000000c5400000|
|  57|0x00000000c5500000, 0x00000000c5600000, 0x00000000c5600000|100%| E|CS|TS  0|AC  0|TAMS 0x00000000c5500000, 0x00000000c5500000|
|  58|0x00000000c5600000, 0x00000000c5700000, 0x00000000c5700000|100%| E|CS|TS  0|AC  0|TAMS 0x00000000c5600000, 0x00000000c5600000|
|  59|0x00000000c5700000, 0x00000000c5800000, 0x00000000c5800000|100%| E|CS|TS  0|AC  0|TAMS 0x00000000c5700000, 0x00000000c5700000|
|  60|0x00000000c5800000, 0x00000000c5900000, 0x00000000c5900000|100%| E|CS|TS  0|AC  0|TAMS 0x00000000c5800000, 0x00000000c5800000|
|  61|0x00000000c5900000, 0x00000000c5a00000, 0x00000000c5a00000|100%| E|CS|TS  0|AC  0|TAMS 0x00000000c5900000, 0x00000000c5900000|
|  62|0x00000000c5a00000, 0x00000000c5b00000, 0x00000000c5b00000|100%| E|CS|TS  0|AC  0|TAMS 0x00000000c5a00000, 0x00000000c5a00000|
|  63|0x00000000c5b00000, 0x00000000c5c00000, 0x00000000c5c00000|100%| E|CS|TS  0|AC  0|TAMS 0x00000000c5b00000, 0x00000000c5b00000|

Card table byte_map: [0x000002c5786c0000,0x000002c5788c0000] byte_map_base: 0x000002c5780b2000

Marking Bits (Prev, Next): (CMBitMap*) 0x000002c576455c18, (CMBitMap*) 0x000002c576455be0
 Prev Bits: [0x000002c579a50000, 0x000002c57a9e0000)
 Next Bits: [0x000002c578ac0000, 0x000002c579a50000)

Polling page: 0x000002c576630000

CodeHeap 'non-profiled nmethods': size=120064Kb used=1303Kb max_used=1303Kb free=118761Kb
 bounds [0x000002c512110000, 0x000002c512380000, 0x000002c519650000]
CodeHeap 'profiled nmethods': size=120000Kb used=5506Kb max_used=5506Kb free=114493Kb
 bounds [0x000002c50abe0000, 0x000002c50b150000, 0x000002c512110000]
CodeHeap 'non-nmethods': size=5696Kb used=1468Kb max_used=1499Kb free=4227Kb
 bounds [0x000002c50a650000, 0x000002c50a8c0000, 0x000002c50abe0000]
 total_blobs=3962 nmethods=2731 adapters=651
 compilation: enabled

Compilation events (10 events):
Event: 8.171 Thread 0x000002c57d864000 2727       3       java.util.concurrent.locks.AbstractQueuedSynchronizer$Node::compareAndSetWaitStatus (10 bytes)
Event: 8.172 Thread 0x000002c57d864000 nmethod 2727 0x000002c50b13c510 code [0x000002c50b13c720, 0x000002c50b13ce60]
Event: 8.217 Thread 0x000002c57cf6a800 2728       4       java.lang.invoke.LambdaForm$MH/901506536::linkToTargetMethod (8 bytes)
Event: 8.217 Thread 0x000002c57d864000 2729       3       com.sun.javafx.scene.KeyboardShortcutsHandler::dispatchCapturingEvent (223 bytes)
Event: 8.218 Thread 0x000002c57cf6a800 nmethod 2728 0x000002c512255590 code [0x000002c512255720, 0x000002c5122557b8]
Event: 8.219 Thread 0x000002c57d864000 nmethod 2729 0x000002c50b13d090 code [0x000002c50b13d340, 0x000002c50b13e830]
Event: 8.219 Thread 0x000002c57d864000 2730       3       java.io.WinNTFileSystem::prefixLength (91 bytes)
Event: 8.220 Thread 0x000002c57d864000 nmethod 2730 0x000002c50b13eb90 code [0x000002c50b13eea0, 0x000002c50b140440]
Event: 8.220 Thread 0x000002c57d864000 2731       1       java.util.zip.ZStreamRef::address (5 bytes)
Event: 8.220 Thread 0x000002c57d864000 nmethod 2731 0x000002c512255890 code [0x000002c512255a40, 0x000002c512255b58]

GC Heap History (4 events):
Event: 0.816 GC heap before
{Heap before GC invocations=0 (full 0):
 garbage-first heap   total 65536K, used 14336K [0x00000000c1c00000, 0x00000000c1d00200, 0x0000000100000000)
  region size 1024K, 14 young (14336K), 0 survivors (0K)
 Metaspace       used 11284K, capacity 11916K, committed 12160K, reserved 1060864K
  class space    used 1198K, capacity 1336K, committed 1408K, reserved 1048576K
}
Event: 0.821 GC heap after
{Heap after GC invocations=1 (full 0):
 garbage-first heap   total 65536K, used 2546K [0x00000000c1c00000, 0x00000000c1d00200, 0x0000000100000000)
  region size 1024K, 2 young (2048K), 2 survivors (2048K)
 Metaspace       used 11284K, capacity 11916K, committed 12160K, reserved 1060864K
  class space    used 1198K, capacity 1336K, committed 1408K, reserved 1048576K
}
Event: 1.849 GC heap before
{Heap before GC invocations=1 (full 0):
 garbage-first heap   total 65536K, used 19954K [0x00000000c1c00000, 0x00000000c1d00200, 0x0000000100000000)
  region size 1024K, 20 young (20480K), 2 survivors (2048K)
 Metaspace       used 19371K, capacity 21210K, committed 21248K, reserved 1067008K
  class space    used 2519K, capacity 2809K, committed 2816K, reserved 1048576K
}
Event: 1.861 GC heap after
{Heap after GC invocations=2 (full 0):
 garbage-first heap   total 65536K, used 5938K [0x00000000c1c00000, 0x00000000c1d00200, 0x0000000100000000)
  region size 1024K, 5 young (5120K), 5 survivors (5120K)
 Metaspace       used 19371K, capacity 21210K, committed 21248K, reserved 1067008K
  class space    used 2519K, capacity 2809K, committed 2816K, reserved 1048576K
}

Deoptimization events (10 events):
Event: 2.273 Thread 0x000002c57de61000 Uncommon trap: reason=intrinsic_or_type_checked_inlining action=make_not_entrant pc=0x000002c51216badc method=java.util.Arrays.copyOf([Ljava/lang/Object;ILjava/lang/Class;)[Ljava/lang/Object; @ 35 c2
Event: 2.298 Thread 0x000002c57de61000 Uncommon trap: reason=unstable_if action=reinterpret pc=0x000002c51218a854 method=java.util.Arrays.equals([Ljava/lang/Object;[Ljava/lang/Object;)Z @ 23 c2
Event: 2.402 Thread 0x000002c57de61000 Uncommon trap: reason=unstable_if action=reinterpret pc=0x000002c5121833d4 method=java.util.Arrays.equals([Ljava/lang/Object;[Ljava/lang/Object;)Z @ 23 c2
Event: 3.517 Thread 0x000002c57e14d800 Uncommon trap: reason=unstable_if action=reinterpret pc=0x000002c512157a20 method=jdk.internal.org.objectweb.asm.Type.getArgumentsAndReturnSizes(Ljava/lang/String;)I @ 47 c2
Event: 5.541 Thread 0x000002c57e14d800 Uncommon trap: reason=class_check action=maybe_recompile pc=0x000002c512219f44 method=javafx.scene.Node.updateLocalToParentTransform()V @ 11 c2
Event: 5.542 Thread 0x000002c57e14d800 Uncommon trap: reason=class_check action=maybe_recompile pc=0x000002c512219f44 method=javafx.scene.Node.updateLocalToParentTransform()V @ 11 c2
Event: 5.543 Thread 0x000002c57e14d800 Uncommon trap: reason=class_check action=maybe_recompile pc=0x000002c512219f44 method=javafx.scene.Node.updateLocalToParentTransform()V @ 11 c2
Event: 5.543 Thread 0x000002c57e14d800 Uncommon trap: reason=class_check action=maybe_recompile pc=0x000002c512219f44 method=javafx.scene.Node.updateLocalToParentTransform()V @ 11 c2
Event: 5.553 Thread 0x000002c57e14d800 Uncommon trap: reason=unstable_if action=reinterpret pc=0x000002c512231848 method=java.util.HashMap.removeNode(ILjava/lang/Object;Ljava/lang/Object;ZZ)Ljava/util/HashMap$Node; @ 234 c2
Event: 7.038 Thread 0x000002c57e14d800 Uncommon trap: reason=null_check action=make_not_entrant pc=0x000002c51224345c method=javafx.scene.Node$MiscProperties.getClip()Ljavafx/scene/Node; @ 20 c2

Classes redefined (0 events):
No events

Internal exceptions (10 events):
Event: 1.778 Thread 0x000002c57e14d800 Exception <a 'java/lang/ClassNotFoundException'{0x00000000c4ab6e58}: com/sun/javafx/scene/control/skin/resources/controls_en_US> (0x00000000c4ab6e58) thrown at [t:/workspace/hotspot/src/share/vm/prims/jni.cpp, line 625]
Event: 2.177 Thread 0x000002c57e14d800 Exception <a 'java/lang/NoSuchMethodError'{0x00000000c5619df8}: method resolution failed> (0x00000000c5619df8) thrown at [t:/workspace/hotspot/src/share/vm/prims/methodHandles.cpp, line 1256]
Event: 2.250 Thread 0x000002c57de61000 Exception <a 'java/lang/NoSuchMethodError'{0x00000000c5508650}: java.lang.invoke.DirectMethodHandle$Holder.invokeStaticInit(Ljava/lang/Object;Ljava/lang/Object;)I> (0x00000000c5508650) thrown at [t:/workspace/hotspot/src/share/vm/interpreter/linkResolver.
Event: 2.369 Thread 0x000002c57de61000 Exception <a 'java/lang/NoSuchMethodError'{0x00000000c54c7860}: java.lang.invoke.DirectMethodHandle$Holder.invokeStaticInit(Ljava/lang/Object;I)Ljava/lang/Object;> (0x00000000c54c7860) thrown at [t:/workspace/hotspot/src/share/vm/interpreter/linkResolver.
Event: 3.517 Thread 0x000002c57e14d800 Exception <a 'java/lang/NoSuchMethodError'{0x00000000c53fd238}: method resolution failed> (0x00000000c53fd238) thrown at [t:/workspace/hotspot/src/share/vm/prims/methodHandles.cpp, line 1256]
Event: 3.518 Thread 0x000002c57e14d800 Exception <a 'java/lang/NoSuchMethodError'{0x00000000c5200910}: java.lang.invoke.DirectMethodHandle$Holder.invokeStaticInit(Ljava/lang/Object;Ljava/lang/Object;Ljava/lang/Object;)J> (0x00000000c5200910) thrown at [t:/workspace/hotspot/src/share/vm/interpr
Event: 3.520 Thread 0x000002c57e14d800 Exception <a 'java/lang/NoSuchMethodError'{0x00000000c5213440}: method resolution failed> (0x00000000c5213440) thrown at [t:/workspace/hotspot/src/share/vm/prims/methodHandles.cpp, line 1256]
Event: 3.521 Thread 0x000002c57e14d800 Exception <a 'java/lang/NoSuchMethodError'{0x00000000c5219568}: java.lang.invoke.DirectMethodHandle$Holder.invokeStatic(Ljava/lang/Object;Ljava/lang/Object;J)Ljava/lang/Object;> (0x00000000c5219568) thrown at [t:/workspace/hotspot/src/share/vm/interpreter
Event: 3.521 Thread 0x000002c57e14d800 Exception <a 'java/lang/NoSuchMethodError'{0x00000000c521cb60}: method resolution failed> (0x00000000c521cb60) thrown at [t:/workspace/hotspot/src/share/vm/prims/methodHandles.cpp, line 1256]
Event: 7.038 Thread 0x000002c57e14d800 Implicit null exception at 0x000002c512243407 to 0x000002c512243451

Events (10 events):
Event: 7.038 Thread 0x000002c57e14d800 DEOPT PACKING pc=0x000002c51224345c sp=0x000000f03c9fc530
Event: 7.038 Thread 0x000002c57e14d800 DEOPT UNPACKING pc=0x000002c50a69df29 sp=0x000000f03c9fc460 mode 2
Event: 8.218 loading class jssc/SerialPort
Event: 8.218 loading class jssc/SerialPort done
Event: 8.219 loading class jssc/SerialPort$EventThread
Event: 8.219 loading class jssc/SerialPort$EventThread done
Event: 8.219 loading class jssc/SerialPort$LinuxEventThread
Event: 8.219 loading class jssc/SerialPort$LinuxEventThread done
Event: 8.220 loading class jssc/SerialPortTimeoutException
Event: 8.220 loading class jssc/SerialPortTimeoutException done


Dynamic libraries:
0x00007ff66f370000 - 0x00007ff66f3ae000 	C:\Program Files\Java\jdk-9.0.4\bin\java.exe
0x00007ffe8de40000 - 0x00007ffe8e021000 	C:\WINDOWS\SYSTEM32\ntdll.dll
0x00007ffe8dd30000 - 0x00007ffe8dde2000 	C:\WINDOWS\System32\KERNEL32.DLL
0x00007ffe8ae60000 - 0x00007ffe8b0d3000 	C:\WINDOWS\System32\KERNELBASE.dll
0x00007ffe8c7a0000 - 0x00007ffe8c841000 	C:\WINDOWS\System32\ADVAPI32.dll
0x00007ffe8b5d0000 - 0x00007ffe8b66e000 	C:\WINDOWS\System32\msvcrt.dll
0x00007ffe8c4c0000 - 0x00007ffe8c51b000 	C:\WINDOWS\System32\sechost.dll
0x00007ffe8c020000 - 0x00007ffe8c144000 	C:\WINDOWS\System32\RPCRT4.dll
0x00007ffe8c520000 - 0x00007ffe8c6b0000 	C:\WINDOWS\System32\USER32.dll
0x00007ffe8ab00000 - 0x00007ffe8ab20000 	C:\WINDOWS\System32\win32u.dll
0x00007ffe8c3b0000 - 0x00007ffe8c3d8000 	C:\WINDOWS\System32\GDI32.dll
0x00007ffe8ab20000 - 0x00007ffe8acb2000 	C:\WINDOWS\System32\gdi32full.dll
0x00007ffe8adc0000 - 0x00007ffe8ae5f000 	C:\WINDOWS\System32\msvcp_win.dll
0x00007ffe8acc0000 - 0x00007ffe8adba000 	C:\WINDOWS\System32\ucrtbase.dll
0x00007ffe7cc00000 - 0x00007ffe7ce69000 	C:\WINDOWS\WinSxS\amd64_microsoft.windows.common-controls_6595b64144ccf1df_6.0.17134.285_none_fb4297e330656775\COMCTL32.dll
0x00007ffe8bac0000 - 0x00007ffe8bde3000 	C:\WINDOWS\System32\combase.dll
0x00007ffe7c900000 - 0x00007ffe7c90a000 	C:\WINDOWS\SYSTEM32\VERSION.dll
0x00007ffe8a260000 - 0x00007ffe8a2da000 	C:\WINDOWS\System32\bcryptPrimitives.dll
0x00007ffe8bdf0000 - 0x00007ffe8be1d000 	C:\WINDOWS\System32\IMM32.DLL
0x00007ffe55e90000 - 0x00007ffe55f7f000 	C:\Program Files\Java\jdk-9.0.4\bin\msvcr120.dll
0x00007ffe58770000 - 0x00007ffe58816000 	C:\Program Files\Java\jdk-9.0.4\bin\msvcp120.dll
0x000000006c650000 - 0x000000006d075000 	C:\Program Files\Java\jdk-9.0.4\bin\server\jvm.dll
0x00007ffe8c2d0000 - 0x00007ffe8c2d8000 	C:\WINDOWS\System32\PSAPI.DLL
0x00007ffe75560000 - 0x00007ffe75569000 	C:\WINDOWS\SYSTEM32\WSOCK32.dll
0x00007ffe86fd0000 - 0x00007ffe86ff3000 	C:\WINDOWS\SYSTEM32\WINMM.dll
0x00007ffe8c450000 - 0x00007ffe8c4bc000 	C:\WINDOWS\System32\WS2_32.dll
0x00007ffe86fa0000 - 0x00007ffe86fca000 	C:\WINDOWS\SYSTEM32\winmmbase.dll
0x00007ffe8a210000 - 0x00007ffe8a259000 	C:\WINDOWS\System32\cfgmgr32.dll
0x00007ffe7fca0000 - 0x00007ffe7fcaf000 	C:\Program Files\Java\jdk-9.0.4\bin\verify.dll
0x00007ffe67380000 - 0x00007ffe673a7000 	C:\Program Files\Java\jdk-9.0.4\bin\java.dll
0x00007ffe670d0000 - 0x00007ffe670fa000 	C:\Program Files\Java\jdk-9.0.4\bin\instrument.dll
0x00007ffe72900000 - 0x00007ffe72916000 	C:\Program Files\Java\jdk-9.0.4\bin\zip.dll
0x00007ffe7c280000 - 0x00007ffe7c28a000 	C:\Program Files\Java\jdk-9.0.4\bin\jimage.dll
0x00007ffe8c850000 - 0x00007ffe8dc90000 	C:\WINDOWS\System32\SHELL32.dll
0x00007ffe8b520000 - 0x00007ffe8b5c9000 	C:\WINDOWS\System32\shcore.dll
0x00007ffe8a2e0000 - 0x00007ffe8a9ed000 	C:\WINDOWS\System32\windows.storage.dll
0x00007ffe8c740000 - 0x00007ffe8c791000 	C:\WINDOWS\System32\shlwapi.dll
0x00007ffe8a1d0000 - 0x00007ffe8a1e1000 	C:\WINDOWS\System32\kernel.appcore.dll
0x00007ffe8a160000 - 0x00007ffe8a17f000 	C:\WINDOWS\System32\profapi.dll
0x00007ffe8a180000 - 0x00007ffe8a1cc000 	C:\WINDOWS\System32\powrprof.dll
0x00007ffe8a150000 - 0x00007ffe8a15a000 	C:\WINDOWS\System32\FLTLIB.DLL
0x00007ffe670b0000 - 0x00007ffe670ca000 	C:\Program Files\Java\jdk-9.0.4\bin\net.dll
0x00007ffe84de0000 - 0x00007ffe84ebc000 	C:\WINDOWS\SYSTEM32\WINHTTP.dll
0x00007ffe89970000 - 0x00007ffe899d6000 	C:\WINDOWS\system32\mswsock.dll
0x00007ffe66f30000 - 0x00007ffe66f41000 	C:\Program Files\Java\jdk-9.0.4\bin\nio.dll
0x00007ffe7fdb0000 - 0x00007ffe7fdca000 	C:\Program Files\JetBrains\IntelliJ IDEA 2018.2.4\bin\breakgen64.dll
0x000002c57dea0000 - 0x000002c57dea3000 	C:\Program Files\Java\jdk-9.0.4\bin\api-ms-win-core-console-l1-1-0.dll
0x000002c57deb0000 - 0x000002c57deb3000 	C:\Program Files\Java\jdk-9.0.4\bin\api-ms-win-core-datetime-l1-1-0.dll
0x000002c57dec0000 - 0x000002c57dec3000 	C:\Program Files\Java\jdk-9.0.4\bin\api-ms-win-core-debug-l1-1-0.dll
0x000002c57ded0000 - 0x000002c57ded3000 	C:\Program Files\Java\jdk-9.0.4\bin\api-ms-win-core-errorhandling-l1-1-0.dll
0x000002c57dee0000 - 0x000002c57dee4000 	C:\Program Files\Java\jdk-9.0.4\bin\api-ms-win-core-file-l1-1-0.dll
0x000002c57def0000 - 0x000002c57def3000 	C:\Program Files\Java\jdk-9.0.4\bin\api-ms-win-core-file-l1-2-0.dll
0x000002c57df00000 - 0x000002c57df03000 	C:\Program Files\Java\jdk-9.0.4\bin\api-ms-win-core-file-l2-1-0.dll
0x000002c57df10000 - 0x000002c57df13000 	C:\Program Files\Java\jdk-9.0.4\bin\api-ms-win-core-handle-l1-1-0.dll
0x000002c57df20000 - 0x000002c57df23000 	C:\Program Files\Java\jdk-9.0.4\bin\api-ms-win-core-heap-l1-1-0.dll
0x000002c57df30000 - 0x000002c57df33000 	C:\Program Files\Java\jdk-9.0.4\bin\api-ms-win-core-interlocked-l1-1-0.dll
0x000002c57df40000 - 0x000002c57df43000 	C:\Program Files\Java\jdk-9.0.4\bin\api-ms-win-core-libraryloader-l1-1-0.dll
0x000002c57df50000 - 0x000002c57df53000 	C:\Program Files\Java\jdk-9.0.4\bin\api-ms-win-core-localization-l1-2-0.dll
0x000002c57df60000 - 0x000002c57df63000 	C:\Program Files\Java\jdk-9.0.4\bin\api-ms-win-core-memory-l1-1-0.dll
0x000002c57df70000 - 0x000002c57df73000 	C:\Program Files\Java\jdk-9.0.4\bin\api-ms-win-core-namedpipe-l1-1-0.dll
0x000002c57df80000 - 0x000002c57df83000 	C:\Program Files\Java\jdk-9.0.4\bin\api-ms-win-core-processenvironment-l1-1-0.dll
0x000002c57df90000 - 0x000002c57df93000 	C:\Program Files\Java\jdk-9.0.4\bin\api-ms-win-core-processthreads-l1-1-0.dll
0x000002c57dfa0000 - 0x000002c57dfa3000 	C:\Program Files\Java\jdk-9.0.4\bin\api-ms-win-core-processthreads-l1-1-1.dll
0x000002c57dfb0000 - 0x000002c57dfb3000 	C:\Program Files\Java\jdk-9.0.4\bin\api-ms-win-core-profile-l1-1-0.dll
0x000002c57dfc0000 - 0x000002c57dfc3000 	C:\Program Files\Java\jdk-9.0.4\bin\api-ms-win-core-rtlsupport-l1-1-0.dll
0x000002c57dfd0000 - 0x000002c57dfd3000 	C:\Program Files\Java\jdk-9.0.4\bin\api-ms-win-core-string-l1-1-0.dll
0x000002c57dfe0000 - 0x000002c57dfe3000 	C:\Program Files\Java\jdk-9.0.4\bin\api-ms-win-core-synch-l1-1-0.dll
0x000002c57dff0000 - 0x000002c57dff3000 	C:\Program Files\Java\jdk-9.0.4\bin\api-ms-win-core-synch-l1-2-0.dll
0x000002c57e000000 - 0x000002c57e003000 	C:\Program Files\Java\jdk-9.0.4\bin\api-ms-win-core-sysinfo-l1-1-0.dll
0x000002c57e010000 - 0x000002c57e013000 	C:\Program Files\Java\jdk-9.0.4\bin\api-ms-win-core-timezone-l1-1-0.dll
0x000002c57e020000 - 0x000002c57e023000 	C:\Program Files\Java\jdk-9.0.4\bin\api-ms-win-core-util-l1-1-0.dll
0x000002c57e030000 - 0x000002c57e033000 	C:\Program Files\Java\jdk-9.0.4\bin\api-ms-win-crt-conio-l1-1-0.dll
0x000002c57e040000 - 0x000002c57e044000 	C:\Program Files\Java\jdk-9.0.4\bin\api-ms-win-crt-convert-l1-1-0.dll
0x000002c57e050000 - 0x000002c57e053000 	C:\Program Files\Java\jdk-9.0.4\bin\api-ms-win-crt-environment-l1-1-0.dll
0x000002c57e060000 - 0x000002c57e063000 	C:\Program Files\Java\jdk-9.0.4\bin\api-ms-win-crt-filesystem-l1-1-0.dll
0x000002c57e070000 - 0x000002c57e073000 	C:\Program Files\Java\jdk-9.0.4\bin\api-ms-win-crt-heap-l1-1-0.dll
0x000002c57e080000 - 0x000002c57e083000 	C:\Program Files\Java\jdk-9.0.4\bin\api-ms-win-crt-locale-l1-1-0.dll
0x000002c57e090000 - 0x000002c57e095000 	C:\Program Files\Java\jdk-9.0.4\bin\api-ms-win-crt-math-l1-1-0.dll
0x000002c57e0a0000 - 0x000002c57e0a5000 	C:\Program Files\Java\jdk-9.0.4\bin\api-ms-win-crt-multibyte-l1-1-0.dll
0x000002c57e0b0000 - 0x000002c57e0c0000 	C:\Program Files\Java\jdk-9.0.4\bin\api-ms-win-crt-private-l1-1-0.dll
0x000002c57e0c0000 - 0x000002c57e0c3000 	C:\Program Files\Java\jdk-9.0.4\bin\api-ms-win-crt-process-l1-1-0.dll
0x000002c57e0d0000 - 0x000002c57e0d4000 	C:\Program Files\Java\jdk-9.0.4\bin\api-ms-win-crt-runtime-l1-1-0.dll
0x000002c57e0e0000 - 0x000002c57e0e4000 	C:\Program Files\Java\jdk-9.0.4\bin\api-ms-win-crt-stdio-l1-1-0.dll
0x000002c57e0f0000 - 0x000002c57e0f4000 	C:\Program Files\Java\jdk-9.0.4\bin\api-ms-win-crt-string-l1-1-0.dll
0x000002c57e100000 - 0x000002c57e103000 	C:\Program Files\Java\jdk-9.0.4\bin\api-ms-win-crt-time-l1-1-0.dll
0x000002c57e110000 - 0x000002c57e113000 	C:\Program Files\Java\jdk-9.0.4\bin\api-ms-win-crt-utility-l1-1-0.dll
0x00007ffe55bd0000 - 0x00007ffe55cc6000 	C:\Program Files\Java\jdk-9.0.4\bin\ucrtbase.dll
0x00007ffe66f10000 - 0x00007ffe66f26000 	C:\Program Files\Java\jdk-9.0.4\bin\vcruntime140.dll
0x00007ffe577a0000 - 0x00007ffe5783c000 	C:\Program Files\Java\jdk-9.0.4\bin\msvcp140.dll
0x00007ffe5ae50000 - 0x00007ffe5aea1000 	C:\Program Files\Java\jdk-9.0.4\bin\concrt140.dll
0x00007ffe66bf0000 - 0x00007ffe66c13000 	C:\Program Files\Java\jdk-9.0.4\bin\prism_d3d.dll
0x00007ffe5a140000 - 0x00007ffe5a2d7000 	C:\WINDOWS\system32\d3d9.dll
0x00007ffe888c0000 - 0x00007ffe888e9000 	C:\WINDOWS\SYSTEM32\dwmapi.dll
0x00007ffe887e0000 - 0x00007ffe88878000 	C:\WINDOWS\system32\uxtheme.dll
0x00007ffe27330000 - 0x00007ffe2cb1c000 	C:\WINDOWS\System32\DriverStore\FileRepository\igdlh64.inf_amd64_3b4451a7a4481c81\igdumdim64.dll
0x00007ffe8c2e0000 - 0x00007ffe8c3a2000 	C:\WINDOWS\System32\OLEAUT32.dll
0x00007ffe8b3c0000 - 0x00007ffe8b511000 	C:\WINDOWS\System32\ole32.dll
0x00007ffe8b670000 - 0x00007ffe8babb000 	C:\WINDOWS\System32\SETUPAPI.dll
0x00007ffe64da0000 - 0x00007ffe64dea000 	C:\Program Files\Java\jdk-9.0.4\bin\glass.dll
0x00007ffe8b2d0000 - 0x00007ffe8b3bd000 	C:\WINDOWS\System32\COMDLG32.dll
0x00007ffe8c150000 - 0x00007ffe8c2c5000 	C:\WINDOWS\System32\MSCTF.dll
0x00007ffe81c00000 - 0x00007ffe82d5f000 	C:\WINDOWS\System32\DriverStore\FileRepository\igdlh64.inf_amd64_3b4451a7a4481c81\igc64.dll
0x00007ffe66ef0000 - 0x00007ffe66f04000 	C:\Program Files\Java\jdk-9.0.4\bin\javafx_font.dll
0x00007ffe53470000 - 0x00007ffe53609000 	C:\Program Files\Java\jdk-9.0.4\bin\awt.dll
0x00007ffe87800000 - 0x00007ffe87dc7000 	C:\WINDOWS\SYSTEM32\d2d1.dll
0x00007ffe884e0000 - 0x00007ffe8856b000 	C:\WINDOWS\SYSTEM32\apphelp.dll
0x00007ffe53920000 - 0x00007ffe539bd000 	C:\Program Files\Java\jdk-9.0.4\bin\fontmanager.dll
0x00007ffe76410000 - 0x00007ffe7672c000 	C:\WINDOWS\SYSTEM32\dwrite.dll
0x0000000071100000 - 0x0000000071125000 	C:\Users\rosti\.jssc\windows\jSSC-2.8_x86_64.dll
0x00007ffe8dc90000 - 0x00007ffe8dd30000 	C:\WINDOWS\System32\clbcatq.dll
0x00007ffe86000000 - 0x00007ffe861ae000 	C:\WINDOWS\SYSTEM32\WindowsCodecs.dll
0x00007ffe71140000 - 0x00007ffe71198000 	C:\WINDOWS\system32\dataexchange.dll
0x00007ffe87dd0000 - 0x00007ffe87f6c000 	C:\WINDOWS\system32\dcomp.dll
0x00007ffe874f0000 - 0x00007ffe877fb000 	C:\WINDOWS\system32\d3d11.dll
0x00007ffe88f10000 - 0x00007ffe88fcb000 	C:\WINDOWS\system32\dxgi.dll
0x00007ffe88a20000 - 0x00007ffe88bd8000 	C:\WINDOWS\system32\twinapi.appcore.dll
0x00007ffe889a0000 - 0x00007ffe889c1000 	C:\WINDOWS\system32\RMCLIENT.dll
0x00007ffe66fe0000 - 0x00007ffe67014000 	C:\Program Files\Common Files\Microsoft Shared\Ink\rtscom.dll
0x00007ffe79560000 - 0x00007ffe795f7000 	C:\WINDOWS\System32\TextInputFramework.dll
0x00007ffe85740000 - 0x00007ffe85a5e000 	C:\WINDOWS\System32\CoreUIComponents.dll
0x00007ffe882b0000 - 0x00007ffe8838a000 	C:\WINDOWS\System32\CoreMessaging.dll
0x00007ffe89270000 - 0x00007ffe892a1000 	C:\WINDOWS\SYSTEM32\ntmarta.dll
0x00007ffe862f0000 - 0x00007ffe8643d000 	C:\WINDOWS\SYSTEM32\wintypes.dll
0x00007ffe66d70000 - 0x00007ffe66d82000 	C:\Program Files\Java\jdk-9.0.4\bin\prism_common.dll
0x00007ffe854b0000 - 0x00007ffe85679000 	C:\WINDOWS\SYSTEM32\dbghelp.dll

VM Arguments:
jvm_args: -javaagent:C:\Program Files\JetBrains\IntelliJ IDEA 2018.2.4\lib\idea_rt.jar=58726:C:\Program Files\JetBrains\IntelliJ IDEA 2018.2.4\bin -Dfile.encoding=UTF-8 
java_command: sample.Main
java_class_path (initial): C:\Users\rosti\Documents\GitHub\java-labs-2018\mysql-connector-java-5.1.46\mysql-connector-java-5.1.46-bin.jar;C:\Users\rosti\Documents\GitHub\toks-labs-2018\LAB1.ComMessenger\out\production\LAB1.ComMessenger;C:\Users\rosti\Documents\GitHub\toks-labs-2018\jssc-2.8.0.jar
Launcher Type: SUN_STANDARD

Logging:
Log output configuration:
#0: stdout all=warning uptime,level,tags
#1: stderr all=off uptime,level,tags

Environment Variables:
JAVA_HOME=C:\Program Files\Java\jdk-9.0.4
JRE_HOME=C:\Program Files\Java\jdk-9.0.4
PATH=C:\ProgramData\Oracle\Java\javapath;C:\WINDOWS\system32;C:\WINDOWS;C:\WINDOWS\System32\Wbem;C:\WINDOWS\System32\WindowsPowerShell\v1.0\;C:\Program Files\Intel\WiFi\bin\;C:\Program Files\Common Files\Intel\WirelessCommon\;C:\Program Files\dotnet\;C:\Program Files\Java\jdk-9.0.4\bin;C:\Program Files (x86)\sbt\bin;C:\WINDOWS\System32\OpenSSH\;c:\quartus\quartus\bin;C:\Users\rosti\AppData\Local\Microsoft\WindowsApps;C:\Program Files\Intel\WiFi\bin\;C:\Program Files\Common Files\Intel\WirelessCommon\;C:\Program Files\Microsoft VS Code\bin;C:\Users\rosti\AppData\Local\GitHubDesktop\bin;%USERPROFILE%\AppData\Local\Microsoft\WindowsApps;
USERNAME=rosti
OS=Windows_NT
PROCESSOR_IDENTIFIER=Intel64 Family 6 Model 142 Stepping 9, GenuineIntel



---------------  S Y S T E M  ---------------

OS: Windows 10 , 64 bit Build 17134 (10.0.17134.1)

CPU:total 4 (initial active 4) (2 cores per cpu, 2 threads per core) family 6 model 142 stepping 9, cmov, cx8, fxsr, mmx, sse, sse2, sse3, ssse3, sse4.1, sse4.2, popcnt, avx, avx2, aes, clmul, erms, 3dnowpref, lzcnt, ht, tsc, tscinvbit, bmi1, bmi2, adx, fma

Memory: 4k page, physical 4074596k(757504k free), swap 7875684k(1185452k free)

vm_info: Java HotSpot(TM) 64-Bit Server VM (9.0.4+11) for windows-amd64 JRE (9.0.4+11), built on Dec 20 2017 02:18:54 by "mach5one" with MS VC++ 12.0 (VS2013)

END.
