#
# A fatal error has been detected by the Java Runtime Environment:
#
#  EXCEPTION_ACCESS_VIOLATION (0xc0000005) at pc=0x000000007110b5db, pid=12392, tid=7124
#
# JRE version: Java(TM) SE Runtime Environment (9.0+11) (build 9.0.4+11)
# Java VM: Java HotSpot(TM) 64-Bit Server VM (9.0.4+11, mixed mode, tiered, compressed oops, g1 gc, windows-amd64)
# Problematic frame:
# C  [jSSC-2.8_x86_64.dll+0xb5db]
#
# No core dump will be written. Minidumps are not enabled by default on client versions of Windows
#
# If you would like to submit a bug report, please visit:
#   http://bugreport.java.com/bugreport/crash.jsp
# The crash happened outside the Java Virtual Machine in native code.
# See problematic frame for where to report the bug.
#

---------------  S U M M A R Y ------------

Command Line: -javaagent:C:\Program Files\JetBrains\IntelliJ IDEA 2018.1\lib\idea_rt.jar=55157:C:\Program Files\JetBrains\IntelliJ IDEA 2018.1\bin -Dfile.encoding=UTF-8 sample.Main

Host: Intel(R) Core(TM) m3-7Y30 CPU @ 1.00GHz, 4 cores, 3G,  Windows 10 , 64 bit Build 17134 (10.0.17134.1)
Time: Tue Sep 18 21:27:45 2018 Aaea?onu (ceia) elapsed time: 3 seconds (0d 0h 0m 3s)

---------------  T H R E A D  ---------------

Current thread (0x000001992bb8d800):  JavaThread "JavaFX Application Thread" [_thread_in_native, id=7124, stack(0x0000005c5cf00000,0x0000005c5d000000)]

Stack: [0x0000005c5cf00000,0x0000005c5d000000],  sp=0x0000005c5cffa850,  free space=1002k
Native frames: (J=compiled Java code, j=interpreted, Vv=VM code, C=native code)
C  [jSSC-2.8_x86_64.dll+0xb5db]
C  [jSSC-2.8_x86_64.dll+0x12590]
C  [jSSC-2.8_x86_64.dll+0x1595]
C  0x000001991668921c

Java frames: (J=compiled Java code, j=interpreted, Vv=VM code)
j  jssc.SerialNativeInterface.openPort(Ljava/lang/String;Z)J+0
j  jssc.SerialPort.openPort()Z+65
j  sample.MessengerCore.connect()V+35
j  sample.Controller.pressedConnectButton()V+4
v  ~StubRoutines::call_stub
j  jdk.internal.reflect.NativeMethodAccessorImpl.invoke0(Ljava/lang/reflect/Method;Ljava/lang/Object;[Ljava/lang/Object;)Ljava/lang/Object;+0 java.base@9.0.4
j  jdk.internal.reflect.NativeMethodAccessorImpl.invoke(Ljava/lang/Object;[Ljava/lang/Object;)Ljava/lang/Object;+100 java.base@9.0.4
J 1212 c1 jdk.internal.reflect.DelegatingMethodAccessorImpl.invoke(Ljava/lang/Object;[Ljava/lang/Object;)Ljava/lang/Object; java.base@9.0.4 (10 bytes) @ 0x0000019916e3e23c [0x0000019916e3e140+0x00000000000000fc]
J 1211 c1 java.lang.reflect.Method.invoke(Ljava/lang/Object;[Ljava/lang/Object;)Ljava/lang/Object; java.base@9.0.4 (65 bytes) @ 0x0000019916e3dca4 [0x0000019916e3d880+0x0000000000000424]
j  com.sun.javafx.reflect.Trampoline.invoke(Ljava/lang/reflect/Method;Ljava/lang/Object;[Ljava/lang/Object;)Ljava/lang/Object;+7
j  jdk.internal.reflect.GeneratedMethodAccessor2.invoke(Ljava/lang/Object;[Ljava/lang/Object;)Ljava/lang/Object;+40
J 1212 c1 jdk.internal.reflect.DelegatingMethodAccessorImpl.invoke(Ljava/lang/Object;[Ljava/lang/Object;)Ljava/lang/Object; java.base@9.0.4 (10 bytes) @ 0x0000019916e3e23c [0x0000019916e3e140+0x00000000000000fc]
J 1211 c1 java.lang.reflect.Method.invoke(Ljava/lang/Object;[Ljava/lang/Object;)Ljava/lang/Object; java.base@9.0.4 (65 bytes) @ 0x0000019916e3dca4 [0x0000019916e3d880+0x0000000000000424]
j  com.sun.javafx.reflect.MethodUtil.invoke(Ljava/lang/reflect/Method;Ljava/lang/Object;[Ljava/lang/Object;)Ljava/lang/Object;+20 javafx.base@9.0.4
j  com.sun.javafx.fxml.MethodHelper.invoke(Ljava/lang/reflect/Method;Ljava/lang/Object;[Ljava/lang/Object;)Ljava/lang/Object;+142 javafx.fxml@9.0.4
j  javafx.fxml.FXMLLoader$MethodHandler.invoke([Ljava/lang/Object;)V+38 javafx.fxml@9.0.4
j  javafx.fxml.FXMLLoader$ControllerMethodEventHandler.handle(Ljavafx/event/Event;)V+12 javafx.fxml@9.0.4
j  com.sun.javafx.event.CompositeEventHandler.dispatchBubblingEvent(Ljavafx/event/Event;)V+51 javafx.base@9.0.4
J 2074 c1 com.sun.javafx.event.EventHandlerManager.dispatchBubblingEvent(Ljavafx/event/EventType;Ljavafx/event/Event;)Ljavafx/event/Event; javafx.base@9.0.4 (34 bytes) @ 0x0000019916fd6354 [0x0000019916fd5e00+0x0000000000000554]
j  com.sun.javafx.event.EventHandlerManager.dispatchBubblingEvent(Ljavafx/event/Event;)Ljavafx/event/Event;+8 javafx.base@9.0.4
j  com.sun.javafx.event.CompositeEventDispatcher.dispatchBubblingEvent(Ljavafx/event/Event;)Ljavafx/event/Event;+11 javafx.base@9.0.4
J 2091 c1 com.sun.javafx.event.BasicEventDispatcher.dispatchEvent(Ljavafx/event/Event;Ljavafx/event/EventDispatchChain;)Ljavafx/event/Event; javafx.base@9.0.4 (44 bytes) @ 0x0000019916fdcfac [0x0000019916fdcc80+0x000000000000032c]
J 2073 c1 com.sun.javafx.event.EventDispatchChainImpl.dispatchEvent(Ljavafx/event/Event;)Ljavafx/event/Event; javafx.base@9.0.4 (101 bytes) @ 0x0000019916fd590c [0x0000019916fd5760+0x00000000000001ac]
J 2091 c1 com.sun.javafx.event.BasicEventDispatcher.dispatchEvent(Ljavafx/event/Event;Ljavafx/event/EventDispatchChain;)Ljavafx/event/Event; javafx.base@9.0.4 (44 bytes) @ 0x0000019916fdcec4 [0x0000019916fdcc80+0x0000000000000244]
J 2073 c1 com.sun.javafx.event.EventDispatchChainImpl.dispatchEvent(Ljavafx/event/Event;)Ljavafx/event/Event; javafx.base@9.0.4 (101 bytes) @ 0x0000019916fd590c [0x0000019916fd5760+0x00000000000001ac]
J 2091 c1 com.sun.javafx.event.BasicEventDispatcher.dispatchEvent(Ljavafx/event/Event;Ljavafx/event/EventDispatchChain;)Ljavafx/event/Event; javafx.base@9.0.4 (44 bytes) @ 0x0000019916fdcec4 [0x0000019916fdcc80+0x0000000000000244]
J 2073 c1 com.sun.javafx.event.EventDispatchChainImpl.dispatchEvent(Ljavafx/event/Event;)Ljavafx/event/Event; javafx.base@9.0.4 (101 bytes) @ 0x0000019916fd590c [0x0000019916fd5760+0x00000000000001ac]
J 2091 c1 com.sun.javafx.event.BasicEventDispatcher.dispatchEvent(Ljavafx/event/Event;Ljavafx/event/EventDispatchChain;)Ljavafx/event/Event; javafx.base@9.0.4 (44 bytes) @ 0x0000019916fdcec4 [0x0000019916fdcc80+0x0000000000000244]
J 2073 c1 com.sun.javafx.event.EventDispatchChainImpl.dispatchEvent(Ljavafx/event/Event;)Ljavafx/event/Event; javafx.base@9.0.4 (101 bytes) @ 0x0000019916fd590c [0x0000019916fd5760+0x00000000000001ac]
j  com.sun.javafx.event.EventUtil.fireEventImpl(Ljavafx/event/EventDispatchChain;Ljavafx/event/EventTarget;Ljavafx/event/Event;)Ljavafx/event/Event;+10 javafx.base@9.0.4
j  com.sun.javafx.event.EventUtil.fireEvent(Ljavafx/event/EventTarget;Ljavafx/event/Event;)Ljavafx/event/Event;+37 javafx.base@9.0.4
j  javafx.event.Event.fireEvent(Ljavafx/event/EventTarget;Ljavafx/event/Event;)V+30 javafx.base@9.0.4
j  javafx.scene.Node.fireEvent(Ljavafx/event/Event;)V+86 javafx.graphics@9.0.4
j  javafx.scene.control.Button.fire()V+15 javafx.controls@9.0.4
j  com.sun.javafx.scene.control.behavior.ButtonBehavior.mouseReleased(Ljavafx/scene/input/MouseEvent;)V+27 javafx.controls@9.0.4
j  com.sun.javafx.scene.control.behavior.ButtonBehavior$$Lambda$428.handle(Ljavafx/event/Event;)V+8 javafx.controls@9.0.4
j  com.sun.javafx.scene.control.inputmap.InputMap.handle(Ljavafx/event/Event;)V+61 javafx.controls@9.0.4
j  com.sun.javafx.scene.control.inputmap.InputMap$$Lambda$173.handle(Ljavafx/event/Event;)V+5 javafx.controls@9.0.4
j  com.sun.javafx.event.CompositeEventHandler$NormalEventHandlerRecord.handleBubblingEvent(Ljavafx/event/Event;)V+5 javafx.base@9.0.4
j  com.sun.javafx.event.CompositeEventHandler.dispatchBubblingEvent(Ljavafx/event/Event;)V+28 javafx.base@9.0.4
J 2074 c1 com.sun.javafx.event.EventHandlerManager.dispatchBubblingEvent(Ljavafx/event/EventType;Ljavafx/event/Event;)Ljavafx/event/Event; javafx.base@9.0.4 (34 bytes) @ 0x0000019916fd6354 [0x0000019916fd5e00+0x0000000000000554]
j  com.sun.javafx.event.EventHandlerManager.dispatchBubblingEvent(Ljavafx/event/Event;)Ljavafx/event/Event;+8 javafx.base@9.0.4
j  com.sun.javafx.event.CompositeEventDispatcher.dispatchBubblingEvent(Ljavafx/event/Event;)Ljavafx/event/Event;+11 javafx.base@9.0.4
J 2091 c1 com.sun.javafx.event.BasicEventDispatcher.dispatchEvent(Ljavafx/event/Event;Ljavafx/event/EventDispatchChain;)Ljavafx/event/Event; javafx.base@9.0.4 (44 bytes) @ 0x0000019916fdcfac [0x0000019916fdcc80+0x000000000000032c]
J 2073 c1 com.sun.javafx.event.EventDispatchChainImpl.dispatchEvent(Ljavafx/event/Event;)Ljavafx/event/Event; javafx.base@9.0.4 (101 bytes) @ 0x0000019916fd590c [0x0000019916fd5760+0x00000000000001ac]
J 2091 c1 com.sun.javafx.event.BasicEventDispatcher.dispatchEvent(Ljavafx/event/Event;Ljavafx/event/EventDispatchChain;)Ljavafx/event/Event; javafx.base@9.0.4 (44 bytes) @ 0x0000019916fdcec4 [0x0000019916fdcc80+0x0000000000000244]
J 2073 c1 com.sun.javafx.event.EventDispatchChainImpl.dispatchEvent(Ljavafx/event/Event;)Ljavafx/event/Event; javafx.base@9.0.4 (101 bytes) @ 0x0000019916fd590c [0x0000019916fd5760+0x00000000000001ac]
J 2091 c1 com.sun.javafx.event.BasicEventDispatcher.dispatchEvent(Ljavafx/event/Event;Ljavafx/event/EventDispatchChain;)Ljavafx/event/Event; javafx.base@9.0.4 (44 bytes) @ 0x0000019916fdcec4 [0x0000019916fdcc80+0x0000000000000244]
J 2073 c1 com.sun.javafx.event.EventDispatchChainImpl.dispatchEvent(Ljavafx/event/Event;)Ljavafx/event/Event; javafx.base@9.0.4 (101 bytes) @ 0x0000019916fd590c [0x0000019916fd5760+0x00000000000001ac]
J 2091 c1 com.sun.javafx.event.BasicEventDispatcher.dispatchEvent(Ljavafx/event/Event;Ljavafx/event/EventDispatchChain;)Ljavafx/event/Event; javafx.base@9.0.4 (44 bytes) @ 0x0000019916fdcec4 [0x0000019916fdcc80+0x0000000000000244]
J 2073 c1 com.sun.javafx.event.EventDispatchChainImpl.dispatchEvent(Ljavafx/event/Event;)Ljavafx/event/Event; javafx.base@9.0.4 (101 bytes) @ 0x0000019916fd590c [0x0000019916fd5760+0x00000000000001ac]
j  com.sun.javafx.event.EventUtil.fireEventImpl(Ljavafx/event/EventDispatchChain;Ljavafx/event/EventTarget;Ljavafx/event/Event;)Ljavafx/event/Event;+10 javafx.base@9.0.4
j  com.sun.javafx.event.EventUtil.fireEvent(Ljavafx/event/EventTarget;Ljavafx/event/Event;)Ljavafx/event/Event;+46 javafx.base@9.0.4
j  javafx.event.Event.fireEvent(Ljavafx/event/EventTarget;Ljavafx/event/Event;)V+30 javafx.base@9.0.4
j  javafx.scene.Scene$MouseHandler.process(Ljavafx/scene/input/MouseEvent;Z)V+491 javafx.graphics@9.0.4
j  javafx.scene.Scene$MouseHandler.access$1300(Ljavafx/scene/Scene$MouseHandler;Ljavafx/scene/input/MouseEvent;Z)V+3 javafx.graphics@9.0.4
j  javafx.scene.Scene.processMouseEvent(Ljavafx/scene/input/MouseEvent;)V+6 javafx.graphics@9.0.4
j  javafx.scene.Scene$ScenePeerListener.mouseEvent(Ljavafx/event/EventType;DDDDLjavafx/scene/input/MouseButton;ZZZZZZZZZ)V+46 javafx.graphics@9.0.4
j  com.sun.javafx.tk.quantum.GlassViewEventHandler$MouseEventNotification.run()Ljava/lang/Void;+582 javafx.graphics@9.0.4
j  com.sun.javafx.tk.quantum.GlassViewEventHandler$MouseEventNotification.run()Ljava/lang/Object;+1 javafx.graphics@9.0.4
v  ~StubRoutines::call_stub
j  java.security.AccessController.doPrivileged(Ljava/security/PrivilegedAction;Ljava/security/AccessControlContext;)Ljava/lang/Object;+0 java.base@9.0.4
j  com.sun.javafx.tk.quantum.GlassViewEventHandler.lambda$handleMouseEvent$2()Ljava/lang/Void;+11 javafx.graphics@9.0.4
j  com.sun.javafx.tk.quantum.GlassViewEventHandler$$Lambda$480.get()Ljava/lang/Object;+4 javafx.graphics@9.0.4
j  com.sun.javafx.tk.quantum.QuantumToolkit.runWithoutRenderLock(Ljava/util/function/Supplier;)Ljava/lang/Object;+18 javafx.graphics@9.0.4
j  com.sun.javafx.tk.quantum.GlassViewEventHandler.handleMouseEvent(Lcom/sun/glass/ui/View;JIIIIIIIZZ)V+103 javafx.graphics@9.0.4
j  com.sun.glass.ui.View.handleMouseEvent(JIIIIIIIZZ)V+30 javafx.graphics@9.0.4
j  com.sun.glass.ui.View.notifyMouse(IIIIIIIZZ)V+181 javafx.graphics@9.0.4
v  ~StubRoutines::call_stub
j  com.sun.glass.ui.win.WinApplication._runLoop(Ljava/lang/Runnable;)V+0 javafx.graphics@9.0.4
j  com.sun.glass.ui.win.WinApplication.lambda$runLoop$3(ILjava/lang/Runnable;)V+8 javafx.graphics@9.0.4
j  com.sun.glass.ui.win.WinApplication$$Lambda$49.run()V+12 javafx.graphics@9.0.4
j  java.lang.Thread.run()V+11 java.base@9.0.4
v  ~StubRoutines::call_stub

siginfo: EXCEPTION_ACCESS_VIOLATION (0xc0000005), reading address 0x000000002cdf4d99


Register to memory mapping:

RIP=0x000000007110b5db jSSC-2.8_x86_64.dll
RAX=0x000000002cdf4d99 is an unknown value
RBX=0x0000005c5cffa8c0 is pointing into the stack for thread: 0x000001992bb8d800
RCX=0x00007ffbcb41a0d4 ntdll.dll
RDX=0x0000000000000000 is an unknown value
RSP=0x0000005c5cffa850 is pointing into the stack for thread: 0x000001992bb8d800
RBP=0x0000005c5cffa9d0 is pointing into the stack for thread: 0x000001992bb8d800
RSI=0x000001992bb8da18 is an unknown value
RDI=0x0000000000000870 is an unknown value
R8 =0x0000005c5cffa748 is pointing into the stack for thread: 0x000001992bb8d800
R9 =0x0000005c5cffa840 is pointing into the stack for thread: 0x000001992bb8d800
R10=0x0000000000000000 is an unknown value
R11=0x0000000000000246 is an unknown value
R12=0x0000005c5cffaa90 is pointing into the stack for thread: 0x000001992bb8d800
R13=0x000001993333f2d0 is an unknown value
R14=0x0000005c5cffa980 is pointing into the stack for thread: 0x000001992bb8d800
R15=0x000001992bb8d800 is a thread


Registers:
RAX=0x000000002cdf4d99, RBX=0x0000005c5cffa8c0, RCX=0x00007ffbcb41a0d4, RDX=0x0000000000000000
RSP=0x0000005c5cffa850, RBP=0x0000005c5cffa9d0, RSI=0x000001992bb8da18, RDI=0x0000000000000870
R8 =0x0000005c5cffa748, R9 =0x0000005c5cffa840, R10=0x0000000000000000, R11=0x0000000000000246
R12=0x0000005c5cffaa90, R13=0x000001993333f2d0, R14=0x0000005c5cffa980, R15=0x000001992bb8d800
RIP=0x000000007110b5db, EFLAGS=0x0000000000010206

Top of Stack: (sp=0x0000005c5cffa850)
0x0000005c5cffa850:   0000005c5cffa878 00007ffb00000000
0x0000005c5cffa860:   000000007110b230 00007ffbcb390428
0x0000005c5cffa870:   000001993333f2d0 0000000000000004
0x0000005c5cffa880:   000001992bb8da18 0000000000000870
0x0000005c5cffa890:   0000005c5cffa9d0 0000000071112590
0x0000005c5cffa8a0:   0000005c5cffa900 0000005c5cffaa90
0x0000005c5cffa8b0:   000001993333f250 0000000000000000
0x0000005c5cffa8c0:   0000000000000870 00007ffbc85c4847
0x0000005c5cffa8d0:   000001992bb8d800 0000005c5cffa980
0x0000005c5cffa8e0:   000001993333f2d0 000001992bb8da18
0x0000005c5cffa8f0:   0000000071113500 0000000071113be8
0x0000005c5cffa900:   0000005c5cffa930 0000000071112641
0x0000005c5cffa910:   0000005c5cffa8a0 0000000040000000
0x0000005c5cffa920:   0000000000000000 0000000000000000
0x0000005c5cffa930:   0000005c5cffa9d0 0000000071101595
0x0000005c5cffa940:   000000000000001c 000001992bb8da18 

Instructions: (pc=0x000000007110b5db)
0x000000007110b5bb:   c5 0f 1f 40 00 55 57 56 53 48 83 ec 28 48 8b 05
0x000000007110b5cb:   39 33 01 00 48 89 cb 48 85 c0 0f 84 c5 00 00 00
0x000000007110b5db:   8b 38 85 ff 0f 88 ab 00 00 00 48 8b 05 1c 33 01
0x000000007110b5eb:   00 48 85 c0 0f 84 bc 00 00 00 8b 30 85 f6 74 57 



---------------  P R O C E S S  ---------------

Java Threads: ( => current thread )
  0x000001993314b800 JavaThread "Prism Font Disposer" daemon [_thread_blocked, id=14100, stack(0x0000005c5d900000,0x0000005c5da00000)]
  0x000001992c2a1000 JavaThread "Java2D Disposer" daemon [_thread_blocked, id=5156, stack(0x0000005c5d500000,0x0000005c5d600000)]
  0x000001992bcaf000 JavaThread "Thread-2" daemon [_thread_in_native, id=11380, stack(0x0000005c5d300000,0x0000005c5d400000)]
  0x000001992bcb4000 JavaThread "JavaFX-Launcher" [_thread_blocked, id=16064, stack(0x0000005c5d400000,0x0000005c5d500000)]
=>0x000001992bb8d800 JavaThread "JavaFX Application Thread" [_thread_in_native, id=7124, stack(0x0000005c5cf00000,0x0000005c5d000000)]
  0x000001992bb83000 JavaThread "InvokeLaterDispatcher" daemon [_thread_blocked, id=6580, stack(0x0000005c5ce00000,0x0000005c5cf00000)]
  0x000001992bac6800 JavaThread "QuantumRenderer-0" daemon [_thread_blocked, id=14288, stack(0x0000005c5cd00000,0x0000005c5ce00000)]
  0x000001992b53d000 JavaThread "Service Thread" daemon [_thread_blocked, id=9608, stack(0x0000005c5cb00000,0x0000005c5cc00000)]
  0x000001992b534800 JavaThread "Monitor Ctrl-Break" daemon [_thread_in_native, id=16352, stack(0x0000005c5ca00000,0x0000005c5cb00000)]
  0x000001992b2fc800 JavaThread "Common-Cleaner" daemon [_thread_blocked, id=8548, stack(0x0000005c5c900000,0x0000005c5ca00000)]
  0x000001992b262800 JavaThread "Sweeper thread" daemon [_thread_blocked, id=16232, stack(0x0000005c5c800000,0x0000005c5c900000)]
  0x000001992b259800 JavaThread "C1 CompilerThread2" daemon [_thread_blocked, id=476, stack(0x0000005c5c700000,0x0000005c5c800000)]
  0x000001992b22c000 JavaThread "C2 CompilerThread1" daemon [_thread_blocked, id=6176, stack(0x0000005c5c600000,0x0000005c5c700000)]
  0x000001992a93c000 JavaThread "C2 CompilerThread0" daemon [_thread_blocked, id=14628, stack(0x0000005c5c500000,0x0000005c5c600000)]
  0x000001992b22a800 JavaThread "Attach Listener" daemon [_thread_blocked, id=5740, stack(0x0000005c5c400000,0x0000005c5c500000)]
  0x000001992b226800 JavaThread "Signal Dispatcher" daemon [_thread_blocked, id=10444, stack(0x0000005c5c300000,0x0000005c5c400000)]
  0x000001992a931800 JavaThread "Finalizer" daemon [_thread_blocked, id=1676, stack(0x0000005c5c200000,0x0000005c5c300000)]
  0x000001992a930800 JavaThread "Reference Handler" daemon [_thread_blocked, id=4824, stack(0x0000005c5c100000,0x0000005c5c200000)]
  0x000001990a7c4000 JavaThread "main" [_thread_blocked, id=14756, stack(0x0000005c5b400000,0x0000005c5b500000)]

Other Threads:
  0x000001992a92c000 VMThread "VM Thread" [stack: 0x0000005c5c000000,0x0000005c5c100000] [id=12092]
  0x000001992b546000 WatcherThread [stack: 0x0000005c5cc00000,0x0000005c5cd00000] [id=14988]
  0x000001990a7db000 GCTaskThread "GC Thread#0" [stack: 0x0000005c5b500000,0x0000005c5b600000] [id=4416]
  0x000001990a7dc800 GCTaskThread "GC Thread#1" [stack: 0x0000005c5b600000,0x0000005c5b700000] [id=8480]
  0x000001990a7de000 GCTaskThread "GC Thread#2" [stack: 0x0000005c5b700000,0x0000005c5b800000] [id=11348]
  0x000001990a7e0800 GCTaskThread "GC Thread#3" [stack: 0x0000005c5b800000,0x0000005c5b900000] [id=4828]
  0x000001990a836800 ConcurrentGCThread "G1 Main Marker" [stack: 0x0000005c5be00000,0x0000005c5bf00000] [id=14796]
  0x000001990a837000 ConcurrentGCThread "G1 Marker#0" [stack: 0x0000005c5bf00000,0x0000005c5c000000] [id=12716]
  0x000001990a7f2800 ConcurrentGCThread "G1 Refine#0" [stack: 0x0000005c5bc00000,0x0000005c5bd00000] [id=2160]
  0x000001990a7ec800 ConcurrentGCThread "G1 Refine#1" [stack: 0x0000005c5bb00000,0x0000005c5bc00000] [id=11740]
  0x000001990a7ea800 ConcurrentGCThread "G1 Refine#2" [stack: 0x0000005c5ba00000,0x0000005c5bb00000] [id=13740]
  0x000001990a7e3000 ConcurrentGCThread "G1 Refine#3" [stack: 0x0000005c5b900000,0x0000005c5ba00000] [id=13036]
  0x000001990a7f6800 ConcurrentGCThread "G1 Young RemSet Sampling" [stack: 0x0000005c5bd00000,0x0000005c5be00000] [id=10452]

Threads with active compile tasks:

VM state:not at safepoint (normal execution)

VM Mutex/Monitor currently owned by a thread: None

Heap address: 0x00000000c1c00000, size: 996 MB, Compressed Oops mode: 32-bit
Narrow klass base: 0x0000000000000000, Narrow klass shift: 3
Compressed class space size: 1073741824 Address: 0x0000000100000000

Heap:
 garbage-first heap   total 65536K, used 14858K [0x00000000c1c00000, 0x00000000c1d00200, 0x0000000100000000)
  region size 1024K, 13 young (13312K), 5 survivors (5120K)
 Metaspace       used 22127K, capacity 24588K, committed 24700K, reserved 1071104K
  class space    used 3033K, capacity 3436K, committed 3504K, reserved 1048576K
Heap Regions: E=young(eden), S=young(survivor), O=old, HS=humongous(starts), HC=humongous(continues), CS=collection set, F=free, A=archive, TS=gc time stamp, AC=allocation context, TAMS=top-at-mark-start (previous, next)
|   0|0x00000000c1c00000, 0x00000000c1cb7e00, 0x00000000c1d00000| 71%| O|  |TS  0|AC  0|TAMS 0x00000000c1cb7e00, 0x00000000c1cb7e00|
|   1|0x00000000c1d00000, 0x00000000c1e00000, 0x00000000c1e00000|100%|HS|  |TS  0|AC  0|TAMS 0x00000000c1d00000, 0x00000000c1d00000|
|   2|0x00000000c1e00000, 0x00000000c1f00000, 0x00000000c1f00000|100%|HC|  |TS  0|AC  0|TAMS 0x00000000c1e00000, 0x00000000c1e00000|
|   3|0x00000000c1f00000, 0x00000000c1f00000, 0x00000000c2000000|  0%| F|  |TS  0|AC  0|TAMS 0x00000000c1f00000, 0x00000000c1f00000|
|   4|0x00000000c2000000, 0x00000000c2000000, 0x00000000c2100000|  0%| F|  |TS  0|AC  0|TAMS 0x00000000c2000000, 0x00000000c2000000|
|   5|0x00000000c2100000, 0x00000000c2100000, 0x00000000c2200000|  0%| F|  |TS  0|AC  0|TAMS 0x00000000c2100000, 0x00000000c2100000|
|   6|0x00000000c2200000, 0x00000000c2200000, 0x00000000c2300000|  0%| F|  |TS  0|AC  0|TAMS 0x00000000c2200000, 0x00000000c2200000|
|   7|0x00000000c2300000, 0x00000000c2300000, 0x00000000c2400000|  0%| F|  |TS  0|AC  0|TAMS 0x00000000c2300000, 0x00000000c2300000|
|   8|0x00000000c2400000, 0x00000000c2400000, 0x00000000c2500000|  0%| F|  |TS  0|AC  0|TAMS 0x00000000c2400000, 0x00000000c2400000|
|   9|0x00000000c2500000, 0x00000000c2500000, 0x00000000c2600000|  0%| F|  |TS  0|AC  0|TAMS 0x00000000c2500000, 0x00000000c2500000|
|  10|0x00000000c2600000, 0x00000000c2600000, 0x00000000c2700000|  0%| F|  |TS  0|AC  0|TAMS 0x00000000c2600000, 0x00000000c2600000|
|  11|0x00000000c2700000, 0x00000000c2700000, 0x00000000c2800000|  0%| F|  |TS  0|AC  0|TAMS 0x00000000c2700000, 0x00000000c2700000|
|  12|0x00000000c2800000, 0x00000000c2800000, 0x00000000c2900000|  0%| F|  |TS  0|AC  0|TAMS 0x00000000c2800000, 0x00000000c2800000|
|  13|0x00000000c2900000, 0x00000000c2900000, 0x00000000c2a00000|  0%| F|  |TS  0|AC  0|TAMS 0x00000000c2900000, 0x00000000c2900000|
|  14|0x00000000c2a00000, 0x00000000c2a00000, 0x00000000c2b00000|  0%| F|  |TS  0|AC  0|TAMS 0x00000000c2a00000, 0x00000000c2a00000|
|  15|0x00000000c2b00000, 0x00000000c2b00000, 0x00000000c2c00000|  0%| F|  |TS  0|AC  0|TAMS 0x00000000c2b00000, 0x00000000c2b00000|
|  16|0x00000000c2c00000, 0x00000000c2c00000, 0x00000000c2d00000|  0%| F|  |TS  0|AC  0|TAMS 0x00000000c2c00000, 0x00000000c2c00000|
|  17|0x00000000c2d00000, 0x00000000c2d00000, 0x00000000c2e00000|  0%| F|  |TS  0|AC  0|TAMS 0x00000000c2d00000, 0x00000000c2d00000|
|  18|0x00000000c2e00000, 0x00000000c2e00000, 0x00000000c2f00000|  0%| F|  |TS  0|AC  0|TAMS 0x00000000c2e00000, 0x00000000c2e00000|
|  19|0x00000000c2f00000, 0x00000000c2f00000, 0x00000000c3000000|  0%| F|  |TS  0|AC  0|TAMS 0x00000000c2f00000, 0x00000000c2f00000|
|  20|0x00000000c3000000, 0x00000000c3000000, 0x00000000c3100000|  0%| F|  |TS  0|AC  0|TAMS 0x00000000c3000000, 0x00000000c3000000|
|  21|0x00000000c3100000, 0x00000000c3100000, 0x00000000c3200000|  0%| F|  |TS  0|AC  0|TAMS 0x00000000c3100000, 0x00000000c3100000|
|  22|0x00000000c3200000, 0x00000000c3200000, 0x00000000c3300000|  0%| F|  |TS  0|AC  0|TAMS 0x00000000c3200000, 0x00000000c3200000|
|  23|0x00000000c3300000, 0x00000000c3300000, 0x00000000c3400000|  0%| F|  |TS  0|AC  0|TAMS 0x00000000c3300000, 0x00000000c3300000|
|  24|0x00000000c3400000, 0x00000000c3400000, 0x00000000c3500000|  0%| F|  |TS  0|AC  0|TAMS 0x00000000c3400000, 0x00000000c3400000|
|  25|0x00000000c3500000, 0x00000000c3500000, 0x00000000c3600000|  0%| F|  |TS  0|AC  0|TAMS 0x00000000c3500000, 0x00000000c3500000|
|  26|0x00000000c3600000, 0x00000000c3600000, 0x00000000c3700000|  0%| F|  |TS  0|AC  0|TAMS 0x00000000c3600000, 0x00000000c3600000|
|  27|0x00000000c3700000, 0x00000000c3700000, 0x00000000c3800000|  0%| F|  |TS  0|AC  0|TAMS 0x00000000c3700000, 0x00000000c3700000|
|  28|0x00000000c3800000, 0x00000000c3800000, 0x00000000c3900000|  0%| F|  |TS  0|AC  0|TAMS 0x00000000c3800000, 0x00000000c3800000|
|  29|0x00000000c3900000, 0x00000000c3900000, 0x00000000c3a00000|  0%| F|  |TS  0|AC  0|TAMS 0x00000000c3900000, 0x00000000c3900000|
|  30|0x00000000c3a00000, 0x00000000c3a00000, 0x00000000c3b00000|  0%| F|  |TS  0|AC  0|TAMS 0x00000000c3a00000, 0x00000000c3a00000|
|  31|0x00000000c3b00000, 0x00000000c3b00000, 0x00000000c3c00000|  0%| F|  |TS  0|AC  0|TAMS 0x00000000c3b00000, 0x00000000c3b00000|
|  32|0x00000000c3c00000, 0x00000000c3c00000, 0x00000000c3d00000|  0%| F|  |TS  0|AC  0|TAMS 0x00000000c3c00000, 0x00000000c3c00000|
|  33|0x00000000c3d00000, 0x00000000c3d00000, 0x00000000c3e00000|  0%| F|  |TS  0|AC  0|TAMS 0x00000000c3d00000, 0x00000000c3d00000|
|  34|0x00000000c3e00000, 0x00000000c3e00000, 0x00000000c3f00000|  0%| F|  |TS  0|AC  0|TAMS 0x00000000c3e00000, 0x00000000c3e00000|
|  35|0x00000000c3f00000, 0x00000000c3f00000, 0x00000000c4000000|  0%| F|  |TS  0|AC  0|TAMS 0x00000000c3f00000, 0x00000000c3f00000|
|  36|0x00000000c4000000, 0x00000000c4000000, 0x00000000c4100000|  0%| F|  |TS  0|AC  0|TAMS 0x00000000c4000000, 0x00000000c4000000|
|  37|0x00000000c4100000, 0x00000000c4100000, 0x00000000c4200000|  0%| F|  |TS  0|AC  0|TAMS 0x00000000c4100000, 0x00000000c4100000|
|  38|0x00000000c4200000, 0x00000000c4200000, 0x00000000c4300000|  0%| F|  |TS  0|AC  0|TAMS 0x00000000c4200000, 0x00000000c4200000|
|  39|0x00000000c4300000, 0x00000000c43cab98, 0x00000000c4400000| 79%| S|CS|TS  0|AC  0|TAMS 0x00000000c4300000, 0x00000000c4300000|
|  40|0x00000000c4400000, 0x00000000c4500000, 0x00000000c4500000|100%| S|CS|TS  0|AC  0|TAMS 0x00000000c4400000, 0x00000000c4400000|
|  41|0x00000000c4500000, 0x00000000c4600000, 0x00000000c4600000|100%| S|CS|TS  0|AC  0|TAMS 0x00000000c4500000, 0x00000000c4500000|
|  42|0x00000000c4600000, 0x00000000c4700000, 0x00000000c4700000|100%| S|CS|TS  0|AC  0|TAMS 0x00000000c4600000, 0x00000000c4600000|
|  43|0x00000000c4700000, 0x00000000c4800000, 0x00000000c4800000|100%| S|CS|TS  0|AC  0|TAMS 0x00000000c4700000, 0x00000000c4700000|
|  44|0x00000000c4800000, 0x00000000c4800000, 0x00000000c4900000|  0%| F|  |TS  0|AC  0|TAMS 0x00000000c4800000, 0x00000000c4800000|
|  45|0x00000000c4900000, 0x00000000c4900000, 0x00000000c4a00000|  0%| F|  |TS  0|AC  0|TAMS 0x00000000c4900000, 0x00000000c4900000|
|  46|0x00000000c4a00000, 0x00000000c4a00000, 0x00000000c4b00000|  0%| F|  |TS  0|AC  0|TAMS 0x00000000c4a00000, 0x00000000c4a00000|
|  47|0x00000000c4b00000, 0x00000000c4b00000, 0x00000000c4c00000|  0%| F|  |TS  0|AC  0|TAMS 0x00000000c4b00000, 0x00000000c4b00000|
|  48|0x00000000c4c00000, 0x00000000c4c00000, 0x00000000c4d00000|  0%| F|  |TS  0|AC  0|TAMS 0x00000000c4c00000, 0x00000000c4c00000|
|  49|0x00000000c4d00000, 0x00000000c4d00000, 0x00000000c4e00000|  0%| F|  |TS  0|AC  0|TAMS 0x00000000c4d00000, 0x00000000c4d00000|
|  50|0x00000000c4e00000, 0x00000000c4e00000, 0x00000000c4f00000|  0%| F|  |TS  0|AC  0|TAMS 0x00000000c4e00000, 0x00000000c4e00000|
|  51|0x00000000c4f00000, 0x00000000c4f00000, 0x00000000c5000000|  0%| F|  |TS  0|AC  0|TAMS 0x00000000c4f00000, 0x00000000c4f00000|
|  52|0x00000000c5000000, 0x00000000c5000000, 0x00000000c5100000|  0%| F|  |TS  0|AC  0|TAMS 0x00000000c5000000, 0x00000000c5000000|
|  53|0x00000000c5100000, 0x00000000c5100000, 0x00000000c5200000|  0%| F|  |TS  0|AC  0|TAMS 0x00000000c5100000, 0x00000000c5100000|
|  54|0x00000000c5200000, 0x00000000c5200000, 0x00000000c5300000|  0%| F|  |TS  0|AC  0|TAMS 0x00000000c5200000, 0x00000000c5200000|
|  55|0x00000000c5300000, 0x00000000c5300000, 0x00000000c5400000|  0%| F|  |TS  0|AC  0|TAMS 0x00000000c5300000, 0x00000000c5300000|
|  56|0x00000000c5400000, 0x00000000c54ebad8, 0x00000000c5500000| 92%| E|  |TS  0|AC  0|TAMS 0x00000000c5400000, 0x00000000c5400000|
|  57|0x00000000c5500000, 0x00000000c5600000, 0x00000000c5600000|100%| E|CS|TS  0|AC  0|TAMS 0x00000000c5500000, 0x00000000c5500000|
|  58|0x00000000c5600000, 0x00000000c5700000, 0x00000000c5700000|100%| E|CS|TS  0|AC  0|TAMS 0x00000000c5600000, 0x00000000c5600000|
|  59|0x00000000c5700000, 0x00000000c5800000, 0x00000000c5800000|100%| E|CS|TS  0|AC  0|TAMS 0x00000000c5700000, 0x00000000c5700000|
|  60|0x00000000c5800000, 0x00000000c5900000, 0x00000000c5900000|100%| E|CS|TS  0|AC  0|TAMS 0x00000000c5800000, 0x00000000c5800000|
|  61|0x00000000c5900000, 0x00000000c5a00000, 0x00000000c5a00000|100%| E|CS|TS  0|AC  0|TAMS 0x00000000c5900000, 0x00000000c5900000|
|  62|0x00000000c5a00000, 0x00000000c5b00000, 0x00000000c5b00000|100%| E|CS|TS  0|AC  0|TAMS 0x00000000c5a00000, 0x00000000c5a00000|
|  63|0x00000000c5b00000, 0x00000000c5c00000, 0x00000000c5c00000|100%| E|CS|TS  0|AC  0|TAMS 0x00000000c5b00000, 0x00000000c5b00000|

Card table byte_map: [0x0000019926090000,0x0000019926290000] byte_map_base: 0x0000019925a82000

Marking Bits (Prev, Next): (CMBitMap*) 0x000001990a835ad8, (CMBitMap*) 0x000001990a835aa0
 Prev Bits: [0x0000019927420000, 0x00000199283b0000)
 Next Bits: [0x0000019926490000, 0x0000019927420000)

Polling page: 0x000001990a6f0000

CodeHeap 'non-profiled nmethods': size=120064Kb used=943Kb max_used=943Kb free=119120Kb
 bounds [0x000001991e130000, 0x000001991e3a0000, 0x0000019925670000]
CodeHeap 'profiled nmethods': size=120000Kb used=4057Kb max_used=4057Kb free=115942Kb
 bounds [0x0000019916c00000, 0x0000019917000000, 0x000001991e130000]
CodeHeap 'non-nmethods': size=5696Kb used=1462Kb max_used=1478Kb free=4233Kb
 bounds [0x0000019916670000, 0x00000199168e0000, 0x0000019916c00000]
 total_blobs=3307 nmethods=2152 adapters=650
 compilation: enabled

Compilation events (10 events):
Event: 3.131 Thread 0x000001992b259800 nmethod 2145 0x000001991e21b490 code [0x000001991e21b640, 0x000001991e21b758]
Event: 3.131 Thread 0x000001992b259800 2146       1       com.sun.prism.impl.BaseTexture::getContentY (5 bytes)
Event: 3.131 Thread 0x000001992b259800 nmethod 2146 0x000001991e21b810 code [0x000001991e21b9c0, 0x000001991e21bad8]
Event: 3.131 Thread 0x000001992b259800 2147       3       com.sun.javafx.sg.prism.NGGroup::renderForcedContent (43 bytes)
Event: 3.131 Thread 0x000001992b259800 nmethod 2147 0x0000019916ff1d10 code [0x0000019916ff1f20, 0x0000019916ff2620]
Event: 3.231 Thread 0x000001992b259800 2148       3       java.util.WeakHashMap::put (162 bytes)
Event: 3.232 Thread 0x000001992b259800 nmethod 2148 0x0000019916ff2810 code [0x0000019916ff2aa0, 0x0000019916ff3b00]
Event: 3.241 Thread 0x000001992b259800 2149       3       javafx.scene.Scene$TargetWrapper::getEventTarget (19 bytes)
Event: 3.241 Thread 0x000001992b259800 nmethod 2149 0x0000019916ff4010 code [0x0000019916ff41c0, 0x0000019916ff4378]
Event: 3.241 Thread 0x000001992b259800 2150       3       java.lang.invoke.VarHandleGuards::guard_LII_Z (70 bytes)

GC Heap History (4 events):
Event: 0.790 GC heap before
{Heap before GC invocations=0 (full 0):
 garbage-first heap   total 65536K, used 14336K [0x00000000c1c00000, 0x00000000c1d00200, 0x0000000100000000)
  region size 1024K, 14 young (14336K), 0 survivors (0K)
 Metaspace       used 11293K, capacity 11916K, committed 12160K, reserved 1060864K
  class space    used 1197K, capacity 1336K, committed 1408K, reserved 1048576K
}
Event: 0.797 GC heap after
{Heap after GC invocations=1 (full 0):
 garbage-first heap   total 65536K, used 2783K [0x00000000c1c00000, 0x00000000c1d00200, 0x0000000100000000)
  region size 1024K, 2 young (2048K), 2 survivors (2048K)
 Metaspace       used 11293K, capacity 11916K, committed 12160K, reserved 1060864K
  class space    used 1197K, capacity 1336K, committed 1408K, reserved 1048576K
}
Event: 1.770 GC heap before
{Heap before GC invocations=1 (full 0):
 garbage-first heap   total 65536K, used 20191K [0x00000000c1c00000, 0x00000000c1d00200, 0x0000000100000000)
  region size 1024K, 20 young (20480K), 2 survivors (2048K)
 Metaspace       used 19335K, capacity 21240K, committed 21296K, reserved 1067008K
  class space    used 2521K, capacity 2840K, committed 2864K, reserved 1048576K
}
Event: 1.780 GC heap after
{Heap after GC invocations=2 (full 0):
 garbage-first heap   total 65536K, used 5642K [0x00000000c1c00000, 0x00000000c1d00200, 0x0000000100000000)
  region size 1024K, 5 young (5120K), 5 survivors (5120K)
 Metaspace       used 19335K, capacity 21240K, committed 21296K, reserved 1067008K
  class space    used 2521K, capacity 2840K, committed 2864K, reserved 1048576K
}

Deoptimization events (10 events):
Event: 1.425 Thread 0x000001992bb8d800 Uncommon trap: reason=bimorphic_or_optimized_type_check action=maybe_recompile pc=0x000001991e175aa0 method=java.util.concurrent.ConcurrentHashMap.get(Ljava/lang/Object;)Ljava/lang/Object; @ 149 c2
Event: 1.428 Thread 0x000001992bb8d800 Uncommon trap: reason=unstable_if action=reinterpret pc=0x000001991e172bb8 method=java.nio.Buffer.position(I)Ljava/nio/Buffer; @ 45 c2
Event: 1.527 Thread 0x000001992bb8d800 Uncommon trap: reason=class_check action=maybe_recompile pc=0x000001991e1426d4 method=java.lang.String.equals(Ljava/lang/Object;)Z @ 8 c2
Event: 1.527 Thread 0x000001992bb8d800 Uncommon trap: reason=class_check action=maybe_recompile pc=0x000001991e1426d4 method=java.lang.String.equals(Ljava/lang/Object;)Z @ 8 c2
Event: 1.527 Thread 0x000001992bb8d800 Uncommon trap: reason=class_check action=maybe_recompile pc=0x000001991e1426d4 method=java.lang.String.equals(Ljava/lang/Object;)Z @ 8 c2
Event: 1.529 Thread 0x000001992bb8d800 Uncommon trap: reason=class_check action=maybe_recompile pc=0x000001991e1426d4 method=java.lang.String.equals(Ljava/lang/Object;)Z @ 8 c2
Event: 1.624 Thread 0x000001992bb8d800 Uncommon trap: reason=unstable_if action=reinterpret pc=0x000001991e165974 method=java.lang.StringUTF16.compress([CI[BII)I @ 20 c2
Event: 2.128 Thread 0x000001992bac6800 Uncommon trap: reason=intrinsic_or_type_checked_inlining action=make_not_entrant pc=0x000001991e19aadc method=java.util.Arrays.copyOf([Ljava/lang/Object;ILjava/lang/Class;)[Ljava/lang/Object; @ 35 c2
Event: 2.154 Thread 0x000001992bac6800 Uncommon trap: reason=unstable_if action=reinterpret pc=0x000001991e19f8a4 method=java.util.Arrays.equals([Ljava/lang/Object;[Ljava/lang/Object;)Z @ 23 c2
Event: 3.121 Thread 0x000001992bb8d800 Uncommon trap: reason=unstable_if action=reinterpret pc=0x000001991e1780a4 method=jdk.internal.org.objectweb.asm.Type.getArgumentsAndReturnSizes(Ljava/lang/String;)I @ 47 c2

Classes redefined (0 events):
No events

Internal exceptions (10 events):
Event: 1.686 Thread 0x000001992bb8d800 Exception <a 'java/lang/ClassNotFoundException'{0x00000000c4a0b578}: com/sun/javafx/scene/control/skin/resources/controls> (0x00000000c4a0b578) thrown at [t:/workspace/hotspot/src/share/vm/prims/jni.cpp, line 625]
Event: 1.688 Thread 0x000001992bb8d800 Exception <a 'java/lang/ClassNotFoundException'{0x00000000c4a19390}: com/sun/javafx/scene/control/skin/resources/controls_en> (0x00000000c4a19390) thrown at [t:/workspace/hotspot/src/share/vm/prims/jni.cpp, line 625]
Event: 1.688 Thread 0x000001992bb8d800 Exception <a 'java/lang/ClassNotFoundException'{0x00000000c4a1a448}: com/sun/javafx/scene/control/skin/resources/controls_en_US> (0x00000000c4a1a448) thrown at [t:/workspace/hotspot/src/share/vm/prims/jni.cpp, line 625]
Event: 2.034 Thread 0x000001992bb8d800 Exception <a 'java/lang/NoSuchMethodError'{0x00000000c5792b30}: method resolution failed> (0x00000000c5792b30) thrown at [t:/workspace/hotspot/src/share/vm/prims/methodHandles.cpp, line 1256]
Event: 2.105 Thread 0x000001992bac6800 Exception <a 'java/lang/NoSuchMethodError'{0x00000000c56546c8}: java.lang.invoke.DirectMethodHandle$Holder.invokeStaticInit(Ljava/lang/Object;Ljava/lang/Object;)I> (0x00000000c56546c8) thrown at [t:/workspace/hotspot/src/share/vm/interpreter/linkResolver.
Event: 3.121 Thread 0x000001992bb8d800 Exception <a 'java/lang/NoSuchMethodError'{0x00000000c54afa90}: method resolution failed> (0x00000000c54afa90) thrown at [t:/workspace/hotspot/src/share/vm/prims/methodHandles.cpp, line 1256]
Event: 3.122 Thread 0x000001992bb8d800 Exception <a 'java/lang/NoSuchMethodError'{0x00000000c54b2cb8}: java.lang.invoke.DirectMethodHandle$Holder.invokeStaticInit(Ljava/lang/Object;Ljava/lang/Object;Ljava/lang/Object;)J> (0x00000000c54b2cb8) thrown at [t:/workspace/hotspot/src/share/vm/interpr
Event: 3.124 Thread 0x000001992bb8d800 Exception <a 'java/lang/NoSuchMethodError'{0x00000000c54c57e8}: method resolution failed> (0x00000000c54c57e8) thrown at [t:/workspace/hotspot/src/share/vm/prims/methodHandles.cpp, line 1256]
Event: 3.125 Thread 0x000001992bb8d800 Exception <a 'java/lang/NoSuchMethodError'{0x00000000c54cb910}: java.lang.invoke.DirectMethodHandle$Holder.invokeStatic(Ljava/lang/Object;Ljava/lang/Object;J)Ljava/lang/Object;> (0x00000000c54cb910) thrown at [t:/workspace/hotspot/src/share/vm/interpreter
Event: 3.125 Thread 0x000001992bb8d800 Exception <a 'java/lang/NoSuchMethodError'{0x00000000c54cef08}: method resolution failed> (0x00000000c54cef08) thrown at [t:/workspace/hotspot/src/share/vm/prims/methodHandles.cpp, line 1256]

Events (10 events):
Event: 3.123 loading class com/sun/scenario/animation/AnimationPulse$PulseData$Accessor
Event: 3.123 loading class com/sun/scenario/animation/AnimationPulse$PulseData$Accessor done
Event: 3.123 loading class com/sun/scenario/animation/AnimationPulse$PulseData
Event: 3.123 loading class com/sun/scenario/animation/AnimationPulse$PulseData done
Event: 3.123 loading class com/sun/scenario/animation/AnimationPulse$PulseData$Accessor
Event: 3.123 loading class com/sun/scenario/animation/AnimationPulse$PulseData$Accessor done
Event: 3.124 loading class javafx/animation/Animation$1
Event: 3.124 loading class javafx/animation/Animation$1 done
Event: 3.241 loading class sample/MessengerCore
Event: 3.241 loading class sample/MessengerCore done


Dynamic libraries:
0x00007ff726a20000 - 0x00007ff726a5e000 	C:\Program Files\Java\jdk-9.0.4\bin\java.exe
0x00007ffbcb380000 - 0x00007ffbcb561000 	C:\WINDOWS\SYSTEM32\ntdll.dll
0x00007ffbc9c50000 - 0x00007ffbc9d02000 	C:\WINDOWS\System32\KERNEL32.DLL
0x00007ffbc8590000 - 0x00007ffbc8803000 	C:\WINDOWS\System32\KERNELBASE.dll
0x00007ffbc9d70000 - 0x00007ffbc9e11000 	C:\WINDOWS\System32\ADVAPI32.dll
0x00007ffbc9e20000 - 0x00007ffbc9ebe000 	C:\WINDOWS\System32\msvcrt.dll
0x00007ffbca040000 - 0x00007ffbca09b000 	C:\WINDOWS\System32\sechost.dll
0x00007ffbcabb0000 - 0x00007ffbcacd4000 	C:\WINDOWS\System32\RPCRT4.dll
0x00007ffbca110000 - 0x00007ffbca2a0000 	C:\WINDOWS\System32\USER32.dll
0x00007ffbc8380000 - 0x00007ffbc83a0000 	C:\WINDOWS\System32\win32u.dll
0x00007ffbcace0000 - 0x00007ffbcad08000 	C:\WINDOWS\System32\GDI32.dll
0x00007ffbc7750000 - 0x00007ffbc78e2000 	C:\WINDOWS\System32\gdi32full.dll
0x00007ffbc8000000 - 0x00007ffbc809f000 	C:\WINDOWS\System32\msvcp_win.dll
0x00007ffbc8150000 - 0x00007ffbc824a000 	C:\WINDOWS\System32\ucrtbase.dll
0x00007ffbbeb50000 - 0x00007ffbbedb9000 	C:\WINDOWS\WinSxS\amd64_microsoft.windows.common-controls_6595b64144ccf1df_6.0.17134.285_none_fb4297e330656775\COMCTL32.dll
0x00007ffbbedd0000 - 0x00007ffbbedda000 	C:\WINDOWS\SYSTEM32\VERSION.dll
0x00007ffbcad10000 - 0x00007ffbcb033000 	C:\WINDOWS\System32\combase.dll
0x00007ffbc8300000 - 0x00007ffbc837a000 	C:\WINDOWS\System32\bcryptPrimitives.dll
0x00007ffbcaa90000 - 0x00007ffbcaabd000 	C:\WINDOWS\System32\IMM32.DLL
0x00007ffbb75e0000 - 0x00007ffbb76cf000 	C:\Program Files\Java\jdk-9.0.4\bin\msvcr120.dll
0x00007ffbb6cc0000 - 0x00007ffbb6d66000 	C:\Program Files\Java\jdk-9.0.4\bin\msvcp120.dll
0x0000000053410000 - 0x0000000053e35000 	C:\Program Files\Java\jdk-9.0.4\bin\server\jvm.dll
0x00007ffbcaa80000 - 0x00007ffbcaa88000 	C:\WINDOWS\System32\PSAPI.DLL
0x00007ffbbd100000 - 0x00007ffbbd109000 	C:\WINDOWS\SYSTEM32\WSOCK32.dll
0x00007ffbbd290000 - 0x00007ffbbd2b3000 	C:\WINDOWS\SYSTEM32\WINMM.dll
0x00007ffbcb2e0000 - 0x00007ffbcb34c000 	C:\WINDOWS\System32\WS2_32.dll
0x00007ffbbd1e0000 - 0x00007ffbbd20a000 	C:\WINDOWS\SYSTEM32\WINMMBASE.dll
0x00007ffbc8250000 - 0x00007ffbc8299000 	C:\WINDOWS\System32\cfgmgr32.dll
0x00007ffbc3290000 - 0x00007ffbc329f000 	C:\Program Files\Java\jdk-9.0.4\bin\verify.dll
0x00007ffbc2340000 - 0x00007ffbc2367000 	C:\Program Files\Java\jdk-9.0.4\bin\java.dll
0x00007ffbc1560000 - 0x00007ffbc158a000 	C:\Program Files\Java\jdk-9.0.4\bin\instrument.dll
0x00007ffbc24b0000 - 0x00007ffbc24c6000 	C:\Program Files\Java\jdk-9.0.4\bin\zip.dll
0x00007ffbc2440000 - 0x00007ffbc244a000 	C:\Program Files\Java\jdk-9.0.4\bin\jimage.dll
0x00007ffbc8810000 - 0x00007ffbc9c50000 	C:\WINDOWS\System32\SHELL32.dll
0x00007ffbc9f90000 - 0x00007ffbca039000 	C:\WINDOWS\System32\shcore.dll
0x00007ffbc78f0000 - 0x00007ffbc7ffd000 	C:\WINDOWS\System32\windows.storage.dll
0x00007ffbc9d10000 - 0x00007ffbc9d61000 	C:\WINDOWS\System32\shlwapi.dll
0x00007ffbc7690000 - 0x00007ffbc76a1000 	C:\WINDOWS\System32\kernel.appcore.dll
0x00007ffbc76e0000 - 0x00007ffbc76ff000 	C:\WINDOWS\System32\profapi.dll
0x00007ffbc7700000 - 0x00007ffbc774c000 	C:\WINDOWS\System32\powrprof.dll
0x00007ffbc76b0000 - 0x00007ffbc76ba000 	C:\WINDOWS\System32\FLTLIB.DLL
0x00007ffbc1540000 - 0x00007ffbc155a000 	C:\Program Files\Java\jdk-9.0.4\bin\net.dll
0x00007ffbc2ac0000 - 0x00007ffbc2b9c000 	C:\WINDOWS\SYSTEM32\WINHTTP.dll
0x00007ffbc6eb0000 - 0x00007ffbc6f16000 	C:\WINDOWS\system32\mswsock.dll
0x00007ffbc1520000 - 0x00007ffbc1531000 	C:\Program Files\Java\jdk-9.0.4\bin\nio.dll
0x00007ffbbfd90000 - 0x00007ffbbfdaa000 	C:\Program Files\JetBrains\IntelliJ IDEA 2018.1\bin\breakgen64.dll
0x000001992b840000 - 0x000001992b843000 	C:\Program Files\Java\jdk-9.0.4\bin\api-ms-win-core-console-l1-1-0.dll
0x000001992b850000 - 0x000001992b853000 	C:\Program Files\Java\jdk-9.0.4\bin\api-ms-win-core-datetime-l1-1-0.dll
0x000001992b860000 - 0x000001992b863000 	C:\Program Files\Java\jdk-9.0.4\bin\api-ms-win-core-debug-l1-1-0.dll
0x000001992b870000 - 0x000001992b873000 	C:\Program Files\Java\jdk-9.0.4\bin\api-ms-win-core-errorhandling-l1-1-0.dll
0x000001992b880000 - 0x000001992b884000 	C:\Program Files\Java\jdk-9.0.4\bin\api-ms-win-core-file-l1-1-0.dll
0x000001992b890000 - 0x000001992b893000 	C:\Program Files\Java\jdk-9.0.4\bin\api-ms-win-core-file-l1-2-0.dll
0x000001992b8a0000 - 0x000001992b8a3000 	C:\Program Files\Java\jdk-9.0.4\bin\api-ms-win-core-file-l2-1-0.dll
0x000001992b8b0000 - 0x000001992b8b3000 	C:\Program Files\Java\jdk-9.0.4\bin\api-ms-win-core-handle-l1-1-0.dll
0x000001992b8c0000 - 0x000001992b8c3000 	C:\Program Files\Java\jdk-9.0.4\bin\api-ms-win-core-heap-l1-1-0.dll
0x000001992b8d0000 - 0x000001992b8d3000 	C:\Program Files\Java\jdk-9.0.4\bin\api-ms-win-core-interlocked-l1-1-0.dll
0x000001992b8e0000 - 0x000001992b8e3000 	C:\Program Files\Java\jdk-9.0.4\bin\api-ms-win-core-libraryloader-l1-1-0.dll
0x000001992b8f0000 - 0x000001992b8f3000 	C:\Program Files\Java\jdk-9.0.4\bin\api-ms-win-core-localization-l1-2-0.dll
0x000001992b900000 - 0x000001992b903000 	C:\Program Files\Java\jdk-9.0.4\bin\api-ms-win-core-memory-l1-1-0.dll
0x000001992b910000 - 0x000001992b913000 	C:\Program Files\Java\jdk-9.0.4\bin\api-ms-win-core-namedpipe-l1-1-0.dll
0x000001992b920000 - 0x000001992b923000 	C:\Program Files\Java\jdk-9.0.4\bin\api-ms-win-core-processenvironment-l1-1-0.dll
0x000001992b930000 - 0x000001992b933000 	C:\Program Files\Java\jdk-9.0.4\bin\api-ms-win-core-processthreads-l1-1-0.dll
0x000001992b940000 - 0x000001992b943000 	C:\Program Files\Java\jdk-9.0.4\bin\api-ms-win-core-processthreads-l1-1-1.dll
0x000001992b950000 - 0x000001992b953000 	C:\Program Files\Java\jdk-9.0.4\bin\api-ms-win-core-profile-l1-1-0.dll
0x000001992b960000 - 0x000001992b963000 	C:\Program Files\Java\jdk-9.0.4\bin\api-ms-win-core-rtlsupport-l1-1-0.dll
0x000001992b970000 - 0x000001992b973000 	C:\Program Files\Java\jdk-9.0.4\bin\api-ms-win-core-string-l1-1-0.dll
0x000001992b980000 - 0x000001992b983000 	C:\Program Files\Java\jdk-9.0.4\bin\api-ms-win-core-synch-l1-1-0.dll
0x000001992b990000 - 0x000001992b993000 	C:\Program Files\Java\jdk-9.0.4\bin\api-ms-win-core-synch-l1-2-0.dll
0x000001992b9a0000 - 0x000001992b9a3000 	C:\Program Files\Java\jdk-9.0.4\bin\api-ms-win-core-sysinfo-l1-1-0.dll
0x000001992b9b0000 - 0x000001992b9b3000 	C:\Program Files\Java\jdk-9.0.4\bin\api-ms-win-core-timezone-l1-1-0.dll
0x000001992b9c0000 - 0x000001992b9c3000 	C:\Program Files\Java\jdk-9.0.4\bin\api-ms-win-core-util-l1-1-0.dll
0x000001992b9d0000 - 0x000001992b9d3000 	C:\Program Files\Java\jdk-9.0.4\bin\api-ms-win-crt-conio-l1-1-0.dll
0x000001992b9e0000 - 0x000001992b9e4000 	C:\Program Files\Java\jdk-9.0.4\bin\api-ms-win-crt-convert-l1-1-0.dll
0x000001992b9f0000 - 0x000001992b9f3000 	C:\Program Files\Java\jdk-9.0.4\bin\api-ms-win-crt-environment-l1-1-0.dll
0x000001992ba00000 - 0x000001992ba03000 	C:\Program Files\Java\jdk-9.0.4\bin\api-ms-win-crt-filesystem-l1-1-0.dll
0x000001992ba10000 - 0x000001992ba13000 	C:\Program Files\Java\jdk-9.0.4\bin\api-ms-win-crt-heap-l1-1-0.dll
0x000001992ba20000 - 0x000001992ba23000 	C:\Program Files\Java\jdk-9.0.4\bin\api-ms-win-crt-locale-l1-1-0.dll
0x000001992ba30000 - 0x000001992ba35000 	C:\Program Files\Java\jdk-9.0.4\bin\api-ms-win-crt-math-l1-1-0.dll
0x000001992ba40000 - 0x000001992ba45000 	C:\Program Files\Java\jdk-9.0.4\bin\api-ms-win-crt-multibyte-l1-1-0.dll
0x000001992ba50000 - 0x000001992ba60000 	C:\Program Files\Java\jdk-9.0.4\bin\api-ms-win-crt-private-l1-1-0.dll
0x000001992ba60000 - 0x000001992ba63000 	C:\Program Files\Java\jdk-9.0.4\bin\api-ms-win-crt-process-l1-1-0.dll
0x000001992ba70000 - 0x000001992ba74000 	C:\Program Files\Java\jdk-9.0.4\bin\api-ms-win-crt-runtime-l1-1-0.dll
0x000001992ba80000 - 0x000001992ba84000 	C:\Program Files\Java\jdk-9.0.4\bin\api-ms-win-crt-stdio-l1-1-0.dll
0x000001992ba90000 - 0x000001992ba94000 	C:\Program Files\Java\jdk-9.0.4\bin\api-ms-win-crt-string-l1-1-0.dll
0x000001992baa0000 - 0x000001992baa3000 	C:\Program Files\Java\jdk-9.0.4\bin\api-ms-win-crt-time-l1-1-0.dll
0x000001992bab0000 - 0x000001992bab3000 	C:\Program Files\Java\jdk-9.0.4\bin\api-ms-win-crt-utility-l1-1-0.dll
0x00007ffbae6d0000 - 0x00007ffbae7c6000 	C:\Program Files\Java\jdk-9.0.4\bin\ucrtbase.dll
0x00007ffbb94e0000 - 0x00007ffbb94f6000 	C:\Program Files\Java\jdk-9.0.4\bin\vcruntime140.dll
0x00007ffbaeac0000 - 0x00007ffbaeb5c000 	C:\Program Files\Java\jdk-9.0.4\bin\msvcp140.dll
0x00007ffbb7320000 - 0x00007ffbb7371000 	C:\Program Files\Java\jdk-9.0.4\bin\concrt140.dll
0x00007ffbb76f0000 - 0x00007ffbb7713000 	C:\Program Files\Java\jdk-9.0.4\bin\prism_d3d.dll
0x00007ffbaef10000 - 0x00007ffbaf0a7000 	C:\WINDOWS\system32\d3d9.dll
0x00007ffbc5b00000 - 0x00007ffbc5b29000 	C:\WINDOWS\SYSTEM32\dwmapi.dll
0x00007ffbc5980000 - 0x00007ffbc5a18000 	C:\WINDOWS\system32\uxtheme.dll
0x00007ffb6c2f0000 - 0x00007ffb71adc000 	C:\WINDOWS\System32\DriverStore\FileRepository\igdlh64.inf_amd64_3b4451a7a4481c81\igdumdim64.dll
0x00007ffbc9ec0000 - 0x00007ffbc9f82000 	C:\WINDOWS\System32\OLEAUT32.dll
0x00007ffbca920000 - 0x00007ffbcaa71000 	C:\WINDOWS\System32\ole32.dll
0x00007ffbca450000 - 0x00007ffbca89b000 	C:\WINDOWS\System32\SETUPAPI.dll
0x00007ffbb6da0000 - 0x00007ffbb6dea000 	C:\Program Files\Java\jdk-9.0.4\bin\glass.dll
0x00007ffbcaac0000 - 0x00007ffbcabad000 	C:\WINDOWS\System32\COMDLG32.dll
0x00007ffbca2a0000 - 0x00007ffbca415000 	C:\WINDOWS\System32\MSCTF.dll
0x00007ffbb0bc0000 - 0x00007ffbb1d1f000 	C:\WINDOWS\System32\DriverStore\FileRepository\igdlh64.inf_amd64_3b4451a7a4481c81\igc64.dll
0x00007ffbb94c0000 - 0x00007ffbb94d4000 	C:\Program Files\Java\jdk-9.0.4\bin\javafx_font.dll
0x00007ffbae530000 - 0x00007ffbae6c9000 	C:\Program Files\Java\jdk-9.0.4\bin\awt.dll
0x00007ffbc3c00000 - 0x00007ffbc41c7000 	C:\WINDOWS\SYSTEM32\d2d1.dll
0x00007ffbc4d60000 - 0x00007ffbc4deb000 	C:\WINDOWS\SYSTEM32\apphelp.dll
0x00007ffbae490000 - 0x00007ffbae52d000 	C:\Program Files\Java\jdk-9.0.4\bin\fontmanager.dll
0x0000000071100000 - 0x0000000071125000 	C:\Users\rosti\.jssc\windows\jSSC-2.8_x86_64.dll
0x00007ffbb0840000 - 0x00007ffbb0b5c000 	C:\WINDOWS\SYSTEM32\dwrite.dll
0x00007ffbcb240000 - 0x00007ffbcb2e0000 	C:\WINDOWS\System32\clbcatq.dll
0x00007ffbc5790000 - 0x00007ffbc593e000 	C:\WINDOWS\SYSTEM32\WindowsCodecs.dll
0x00007ffba5a70000 - 0x00007ffba5ac8000 	C:\WINDOWS\system32\dataexchange.dll
0x00007ffbc38f0000 - 0x00007ffbc3bfb000 	C:\WINDOWS\system32\d3d11.dll
0x00007ffbc4600000 - 0x00007ffbc479c000 	C:\WINDOWS\system32\dcomp.dll
0x00007ffbc6450000 - 0x00007ffbc650b000 	C:\WINDOWS\system32\dxgi.dll
0x00007ffbc5b30000 - 0x00007ffbc5ce8000 	C:\WINDOWS\system32\twinapi.appcore.dll
0x00007ffbc5a50000 - 0x00007ffbc5a71000 	C:\WINDOWS\system32\RMCLIENT.dll
0x00007ffbb6ba0000 - 0x00007ffbb6bd4000 	C:\Program Files\Common Files\Microsoft Shared\Ink\rtscom.dll
0x00007ffbb5130000 - 0x00007ffbb51c7000 	C:\WINDOWS\System32\TextInputFramework.dll
0x00007ffbb4e10000 - 0x00007ffbb512e000 	C:\WINDOWS\System32\CoreUIComponents.dll
0x00007ffbc47a0000 - 0x00007ffbc487a000 	C:\WINDOWS\System32\CoreMessaging.dll
0x00007ffbc67b0000 - 0x00007ffbc67e1000 	C:\WINDOWS\SYSTEM32\ntmarta.dll
0x00007ffbc3440000 - 0x00007ffbc358d000 	C:\WINDOWS\SYSTEM32\wintypes.dll
0x00007ffbb6ca0000 - 0x00007ffbb6cb2000 	C:\Program Files\Java\jdk-9.0.4\bin\prism_common.dll
0x00007ffbc60a0000 - 0x00007ffbc6269000 	C:\WINDOWS\SYSTEM32\dbghelp.dll

VM Arguments:
jvm_args: -javaagent:C:\Program Files\JetBrains\IntelliJ IDEA 2018.1\lib\idea_rt.jar=55157:C:\Program Files\JetBrains\IntelliJ IDEA 2018.1\bin -Dfile.encoding=UTF-8 
java_command: sample.Main
java_class_path (initial): C:\Users\rosti\Documents\GitHub\java-labs-2018\mysql-connector-java-5.1.46\mysql-connector-java-5.1.46-bin.jar;C:\Users\rosti\Documents\GitHub\toks-labs-2018\LAB1.ComMessenger\out\production\LAB1.ComMessenger;C:\Users\rosti\Documents\GitHub\toks-labs-2018\jssc-2.8.0.jar
Launcher Type: SUN_STANDARD

Logging:
Log output configuration:
#0: stdout all=warning uptime,level,tags
#1: stderr all=off uptime,level,tags

Environment Variables:
JAVA_HOME=C:\Program Files\Java\jdk-9.0.4
JRE_HOME=C:\Program Files\Java\jdk-9.0.4
PATH=C:\ProgramData\Oracle\Java\javapath;C:\WINDOWS\system32;C:\WINDOWS;C:\WINDOWS\System32\Wbem;C:\WINDOWS\System32\WindowsPowerShell\v1.0\;C:\Program Files\Intel\WiFi\bin\;C:\Program Files\Common Files\Intel\WirelessCommon\;C:\Program Files\dotnet\;C:\Program Files\Java\jdk-9.0.4\bin;C:\Program Files (x86)\sbt\bin;C:\WINDOWS\System32\OpenSSH\;c:\quartus\quartus\bin;C:\Users\rosti\AppData\Local\Microsoft\WindowsApps;C:\Program Files\Intel\WiFi\bin\;C:\Program Files\Common Files\Intel\WirelessCommon\;C:\Program Files\Microsoft VS Code\bin;C:\Users\rosti\AppData\Local\GitHubDesktop\bin;%USERPROFILE%\AppData\Local\Microsoft\WindowsApps;
USERNAME=rosti
OS=Windows_NT
PROCESSOR_IDENTIFIER=Intel64 Family 6 Model 142 Stepping 9, GenuineIntel



---------------  S Y S T E M  ---------------

OS: Windows 10 , 64 bit Build 17134 (10.0.17134.1)

CPU:total 4 (initial active 4) (2 cores per cpu, 2 threads per core) family 6 model 142 stepping 9, cmov, cx8, fxsr, mmx, sse, sse2, sse3, ssse3, sse4.1, sse4.2, popcnt, avx, avx2, aes, clmul, erms, 3dnowpref, lzcnt, ht, tsc, tscinvbit, bmi1, bmi2, adx, fma

Memory: 4k page, physical 4074596k(438688k free), swap 9205200k(1604904k free)

vm_info: Java HotSpot(TM) 64-Bit Server VM (9.0.4+11) for windows-amd64 JRE (9.0.4+11), built on Dec 20 2017 02:18:54 by "mach5one" with MS VC++ 12.0 (VS2013)

END.
