#
# A fatal error has been detected by the Java Runtime Environment:
#
#  EXCEPTION_ACCESS_VIOLATION (0xc0000005) at pc=0x00000000005bb5db, pid=1548, tid=11248
#
# JRE version: Java(TM) SE Runtime Environment (9.0+11) (build 9.0.4+11)
# Java VM: Java HotSpot(TM) 64-Bit Server VM (9.0.4+11, mixed mode, tiered, compressed oops, g1 gc, windows-amd64)
# Problematic frame:
# C  [jSSC-2.8_x86_64.dll+0xb5db]
#
# No core dump will be written. Minidumps are not enabled by default on client versions of Windows
#
# If you would like to submit a bug report, please visit:
#   http://bugreport.java.com/bugreport/crash.jsp
# The crash happened outside the Java Virtual Machine in native code.
# See problematic frame for where to report the bug.
#

---------------  S U M M A R Y ------------

Command Line: -javaagent:C:\Program Files\JetBrains\IntelliJ IDEA 2018.2.4\lib\idea_rt.jar=51598:C:\Program Files\JetBrains\IntelliJ IDEA 2018.2.4\bin -Dfile.encoding=UTF-8 sample.Main

Host: Intel(R) Core(TM) m3-7Y30 CPU @ 1.00GHz, 4 cores, 3G,  Windows 10 , 64 bit Build 17134 (10.0.17134.1)
Time: Sat Sep 22 11:54:30 2018 Aaea?onu (ceia) elapsed time: 7 seconds (0d 0h 0m 7s)

---------------  T H R E A D  ---------------

Current thread (0x000002187eb78000):  JavaThread "JavaFX Application Thread" [_thread_in_native, id=11248, stack(0x000000759f600000,0x000000759f700000)]

Stack: [0x000000759f600000,0x000000759f700000],  sp=0x000000759f6fa810,  free space=1002k
Native frames: (J=compiled Java code, j=interpreted, Vv=VM code, C=native code)
C  [jSSC-2.8_x86_64.dll+0xb5db]
C  [jSSC-2.8_x86_64.dll+0x12590]
C  [jSSC-2.8_x86_64.dll+0x1595]
C  0x000002180001921c

Java frames: (J=compiled Java code, j=interpreted, Vv=VM code)
j  jssc.SerialNativeInterface.openPort(Ljava/lang/String;Z)J+0
j  jssc.SerialPort.openPort()Z+65
j  sample.MessengerCore.connect()V+601
j  sample.Controller.pressedConnectButton()V+4
v  ~StubRoutines::call_stub
j  jdk.internal.reflect.NativeMethodAccessorImpl.invoke0(Ljava/lang/reflect/Method;Ljava/lang/Object;[Ljava/lang/Object;)Ljava/lang/Object;+0 java.base@9.0.4
j  jdk.internal.reflect.NativeMethodAccessorImpl.invoke(Ljava/lang/Object;[Ljava/lang/Object;)Ljava/lang/Object;+100 java.base@9.0.4
J 1217 c1 jdk.internal.reflect.DelegatingMethodAccessorImpl.invoke(Ljava/lang/Object;[Ljava/lang/Object;)Ljava/lang/Object; java.base@9.0.4 (10 bytes) @ 0x00000218007d5bbc [0x00000218007d5ac0+0x00000000000000fc]
J 1205 c1 java.lang.reflect.Method.invoke(Ljava/lang/Object;[Ljava/lang/Object;)Ljava/lang/Object; java.base@9.0.4 (65 bytes) @ 0x00000218007d28a4 [0x00000218007d2480+0x0000000000000424]
j  com.sun.javafx.reflect.Trampoline.invoke(Ljava/lang/reflect/Method;Ljava/lang/Object;[Ljava/lang/Object;)Ljava/lang/Object;+7
j  jdk.internal.reflect.GeneratedMethodAccessor2.invoke(Ljava/lang/Object;[Ljava/lang/Object;)Ljava/lang/Object;+40
J 1217 c1 jdk.internal.reflect.DelegatingMethodAccessorImpl.invoke(Ljava/lang/Object;[Ljava/lang/Object;)Ljava/lang/Object; java.base@9.0.4 (10 bytes) @ 0x00000218007d5bbc [0x00000218007d5ac0+0x00000000000000fc]
J 1205 c1 java.lang.reflect.Method.invoke(Ljava/lang/Object;[Ljava/lang/Object;)Ljava/lang/Object; java.base@9.0.4 (65 bytes) @ 0x00000218007d28a4 [0x00000218007d2480+0x0000000000000424]
j  com.sun.javafx.reflect.MethodUtil.invoke(Ljava/lang/reflect/Method;Ljava/lang/Object;[Ljava/lang/Object;)Ljava/lang/Object;+20 javafx.base@9.0.4
j  com.sun.javafx.fxml.MethodHelper.invoke(Ljava/lang/reflect/Method;Ljava/lang/Object;[Ljava/lang/Object;)Ljava/lang/Object;+142 javafx.fxml@9.0.4
j  javafx.fxml.FXMLLoader$MethodHandler.invoke([Ljava/lang/Object;)V+38 javafx.fxml@9.0.4
j  javafx.fxml.FXMLLoader$ControllerMethodEventHandler.handle(Ljavafx/event/Event;)V+12 javafx.fxml@9.0.4
J 2556 c1 com.sun.javafx.event.CompositeEventHandler.dispatchBubblingEvent(Ljavafx/event/Event;)V javafx.base@9.0.4 (57 bytes) @ 0x0000021800a7e7bc [0x0000021800a7e400+0x00000000000003bc]
J 2258 c1 com.sun.javafx.event.EventHandlerManager.dispatchBubblingEvent(Ljavafx/event/Event;)Ljavafx/event/Event; javafx.base@9.0.4 (23 bytes) @ 0x00000218009ea684 [0x00000218009ea020+0x0000000000000664]
J 2257 c1 com.sun.javafx.event.CompositeEventDispatcher.dispatchBubblingEvent(Ljavafx/event/Event;)Ljavafx/event/Event; javafx.base@9.0.4 (35 bytes) @ 0x00000218009eb014 [0x00000218009eae60+0x00000000000001b4]
J 2248 c1 com.sun.javafx.event.BasicEventDispatcher.dispatchEvent(Ljavafx/event/Event;Ljavafx/event/EventDispatchChain;)Ljavafx/event/Event; javafx.base@9.0.4 (44 bytes) @ 0x00000218009e70ac [0x00000218009e6d80+0x000000000000032c]
J 2214 c1 com.sun.javafx.event.EventDispatchChainImpl.dispatchEvent(Ljavafx/event/Event;)Ljavafx/event/Event; javafx.base@9.0.4 (101 bytes) @ 0x00000218009d438c [0x00000218009d41e0+0x00000000000001ac]
J 2248 c1 com.sun.javafx.event.BasicEventDispatcher.dispatchEvent(Ljavafx/event/Event;Ljavafx/event/EventDispatchChain;)Ljavafx/event/Event; javafx.base@9.0.4 (44 bytes) @ 0x00000218009e6fc4 [0x00000218009e6d80+0x0000000000000244]
J 2214 c1 com.sun.javafx.event.EventDispatchChainImpl.dispatchEvent(Ljavafx/event/Event;)Ljavafx/event/Event; javafx.base@9.0.4 (101 bytes) @ 0x00000218009d438c [0x00000218009d41e0+0x00000000000001ac]
J 2248 c1 com.sun.javafx.event.BasicEventDispatcher.dispatchEvent(Ljavafx/event/Event;Ljavafx/event/EventDispatchChain;)Ljavafx/event/Event; javafx.base@9.0.4 (44 bytes) @ 0x00000218009e6fc4 [0x00000218009e6d80+0x0000000000000244]
J 2214 c1 com.sun.javafx.event.EventDispatchChainImpl.dispatchEvent(Ljavafx/event/Event;)Ljavafx/event/Event; javafx.base@9.0.4 (101 bytes) @ 0x00000218009d438c [0x00000218009d41e0+0x00000000000001ac]
J 2248 c1 com.sun.javafx.event.BasicEventDispatcher.dispatchEvent(Ljavafx/event/Event;Ljavafx/event/EventDispatchChain;)Ljavafx/event/Event; javafx.base@9.0.4 (44 bytes) @ 0x00000218009e6fc4 [0x00000218009e6d80+0x0000000000000244]
J 2214 c1 com.sun.javafx.event.EventDispatchChainImpl.dispatchEvent(Ljavafx/event/Event;)Ljavafx/event/Event; javafx.base@9.0.4 (101 bytes) @ 0x00000218009d438c [0x00000218009d41e0+0x00000000000001ac]
J 2620 c1 com.sun.javafx.event.EventUtil.fireEvent(Ljavafx/event/EventTarget;Ljavafx/event/Event;)Ljavafx/event/Event; javafx.base@9.0.4 (81 bytes) @ 0x0000021800aa3ed4 [0x0000021800aa30a0+0x0000000000000e34]
J 2619 c1 javafx.event.Event.fireEvent(Ljavafx/event/EventTarget;Ljavafx/event/Event;)V javafx.base@9.0.4 (35 bytes) @ 0x0000021800aa29c4 [0x0000021800aa2900+0x00000000000000c4]
j  javafx.scene.Node.fireEvent(Ljavafx/event/Event;)V+86 javafx.graphics@9.0.4
j  javafx.scene.control.Button.fire()V+15 javafx.controls@9.0.4
j  com.sun.javafx.scene.control.behavior.ButtonBehavior.mouseReleased(Ljavafx/scene/input/MouseEvent;)V+27 javafx.controls@9.0.4
j  com.sun.javafx.scene.control.behavior.ButtonBehavior$$Lambda$429.handle(Ljavafx/event/Event;)V+8 javafx.controls@9.0.4
j  com.sun.javafx.scene.control.inputmap.InputMap.handle(Ljavafx/event/Event;)V+61 javafx.controls@9.0.4
j  com.sun.javafx.scene.control.inputmap.InputMap$$Lambda$174.handle(Ljavafx/event/Event;)V+5 javafx.controls@9.0.4
J 2644 c1 com.sun.javafx.event.CompositeEventHandler$NormalEventHandlerRecord.handleBubblingEvent(Ljavafx/event/Event;)V javafx.base@9.0.4 (11 bytes) @ 0x0000021800ab6cbc [0x0000021800ab6bc0+0x00000000000000fc]
J 2556 c1 com.sun.javafx.event.CompositeEventHandler.dispatchBubblingEvent(Ljavafx/event/Event;)V javafx.base@9.0.4 (57 bytes) @ 0x0000021800a7e63c [0x0000021800a7e400+0x000000000000023c]
J 2258 c1 com.sun.javafx.event.EventHandlerManager.dispatchBubblingEvent(Ljavafx/event/Event;)Ljavafx/event/Event; javafx.base@9.0.4 (23 bytes) @ 0x00000218009ea684 [0x00000218009ea020+0x0000000000000664]
J 2257 c1 com.sun.javafx.event.CompositeEventDispatcher.dispatchBubblingEvent(Ljavafx/event/Event;)Ljavafx/event/Event; javafx.base@9.0.4 (35 bytes) @ 0x00000218009eb014 [0x00000218009eae60+0x00000000000001b4]
J 2248 c1 com.sun.javafx.event.BasicEventDispatcher.dispatchEvent(Ljavafx/event/Event;Ljavafx/event/EventDispatchChain;)Ljavafx/event/Event; javafx.base@9.0.4 (44 bytes) @ 0x00000218009e70ac [0x00000218009e6d80+0x000000000000032c]
J 2214 c1 com.sun.javafx.event.EventDispatchChainImpl.dispatchEvent(Ljavafx/event/Event;)Ljavafx/event/Event; javafx.base@9.0.4 (101 bytes) @ 0x00000218009d438c [0x00000218009d41e0+0x00000000000001ac]
J 2248 c1 com.sun.javafx.event.BasicEventDispatcher.dispatchEvent(Ljavafx/event/Event;Ljavafx/event/EventDispatchChain;)Ljavafx/event/Event; javafx.base@9.0.4 (44 bytes) @ 0x00000218009e6fc4 [0x00000218009e6d80+0x0000000000000244]
J 2214 c1 com.sun.javafx.event.EventDispatchChainImpl.dispatchEvent(Ljavafx/event/Event;)Ljavafx/event/Event; javafx.base@9.0.4 (101 bytes) @ 0x00000218009d438c [0x00000218009d41e0+0x00000000000001ac]
J 2248 c1 com.sun.javafx.event.BasicEventDispatcher.dispatchEvent(Ljavafx/event/Event;Ljavafx/event/EventDispatchChain;)Ljavafx/event/Event; javafx.base@9.0.4 (44 bytes) @ 0x00000218009e6fc4 [0x00000218009e6d80+0x0000000000000244]
J 2214 c1 com.sun.javafx.event.EventDispatchChainImpl.dispatchEvent(Ljavafx/event/Event;)Ljavafx/event/Event; javafx.base@9.0.4 (101 bytes) @ 0x00000218009d438c [0x00000218009d41e0+0x00000000000001ac]
J 2248 c1 com.sun.javafx.event.BasicEventDispatcher.dispatchEvent(Ljavafx/event/Event;Ljavafx/event/EventDispatchChain;)Ljavafx/event/Event; javafx.base@9.0.4 (44 bytes) @ 0x00000218009e6fc4 [0x00000218009e6d80+0x0000000000000244]
J 2214 c1 com.sun.javafx.event.EventDispatchChainImpl.dispatchEvent(Ljavafx/event/Event;)Ljavafx/event/Event; javafx.base@9.0.4 (101 bytes) @ 0x00000218009d438c [0x00000218009d41e0+0x00000000000001ac]
J 2620 c1 com.sun.javafx.event.EventUtil.fireEvent(Ljavafx/event/EventTarget;Ljavafx/event/Event;)Ljavafx/event/Event; javafx.base@9.0.4 (81 bytes) @ 0x0000021800aa3a44 [0x0000021800aa30a0+0x00000000000009a4]
J 2619 c1 javafx.event.Event.fireEvent(Ljavafx/event/EventTarget;Ljavafx/event/Event;)V javafx.base@9.0.4 (35 bytes) @ 0x0000021800aa29c4 [0x0000021800aa2900+0x00000000000000c4]
j  javafx.scene.Scene$MouseHandler.process(Ljavafx/scene/input/MouseEvent;Z)V+491 javafx.graphics@9.0.4
j  javafx.scene.Scene$MouseHandler.access$1300(Ljavafx/scene/Scene$MouseHandler;Ljavafx/scene/input/MouseEvent;Z)V+3 javafx.graphics@9.0.4
j  javafx.scene.Scene.processMouseEvent(Ljavafx/scene/input/MouseEvent;)V+6 javafx.graphics@9.0.4
j  javafx.scene.Scene$ScenePeerListener.mouseEvent(Ljavafx/event/EventType;DDDDLjavafx/scene/input/MouseButton;ZZZZZZZZZ)V+46 javafx.graphics@9.0.4
j  com.sun.javafx.tk.quantum.GlassViewEventHandler$MouseEventNotification.run()Ljava/lang/Void;+582 javafx.graphics@9.0.4
j  com.sun.javafx.tk.quantum.GlassViewEventHandler$MouseEventNotification.run()Ljava/lang/Object;+1 javafx.graphics@9.0.4
v  ~StubRoutines::call_stub
J 2437  java.security.AccessController.doPrivileged(Ljava/security/PrivilegedAction;Ljava/security/AccessControlContext;)Ljava/lang/Object; java.base@9.0.4 (0 bytes) @ 0x0000021807bcf546 [0x0000021807bcf4e0+0x0000000000000066]
j  com.sun.javafx.tk.quantum.GlassViewEventHandler.lambda$handleMouseEvent$2()Ljava/lang/Void;+11 javafx.graphics@9.0.4
j  com.sun.javafx.tk.quantum.GlassViewEventHandler$$Lambda$466.get()Ljava/lang/Object;+4 javafx.graphics@9.0.4
j  com.sun.javafx.tk.quantum.QuantumToolkit.runWithoutRenderLock(Ljava/util/function/Supplier;)Ljava/lang/Object;+18 javafx.graphics@9.0.4
j  com.sun.javafx.tk.quantum.GlassViewEventHandler.handleMouseEvent(Lcom/sun/glass/ui/View;JIIIIIIIZZ)V+103 javafx.graphics@9.0.4
j  com.sun.glass.ui.View.handleMouseEvent(JIIIIIIIZZ)V+30 javafx.graphics@9.0.4
j  com.sun.glass.ui.View.notifyMouse(IIIIIIIZZ)V+181 javafx.graphics@9.0.4
v  ~StubRoutines::call_stub
j  com.sun.glass.ui.win.WinApplication._runLoop(Ljava/lang/Runnable;)V+0 javafx.graphics@9.0.4
j  com.sun.glass.ui.win.WinApplication.lambda$runLoop$3(ILjava/lang/Runnable;)V+8 javafx.graphics@9.0.4
j  com.sun.glass.ui.win.WinApplication$$Lambda$49.run()V+12 javafx.graphics@9.0.4
j  java.lang.Thread.run()V+11 java.base@9.0.4
v  ~StubRoutines::call_stub

siginfo: EXCEPTION_ACCESS_VIOLATION (0xc0000005), reading address 0x000000007f444e78


Register to memory mapping:

RIP=0x00000000005bb5db jSSC-2.8_x86_64.dll
RAX=0x000000007f444e78 is an unknown value
RBX=0x000000759f6fa880 is pointing into the stack for thread: 0x000002187eb78000
RCX=0x00007ffb3090a0d4 ntdll.dll
RDX=0x0000000000000000 is an unknown value
RSP=0x000000759f6fa810 is pointing into the stack for thread: 0x000002187eb78000
RBP=0x000000759f6fa990 is pointing into the stack for thread: 0x000002187eb78000
RSI=0x000002187eb78218 is an unknown value
RDI=0x0000000000000888 is an unknown value
R8 =0x000000759f6fa708 is pointing into the stack for thread: 0x000002187eb78000
R9 =0x000000759f6fa800 is pointing into the stack for thread: 0x000002187eb78000
R10=0x0000000000000000 is an unknown value
R11=0x0000000000000246 is an unknown value
R12=0x000000759f6faa48 is pointing into the stack for thread: 0x000002187eb78000
R13=0x000002187ecdac90 is an unknown value
R14=0x000000759f6fa940 is pointing into the stack for thread: 0x000002187eb78000
R15=0x000002187eb78000 is a thread


Registers:
RAX=0x000000007f444e78, RBX=0x000000759f6fa880, RCX=0x00007ffb3090a0d4, RDX=0x0000000000000000
RSP=0x000000759f6fa810, RBP=0x000000759f6fa990, RSI=0x000002187eb78218, RDI=0x0000000000000888
R8 =0x000000759f6fa708, R9 =0x000000759f6fa800, R10=0x0000000000000000, R11=0x0000000000000246
R12=0x000000759f6faa48, R13=0x000002187ecdac90, R14=0x000000759f6fa940, R15=0x000002187eb78000
RIP=0x00000000005bb5db, EFLAGS=0x0000000000010202

Top of Stack: (sp=0x000000759f6fa810)
0x000000759f6fa810:   000000759f6fa838 00007ffb00000000
0x000000759f6fa820:   00000000005bb230 00007ffb30880428
0x000000759f6fa830:   000002187ecdac90 0000000000000004
0x000000759f6fa840:   000002187eb78218 0000000000000888
0x000000759f6fa850:   000000759f6fa990 00000000005c2590
0x000000759f6fa860:   000000759f6fa8c0 000000759f6faa48
0x000000759f6fa870:   000002187ecdabf0 0000000000000000
0x000000759f6fa880:   0000000000000888 00007ffb2cd24847
0x000000759f6fa890:   000002187eb78000 000000759f6fa940
0x000000759f6fa8a0:   000002187ecdac90 000002187eb78218
0x000000759f6fa8b0:   00000000005c3500 00000000005c3be8
0x000000759f6fa8c0:   000000759f6fa8f0 00000000005c2641
0x000000759f6fa8d0:   000000759f6fa860 0000000040000000
0x000000759f6fa8e0:   0000000000000000 0000000000000000
0x000000759f6fa8f0:   000000759f6fa990 00000000005b1595
0x000000759f6fa900:   000000000000001c 000002187eb78218 

Instructions: (pc=0x00000000005bb5db)
0x00000000005bb5bb:   c5 0f 1f 40 00 55 57 56 53 48 83 ec 28 48 8b 05
0x00000000005bb5cb:   39 33 01 00 48 89 cb 48 85 c0 0f 84 c5 00 00 00
0x00000000005bb5db:   8b 38 85 ff 0f 88 ab 00 00 00 48 8b 05 1c 33 01
0x00000000005bb5eb:   00 48 85 c0 0f 84 bc 00 00 00 8b 30 85 f6 74 57 



---------------  P R O C E S S  ---------------

Java Threads: ( => current thread )
  0x000002187ef78800 JavaThread "Prism Font Disposer" daemon [_thread_blocked, id=860, stack(0x00000075a0100000,0x00000075a0200000)]
  0x00000218131fd000 JavaThread "Java2D Disposer" daemon [_thread_blocked, id=7840, stack(0x000000759fd00000,0x000000759fe00000)]
  0x000002187f0c0000 JavaThread "Thread-2" daemon [_thread_in_native, id=8052, stack(0x000000759fa00000,0x000000759fb00000)]
  0x000002187ef82800 JavaThread "JavaFX-Launcher" [_thread_blocked, id=104, stack(0x000000759fb00000,0x000000759fc00000)]
=>0x000002187eb78000 JavaThread "JavaFX Application Thread" [_thread_in_native, id=11248, stack(0x000000759f600000,0x000000759f700000)]
  0x000002187eb9d000 JavaThread "InvokeLaterDispatcher" daemon [_thread_blocked, id=13292, stack(0x000000759f500000,0x000000759f600000)]
  0x000002187e84d800 JavaThread "QuantumRenderer-0" daemon [_thread_blocked, id=12184, stack(0x000000759f400000,0x000000759f500000)]
  0x000002187e577000 JavaThread "Service Thread" daemon [_thread_blocked, id=11364, stack(0x000000759f200000,0x000000759f300000)]
  0x000002187e576000 JavaThread "Monitor Ctrl-Break" daemon [_thread_in_native, id=5328, stack(0x000000759f100000,0x000000759f200000)]
  0x000002187e328000 JavaThread "Common-Cleaner" daemon [_thread_blocked, id=9732, stack(0x000000759f000000,0x000000759f100000)]
  0x000002187e25f800 JavaThread "Sweeper thread" daemon [_thread_blocked, id=1004, stack(0x000000759ef00000,0x000000759f000000)]
  0x000002187e257000 JavaThread "C1 CompilerThread2" daemon [_thread_blocked, id=6408, stack(0x000000759ee00000,0x000000759ef00000)]
  0x000002187e252000 JavaThread "C2 CompilerThread1" daemon [_thread_blocked, id=10724, stack(0x000000759ed00000,0x000000759ee00000)]
  0x000002187e249800 JavaThread "C2 CompilerThread0" daemon [_thread_blocked, id=6140, stack(0x000000759ec00000,0x000000759ed00000)]
  0x000002187e246800 JavaThread "Attach Listener" daemon [_thread_blocked, id=4804, stack(0x000000759eb00000,0x000000759ec00000)]
  0x000002187e243800 JavaThread "Signal Dispatcher" daemon [_thread_blocked, id=7508, stack(0x000000759ea00000,0x000000759eb00000)]
  0x000002187e1ed000 JavaThread "Finalizer" daemon [_thread_blocked, id=3496, stack(0x000000759e900000,0x000000759ea00000)]
  0x000002187e1eb000 JavaThread "Reference Handler" daemon [_thread_blocked, id=12464, stack(0x000000759e800000,0x000000759e900000)]
  0x000002186c722000 JavaThread "main" [_thread_blocked, id=468, stack(0x000000759db00000,0x000000759dc00000)]

Other Threads:
  0x000002187e1e6800 VMThread "VM Thread" [stack: 0x000000759e700000,0x000000759e800000] [id=12000]
  0x000002187e5a4000 WatcherThread [stack: 0x000000759f300000,0x000000759f400000] [id=6124]
  0x000002186c738000 GCTaskThread "GC Thread#0" [stack: 0x000000759dc00000,0x000000759dd00000] [id=12676]
  0x000002186c739800 GCTaskThread "GC Thread#1" [stack: 0x000000759dd00000,0x000000759de00000] [id=10012]
  0x000002186c73b000 GCTaskThread "GC Thread#2" [stack: 0x000000759de00000,0x000000759df00000] [id=1784]
  0x000002186c73d000 GCTaskThread "GC Thread#3" [stack: 0x000000759df00000,0x000000759e000000] [id=10292]
  0x000002186c77f000 ConcurrentGCThread "G1 Main Marker" [stack: 0x000000759e500000,0x000000759e600000] [id=11280]
  0x000002186c781000 ConcurrentGCThread "G1 Marker#0" [stack: 0x000000759e600000,0x000000759e700000] [id=3812]
  0x000002186c745800 ConcurrentGCThread "G1 Refine#0" [stack: 0x000000759e300000,0x000000759e400000] [id=5004]
  0x000002186c744000 ConcurrentGCThread "G1 Refine#1" [stack: 0x000000759e200000,0x000000759e300000] [id=12904]
  0x000002186c743000 ConcurrentGCThread "G1 Refine#2" [stack: 0x000000759e100000,0x000000759e200000] [id=7304]
  0x000002186c73f800 ConcurrentGCThread "G1 Refine#3" [stack: 0x000000759e000000,0x000000759e100000] [id=5164]
  0x000002186c747800 ConcurrentGCThread "G1 Young RemSet Sampling" [stack: 0x000000759e400000,0x000000759e500000] [id=10248]

Threads with active compile tasks:

VM state:not at safepoint (normal execution)

VM Mutex/Monitor currently owned by a thread: None

Heap address: 0x00000000c1c00000, size: 996 MB, Compressed Oops mode: 32-bit
Narrow klass base: 0x0000000000000000, Narrow klass shift: 3
Compressed class space size: 1073741824 Address: 0x0000000100000000

Heap:
 garbage-first heap   total 65536K, used 17860K [0x00000000c1c00000, 0x00000000c1d00200, 0x0000000100000000)
  region size 1024K, 16 young (16384K), 5 survivors (5120K)
 Metaspace       used 22357K, capacity 24870K, committed 25212K, reserved 1071104K
  class space    used 2929K, capacity 3351K, committed 3452K, reserved 1048576K
Heap Regions: E=young(eden), S=young(survivor), O=old, HS=humongous(starts), HC=humongous(continues), CS=collection set, F=free, A=archive, TS=gc time stamp, AC=allocation context, TAMS=top-at-mark-start (previous, next)
|   0|0x00000000c1c00000, 0x00000000c1ca8000, 0x00000000c1d00000| 65%| O|  |TS  0|AC  0|TAMS 0x00000000c1ca8000, 0x00000000c1ca8000|
|   1|0x00000000c1d00000, 0x00000000c1e00000, 0x00000000c1e00000|100%|HS|  |TS  0|AC  0|TAMS 0x00000000c1d00000, 0x00000000c1d00000|
|   2|0x00000000c1e00000, 0x00000000c1f00000, 0x00000000c1f00000|100%|HC|  |TS  0|AC  0|TAMS 0x00000000c1e00000, 0x00000000c1e00000|
|   3|0x00000000c1f00000, 0x00000000c1f00000, 0x00000000c2000000|  0%| F|  |TS  0|AC  0|TAMS 0x00000000c1f00000, 0x00000000c1f00000|
|   4|0x00000000c2000000, 0x00000000c2000000, 0x00000000c2100000|  0%| F|  |TS  0|AC  0|TAMS 0x00000000c2000000, 0x00000000c2000000|
|   5|0x00000000c2100000, 0x00000000c2100000, 0x00000000c2200000|  0%| F|  |TS  0|AC  0|TAMS 0x00000000c2100000, 0x00000000c2100000|
|   6|0x00000000c2200000, 0x00000000c2200000, 0x00000000c2300000|  0%| F|  |TS  0|AC  0|TAMS 0x00000000c2200000, 0x00000000c2200000|
|   7|0x00000000c2300000, 0x00000000c2300000, 0x00000000c2400000|  0%| F|  |TS  0|AC  0|TAMS 0x00000000c2300000, 0x00000000c2300000|
|   8|0x00000000c2400000, 0x00000000c2400000, 0x00000000c2500000|  0%| F|  |TS  0|AC  0|TAMS 0x00000000c2400000, 0x00000000c2400000|
|   9|0x00000000c2500000, 0x00000000c2500000, 0x00000000c2600000|  0%| F|  |TS  0|AC  0|TAMS 0x00000000c2500000, 0x00000000c2500000|
|  10|0x00000000c2600000, 0x00000000c2600000, 0x00000000c2700000|  0%| F|  |TS  0|AC  0|TAMS 0x00000000c2600000, 0x00000000c2600000|
|  11|0x00000000c2700000, 0x00000000c2700000, 0x00000000c2800000|  0%| F|  |TS  0|AC  0|TAMS 0x00000000c2700000, 0x00000000c2700000|
|  12|0x00000000c2800000, 0x00000000c2800000, 0x00000000c2900000|  0%| F|  |TS  0|AC  0|TAMS 0x00000000c2800000, 0x00000000c2800000|
|  13|0x00000000c2900000, 0x00000000c2900000, 0x00000000c2a00000|  0%| F|  |TS  0|AC  0|TAMS 0x00000000c2900000, 0x00000000c2900000|
|  14|0x00000000c2a00000, 0x00000000c2a00000, 0x00000000c2b00000|  0%| F|  |TS  0|AC  0|TAMS 0x00000000c2a00000, 0x00000000c2a00000|
|  15|0x00000000c2b00000, 0x00000000c2b00000, 0x00000000c2c00000|  0%| F|  |TS  0|AC  0|TAMS 0x00000000c2b00000, 0x00000000c2b00000|
|  16|0x00000000c2c00000, 0x00000000c2c00000, 0x00000000c2d00000|  0%| F|  |TS  0|AC  0|TAMS 0x00000000c2c00000, 0x00000000c2c00000|
|  17|0x00000000c2d00000, 0x00000000c2d00000, 0x00000000c2e00000|  0%| F|  |TS  0|AC  0|TAMS 0x00000000c2d00000, 0x00000000c2d00000|
|  18|0x00000000c2e00000, 0x00000000c2e00000, 0x00000000c2f00000|  0%| F|  |TS  0|AC  0|TAMS 0x00000000c2e00000, 0x00000000c2e00000|
|  19|0x00000000c2f00000, 0x00000000c2f00000, 0x00000000c3000000|  0%| F|  |TS  0|AC  0|TAMS 0x00000000c2f00000, 0x00000000c2f00000|
|  20|0x00000000c3000000, 0x00000000c3000000, 0x00000000c3100000|  0%| F|  |TS  0|AC  0|TAMS 0x00000000c3000000, 0x00000000c3000000|
|  21|0x00000000c3100000, 0x00000000c3100000, 0x00000000c3200000|  0%| F|  |TS  0|AC  0|TAMS 0x00000000c3100000, 0x00000000c3100000|
|  22|0x00000000c3200000, 0x00000000c3200000, 0x00000000c3300000|  0%| F|  |TS  0|AC  0|TAMS 0x00000000c3200000, 0x00000000c3200000|
|  23|0x00000000c3300000, 0x00000000c3300000, 0x00000000c3400000|  0%| F|  |TS  0|AC  0|TAMS 0x00000000c3300000, 0x00000000c3300000|
|  24|0x00000000c3400000, 0x00000000c3400000, 0x00000000c3500000|  0%| F|  |TS  0|AC  0|TAMS 0x00000000c3400000, 0x00000000c3400000|
|  25|0x00000000c3500000, 0x00000000c3500000, 0x00000000c3600000|  0%| F|  |TS  0|AC  0|TAMS 0x00000000c3500000, 0x00000000c3500000|
|  26|0x00000000c3600000, 0x00000000c3600000, 0x00000000c3700000|  0%| F|  |TS  0|AC  0|TAMS 0x00000000c3600000, 0x00000000c3600000|
|  27|0x00000000c3700000, 0x00000000c3700000, 0x00000000c3800000|  0%| F|  |TS  0|AC  0|TAMS 0x00000000c3700000, 0x00000000c3700000|
|  28|0x00000000c3800000, 0x00000000c3800000, 0x00000000c3900000|  0%| F|  |TS  0|AC  0|TAMS 0x00000000c3800000, 0x00000000c3800000|
|  29|0x00000000c3900000, 0x00000000c3900000, 0x00000000c3a00000|  0%| F|  |TS  0|AC  0|TAMS 0x00000000c3900000, 0x00000000c3900000|
|  30|0x00000000c3a00000, 0x00000000c3a00000, 0x00000000c3b00000|  0%| F|  |TS  0|AC  0|TAMS 0x00000000c3a00000, 0x00000000c3a00000|
|  31|0x00000000c3b00000, 0x00000000c3b00000, 0x00000000c3c00000|  0%| F|  |TS  0|AC  0|TAMS 0x00000000c3b00000, 0x00000000c3b00000|
|  32|0x00000000c3c00000, 0x00000000c3c00000, 0x00000000c3d00000|  0%| F|  |TS  0|AC  0|TAMS 0x00000000c3c00000, 0x00000000c3c00000|
|  33|0x00000000c3d00000, 0x00000000c3d00000, 0x00000000c3e00000|  0%| F|  |TS  0|AC  0|TAMS 0x00000000c3d00000, 0x00000000c3d00000|
|  34|0x00000000c3e00000, 0x00000000c3e00000, 0x00000000c3f00000|  0%| F|  |TS  0|AC  0|TAMS 0x00000000c3e00000, 0x00000000c3e00000|
|  35|0x00000000c3f00000, 0x00000000c3f00000, 0x00000000c4000000|  0%| F|  |TS  0|AC  0|TAMS 0x00000000c3f00000, 0x00000000c3f00000|
|  36|0x00000000c4000000, 0x00000000c4000000, 0x00000000c4100000|  0%| F|  |TS  0|AC  0|TAMS 0x00000000c4000000, 0x00000000c4000000|
|  37|0x00000000c4100000, 0x00000000c4100000, 0x00000000c4200000|  0%| F|  |TS  0|AC  0|TAMS 0x00000000c4100000, 0x00000000c4100000|
|  38|0x00000000c4200000, 0x00000000c42c9180, 0x00000000c4300000| 78%| S|CS|TS  0|AC  0|TAMS 0x00000000c4200000, 0x00000000c4200000|
|  39|0x00000000c4300000, 0x00000000c4400000, 0x00000000c4400000|100%| S|CS|TS  0|AC  0|TAMS 0x00000000c4300000, 0x00000000c4300000|
|  40|0x00000000c4400000, 0x00000000c4500000, 0x00000000c4500000|100%| S|CS|TS  0|AC  0|TAMS 0x00000000c4400000, 0x00000000c4400000|
|  41|0x00000000c4500000, 0x00000000c4600000, 0x00000000c4600000|100%| S|CS|TS  0|AC  0|TAMS 0x00000000c4500000, 0x00000000c4500000|
|  42|0x00000000c4600000, 0x00000000c4700000, 0x00000000c4700000|100%| S|CS|TS  0|AC  0|TAMS 0x00000000c4600000, 0x00000000c4600000|
|  43|0x00000000c4700000, 0x00000000c4700000, 0x00000000c4800000|  0%| F|  |TS  0|AC  0|TAMS 0x00000000c4700000, 0x00000000c4700000|
|  44|0x00000000c4800000, 0x00000000c4800000, 0x00000000c4900000|  0%| F|  |TS  0|AC  0|TAMS 0x00000000c4800000, 0x00000000c4800000|
|  45|0x00000000c4900000, 0x00000000c4900000, 0x00000000c4a00000|  0%| F|  |TS  0|AC  0|TAMS 0x00000000c4900000, 0x00000000c4900000|
|  46|0x00000000c4a00000, 0x00000000c4a00000, 0x00000000c4b00000|  0%| F|  |TS  0|AC  0|TAMS 0x00000000c4a00000, 0x00000000c4a00000|
|  47|0x00000000c4b00000, 0x00000000c4b00000, 0x00000000c4c00000|  0%| F|  |TS  0|AC  0|TAMS 0x00000000c4b00000, 0x00000000c4b00000|
|  48|0x00000000c4c00000, 0x00000000c4c00000, 0x00000000c4d00000|  0%| F|  |TS  0|AC  0|TAMS 0x00000000c4c00000, 0x00000000c4c00000|
|  49|0x00000000c4d00000, 0x00000000c4d00000, 0x00000000c4e00000|  0%| F|  |TS  0|AC  0|TAMS 0x00000000c4d00000, 0x00000000c4d00000|
|  50|0x00000000c4e00000, 0x00000000c4e00000, 0x00000000c4f00000|  0%| F|  |TS  0|AC  0|TAMS 0x00000000c4e00000, 0x00000000c4e00000|
|  51|0x00000000c4f00000, 0x00000000c4f00000, 0x00000000c5000000|  0%| F|  |TS  0|AC  0|TAMS 0x00000000c4f00000, 0x00000000c4f00000|
|  52|0x00000000c5000000, 0x00000000c5000000, 0x00000000c5100000|  0%| F|  |TS  0|AC  0|TAMS 0x00000000c5000000, 0x00000000c5000000|
|  53|0x00000000c5100000, 0x00000000c51808b8, 0x00000000c5200000| 50%| E|  |TS  0|AC  0|TAMS 0x00000000c5100000, 0x00000000c5100000|
|  54|0x00000000c5200000, 0x00000000c5300000, 0x00000000c5300000|100%| E|CS|TS  0|AC  0|TAMS 0x00000000c5200000, 0x00000000c5200000|
|  55|0x00000000c5300000, 0x00000000c5400000, 0x00000000c5400000|100%| E|CS|TS  0|AC  0|TAMS 0x00000000c5300000, 0x00000000c5300000|
|  56|0x00000000c5400000, 0x00000000c5500000, 0x00000000c5500000|100%| E|CS|TS  0|AC  0|TAMS 0x00000000c5400000, 0x00000000c5400000|
|  57|0x00000000c5500000, 0x00000000c5600000, 0x00000000c5600000|100%| E|CS|TS  0|AC  0|TAMS 0x00000000c5500000, 0x00000000c5500000|
|  58|0x00000000c5600000, 0x00000000c5700000, 0x00000000c5700000|100%| E|CS|TS  0|AC  0|TAMS 0x00000000c5600000, 0x00000000c5600000|
|  59|0x00000000c5700000, 0x00000000c5800000, 0x00000000c5800000|100%| E|CS|TS  0|AC  0|TAMS 0x00000000c5700000, 0x00000000c5700000|
|  60|0x00000000c5800000, 0x00000000c5900000, 0x00000000c5900000|100%| E|CS|TS  0|AC  0|TAMS 0x00000000c5800000, 0x00000000c5800000|
|  61|0x00000000c5900000, 0x00000000c5a00000, 0x00000000c5a00000|100%| E|CS|TS  0|AC  0|TAMS 0x00000000c5900000, 0x00000000c5900000|
|  62|0x00000000c5a00000, 0x00000000c5b00000, 0x00000000c5b00000|100%| E|CS|TS  0|AC  0|TAMS 0x00000000c5a00000, 0x00000000c5a00000|
|  63|0x00000000c5b00000, 0x00000000c5c00000, 0x00000000c5c00000|100%| E|CS|TS  0|AC  0|TAMS 0x00000000c5b00000, 0x00000000c5b00000|

Card table byte_map: [0x00000218790c0000,0x00000218792c0000] byte_map_base: 0x0000021878ab2000

Marking Bits (Prev, Next): (CMBitMap*) 0x000002186c77d238, (CMBitMap*) 0x000002186c77d200
 Prev Bits: [0x000002187a450000, 0x000002187b3e0000)
 Next Bits: [0x00000218794c0000, 0x000002187a450000)

Polling page: 0x000002186c660000

CodeHeap 'non-profiled nmethods': size=120064Kb used=1152Kb max_used=1152Kb free=118911Kb
 bounds [0x0000021807ac0000, 0x0000021807d30000, 0x000002180f000000]
CodeHeap 'profiled nmethods': size=120000Kb used=5327Kb max_used=5327Kb free=114672Kb
 bounds [0x0000021800590000, 0x0000021800ad0000, 0x0000021807ac0000]
CodeHeap 'non-nmethods': size=5696Kb used=1473Kb max_used=1494Kb free=4222Kb
 bounds [0x0000021800000000, 0x0000021800270000, 0x0000021800590000]
 total_blobs=3888 nmethods=2675 adapters=659
 compilation: enabled

Compilation events (10 events):
Event: 7.303 Thread 0x000002187e257000 2670       1       javafx.scene.Scene::access$2800 (5 bytes)
Event: 7.303 Thread 0x000002187e257000 nmethod 2670 0x0000021807bdf910 code [0x0000021807bdfac0, 0x0000021807bdfbb8]
Event: 7.319 Thread 0x000002187e257000 2671       3       java.lang.invoke.VarHandleGuards::guard_LL_V (103 bytes)
Event: 7.324 Thread 0x000002187e257000 nmethod 2671 0x0000021800abe490 code [0x0000021800abe7e0, 0x0000021800ac0670]
Event: 7.324 Thread 0x000002187e257000 2672       3       java.lang.invoke.VarHandleObjects$FieldInstanceReadWrite::set (30 bytes)
Event: 7.326 Thread 0x000002187e257000 nmethod 2672 0x0000021800ac0e90 code [0x0000021800ac10c0, 0x0000021800ac1a10]
Event: 7.330 Thread 0x000002187e257000 2674       3       java.io.WinNTFileSystem::prefixLength (91 bytes)
Event: 7.333 Thread 0x000002187e257000 nmethod 2674 0x0000021800ac1d10 code [0x0000021800ac2020, 0x0000021800ac35c0]
Event: 7.336 Thread 0x000002187e257000 2675       1       java.util.zip.ZStreamRef::address (5 bytes)
Event: 7.337 Thread 0x000002187e257000 nmethod 2675 0x0000021807bdfe90 code [0x0000021807be0040, 0x0000021807be0158]

GC Heap History (4 events):
Event: 0.823 GC heap before
{Heap before GC invocations=0 (full 0):
 garbage-first heap   total 65536K, used 14336K [0x00000000c1c00000, 0x00000000c1d00200, 0x0000000100000000)
  region size 1024K, 14 young (14336K), 0 survivors (0K)
 Metaspace       used 11090K, capacity 11738K, committed 11904K, reserved 1060864K
  class space    used 1158K, capacity 1301K, committed 1408K, reserved 1048576K
}
Event: 0.828 GC heap after
{Heap after GC invocations=1 (full 0):
 garbage-first heap   total 65536K, used 2720K [0x00000000c1c00000, 0x00000000c1d00200, 0x0000000100000000)
  region size 1024K, 2 young (2048K), 2 survivors (2048K)
 Metaspace       used 11090K, capacity 11738K, committed 11904K, reserved 1060864K
  class space    used 1158K, capacity 1301K, committed 1408K, reserved 1048576K
}
Event: 1.748 GC heap before
{Heap before GC invocations=1 (full 0):
 garbage-first heap   total 65536K, used 21152K [0x00000000c1c00000, 0x00000000c1d00200, 0x0000000100000000)
  region size 1024K, 21 young (21504K), 2 survivors (2048K)
 Metaspace       used 19333K, capacity 21210K, committed 21248K, reserved 1067008K
  class space    used 2519K, capacity 2809K, committed 2816K, reserved 1048576K
}
Event: 1.758 GC heap after
{Heap after GC invocations=2 (full 0):
 garbage-first heap   total 65536K, used 5572K [0x00000000c1c00000, 0x00000000c1d00200, 0x0000000100000000)
  region size 1024K, 5 young (5120K), 5 survivors (5120K)
 Metaspace       used 19333K, capacity 21210K, committed 21248K, reserved 1067008K
  class space    used 2519K, capacity 2809K, committed 2816K, reserved 1048576K
}

Deoptimization events (10 events):
Event: 2.006 Thread 0x000002187eb78000 Uncommon trap: reason=array_check action=maybe_recompile pc=0x0000021807b7b6fc method=javafx.css.SimpleSelector.applies(Ljavafx/css/Styleable;[Ljava/util/Set;I)Z @ 37 c2
Event: 2.141 Thread 0x000002187e84d800 Uncommon trap: reason=intrinsic_or_type_checked_inlining action=make_not_entrant pc=0x0000021807b4cbdc method=java.util.Arrays.copyOf([Ljava/lang/Object;ILjava/lang/Class;)[Ljava/lang/Object; @ 35 c2
Event: 2.163 Thread 0x000002187e84d800 Uncommon trap: reason=unstable_if action=reinterpret pc=0x0000021807b2dbcc method=java.util.Arrays.equals([Ljava/lang/Object;[Ljava/lang/Object;)Z @ 23 c2
Event: 3.193 Thread 0x000002187eb78000 Uncommon trap: reason=unstable_if action=reinterpret pc=0x0000021807b11724 method=jdk.internal.org.objectweb.asm.Type.getArgumentsAndReturnSizes(Ljava/lang/String;)I @ 47 c2
Event: 5.277 Thread 0x000002187eb78000 Uncommon trap: reason=array_check action=maybe_recompile pc=0x0000021807b93ef8 method=javafx.css.SimpleSelector.applies(Ljavafx/css/Styleable;[Ljava/util/Set;I)Z @ 37 c2
Event: 5.287 Thread 0x000002187eb78000 Uncommon trap: reason=class_check action=maybe_recompile pc=0x0000021807baf0c4 method=javafx.scene.Node.updateLocalToParentTransform()V @ 11 c2
Event: 5.287 Thread 0x000002187eb78000 Uncommon trap: reason=class_check action=maybe_recompile pc=0x0000021807baf0c4 method=javafx.scene.Node.updateLocalToParentTransform()V @ 11 c2
Event: 5.288 Thread 0x000002187eb78000 Uncommon trap: reason=class_check action=maybe_recompile pc=0x0000021807baf0c4 method=javafx.scene.Node.updateLocalToParentTransform()V @ 11 c2
Event: 5.288 Thread 0x000002187eb78000 Uncommon trap: reason=class_check action=maybe_recompile pc=0x0000021807baf0c4 method=javafx.scene.Node.updateLocalToParentTransform()V @ 11 c2
Event: 5.294 Thread 0x000002187eb78000 Uncommon trap: reason=unstable_if action=reinterpret pc=0x0000021807bc48ec method=java.util.HashMap.removeNode(ILjava/lang/Object;Ljava/lang/Object;ZZ)Ljava/util/HashMap$Node; @ 234 c2

Classes redefined (0 events):
No events

Internal exceptions (10 events):
Event: 1.659 Thread 0x000002187eb78000 Exception <a 'java/lang/ClassNotFoundException'{0x00000000c49bf638}: com/sun/javafx/scene/control/skin/resources/controls_en> (0x00000000c49bf638) thrown at [t:/workspace/hotspot/src/share/vm/prims/jni.cpp, line 625]
Event: 1.660 Thread 0x000002187eb78000 Exception <a 'java/lang/ClassNotFoundException'{0x00000000c49c06f0}: com/sun/javafx/scene/control/skin/resources/controls_en_US> (0x00000000c49c06f0) thrown at [t:/workspace/hotspot/src/share/vm/prims/jni.cpp, line 625]
Event: 2.040 Thread 0x000002187eb78000 Exception <a 'java/lang/NoSuchMethodError'{0x00000000c5644f88}: method resolution failed> (0x00000000c5644f88) thrown at [t:/workspace/hotspot/src/share/vm/prims/methodHandles.cpp, line 1256]
Event: 2.110 Thread 0x000002187e84d800 Exception <a 'java/lang/NoSuchMethodError'{0x00000000c5508bd8}: java.lang.invoke.DirectMethodHandle$Holder.invokeStaticInit(Ljava/lang/Object;Ljava/lang/Object;)I> (0x00000000c5508bd8) thrown at [t:/workspace/hotspot/src/share/vm/interpreter/linkResolver.
Event: 2.229 Thread 0x000002187e84d800 Exception <a 'java/lang/NoSuchMethodError'{0x00000000c54b5be0}: java.lang.invoke.DirectMethodHandle$Holder.invokeStaticInit(Ljava/lang/Object;I)Ljava/lang/Object;> (0x00000000c54b5be0) thrown at [t:/workspace/hotspot/src/share/vm/interpreter/linkResolver.
Event: 3.193 Thread 0x000002187eb78000 Exception <a 'java/lang/NoSuchMethodError'{0x00000000c53b9630}: method resolution failed> (0x00000000c53b9630) thrown at [t:/workspace/hotspot/src/share/vm/prims/methodHandles.cpp, line 1256]
Event: 3.193 Thread 0x000002187eb78000 Exception <a 'java/lang/NoSuchMethodError'{0x00000000c53bc858}: java.lang.invoke.DirectMethodHandle$Holder.invokeStaticInit(Ljava/lang/Object;Ljava/lang/Object;Ljava/lang/Object;)J> (0x00000000c53bc858) thrown at [t:/workspace/hotspot/src/share/vm/interpr
Event: 3.196 Thread 0x000002187eb78000 Exception <a 'java/lang/NoSuchMethodError'{0x00000000c53cf388}: method resolution failed> (0x00000000c53cf388) thrown at [t:/workspace/hotspot/src/share/vm/prims/methodHandles.cpp, line 1256]
Event: 3.196 Thread 0x000002187eb78000 Exception <a 'java/lang/NoSuchMethodError'{0x00000000c53d54b0}: java.lang.invoke.DirectMethodHandle$Holder.invokeStatic(Ljava/lang/Object;Ljava/lang/Object;J)Ljava/lang/Object;> (0x00000000c53d54b0) thrown at [t:/workspace/hotspot/src/share/vm/interpreter
Event: 3.196 Thread 0x000002187eb78000 Exception <a 'java/lang/NoSuchMethodError'{0x00000000c53d8aa8}: method resolution failed> (0x00000000c53d8aa8) thrown at [t:/workspace/hotspot/src/share/vm/prims/methodHandles.cpp, line 1256]

Events (10 events):
Event: 6.161 loading class com/sun/javafx/tk/quantum/WindowStage
Event: 6.161 loading class com/sun/javafx/tk/quantum/WindowStage done
Event: 7.329 loading class jssc/SerialPort
Event: 7.329 loading class jssc/SerialPort done
Event: 7.334 loading class jssc/SerialPort$EventThread
Event: 7.334 loading class jssc/SerialPort$EventThread done
Event: 7.334 loading class jssc/SerialPort$LinuxEventThread
Event: 7.334 loading class jssc/SerialPort$LinuxEventThread done
Event: 7.336 loading class jssc/SerialPortTimeoutException
Event: 7.336 loading class jssc/SerialPortTimeoutException done


Dynamic libraries:
0x00007ff760830000 - 0x00007ff76086e000 	C:\Program Files\Java\jdk-9.0.4\bin\java.exe
0x00007ffb30870000 - 0x00007ffb30a51000 	C:\WINDOWS\SYSTEM32\ntdll.dll
0x00007ffb2eef0000 - 0x00007ffb2efa2000 	C:\WINDOWS\System32\KERNEL32.DLL
0x00007ffb2ccf0000 - 0x00007ffb2cf63000 	C:\WINDOWS\System32\KERNELBASE.dll
0x00007ffb2e780000 - 0x00007ffb2e821000 	C:\WINDOWS\System32\ADVAPI32.dll
0x00007ffb2e990000 - 0x00007ffb2ea2e000 	C:\WINDOWS\System32\msvcrt.dll
0x00007ffb2e4b0000 - 0x00007ffb2e50b000 	C:\WINDOWS\System32\sechost.dll
0x00007ffb2de30000 - 0x00007ffb2df54000 	C:\WINDOWS\System32\RPCRT4.dll
0x00007ffb2ea60000 - 0x00007ffb2ebf0000 	C:\WINDOWS\System32\USER32.dll
0x00007ffb2cf70000 - 0x00007ffb2cf90000 	C:\WINDOWS\System32\win32u.dll
0x00007ffb2dfc0000 - 0x00007ffb2dfe8000 	C:\WINDOWS\System32\GDI32.dll
0x00007ffb2d930000 - 0x00007ffb2dac2000 	C:\WINDOWS\System32\gdi32full.dll
0x00007ffb2d890000 - 0x00007ffb2d92f000 	C:\WINDOWS\System32\msvcp_win.dll
0x00007ffb2dad0000 - 0x00007ffb2dbca000 	C:\WINDOWS\System32\ucrtbase.dll
0x00007ffb207d0000 - 0x00007ffb20a39000 	C:\WINDOWS\WinSxS\amd64_microsoft.windows.common-controls_6595b64144ccf1df_6.0.17134.285_none_fb4297e330656775\COMCTL32.dll
0x00007ffb304a0000 - 0x00007ffb307c3000 	C:\WINDOWS\System32\combase.dll
0x00007ffb2dbd0000 - 0x00007ffb2dc4a000 	C:\WINDOWS\System32\bcryptPrimitives.dll
0x00007ffb20a50000 - 0x00007ffb20a5a000 	C:\WINDOWS\SYSTEM32\VERSION.dll
0x00007ffb2ea30000 - 0x00007ffb2ea5d000 	C:\WINDOWS\System32\IMM32.DLL
0x00007ffb05130000 - 0x00007ffb0521f000 	C:\Program Files\Java\jdk-9.0.4\bin\msvcr120.dll
0x00007ffb05a20000 - 0x00007ffb05ac6000 	C:\Program Files\Java\jdk-9.0.4\bin\msvcp120.dll
0x00000000707f0000 - 0x0000000071215000 	C:\Program Files\Java\jdk-9.0.4\bin\server\jvm.dll
0x00007ffb2efb0000 - 0x00007ffb2efb8000 	C:\WINDOWS\System32\PSAPI.DLL
0x00007ffb1f2c0000 - 0x00007ffb1f2c9000 	C:\WINDOWS\SYSTEM32\WSOCK32.dll
0x00007ffb307d0000 - 0x00007ffb3083c000 	C:\WINDOWS\System32\WS2_32.dll
0x00007ffb2ae80000 - 0x00007ffb2aea3000 	C:\WINDOWS\SYSTEM32\WINMM.dll
0x00007ffb2ae50000 - 0x00007ffb2ae7a000 	C:\WINDOWS\SYSTEM32\WINMMBASE.dll
0x00007ffb2cc40000 - 0x00007ffb2cc89000 	C:\WINDOWS\System32\cfgmgr32.dll
0x00007ffb224b0000 - 0x00007ffb224bf000 	C:\Program Files\Java\jdk-9.0.4\bin\verify.dll
0x00007ffb1f540000 - 0x00007ffb1f567000 	C:\Program Files\Java\jdk-9.0.4\bin\java.dll
0x00007ffb0f060000 - 0x00007ffb0f08a000 	C:\Program Files\Java\jdk-9.0.4\bin\instrument.dll
0x00007ffb0e200000 - 0x00007ffb0e216000 	C:\Program Files\Java\jdk-9.0.4\bin\zip.dll
0x00007ffb213f0000 - 0x00007ffb213fa000 	C:\Program Files\Java\jdk-9.0.4\bin\jimage.dll
0x00007ffb2efc0000 - 0x00007ffb30400000 	C:\WINDOWS\System32\SHELL32.dll
0x00007ffb2ec00000 - 0x00007ffb2eca9000 	C:\WINDOWS\System32\shcore.dll
0x00007ffb2d180000 - 0x00007ffb2d88d000 	C:\WINDOWS\System32\windows.storage.dll
0x00007ffb2df60000 - 0x00007ffb2dfb1000 	C:\WINDOWS\System32\shlwapi.dll
0x00007ffb2cbd0000 - 0x00007ffb2cbe1000 	C:\WINDOWS\System32\kernel.appcore.dll
0x00007ffb2cbb0000 - 0x00007ffb2cbcf000 	C:\WINDOWS\System32\profapi.dll
0x00007ffb2cbf0000 - 0x00007ffb2cc3c000 	C:\WINDOWS\System32\powrprof.dll
0x00007ffb2cba0000 - 0x00007ffb2cbaa000 	C:\WINDOWS\System32\FLTLIB.DLL
0x00007ffb0e1e0000 - 0x00007ffb0e1fa000 	C:\Program Files\Java\jdk-9.0.4\bin\net.dll
0x00007ffb23c90000 - 0x00007ffb23d6c000 	C:\WINDOWS\SYSTEM32\WINHTTP.dll
0x00007ffb2c3a0000 - 0x00007ffb2c406000 	C:\WINDOWS\system32\mswsock.dll
0x00007ffb0c1b0000 - 0x00007ffb0c1c1000 	C:\Program Files\Java\jdk-9.0.4\bin\nio.dll
0x00007ffb0c190000 - 0x00007ffb0c1aa000 	C:\Program Files\JetBrains\IntelliJ IDEA 2018.2.4\bin\breakgen64.dll
0x000002187e890000 - 0x000002187e893000 	C:\Program Files\Java\jdk-9.0.4\bin\api-ms-win-core-console-l1-1-0.dll
0x000002187e8a0000 - 0x000002187e8a3000 	C:\Program Files\Java\jdk-9.0.4\bin\api-ms-win-core-datetime-l1-1-0.dll
0x000002187e8b0000 - 0x000002187e8b3000 	C:\Program Files\Java\jdk-9.0.4\bin\api-ms-win-core-debug-l1-1-0.dll
0x000002187e8c0000 - 0x000002187e8c3000 	C:\Program Files\Java\jdk-9.0.4\bin\api-ms-win-core-errorhandling-l1-1-0.dll
0x000002187e8d0000 - 0x000002187e8d4000 	C:\Program Files\Java\jdk-9.0.4\bin\api-ms-win-core-file-l1-1-0.dll
0x000002187e8e0000 - 0x000002187e8e3000 	C:\Program Files\Java\jdk-9.0.4\bin\api-ms-win-core-file-l1-2-0.dll
0x000002187e8f0000 - 0x000002187e8f3000 	C:\Program Files\Java\jdk-9.0.4\bin\api-ms-win-core-file-l2-1-0.dll
0x000002187e900000 - 0x000002187e903000 	C:\Program Files\Java\jdk-9.0.4\bin\api-ms-win-core-handle-l1-1-0.dll
0x000002187e910000 - 0x000002187e913000 	C:\Program Files\Java\jdk-9.0.4\bin\api-ms-win-core-heap-l1-1-0.dll
0x000002187e920000 - 0x000002187e923000 	C:\Program Files\Java\jdk-9.0.4\bin\api-ms-win-core-interlocked-l1-1-0.dll
0x000002187e930000 - 0x000002187e933000 	C:\Program Files\Java\jdk-9.0.4\bin\api-ms-win-core-libraryloader-l1-1-0.dll
0x000002187e940000 - 0x000002187e943000 	C:\Program Files\Java\jdk-9.0.4\bin\api-ms-win-core-localization-l1-2-0.dll
0x000002187e950000 - 0x000002187e953000 	C:\Program Files\Java\jdk-9.0.4\bin\api-ms-win-core-memory-l1-1-0.dll
0x000002187e960000 - 0x000002187e963000 	C:\Program Files\Java\jdk-9.0.4\bin\api-ms-win-core-namedpipe-l1-1-0.dll
0x000002187e970000 - 0x000002187e973000 	C:\Program Files\Java\jdk-9.0.4\bin\api-ms-win-core-processenvironment-l1-1-0.dll
0x000002187e980000 - 0x000002187e983000 	C:\Program Files\Java\jdk-9.0.4\bin\api-ms-win-core-processthreads-l1-1-0.dll
0x000002187e990000 - 0x000002187e993000 	C:\Program Files\Java\jdk-9.0.4\bin\api-ms-win-core-processthreads-l1-1-1.dll
0x000002187e9a0000 - 0x000002187e9a3000 	C:\Program Files\Java\jdk-9.0.4\bin\api-ms-win-core-profile-l1-1-0.dll
0x000002187e9b0000 - 0x000002187e9b3000 	C:\Program Files\Java\jdk-9.0.4\bin\api-ms-win-core-rtlsupport-l1-1-0.dll
0x000002187e9c0000 - 0x000002187e9c3000 	C:\Program Files\Java\jdk-9.0.4\bin\api-ms-win-core-string-l1-1-0.dll
0x000002187e9d0000 - 0x000002187e9d3000 	C:\Program Files\Java\jdk-9.0.4\bin\api-ms-win-core-synch-l1-1-0.dll
0x000002187e9e0000 - 0x000002187e9e3000 	C:\Program Files\Java\jdk-9.0.4\bin\api-ms-win-core-synch-l1-2-0.dll
0x000002187e9f0000 - 0x000002187e9f3000 	C:\Program Files\Java\jdk-9.0.4\bin\api-ms-win-core-sysinfo-l1-1-0.dll
0x000002187ea00000 - 0x000002187ea03000 	C:\Program Files\Java\jdk-9.0.4\bin\api-ms-win-core-timezone-l1-1-0.dll
0x000002187ea10000 - 0x000002187ea13000 	C:\Program Files\Java\jdk-9.0.4\bin\api-ms-win-core-util-l1-1-0.dll
0x000002187ea20000 - 0x000002187ea23000 	C:\Program Files\Java\jdk-9.0.4\bin\api-ms-win-crt-conio-l1-1-0.dll
0x000002187ea30000 - 0x000002187ea34000 	C:\Program Files\Java\jdk-9.0.4\bin\api-ms-win-crt-convert-l1-1-0.dll
0x000002187ea40000 - 0x000002187ea43000 	C:\Program Files\Java\jdk-9.0.4\bin\api-ms-win-crt-environment-l1-1-0.dll
0x000002187ea50000 - 0x000002187ea53000 	C:\Program Files\Java\jdk-9.0.4\bin\api-ms-win-crt-filesystem-l1-1-0.dll
0x000002187ea60000 - 0x000002187ea63000 	C:\Program Files\Java\jdk-9.0.4\bin\api-ms-win-crt-heap-l1-1-0.dll
0x000002187ea70000 - 0x000002187ea73000 	C:\Program Files\Java\jdk-9.0.4\bin\api-ms-win-crt-locale-l1-1-0.dll
0x000002187ea80000 - 0x000002187ea85000 	C:\Program Files\Java\jdk-9.0.4\bin\api-ms-win-crt-math-l1-1-0.dll
0x000002187ea90000 - 0x000002187ea95000 	C:\Program Files\Java\jdk-9.0.4\bin\api-ms-win-crt-multibyte-l1-1-0.dll
0x000002187eaa0000 - 0x000002187eab0000 	C:\Program Files\Java\jdk-9.0.4\bin\api-ms-win-crt-private-l1-1-0.dll
0x000002187eab0000 - 0x000002187eab3000 	C:\Program Files\Java\jdk-9.0.4\bin\api-ms-win-crt-process-l1-1-0.dll
0x000002187eac0000 - 0x000002187eac4000 	C:\Program Files\Java\jdk-9.0.4\bin\api-ms-win-crt-runtime-l1-1-0.dll
0x000002187ead0000 - 0x000002187ead4000 	C:\Program Files\Java\jdk-9.0.4\bin\api-ms-win-crt-stdio-l1-1-0.dll
0x000002187eae0000 - 0x000002187eae4000 	C:\Program Files\Java\jdk-9.0.4\bin\api-ms-win-crt-string-l1-1-0.dll
0x000002187eaf0000 - 0x000002187eaf3000 	C:\Program Files\Java\jdk-9.0.4\bin\api-ms-win-crt-time-l1-1-0.dll
0x000002187eb00000 - 0x000002187eb03000 	C:\Program Files\Java\jdk-9.0.4\bin\api-ms-win-crt-utility-l1-1-0.dll
0x00007ffb05030000 - 0x00007ffb05126000 	C:\Program Files\Java\jdk-9.0.4\bin\ucrtbase.dll
0x00007ffb0c170000 - 0x00007ffb0c186000 	C:\Program Files\Java\jdk-9.0.4\bin\vcruntime140.dll
0x00007ffb04df0000 - 0x00007ffb04e8c000 	C:\Program Files\Java\jdk-9.0.4\bin\msvcp140.dll
0x00007ffb06e30000 - 0x00007ffb06e81000 	C:\Program Files\Java\jdk-9.0.4\bin\concrt140.dll
0x00007ffb06eb0000 - 0x00007ffb06ed3000 	C:\Program Files\Java\jdk-9.0.4\bin\prism_d3d.dll
0x00007ffadcdb0000 - 0x00007ffadcf47000 	C:\WINDOWS\system32\d3d9.dll
0x00007ffb2b2f0000 - 0x00007ffb2b319000 	C:\WINDOWS\SYSTEM32\dwmapi.dll
0x00007ffb2b0a0000 - 0x00007ffb2b138000 	C:\WINDOWS\system32\uxtheme.dll
0x00007ffad48b0000 - 0x00007ffada09c000 	C:\WINDOWS\System32\DriverStore\FileRepository\igdlh64.inf_amd64_3b4451a7a4481c81\igdumdim64.dll
0x00007ffb2dd00000 - 0x00007ffb2ddc2000 	C:\WINDOWS\System32\OLEAUT32.dll
0x00007ffb2e830000 - 0x00007ffb2e981000 	C:\WINDOWS\System32\ole32.dll
0x00007ffb2e000000 - 0x00007ffb2e44b000 	C:\WINDOWS\System32\SETUPAPI.dll
0x00007ffb04da0000 - 0x00007ffb04dea000 	C:\Program Files\Java\jdk-9.0.4\bin\glass.dll
0x00007ffb2e510000 - 0x00007ffb2e5fd000 	C:\WINDOWS\System32\COMDLG32.dll
0x00007ffb2e600000 - 0x00007ffb2e775000 	C:\WINDOWS\System32\MSCTF.dll
0x00007ffb24190000 - 0x00007ffb252ef000 	C:\WINDOWS\System32\DriverStore\FileRepository\igdlh64.inf_amd64_3b4451a7a4481c81\igc64.dll
0x00007ffb0c150000 - 0x00007ffb0c164000 	C:\Program Files\Java\jdk-9.0.4\bin\javafx_font.dll
0x00007ffb04c00000 - 0x00007ffb04d99000 	C:\Program Files\Java\jdk-9.0.4\bin\awt.dll
0x00007ffb29fb0000 - 0x00007ffb2a577000 	C:\WINDOWS\SYSTEM32\d2d1.dll
0x00007ffb2adc0000 - 0x00007ffb2ae4b000 	C:\WINDOWS\SYSTEM32\apphelp.dll
0x00007ffb04b60000 - 0x00007ffb04bfd000 	C:\Program Files\Java\jdk-9.0.4\bin\fontmanager.dll
0x00007ffb10aa0000 - 0x00007ffb10dbc000 	C:\WINDOWS\SYSTEM32\dwrite.dll
0x00000000005b0000 - 0x00000000005d5000 	C:\Users\rosti\.jssc\windows\jSSC-2.8_x86_64.dll
0x00007ffb2ecb0000 - 0x00007ffb2ed50000 	C:\WINDOWS\System32\clbcatq.dll
0x00007ffb282a0000 - 0x00007ffb2844e000 	C:\WINDOWS\SYSTEM32\WindowsCodecs.dll
0x00007ffb0f0e0000 - 0x00007ffb0f138000 	C:\WINDOWS\system32\dataexchange.dll
0x00007ffb2a580000 - 0x00007ffb2a71c000 	C:\WINDOWS\system32\dcomp.dll
0x00007ffb29ca0000 - 0x00007ffb29fab000 	C:\WINDOWS\system32\d3d11.dll
0x00007ffb2b940000 - 0x00007ffb2b9fb000 	C:\WINDOWS\system32\dxgi.dll
0x00007ffb2b430000 - 0x00007ffb2b5e8000 	C:\WINDOWS\system32\twinapi.appcore.dll
0x00007ffb2b3d0000 - 0x00007ffb2b3f1000 	C:\WINDOWS\system32\RMCLIENT.dll
0x00007ffb18080000 - 0x00007ffb180b4000 	C:\Program Files\Common Files\Microsoft Shared\Ink\rtscom.dll
0x00007ffb1a490000 - 0x00007ffb1a527000 	C:\WINDOWS\System32\TextInputFramework.dll
0x00007ffb27db0000 - 0x00007ffb280ce000 	C:\WINDOWS\System32\CoreUIComponents.dll
0x00007ffb2aa60000 - 0x00007ffb2ab3a000 	C:\WINDOWS\System32\CoreMessaging.dll
0x00007ffb28a40000 - 0x00007ffb28b8d000 	C:\WINDOWS\SYSTEM32\wintypes.dll
0x00007ffb2bca0000 - 0x00007ffb2bcd1000 	C:\WINDOWS\SYSTEM32\ntmarta.dll
0x00007ffb072c0000 - 0x00007ffb072d2000 	C:\Program Files\Java\jdk-9.0.4\bin\prism_common.dll
0x00007ffb28870000 - 0x00007ffb28a39000 	C:\WINDOWS\SYSTEM32\dbghelp.dll

VM Arguments:
jvm_args: -javaagent:C:\Program Files\JetBrains\IntelliJ IDEA 2018.2.4\lib\idea_rt.jar=51598:C:\Program Files\JetBrains\IntelliJ IDEA 2018.2.4\bin -Dfile.encoding=UTF-8 
java_command: sample.Main
java_class_path (initial): C:\Users\rosti\Documents\GitHub\java-labs-2018\mysql-connector-java-5.1.46\mysql-connector-java-5.1.46-bin.jar;C:\Users\rosti\Documents\GitHub\toks-labs-2018\LAB1.ComMessenger\out\production\LAB1.ComMessenger;C:\Users\rosti\Documents\GitHub\toks-labs-2018\jssc-2.8.0.jar
Launcher Type: SUN_STANDARD

Logging:
Log output configuration:
#0: stdout all=warning uptime,level,tags
#1: stderr all=off uptime,level,tags

Environment Variables:
JAVA_HOME=C:\Program Files\Java\jdk-9.0.4
JRE_HOME=C:\Program Files\Java\jdk-9.0.4
PATH=C:\ProgramData\Oracle\Java\javapath;C:\WINDOWS\system32;C:\WINDOWS;C:\WINDOWS\System32\Wbem;C:\WINDOWS\System32\WindowsPowerShell\v1.0\;C:\Program Files\Intel\WiFi\bin\;C:\Program Files\Common Files\Intel\WirelessCommon\;C:\Program Files\dotnet\;C:\Program Files\Java\jdk-9.0.4\bin;C:\Program Files (x86)\sbt\bin;C:\WINDOWS\System32\OpenSSH\;c:\quartus\quartus\bin;C:\Users\rosti\AppData\Local\Microsoft\WindowsApps;C:\Program Files\Intel\WiFi\bin\;C:\Program Files\Common Files\Intel\WirelessCommon\;C:\Program Files\Microsoft VS Code\bin;C:\Users\rosti\AppData\Local\GitHubDesktop\bin;%USERPROFILE%\AppData\Local\Microsoft\WindowsApps;
USERNAME=rosti
OS=Windows_NT
PROCESSOR_IDENTIFIER=Intel64 Family 6 Model 142 Stepping 9, GenuineIntel



---------------  S Y S T E M  ---------------

OS: Windows 10 , 64 bit Build 17134 (10.0.17134.1)

CPU:total 4 (initial active 4) (2 cores per cpu, 2 threads per core) family 6 model 142 stepping 9, cmov, cx8, fxsr, mmx, sse, sse2, sse3, ssse3, sse4.1, sse4.2, popcnt, avx, avx2, aes, clmul, erms, 3dnowpref, lzcnt, ht, tsc, tscinvbit, bmi1, bmi2, adx, fma

Memory: 4k page, physical 4074596k(615152k free), swap 7744612k(1975072k free)

vm_info: Java HotSpot(TM) 64-Bit Server VM (9.0.4+11) for windows-amd64 JRE (9.0.4+11), built on Dec 20 2017 02:18:54 by "mach5one" with MS VC++ 12.0 (VS2013)

END.
