#
# A fatal error has been detected by the Java Runtime Environment:
#
#  EXCEPTION_ACCESS_VIOLATION (0xc0000005) at pc=0x000000007110b5db, pid=12772, tid=1420
#
# JRE version: Java(TM) SE Runtime Environment (9.0+11) (build 9.0.4+11)
# Java VM: Java HotSpot(TM) 64-Bit Server VM (9.0.4+11, mixed mode, tiered, compressed oops, g1 gc, windows-amd64)
# Problematic frame:
# C  [jSSC-2.8_x86_64.dll+0xb5db]
#
# No core dump will be written. Minidumps are not enabled by default on client versions of Windows
#
# If you would like to submit a bug report, please visit:
#   http://bugreport.java.com/bugreport/crash.jsp
# The crash happened outside the Java Virtual Machine in native code.
# See problematic frame for where to report the bug.
#

---------------  S U M M A R Y ------------

Command Line: -javaagent:C:\Program Files\JetBrains\IntelliJ IDEA 2018.2.4\lib\idea_rt.jar=61487:C:\Program Files\JetBrains\IntelliJ IDEA 2018.2.4\bin -Dfile.encoding=UTF-8 com.intellij.uiDesigner.snapShooter.SnapShooter 3 61486 sample.Main

Host: Intel(R) Core(TM) m3-7Y30 CPU @ 1.00GHz, 4 cores, 3G,  Windows 10 , 64 bit Build 17134 (10.0.17134.1)
Time: Tue Sep 25 16:58:55 2018 Aaea?onu (ceia) elapsed time: 32 seconds (0d 0h 0m 32s)

---------------  T H R E A D  ---------------

Current thread (0x00000119ef863800):  JavaThread "JavaFX Application Thread" [_thread_in_native, id=1420, stack(0x0000000102200000,0x0000000102300000)]

Stack: [0x0000000102200000,0x0000000102300000],  sp=0x00000001022fa730,  free space=1001k
Native frames: (J=compiled Java code, j=interpreted, Vv=VM code, C=native code)
C  [jSSC-2.8_x86_64.dll+0xb5db]
C  [jSSC-2.8_x86_64.dll+0x12590]
C  [jSSC-2.8_x86_64.dll+0x1595]
C  0x00000119da2792fc

Java frames: (J=compiled Java code, j=interpreted, Vv=VM code)
j  jssc.SerialNativeInterface.openPort(Ljava/lang/String;Z)J+0
j  jssc.SerialPort.openPort()Z+65
j  sample.MessengerCore.connect()V+601
j  sample.Controller.pressedConnectButton()V+4
v  ~StubRoutines::call_stub
j  jdk.internal.reflect.NativeMethodAccessorImpl.invoke0(Ljava/lang/reflect/Method;Ljava/lang/Object;[Ljava/lang/Object;)Ljava/lang/Object;+0 java.base@9.0.4
j  jdk.internal.reflect.NativeMethodAccessorImpl.invoke(Ljava/lang/Object;[Ljava/lang/Object;)Ljava/lang/Object;+100 java.base@9.0.4
J 1272 c1 jdk.internal.reflect.DelegatingMethodAccessorImpl.invoke(Ljava/lang/Object;[Ljava/lang/Object;)Ljava/lang/Object; java.base@9.0.4 (10 bytes) @ 0x00000119daa5624c [0x00000119daa56140+0x000000000000010c]
J 1263 c1 java.lang.reflect.Method.invoke(Ljava/lang/Object;[Ljava/lang/Object;)Ljava/lang/Object; java.base@9.0.4 (65 bytes) @ 0x00000119daa43bcc [0x00000119daa43780+0x000000000000044c]
j  com.sun.javafx.reflect.Trampoline.invoke(Ljava/lang/reflect/Method;Ljava/lang/Object;[Ljava/lang/Object;)Ljava/lang/Object;+7
j  jdk.internal.reflect.GeneratedMethodAccessor2.invoke(Ljava/lang/Object;[Ljava/lang/Object;)Ljava/lang/Object;+40
J 1272 c1 jdk.internal.reflect.DelegatingMethodAccessorImpl.invoke(Ljava/lang/Object;[Ljava/lang/Object;)Ljava/lang/Object; java.base@9.0.4 (10 bytes) @ 0x00000119daa5624c [0x00000119daa56140+0x000000000000010c]
J 1263 c1 java.lang.reflect.Method.invoke(Ljava/lang/Object;[Ljava/lang/Object;)Ljava/lang/Object; java.base@9.0.4 (65 bytes) @ 0x00000119daa43bcc [0x00000119daa43780+0x000000000000044c]
j  com.sun.javafx.reflect.MethodUtil.invoke(Ljava/lang/reflect/Method;Ljava/lang/Object;[Ljava/lang/Object;)Ljava/lang/Object;+20 javafx.base@9.0.4
j  com.sun.javafx.fxml.MethodHelper.invoke(Ljava/lang/reflect/Method;Ljava/lang/Object;[Ljava/lang/Object;)Ljava/lang/Object;+142 javafx.fxml@9.0.4
j  javafx.fxml.FXMLLoader$MethodHandler.invoke([Ljava/lang/Object;)V+38 javafx.fxml@9.0.4
j  javafx.fxml.FXMLLoader$ControllerMethodEventHandler.handle(Ljavafx/event/Event;)V+12 javafx.fxml@9.0.4
J 2476 c1 com.sun.javafx.event.CompositeEventHandler.dispatchBubblingEvent(Ljavafx/event/Event;)V javafx.base@9.0.4 (57 bytes) @ 0x00000119daca32e4 [0x00000119daca2f00+0x00000000000003e4]
J 2449 c1 com.sun.javafx.event.EventHandlerManager.dispatchBubblingEvent(Ljavafx/event/Event;)Ljavafx/event/Event; javafx.base@9.0.4 (23 bytes) @ 0x00000119dac9a15c [0x00000119dac99aa0+0x00000000000006bc]
J 2452 c1 com.sun.javafx.event.CompositeEventDispatcher.dispatchBubblingEvent(Ljavafx/event/Event;)Ljavafx/event/Event; javafx.base@9.0.4 (35 bytes) @ 0x00000119dac9c6ac [0x00000119dac9c4e0+0x00000000000001cc]
J 2323 c1 com.sun.javafx.event.BasicEventDispatcher.dispatchEvent(Ljavafx/event/Event;Ljavafx/event/EventDispatchChain;)Ljavafx/event/Event; javafx.base@9.0.4 (44 bytes) @ 0x00000119dac6895c [0x00000119dac68600+0x000000000000035c]
J 3063 c2 com.sun.javafx.event.EventDispatchChainImpl.dispatchEvent(Ljavafx/event/Event;)Ljavafx/event/Event; javafx.base@9.0.4 (101 bytes) @ 0x00000119e1e8dec4 [0x00000119e1e8de20+0x00000000000000a4]
J 2323 c1 com.sun.javafx.event.BasicEventDispatcher.dispatchEvent(Ljavafx/event/Event;Ljavafx/event/EventDispatchChain;)Ljavafx/event/Event; javafx.base@9.0.4 (44 bytes) @ 0x00000119dac6886c [0x00000119dac68600+0x000000000000026c]
J 3063 c2 com.sun.javafx.event.EventDispatchChainImpl.dispatchEvent(Ljavafx/event/Event;)Ljavafx/event/Event; javafx.base@9.0.4 (101 bytes) @ 0x00000119e1e8dec4 [0x00000119e1e8de20+0x00000000000000a4]
J 2323 c1 com.sun.javafx.event.BasicEventDispatcher.dispatchEvent(Ljavafx/event/Event;Ljavafx/event/EventDispatchChain;)Ljavafx/event/Event; javafx.base@9.0.4 (44 bytes) @ 0x00000119dac6886c [0x00000119dac68600+0x000000000000026c]
J 3063 c2 com.sun.javafx.event.EventDispatchChainImpl.dispatchEvent(Ljavafx/event/Event;)Ljavafx/event/Event; javafx.base@9.0.4 (101 bytes) @ 0x00000119e1e8dec4 [0x00000119e1e8de20+0x00000000000000a4]
J 2323 c1 com.sun.javafx.event.BasicEventDispatcher.dispatchEvent(Ljavafx/event/Event;Ljavafx/event/EventDispatchChain;)Ljavafx/event/Event; javafx.base@9.0.4 (44 bytes) @ 0x00000119dac6886c [0x00000119dac68600+0x000000000000026c]
J 3063 c2 com.sun.javafx.event.EventDispatchChainImpl.dispatchEvent(Ljavafx/event/Event;)Ljavafx/event/Event; javafx.base@9.0.4 (101 bytes) @ 0x00000119e1e8dec4 [0x00000119e1e8de20+0x00000000000000a4]
J 2816 c1 com.sun.javafx.event.EventUtil.fireEvent(Ljavafx/event/EventTarget;Ljavafx/event/Event;)Ljavafx/event/Event; javafx.base@9.0.4 (81 bytes) @ 0x00000119dad6bd0c [0x00000119dad6ae20+0x0000000000000eec]
J 2815 c1 javafx.event.Event.fireEvent(Ljavafx/event/EventTarget;Ljavafx/event/Event;)V javafx.base@9.0.4 (35 bytes) @ 0x00000119dad6a744 [0x00000119dad6a680+0x00000000000000c4]
j  javafx.scene.Node.fireEvent(Ljavafx/event/Event;)V+86 javafx.graphics@9.0.4
j  javafx.scene.control.Button.fire()V+15 javafx.controls@9.0.4
j  com.sun.javafx.scene.control.behavior.ButtonBehavior.mouseReleased(Ljavafx/scene/input/MouseEvent;)V+27 javafx.controls@9.0.4
j  com.sun.javafx.scene.control.behavior.ButtonBehavior$$Lambda$428.handle(Ljavafx/event/Event;)V+8 javafx.controls@9.0.4
j  com.sun.javafx.scene.control.inputmap.InputMap.handle(Ljavafx/event/Event;)V+61 javafx.controls@9.0.4
j  com.sun.javafx.scene.control.inputmap.InputMap$$Lambda$173.handle(Ljavafx/event/Event;)V+5 javafx.controls@9.0.4
J 2700 c1 com.sun.javafx.event.CompositeEventHandler$NormalEventHandlerRecord.handleBubblingEvent(Ljavafx/event/Event;)V javafx.base@9.0.4 (11 bytes) @ 0x00000119dad2184c [0x00000119dad21740+0x000000000000010c]
J 2476 c1 com.sun.javafx.event.CompositeEventHandler.dispatchBubblingEvent(Ljavafx/event/Event;)V javafx.base@9.0.4 (57 bytes) @ 0x00000119daca3154 [0x00000119daca2f00+0x0000000000000254]
J 2449 c1 com.sun.javafx.event.EventHandlerManager.dispatchBubblingEvent(Ljavafx/event/Event;)Ljavafx/event/Event; javafx.base@9.0.4 (23 bytes) @ 0x00000119dac9a15c [0x00000119dac99aa0+0x00000000000006bc]
J 2452 c1 com.sun.javafx.event.CompositeEventDispatcher.dispatchBubblingEvent(Ljavafx/event/Event;)Ljavafx/event/Event; javafx.base@9.0.4 (35 bytes) @ 0x00000119dac9c6ac [0x00000119dac9c4e0+0x00000000000001cc]
J 2323 c1 com.sun.javafx.event.BasicEventDispatcher.dispatchEvent(Ljavafx/event/Event;Ljavafx/event/EventDispatchChain;)Ljavafx/event/Event; javafx.base@9.0.4 (44 bytes) @ 0x00000119dac6895c [0x00000119dac68600+0x000000000000035c]
J 3063 c2 com.sun.javafx.event.EventDispatchChainImpl.dispatchEvent(Ljavafx/event/Event;)Ljavafx/event/Event; javafx.base@9.0.4 (101 bytes) @ 0x00000119e1e8dec4 [0x00000119e1e8de20+0x00000000000000a4]
J 2323 c1 com.sun.javafx.event.BasicEventDispatcher.dispatchEvent(Ljavafx/event/Event;Ljavafx/event/EventDispatchChain;)Ljavafx/event/Event; javafx.base@9.0.4 (44 bytes) @ 0x00000119dac6886c [0x00000119dac68600+0x000000000000026c]
J 3063 c2 com.sun.javafx.event.EventDispatchChainImpl.dispatchEvent(Ljavafx/event/Event;)Ljavafx/event/Event; javafx.base@9.0.4 (101 bytes) @ 0x00000119e1e8dec4 [0x00000119e1e8de20+0x00000000000000a4]
J 2323 c1 com.sun.javafx.event.BasicEventDispatcher.dispatchEvent(Ljavafx/event/Event;Ljavafx/event/EventDispatchChain;)Ljavafx/event/Event; javafx.base@9.0.4 (44 bytes) @ 0x00000119dac6886c [0x00000119dac68600+0x000000000000026c]
J 3063 c2 com.sun.javafx.event.EventDispatchChainImpl.dispatchEvent(Ljavafx/event/Event;)Ljavafx/event/Event; javafx.base@9.0.4 (101 bytes) @ 0x00000119e1e8dec4 [0x00000119e1e8de20+0x00000000000000a4]
J 2323 c1 com.sun.javafx.event.BasicEventDispatcher.dispatchEvent(Ljavafx/event/Event;Ljavafx/event/EventDispatchChain;)Ljavafx/event/Event; javafx.base@9.0.4 (44 bytes) @ 0x00000119dac6886c [0x00000119dac68600+0x000000000000026c]
J 3063 c2 com.sun.javafx.event.EventDispatchChainImpl.dispatchEvent(Ljavafx/event/Event;)Ljavafx/event/Event; javafx.base@9.0.4 (101 bytes) @ 0x00000119e1e8dec4 [0x00000119e1e8de20+0x00000000000000a4]
J 2816 c1 com.sun.javafx.event.EventUtil.fireEvent(Ljavafx/event/EventTarget;Ljavafx/event/Event;)Ljavafx/event/Event; javafx.base@9.0.4 (81 bytes) @ 0x00000119dad6b844 [0x00000119dad6ae20+0x0000000000000a24]
J 2882 c1 javafx.scene.Scene$MouseHandler.process(Ljavafx/scene/input/MouseEvent;Z)V javafx.graphics@9.0.4 (735 bytes) @ 0x00000119dad9c88c [0x00000119dad99e80+0x0000000000002a0c]
J 2744 c1 javafx.scene.Scene$ScenePeerListener.mouseEvent(Ljavafx/event/EventType;DDDDLjavafx/scene/input/MouseButton;ZZZZZZZZZ)V javafx.graphics@9.0.4 (50 bytes) @ 0x00000119dad4129c [0x00000119dad40fe0+0x00000000000002bc]
J 3015 c1 com.sun.javafx.tk.quantum.GlassViewEventHandler$MouseEventNotification.run()Ljava/lang/Void; javafx.graphics@9.0.4 (635 bytes) @ 0x00000119dadef784 [0x00000119dadee580+0x0000000000001204]
J 3014 c1 com.sun.javafx.tk.quantum.GlassViewEventHandler$MouseEventNotification.run()Ljava/lang/Object; javafx.graphics@9.0.4 (5 bytes) @ 0x00000119dadee0c4 [0x00000119dadee040+0x0000000000000084]
v  ~StubRoutines::call_stub
J 2472  java.security.AccessController.doPrivileged(Ljava/security/PrivilegedAction;Ljava/security/AccessControlContext;)Ljava/lang/Object; java.base@9.0.4 (0 bytes) @ 0x00000119e1e5ded6 [0x00000119e1e5de60+0x0000000000000076]
J 2909 c1 com.sun.javafx.tk.quantum.GlassViewEventHandler$$Lambda$481.get()Ljava/lang/Object; javafx.graphics@9.0.4 (8 bytes) @ 0x00000119dadab1c4 [0x00000119dadab000+0x00000000000001c4]
J 2713 c1 com.sun.javafx.tk.quantum.QuantumToolkit.runWithoutRenderLock(Ljava/util/function/Supplier;)Ljava/lang/Object; javafx.graphics@9.0.4 (49 bytes) @ 0x00000119dad2d724 [0x00000119dad2d1c0+0x0000000000000564]
J 2906 c1 com.sun.javafx.tk.quantum.GlassViewEventHandler.handleMouseEvent(Lcom/sun/glass/ui/View;JIIIIIIIZZ)V javafx.graphics@9.0.4 (108 bytes) @ 0x00000119dada9f24 [0x00000119dada9b20+0x0000000000000404]
J 2742 c1 com.sun.glass.ui.View.notifyMouse(IIIIIIIZZ)V javafx.graphics@9.0.4 (221 bytes) @ 0x00000119dad3f82c [0x00000119dad3e7c0+0x000000000000106c]
v  ~StubRoutines::call_stub
j  com.sun.glass.ui.win.WinApplication._runLoop(Ljava/lang/Runnable;)V+0 javafx.graphics@9.0.4
j  com.sun.glass.ui.win.WinApplication.lambda$runLoop$3(ILjava/lang/Runnable;)V+8 javafx.graphics@9.0.4
j  com.sun.glass.ui.win.WinApplication$$Lambda$67.run()V+12 javafx.graphics@9.0.4
j  java.lang.Thread.run()V+11 java.base@9.0.4
v  ~StubRoutines::call_stub

siginfo: EXCEPTION_ACCESS_VIOLATION (0xc0000005), reading address 0xfffffffff0365f59


Register to memory mapping:

RIP=0x000000007110b5db jSSC-2.8_x86_64.dll
RAX=0xfffffffff0365f59 is an unknown value
RBX=0x00000001022fa7a0 is pointing into the stack for thread: 0x00000119ef863800
RCX=0x00007ffe8deda0d4 ntdll.dll
RDX=0x0000000000000000 is an unknown value
RSP=0x00000001022fa730 is pointing into the stack for thread: 0x00000119ef863800
RBP=0x00000001022fa8b0 is pointing into the stack for thread: 0x00000119ef863800
RSI=0x00000119ef863a18 is an unknown value
RDI=0x00000000000009a0 is an unknown value
R8 =0x00000001022fa628 is pointing into the stack for thread: 0x00000119ef863800
R9 =0x00000001022fa720 is pointing into the stack for thread: 0x00000119ef863800
R10=0x0000000000000000 is an unknown value
R11=0x0000000000000246 is an unknown value
R12=0x00000001022fa968 is pointing into the stack for thread: 0x00000119ef863800
R13=0x00000119f1156fb0 is an unknown value
R14=0x00000001022fa860 is pointing into the stack for thread: 0x00000119ef863800
R15=0x00000119ef863800 is a thread


Registers:
RAX=0xfffffffff0365f59, RBX=0x00000001022fa7a0, RCX=0x00007ffe8deda0d4, RDX=0x0000000000000000
RSP=0x00000001022fa730, RBP=0x00000001022fa8b0, RSI=0x00000119ef863a18, RDI=0x00000000000009a0
R8 =0x00000001022fa628, R9 =0x00000001022fa720, R10=0x0000000000000000, R11=0x0000000000000246
R12=0x00000001022fa968, R13=0x00000119f1156fb0, R14=0x00000001022fa860, R15=0x00000119ef863800
RIP=0x000000007110b5db, EFLAGS=0x0000000000010202

Top of Stack: (sp=0x00000001022fa730)
0x00000001022fa730:   00000001022fa758 00007ffe00000000
0x00000001022fa740:   000000007110b230 00007ffe8de50428
0x00000001022fa750:   00000119f1156fb0 0000000000000004
0x00000001022fa760:   00000119ef863a18 00000000000009a0
0x00000001022fa770:   00000001022fa8b0 0000000071112590
0x00000001022fa780:   00000001022fa7e0 00000001022fa968
0x00000001022fa790:   00000119f1156290 0000000000000000
0x00000001022fa7a0:   00000000000009a0 00007ffe8ae94847
0x00000001022fa7b0:   00000119ef863800 00000001022fa860
0x00000001022fa7c0:   00000119f1156fb0 00000119ef863a18
0x00000001022fa7d0:   0000000071113500 0000000071113be8
0x00000001022fa7e0:   00000001022fa810 0000000071112641
0x00000001022fa7f0:   00000001022fa780 0000000040000000
0x00000001022fa800:   0000000000000000 0000000000000000
0x00000001022fa810:   00000001022fa8b0 0000000071101595
0x00000001022fa820:   000000000000001c 00000119ef863a18 

Instructions: (pc=0x000000007110b5db)
0x000000007110b5bb:   c5 0f 1f 40 00 55 57 56 53 48 83 ec 28 48 8b 05
0x000000007110b5cb:   39 33 01 00 48 89 cb 48 85 c0 0f 84 c5 00 00 00
0x000000007110b5db:   8b 38 85 ff 0f 88 ab 00 00 00 48 8b 05 1c 33 01
0x000000007110b5eb:   00 48 85 c0 0f 84 bc 00 00 00 8b 30 85 f6 74 57 



---------------  P R O C E S S  ---------------

Java Threads: ( => current thread )
  0x00000119efdcd000 JavaThread "Prism Font Disposer" daemon [_thread_blocked, id=1272, stack(0x0000000102c00000,0x0000000102d00000)]
  0x00000119f1040800 JavaThread "Java2D Disposer" daemon [_thread_blocked, id=14828, stack(0x0000000102800000,0x0000000102900000)]
  0x00000119efe0a000 JavaThread "Thread-2" daemon [_thread_in_native, id=13468, stack(0x0000000102600000,0x0000000102700000)]
=>0x00000119ef863800 JavaThread "JavaFX Application Thread" [_thread_in_native, id=1420, stack(0x0000000102200000,0x0000000102300000)]
  0x00000119efa94800 JavaThread "InvokeLaterDispatcher" daemon [_thread_blocked, id=6496, stack(0x0000000102100000,0x0000000102200000)]
  0x00000119ef803000 JavaThread "QuantumRenderer-0" daemon [_thread_blocked, id=12328, stack(0x0000000102000000,0x0000000102100000)]
  0x00000119ef248800 JavaThread "JavaFX-Launcher" [_thread_blocked, id=15136, stack(0x0000000101f00000,0x0000000102000000)]
  0x00000119eeedb000 JavaThread "snapshooter" daemon [_thread_in_native, id=13604, stack(0x0000000101e00000,0x0000000101f00000)]
  0x00000119ef16d000 JavaThread "Service Thread" daemon [_thread_blocked, id=14852, stack(0x0000000101c00000,0x0000000101d00000)]
  0x00000119ef16c000 JavaThread "Monitor Ctrl-Break" daemon [_thread_in_native, id=14172, stack(0x0000000101b00000,0x0000000101c00000)]
  0x00000119eee50000 JavaThread "Common-Cleaner" daemon [_thread_blocked, id=11584, stack(0x0000000101a00000,0x0000000101b00000)]
  0x00000119eee2d000 JavaThread "Sweeper thread" daemon [_thread_blocked, id=11836, stack(0x0000000101900000,0x0000000101a00000)]
  0x00000119eee28800 JavaThread "C1 CompilerThread2" daemon [_thread_blocked, id=1060, stack(0x0000000101800000,0x0000000101900000)]
  0x00000119eee27800 JavaThread "C2 CompilerThread1" daemon [_thread_blocked, id=2836, stack(0x0000000101700000,0x0000000101800000)]
  0x00000119eedb8000 JavaThread "C2 CompilerThread0" daemon [_thread_blocked, id=10428, stack(0x0000000101600000,0x0000000101700000)]
  0x00000119eedb4000 JavaThread "Attach Listener" daemon [_thread_blocked, id=11012, stack(0x0000000101500000,0x0000000101600000)]
  0x00000119eedb3000 JavaThread "Signal Dispatcher" daemon [_thread_blocked, id=4952, stack(0x0000000101400000,0x0000000101500000)]
  0x00000119eed5a800 JavaThread "Finalizer" daemon [_thread_blocked, id=7796, stack(0x0000000101300000,0x0000000101400000)]
  0x00000119eed59800 JavaThread "Reference Handler" daemon [_thread_blocked, id=3332, stack(0x0000000101200000,0x0000000101300000)]
  0x00000119ce1e4000 JavaThread "main" [_thread_blocked, id=14144, stack(0x0000000100500000,0x0000000100600000)]

Other Threads:
  0x00000119eed55800 VMThread "VM Thread" [stack: 0x0000000101100000,0x0000000101200000] [id=14732]
  0x00000119ef172800 WatcherThread [stack: 0x0000000101d00000,0x0000000101e00000] [id=9828]
  0x00000119ce1f9000 GCTaskThread "GC Thread#0" [stack: 0x0000000100600000,0x0000000100700000] [id=2724]
  0x00000119ce1fa000 GCTaskThread "GC Thread#1" [stack: 0x0000000100700000,0x0000000100800000] [id=7388]
  0x00000119ce1fc000 GCTaskThread "GC Thread#2" [stack: 0x0000000100800000,0x0000000100900000] [id=13772]
  0x00000119ce1fe000 GCTaskThread "GC Thread#3" [stack: 0x0000000100900000,0x0000000100a00000] [id=7240]
  0x00000119ce240800 ConcurrentGCThread "G1 Main Marker" [stack: 0x0000000100f00000,0x0000000101000000] [id=3208]
  0x00000119ce242000 ConcurrentGCThread "G1 Marker#0" [stack: 0x0000000101000000,0x0000000101100000] [id=1404]
  0x00000119ce207800 ConcurrentGCThread "G1 Refine#0" [stack: 0x0000000100d00000,0x0000000100e00000] [id=3980]
  0x00000119ce205000 ConcurrentGCThread "G1 Refine#1" [stack: 0x0000000100c00000,0x0000000100d00000] [id=11908]
  0x00000119ce204000 ConcurrentGCThread "G1 Refine#2" [stack: 0x0000000100b00000,0x0000000100c00000] [id=4332]
  0x00000119ce1ff800 ConcurrentGCThread "G1 Refine#3" [stack: 0x0000000100a00000,0x0000000100b00000] [id=2000]
  0x00000119ce20a000 ConcurrentGCThread "G1 Young RemSet Sampling" [stack: 0x0000000100e00000,0x0000000100f00000] [id=11840]

Threads with active compile tasks:

VM state:not at safepoint (normal execution)

VM Mutex/Monitor currently owned by a thread: None

Heap address: 0x00000000c1c00000, size: 996 MB, Compressed Oops mode: 32-bit
Narrow klass base: 0x0000011980000000, Narrow klass shift: 0
Compressed class space size: 1073741824 Address: 0x0000011980000000

Heap:
 garbage-first heap   total 65536K, used 25115K [0x00000000c1c00000, 0x00000000c1d00200, 0x0000000100000000)
  region size 1024K, 18 young (18432K), 5 survivors (5120K)
 Metaspace       used 22905K, capacity 25448K, committed 25648K, reserved 1071104K
  class space    used 2944K, capacity 3376K, committed 3376K, reserved 1048576K
Heap Regions: E=young(eden), S=young(survivor), O=old, HS=humongous(starts), HC=humongous(continues), CS=collection set, F=free, A=archive, TS=gc time stamp, AC=allocation context, TAMS=top-at-mark-start (previous, next)
|   0|0x00000000c1c00000, 0x00000000c1d00000, 0x00000000c1d00000|100%|HS|  |TS  0|AC  0|TAMS 0x00000000c1d00000, 0x00000000c1d00000|
|   1|0x00000000c1d00000, 0x00000000c1e00000, 0x00000000c1e00000|100%|HC|  |TS  0|AC  0|TAMS 0x00000000c1e00000, 0x00000000c1e00000|
|   2|0x00000000c1e00000, 0x00000000c1f00000, 0x00000000c1f00000|100%|HC|  |TS  0|AC  0|TAMS 0x00000000c1f00000, 0x00000000c1f00000|
|   3|0x00000000c1f00000, 0x00000000c2000000, 0x00000000c2000000|100%|HS|  |TS  0|AC  0|TAMS 0x00000000c2000000, 0x00000000c2000000|
|   4|0x00000000c2000000, 0x00000000c2100000, 0x00000000c2100000|100%| O|  |TS  0|AC  0|TAMS 0x00000000c2100000, 0x00000000c2100000|
|   5|0x00000000c2100000, 0x00000000c2186c00, 0x00000000c2200000| 52%| O|  |TS  0|AC  0|TAMS 0x00000000c2186c00, 0x00000000c2186c00|
|   6|0x00000000c2200000, 0x00000000c2300000, 0x00000000c2300000|100%|HS|  |TS  0|AC  0|TAMS 0x00000000c2200000, 0x00000000c2200000|
|   7|0x00000000c2300000, 0x00000000c2400000, 0x00000000c2400000|100%|HC|  |TS  0|AC  0|TAMS 0x00000000c2300000, 0x00000000c2300000|
|   8|0x00000000c2400000, 0x00000000c2400000, 0x00000000c2500000|  0%| F|  |TS  0|AC  0|TAMS 0x00000000c2400000, 0x00000000c2400000|
|   9|0x00000000c2500000, 0x00000000c2500000, 0x00000000c2600000|  0%| F|  |TS  0|AC  0|TAMS 0x00000000c2500000, 0x00000000c2500000|
|  10|0x00000000c2600000, 0x00000000c2600000, 0x00000000c2700000|  0%| F|  |TS  0|AC  0|TAMS 0x00000000c2600000, 0x00000000c2600000|
|  11|0x00000000c2700000, 0x00000000c2700000, 0x00000000c2800000|  0%| F|  |TS  0|AC  0|TAMS 0x00000000c2700000, 0x00000000c2700000|
|  12|0x00000000c2800000, 0x00000000c2800000, 0x00000000c2900000|  0%| F|  |TS  0|AC  0|TAMS 0x00000000c2800000, 0x00000000c2800000|
|  13|0x00000000c2900000, 0x00000000c2900000, 0x00000000c2a00000|  0%| F|  |TS  0|AC  0|TAMS 0x00000000c2900000, 0x00000000c2900000|
|  14|0x00000000c2a00000, 0x00000000c2a00000, 0x00000000c2b00000|  0%| F|  |TS  0|AC  0|TAMS 0x00000000c2a00000, 0x00000000c2a00000|
|  15|0x00000000c2b00000, 0x00000000c2b00000, 0x00000000c2c00000|  0%| F|  |TS  0|AC  0|TAMS 0x00000000c2b00000, 0x00000000c2b00000|
|  16|0x00000000c2c00000, 0x00000000c2c00000, 0x00000000c2d00000|  0%| F|  |TS  0|AC  0|TAMS 0x00000000c2c00000, 0x00000000c2c00000|
|  17|0x00000000c2d00000, 0x00000000c2d00000, 0x00000000c2e00000|  0%| F|  |TS  0|AC  0|TAMS 0x00000000c2d00000, 0x00000000c2d00000|
|  18|0x00000000c2e00000, 0x00000000c2e00000, 0x00000000c2f00000|  0%| F|  |TS  0|AC  0|TAMS 0x00000000c2e00000, 0x00000000c2e00000|
|  19|0x00000000c2f00000, 0x00000000c2f00000, 0x00000000c3000000|  0%| F|  |TS  0|AC  0|TAMS 0x00000000c2f00000, 0x00000000c2f00000|
|  20|0x00000000c3000000, 0x00000000c3000000, 0x00000000c3100000|  0%| F|  |TS  0|AC  0|TAMS 0x00000000c3000000, 0x00000000c3000000|
|  21|0x00000000c3100000, 0x00000000c3100000, 0x00000000c3200000|  0%| F|  |TS  0|AC  0|TAMS 0x00000000c3100000, 0x00000000c3100000|
|  22|0x00000000c3200000, 0x00000000c3200000, 0x00000000c3300000|  0%| F|  |TS  0|AC  0|TAMS 0x00000000c3200000, 0x00000000c3200000|
|  23|0x00000000c3300000, 0x00000000c3300000, 0x00000000c3400000|  0%| F|  |TS  0|AC  0|TAMS 0x00000000c3300000, 0x00000000c3300000|
|  24|0x00000000c3400000, 0x00000000c3400000, 0x00000000c3500000|  0%| F|  |TS  0|AC  0|TAMS 0x00000000c3400000, 0x00000000c3400000|
|  25|0x00000000c3500000, 0x00000000c3500000, 0x00000000c3600000|  0%| F|  |TS  0|AC  0|TAMS 0x00000000c3500000, 0x00000000c3500000|
|  26|0x00000000c3600000, 0x00000000c3600000, 0x00000000c3700000|  0%| F|  |TS  0|AC  0|TAMS 0x00000000c3600000, 0x00000000c3600000|
|  27|0x00000000c3700000, 0x00000000c3700000, 0x00000000c3800000|  0%| F|  |TS  0|AC  0|TAMS 0x00000000c3700000, 0x00000000c3700000|
|  28|0x00000000c3800000, 0x00000000c3800000, 0x00000000c3900000|  0%| F|  |TS  0|AC  0|TAMS 0x00000000c3800000, 0x00000000c3800000|
|  29|0x00000000c3900000, 0x00000000c3900000, 0x00000000c3a00000|  0%| F|  |TS  0|AC  0|TAMS 0x00000000c3900000, 0x00000000c3900000|
|  30|0x00000000c3a00000, 0x00000000c3a00000, 0x00000000c3b00000|  0%| F|  |TS  0|AC  0|TAMS 0x00000000c3a00000, 0x00000000c3a00000|
|  31|0x00000000c3b00000, 0x00000000c3b00000, 0x00000000c3c00000|  0%| F|  |TS  0|AC  0|TAMS 0x00000000c3b00000, 0x00000000c3b00000|
|  32|0x00000000c3c00000, 0x00000000c3c00000, 0x00000000c3d00000|  0%| F|  |TS  0|AC  0|TAMS 0x00000000c3c00000, 0x00000000c3c00000|
|  33|0x00000000c3d00000, 0x00000000c3d00000, 0x00000000c3e00000|  0%| F|  |TS  0|AC  0|TAMS 0x00000000c3d00000, 0x00000000c3d00000|
|  34|0x00000000c3e00000, 0x00000000c3e00000, 0x00000000c3f00000|  0%| F|  |TS  0|AC  0|TAMS 0x00000000c3e00000, 0x00000000c3e00000|
|  35|0x00000000c3f00000, 0x00000000c3f00000, 0x00000000c4000000|  0%| F|  |TS  0|AC  0|TAMS 0x00000000c3f00000, 0x00000000c3f00000|
|  36|0x00000000c4000000, 0x00000000c4000000, 0x00000000c4100000|  0%| F|  |TS  0|AC  0|TAMS 0x00000000c4000000, 0x00000000c4000000|
|  37|0x00000000c4100000, 0x00000000c4200000, 0x00000000c4200000|100%| S|CS|TS  0|AC  0|TAMS 0x00000000c4100000, 0x00000000c4100000|
|  38|0x00000000c4200000, 0x00000000c4300000, 0x00000000c4300000|100%| S|CS|TS  0|AC  0|TAMS 0x00000000c4200000, 0x00000000c4200000|
|  39|0x00000000c4300000, 0x00000000c4400000, 0x00000000c4400000|100%| S|CS|TS  0|AC  0|TAMS 0x00000000c4300000, 0x00000000c4300000|
|  40|0x00000000c4400000, 0x00000000c4500000, 0x00000000c4500000|100%| S|CS|TS  0|AC  0|TAMS 0x00000000c4400000, 0x00000000c4400000|
|  41|0x00000000c4500000, 0x00000000c4600000, 0x00000000c4600000|100%| S|CS|TS  0|AC  0|TAMS 0x00000000c4500000, 0x00000000c4500000|
|  42|0x00000000c4600000, 0x00000000c4600000, 0x00000000c4700000|  0%| F|  |TS  0|AC  0|TAMS 0x00000000c4600000, 0x00000000c4600000|
|  43|0x00000000c4700000, 0x00000000c4700000, 0x00000000c4800000|  0%| F|  |TS  0|AC  0|TAMS 0x00000000c4700000, 0x00000000c4700000|
|  44|0x00000000c4800000, 0x00000000c4800000, 0x00000000c4900000|  0%| F|  |TS  0|AC  0|TAMS 0x00000000c4800000, 0x00000000c4800000|
|  45|0x00000000c4900000, 0x00000000c4900000, 0x00000000c4a00000|  0%| F|  |TS  0|AC  0|TAMS 0x00000000c4900000, 0x00000000c4900000|
|  46|0x00000000c4a00000, 0x00000000c4a00000, 0x00000000c4b00000|  0%| F|  |TS  0|AC  0|TAMS 0x00000000c4a00000, 0x00000000c4a00000|
|  47|0x00000000c4b00000, 0x00000000c4b00000, 0x00000000c4c00000|  0%| F|  |TS  0|AC  0|TAMS 0x00000000c4b00000, 0x00000000c4b00000|
|  48|0x00000000c4c00000, 0x00000000c4c00000, 0x00000000c4d00000|  0%| F|  |TS  0|AC  0|TAMS 0x00000000c4c00000, 0x00000000c4c00000|
|  49|0x00000000c4d00000, 0x00000000c4d00000, 0x00000000c4e00000|  0%| F|  |TS  0|AC  0|TAMS 0x00000000c4d00000, 0x00000000c4d00000|
|  50|0x00000000c4e00000, 0x00000000c4e00000, 0x00000000c4f00000|  0%| F|  |TS  0|AC  0|TAMS 0x00000000c4e00000, 0x00000000c4e00000|
|  51|0x00000000c4f00000, 0x00000000c4f4ebe8, 0x00000000c5000000| 30%| E|  |TS  0|AC  0|TAMS 0x00000000c4f00000, 0x00000000c4f00000|
|  52|0x00000000c5000000, 0x00000000c5100000, 0x00000000c5100000|100%| E|CS|TS  0|AC  0|TAMS 0x00000000c5000000, 0x00000000c5000000|
|  53|0x00000000c5100000, 0x00000000c5200000, 0x00000000c5200000|100%| E|CS|TS  0|AC  0|TAMS 0x00000000c5100000, 0x00000000c5100000|
|  54|0x00000000c5200000, 0x00000000c5300000, 0x00000000c5300000|100%| E|CS|TS  0|AC  0|TAMS 0x00000000c5200000, 0x00000000c5200000|
|  55|0x00000000c5300000, 0x00000000c5400000, 0x00000000c5400000|100%| E|CS|TS  0|AC  0|TAMS 0x00000000c5300000, 0x00000000c5300000|
|  56|0x00000000c5400000, 0x00000000c5500000, 0x00000000c5500000|100%| E|CS|TS  0|AC  0|TAMS 0x00000000c5400000, 0x00000000c5400000|
|  57|0x00000000c5500000, 0x00000000c5600000, 0x00000000c5600000|100%| E|CS|TS  0|AC  0|TAMS 0x00000000c5500000, 0x00000000c5500000|
|  58|0x00000000c5600000, 0x00000000c5700000, 0x00000000c5700000|100%| E|CS|TS  0|AC  0|TAMS 0x00000000c5600000, 0x00000000c5600000|
|  59|0x00000000c5700000, 0x00000000c5800000, 0x00000000c5800000|100%| E|CS|TS  0|AC  0|TAMS 0x00000000c5700000, 0x00000000c5700000|
|  60|0x00000000c5800000, 0x00000000c5900000, 0x00000000c5900000|100%| E|CS|TS  0|AC  0|TAMS 0x00000000c5800000, 0x00000000c5800000|
|  61|0x00000000c5900000, 0x00000000c5a00000, 0x00000000c5a00000|100%| E|CS|TS  0|AC  0|TAMS 0x00000000c5900000, 0x00000000c5900000|
|  62|0x00000000c5a00000, 0x00000000c5b00000, 0x00000000c5b00000|100%| E|CS|TS  0|AC  0|TAMS 0x00000000c5a00000, 0x00000000c5a00000|
|  63|0x00000000c5b00000, 0x00000000c5c00000, 0x00000000c5c00000|100%| E|CS|TS  0|AC  0|TAMS 0x00000000c5b00000, 0x00000000c5b00000|

Card table byte_map: [0x00000119e9c80000,0x00000119e9e80000] byte_map_base: 0x00000119e9672000

Marking Bits (Prev, Next): (CMBitMap*) 0x00000119ce23fb78, (CMBitMap*) 0x00000119ce23fb40
 Prev Bits: [0x00000119eb010000, 0x00000119ebfa0000)
 Next Bits: [0x00000119ea080000, 0x00000119eb010000)

Polling page: 0x00000119ce180000

CodeHeap 'non-profiled nmethods': size=120064Kb used=1490Kb max_used=1490Kb free=118573Kb
 bounds [0x00000119e1d20000, 0x00000119e1f90000, 0x00000119e9260000]
CodeHeap 'profiled nmethods': size=120000Kb used=6456Kb max_used=6456Kb free=113543Kb
 bounds [0x00000119da7f0000, 0x00000119dae40000, 0x00000119e1d20000]
CodeHeap 'non-nmethods': size=5696Kb used=1480Kb max_used=1511Kb free=4215Kb
 bounds [0x00000119da260000, 0x00000119da4d0000, 0x00000119da7f0000]
 total_blobs=4459 nmethods=3150 adapters=652
 compilation: enabled

Compilation events (10 events):
Event: 32.802 Thread 0x00000119eee28800 3147       3       javafx.beans.property.ReadOnlyBooleanWrapper$ReadOnlyPropertyImpl::get (8 bytes)
Event: 32.802 Thread 0x00000119eee28800 nmethod 3147 0x00000119dae38a10 code [0x00000119dae38be0, 0x00000119dae38f70]
Event: 32.816 Thread 0x00000119eee28800 3148       3       com.sun.javafx.sg.prism.NGNode::getClippedBounds (78 bytes)
Event: 32.817 Thread 0x00000119eee28800 nmethod 3148 0x00000119dae39090 code [0x00000119dae39300, 0x00000119dae3a010]
Event: 32.817 Thread 0x00000119eee28800 3151       3       com.sun.prism.impl.ps.PaintHelper::setMultiGradient (177 bytes)
Event: 32.820 Thread 0x00000119eee28800 nmethod 3151 0x00000119dae3a410 code [0x00000119dae3a860, 0x00000119dae3cd00]
Event: 32.820 Thread 0x00000119eee28800 3149       3       com.sun.javafx.sg.prism.NGNode::getEffectBounds (24 bytes)
Event: 32.820 Thread 0x00000119eee28800 nmethod 3149 0x00000119dae3d690 code [0x00000119dae3d880, 0x00000119dae3dd30]
Event: 32.820 Thread 0x00000119eee28800 3150       3       com.sun.javafx.geom.Rectangle::<init> (21 bytes)
Event: 32.821 Thread 0x00000119eee28800 nmethod 3150 0x00000119dae3de90 code [0x00000119dae3e040, 0x00000119dae3e278]

GC Heap History (4 events):
Event: 0.971 GC heap before
{Heap before GC invocations=0 (full 0):
 garbage-first heap   total 65536K, used 18432K [0x00000000c1c00000, 0x00000000c1d00200, 0x0000000100000000)
  region size 1024K, 14 young (14336K), 0 survivors (0K)
 Metaspace       used 11008K, capacity 11558K, committed 11776K, reserved 1060864K
  class space    used 1151K, capacity 1269K, committed 1280K, reserved 1048576K
}
Event: 0.979 GC heap after
{Heap after GC invocations=1 (full 0):
 garbage-first heap   total 65536K, used 7563K [0x00000000c1c00000, 0x00000000c1d00200, 0x0000000100000000)
  region size 1024K, 2 young (2048K), 2 survivors (2048K)
 Metaspace       used 11008K, capacity 11558K, committed 11776K, reserved 1060864K
  class space    used 1151K, capacity 1269K, committed 1280K, reserved 1048576K
}
Event: 2.286 GC heap before
{Heap before GC invocations=1 (full 0):
 garbage-first heap   total 65536K, used 27019K [0x00000000c1c00000, 0x00000000c1d00200, 0x0000000100000000)
  region size 1024K, 22 young (22528K), 2 survivors (2048K)
 Metaspace       used 19399K, capacity 21252K, committed 21296K, reserved 1067008K
  class space    used 2488K, capacity 2820K, committed 2864K, reserved 1048576K
}
Event: 2.296 GC heap after
{Heap after GC invocations=2 (full 0):
 garbage-first heap   total 65536K, used 10779K [0x00000000c1c00000, 0x00000000c1d00200, 0x0000000100000000)
  region size 1024K, 5 young (5120K), 5 survivors (5120K)
 Metaspace       used 19399K, capacity 21252K, committed 21296K, reserved 1067008K
  class space    used 2488K, capacity 2820K, committed 2864K, reserved 1048576K
}

Deoptimization events (10 events):
Event: 6.865 Thread 0x00000119ef863800 Uncommon trap: reason=array_check action=maybe_recompile pc=0x00000119e1e04628 method=javafx.css.SimpleSelector.applies(Ljavafx/css/Styleable;[Ljava/util/Set;I)Z @ 37 c2
Event: 6.886 Thread 0x00000119ef863800 Uncommon trap: reason=class_check action=maybe_recompile pc=0x00000119e1e49850 method=javafx.scene.Node.updateLocalToParentTransform()V @ 11 c2
Event: 6.887 Thread 0x00000119ef863800 Uncommon trap: reason=class_check action=maybe_recompile pc=0x00000119e1e49850 method=javafx.scene.Node.updateLocalToParentTransform()V @ 11 c2
Event: 6.887 Thread 0x00000119ef863800 Uncommon trap: reason=class_check action=maybe_recompile pc=0x00000119e1e49850 method=javafx.scene.Node.updateLocalToParentTransform()V @ 11 c2
Event: 6.888 Thread 0x00000119ef863800 Uncommon trap: reason=class_check action=maybe_recompile pc=0x00000119e1e49850 method=javafx.scene.Node.updateLocalToParentTransform()V @ 11 c2
Event: 8.728 Thread 0x00000119ef863800 Uncommon trap: reason=bimorphic_or_optimized_type_check action=maybe_recompile pc=0x00000119e1e11e4c method=java.lang.String.valueOf(Ljava/lang/Object;)Ljava/lang/String; @ 10 c2
Event: 8.729 Thread 0x00000119ef863800 Uncommon trap: reason=bimorphic_or_optimized_type_check action=maybe_recompile pc=0x00000119e1e11e4c method=java.lang.String.valueOf(Ljava/lang/Object;)Ljava/lang/String; @ 10 c2
Event: 8.729 Thread 0x00000119ef863800 Uncommon trap: reason=bimorphic_or_optimized_type_check action=maybe_recompile pc=0x00000119e1e11e4c method=java.lang.String.valueOf(Ljava/lang/Object;)Ljava/lang/String; @ 10 c2
Event: 8.729 Thread 0x00000119ef863800 Uncommon trap: reason=bimorphic_or_optimized_type_check action=maybe_recompile pc=0x00000119e1e11e4c method=java.lang.String.valueOf(Ljava/lang/Object;)Ljava/lang/String; @ 10 c2
Event: 13.505 Thread 0x00000119ef863800 Uncommon trap: reason=unstable_if action=reinterpret pc=0x00000119e1e35dd0 method=com.sun.javafx.css.StyleManager$CacheContainer.getStyleMap(I)Lcom/sun/javafx/css/StyleMap; @ 22 c2

Classes redefined (0 events):
No events

Internal exceptions (10 events):
Event: 2.222 Thread 0x00000119ef863800 Exception <a 'java/lang/ClassNotFoundException'{0x00000000c48dfd48}: com/sun/javafx/scene/control/skin/resources/controls_en> (0x00000000c48dfd48) thrown at [t:/workspace/hotspot/src/share/vm/prims/jni.cpp, line 625]
Event: 2.222 Thread 0x00000119ef863800 Exception <a 'java/lang/ClassNotFoundException'{0x00000000c48e0e18}: com/sun/javafx/scene/control/skin/resources/controls_en_US> (0x00000000c48e0e18) thrown at [t:/workspace/hotspot/src/share/vm/prims/jni.cpp, line 625]
Event: 2.605 Thread 0x00000119ef863800 Exception <a 'java/lang/NoSuchMethodError'{0x00000000c5675700}: method resolution failed> (0x00000000c5675700) thrown at [t:/workspace/hotspot/src/share/vm/prims/methodHandles.cpp, line 1256]
Event: 2.665 Thread 0x00000119ef803000 Exception <a 'java/lang/NoSuchMethodError'{0x00000000c5556e78}: java.lang.invoke.DirectMethodHandle$Holder.invokeStaticInit(Ljava/lang/Object;Ljava/lang/Object;)I> (0x00000000c5556e78) thrown at [t:/workspace/hotspot/src/share/vm/interpreter/linkResolver.
Event: 2.915 Thread 0x00000119ef803000 Exception <a 'java/lang/NoSuchMethodError'{0x00000000c54b0a18}: java.lang.invoke.DirectMethodHandle$Holder.invokeStaticInit(Ljava/lang/Object;I)Ljava/lang/Object;> (0x00000000c54b0a18) thrown at [t:/workspace/hotspot/src/share/vm/interpreter/linkResolver.
Event: 4.963 Thread 0x00000119ef863800 Exception <a 'java/lang/NoSuchMethodError'{0x00000000c5213d18}: method resolution failed> (0x00000000c5213d18) thrown at [t:/workspace/hotspot/src/share/vm/prims/methodHandles.cpp, line 1256]
Event: 4.963 Thread 0x00000119ef863800 Exception <a 'java/lang/NoSuchMethodError'{0x00000000c5216f40}: java.lang.invoke.DirectMethodHandle$Holder.invokeStaticInit(Ljava/lang/Object;Ljava/lang/Object;Ljava/lang/Object;)J> (0x00000000c5216f40) thrown at [t:/workspace/hotspot/src/share/vm/interpr
Event: 4.966 Thread 0x00000119ef863800 Exception <a 'java/lang/NoSuchMethodError'{0x00000000c5229a70}: method resolution failed> (0x00000000c5229a70) thrown at [t:/workspace/hotspot/src/share/vm/prims/methodHandles.cpp, line 1256]
Event: 4.967 Thread 0x00000119ef863800 Exception <a 'java/lang/NoSuchMethodError'{0x00000000c522fb98}: java.lang.invoke.DirectMethodHandle$Holder.invokeStatic(Ljava/lang/Object;Ljava/lang/Object;J)Ljava/lang/Object;> (0x00000000c522fb98) thrown at [t:/workspace/hotspot/src/share/vm/interpreter
Event: 4.967 Thread 0x00000119ef863800 Exception <a 'java/lang/NoSuchMethodError'{0x00000000c5233190}: method resolution failed> (0x00000000c5233190) thrown at [t:/workspace/hotspot/src/share/vm/prims/methodHandles.cpp, line 1256]

Events (10 events):
Event: 8.729 Thread 0x00000119ef863800 Uncommon trap: trap_request=0xffffffc6 fr.pc=0x00000119e1e11e4c relative=0x000000000000116c
Event: 8.729 Thread 0x00000119ef863800 DEOPT PACKING pc=0x00000119e1e11e4c sp=0x00000001022fa720
Event: 8.729 Thread 0x00000119ef863800 DEOPT UNPACKING pc=0x00000119da2adf29 sp=0x00000001022fa720 mode 2
Event: 13.505 Thread 0x00000119ef863800 Uncommon trap: trap_request=0xffffff5d fr.pc=0x00000119e1e35dd0 relative=0x0000000000000710
Event: 13.505 Thread 0x00000119ef863800 DEOPT PACKING pc=0x00000119e1e35dd0 sp=0x00000001022fac50
Event: 13.505 Thread 0x00000119ef863800 DEOPT UNPACKING pc=0x00000119da2adf29 sp=0x00000001022fab10 mode 2
Event: 13.529 Executing VM operation: RevokeBias
Event: 13.530 Executing VM operation: RevokeBias done
Event: 13.530 Executing VM operation: RevokeBias
Event: 13.530 Executing VM operation: RevokeBias done


Dynamic libraries:
0x00007ff6a3270000 - 0x00007ff6a32ae000 	C:\Program Files\Java\jdk-9.0.4\bin\java.exe
0x00007ffe8de40000 - 0x00007ffe8e021000 	C:\WINDOWS\SYSTEM32\ntdll.dll
0x00007ffe8dd30000 - 0x00007ffe8dde2000 	C:\WINDOWS\System32\KERNEL32.DLL
0x00007ffe8ae60000 - 0x00007ffe8b0d3000 	C:\WINDOWS\System32\KERNELBASE.dll
0x00007ffe8c7a0000 - 0x00007ffe8c841000 	C:\WINDOWS\System32\ADVAPI32.dll
0x00007ffe8b5d0000 - 0x00007ffe8b66e000 	C:\WINDOWS\System32\msvcrt.dll
0x00007ffe8c4c0000 - 0x00007ffe8c51b000 	C:\WINDOWS\System32\sechost.dll
0x00007ffe8c020000 - 0x00007ffe8c144000 	C:\WINDOWS\System32\RPCRT4.dll
0x00007ffe8c520000 - 0x00007ffe8c6b0000 	C:\WINDOWS\System32\USER32.dll
0x00007ffe8ab00000 - 0x00007ffe8ab20000 	C:\WINDOWS\System32\win32u.dll
0x00007ffe8c3b0000 - 0x00007ffe8c3d8000 	C:\WINDOWS\System32\GDI32.dll
0x00007ffe8ab20000 - 0x00007ffe8acb2000 	C:\WINDOWS\System32\gdi32full.dll
0x00007ffe8adc0000 - 0x00007ffe8ae5f000 	C:\WINDOWS\System32\msvcp_win.dll
0x00007ffe8acc0000 - 0x00007ffe8adba000 	C:\WINDOWS\System32\ucrtbase.dll
0x00007ffe7cc00000 - 0x00007ffe7ce69000 	C:\WINDOWS\WinSxS\amd64_microsoft.windows.common-controls_6595b64144ccf1df_6.0.17134.285_none_fb4297e330656775\COMCTL32.dll
0x00007ffe8bac0000 - 0x00007ffe8bde3000 	C:\WINDOWS\System32\combase.dll
0x00007ffe8a260000 - 0x00007ffe8a2da000 	C:\WINDOWS\System32\bcryptPrimitives.dll
0x00007ffe7c900000 - 0x00007ffe7c90a000 	C:\WINDOWS\SYSTEM32\VERSION.dll
0x00007ffe8bdf0000 - 0x00007ffe8be1d000 	C:\WINDOWS\System32\IMM32.DLL
0x00007ffe53980000 - 0x00007ffe53a6f000 	C:\Program Files\Java\jdk-9.0.4\bin\msvcr120.dll
0x00007ffe52c70000 - 0x00007ffe52d16000 	C:\Program Files\Java\jdk-9.0.4\bin\msvcp120.dll
0x000000006c570000 - 0x000000006cf95000 	C:\Program Files\Java\jdk-9.0.4\bin\server\jvm.dll
0x00007ffe8c2d0000 - 0x00007ffe8c2d8000 	C:\WINDOWS\System32\PSAPI.DLL
0x00007ffe75560000 - 0x00007ffe75569000 	C:\WINDOWS\SYSTEM32\WSOCK32.dll
0x00007ffe8c450000 - 0x00007ffe8c4bc000 	C:\WINDOWS\System32\WS2_32.dll
0x00007ffe86fd0000 - 0x00007ffe86ff3000 	C:\WINDOWS\SYSTEM32\WINMM.dll
0x00007ffe86fa0000 - 0x00007ffe86fca000 	C:\WINDOWS\SYSTEM32\WINMMBASE.dll
0x00007ffe8a210000 - 0x00007ffe8a259000 	C:\WINDOWS\System32\cfgmgr32.dll
0x00007ffe7fe40000 - 0x00007ffe7fe4f000 	C:\Program Files\Java\jdk-9.0.4\bin\verify.dll
0x00007ffe66fe0000 - 0x00007ffe67007000 	C:\Program Files\Java\jdk-9.0.4\bin\java.dll
0x00007ffe66b30000 - 0x00007ffe66b5a000 	C:\Program Files\Java\jdk-9.0.4\bin\instrument.dll
0x00007ffe66ac0000 - 0x00007ffe66ad6000 	C:\Program Files\Java\jdk-9.0.4\bin\zip.dll
0x00007ffe7fca0000 - 0x00007ffe7fcaa000 	C:\Program Files\Java\jdk-9.0.4\bin\jimage.dll
0x00007ffe8c850000 - 0x00007ffe8dc90000 	C:\WINDOWS\System32\SHELL32.dll
0x00007ffe8b520000 - 0x00007ffe8b5c9000 	C:\WINDOWS\System32\shcore.dll
0x00007ffe8a2e0000 - 0x00007ffe8a9ed000 	C:\WINDOWS\System32\windows.storage.dll
0x00007ffe8c740000 - 0x00007ffe8c791000 	C:\WINDOWS\System32\shlwapi.dll
0x00007ffe8a1d0000 - 0x00007ffe8a1e1000 	C:\WINDOWS\System32\kernel.appcore.dll
0x00007ffe8a160000 - 0x00007ffe8a17f000 	C:\WINDOWS\System32\profapi.dll
0x00007ffe8a180000 - 0x00007ffe8a1cc000 	C:\WINDOWS\System32\powrprof.dll
0x00007ffe8a150000 - 0x00007ffe8a15a000 	C:\WINDOWS\System32\FLTLIB.DLL
0x00007ffe65310000 - 0x00007ffe6532a000 	C:\Program Files\Java\jdk-9.0.4\bin\net.dll
0x00007ffe84de0000 - 0x00007ffe84ebc000 	C:\WINDOWS\SYSTEM32\WINHTTP.dll
0x00007ffe89970000 - 0x00007ffe899d6000 	C:\WINDOWS\system32\mswsock.dll
0x00007ffe65100000 - 0x00007ffe65111000 	C:\Program Files\Java\jdk-9.0.4\bin\nio.dll
0x00007ffe7e550000 - 0x00007ffe7e56a000 	C:\Program Files\JetBrains\IntelliJ IDEA 2018.2.4\bin\breakgen64.dll
0x00007ffe6ac50000 - 0x00007ffe6ac66000 	C:\WINDOWS\system32\napinsp.dll
0x00007ffe6ac30000 - 0x00007ffe6ac4a000 	C:\WINDOWS\system32\pnrpnsp.dll
0x00007ffe86970000 - 0x00007ffe86989000 	C:\WINDOWS\system32\NLAapi.dll
0x00007ffe89730000 - 0x00007ffe897ee000 	C:\WINDOWS\SYSTEM32\DNSAPI.dll
0x00007ffe8c3e0000 - 0x00007ffe8c3e8000 	C:\WINDOWS\System32\NSI.dll
0x00007ffe896f0000 - 0x00007ffe89728000 	C:\WINDOWS\SYSTEM32\IPHLPAPI.DLL
0x00007ffe70b10000 - 0x00007ffe70b1e000 	C:\WINDOWS\System32\winrnr.dll
0x00007ffe70af0000 - 0x00007ffe70b05000 	C:\WINDOWS\System32\wshbth.dll
0x00007ffe807f0000 - 0x00007ffe807fa000 	C:\Windows\System32\rasadhlp.dll
0x00007ffe7f110000 - 0x00007ffe7f182000 	C:\WINDOWS\System32\fwpuclnt.dll
0x00007ffe89c50000 - 0x00007ffe89c75000 	C:\WINDOWS\SYSTEM32\bcrypt.dll
0x00000119ce430000 - 0x00000119ce433000 	C:\Program Files\Java\jdk-9.0.4\bin\api-ms-win-core-console-l1-1-0.dll
0x00000119ce440000 - 0x00000119ce443000 	C:\Program Files\Java\jdk-9.0.4\bin\api-ms-win-core-datetime-l1-1-0.dll
0x00000119ce450000 - 0x00000119ce453000 	C:\Program Files\Java\jdk-9.0.4\bin\api-ms-win-core-debug-l1-1-0.dll
0x00000119eff10000 - 0x00000119eff13000 	C:\Program Files\Java\jdk-9.0.4\bin\api-ms-win-core-errorhandling-l1-1-0.dll
0x00000119eff20000 - 0x00000119eff24000 	C:\Program Files\Java\jdk-9.0.4\bin\api-ms-win-core-file-l1-1-0.dll
0x00000119eff30000 - 0x00000119eff33000 	C:\Program Files\Java\jdk-9.0.4\bin\api-ms-win-core-file-l1-2-0.dll
0x00000119eff40000 - 0x00000119eff43000 	C:\Program Files\Java\jdk-9.0.4\bin\api-ms-win-core-file-l2-1-0.dll
0x00000119eff50000 - 0x00000119eff53000 	C:\Program Files\Java\jdk-9.0.4\bin\api-ms-win-core-handle-l1-1-0.dll
0x00000119eff60000 - 0x00000119eff63000 	C:\Program Files\Java\jdk-9.0.4\bin\api-ms-win-core-heap-l1-1-0.dll
0x00000119eff70000 - 0x00000119eff73000 	C:\Program Files\Java\jdk-9.0.4\bin\api-ms-win-core-interlocked-l1-1-0.dll
0x00000119eff80000 - 0x00000119eff83000 	C:\Program Files\Java\jdk-9.0.4\bin\api-ms-win-core-libraryloader-l1-1-0.dll
0x00000119eff90000 - 0x00000119eff93000 	C:\Program Files\Java\jdk-9.0.4\bin\api-ms-win-core-localization-l1-2-0.dll
0x00000119effa0000 - 0x00000119effa3000 	C:\Program Files\Java\jdk-9.0.4\bin\api-ms-win-core-memory-l1-1-0.dll
0x00000119effb0000 - 0x00000119effb3000 	C:\Program Files\Java\jdk-9.0.4\bin\api-ms-win-core-namedpipe-l1-1-0.dll
0x00000119effc0000 - 0x00000119effc3000 	C:\Program Files\Java\jdk-9.0.4\bin\api-ms-win-core-processenvironment-l1-1-0.dll
0x00000119effd0000 - 0x00000119effd3000 	C:\Program Files\Java\jdk-9.0.4\bin\api-ms-win-core-processthreads-l1-1-0.dll
0x00000119effe0000 - 0x00000119effe3000 	C:\Program Files\Java\jdk-9.0.4\bin\api-ms-win-core-processthreads-l1-1-1.dll
0x00000119efff0000 - 0x00000119efff3000 	C:\Program Files\Java\jdk-9.0.4\bin\api-ms-win-core-profile-l1-1-0.dll
0x00000119f0000000 - 0x00000119f0003000 	C:\Program Files\Java\jdk-9.0.4\bin\api-ms-win-core-rtlsupport-l1-1-0.dll
0x00000119f0010000 - 0x00000119f0013000 	C:\Program Files\Java\jdk-9.0.4\bin\api-ms-win-core-string-l1-1-0.dll
0x00000119f0020000 - 0x00000119f0023000 	C:\Program Files\Java\jdk-9.0.4\bin\api-ms-win-core-synch-l1-1-0.dll
0x00000119f0030000 - 0x00000119f0033000 	C:\Program Files\Java\jdk-9.0.4\bin\api-ms-win-core-synch-l1-2-0.dll
0x00000119f0040000 - 0x00000119f0043000 	C:\Program Files\Java\jdk-9.0.4\bin\api-ms-win-core-sysinfo-l1-1-0.dll
0x00000119f0050000 - 0x00000119f0053000 	C:\Program Files\Java\jdk-9.0.4\bin\api-ms-win-core-timezone-l1-1-0.dll
0x00000119f0060000 - 0x00000119f0063000 	C:\Program Files\Java\jdk-9.0.4\bin\api-ms-win-core-util-l1-1-0.dll
0x00000119f0070000 - 0x00000119f0073000 	C:\Program Files\Java\jdk-9.0.4\bin\api-ms-win-crt-conio-l1-1-0.dll
0x00000119f0080000 - 0x00000119f0084000 	C:\Program Files\Java\jdk-9.0.4\bin\api-ms-win-crt-convert-l1-1-0.dll
0x00000119f0090000 - 0x00000119f0093000 	C:\Program Files\Java\jdk-9.0.4\bin\api-ms-win-crt-environment-l1-1-0.dll
0x00000119f00a0000 - 0x00000119f00a3000 	C:\Program Files\Java\jdk-9.0.4\bin\api-ms-win-crt-filesystem-l1-1-0.dll
0x00000119f00b0000 - 0x00000119f00b3000 	C:\Program Files\Java\jdk-9.0.4\bin\api-ms-win-crt-heap-l1-1-0.dll
0x00000119f00c0000 - 0x00000119f00c3000 	C:\Program Files\Java\jdk-9.0.4\bin\api-ms-win-crt-locale-l1-1-0.dll
0x00000119f00d0000 - 0x00000119f00d5000 	C:\Program Files\Java\jdk-9.0.4\bin\api-ms-win-crt-math-l1-1-0.dll
0x00000119f00e0000 - 0x00000119f00e5000 	C:\Program Files\Java\jdk-9.0.4\bin\api-ms-win-crt-multibyte-l1-1-0.dll
0x00000119f00f0000 - 0x00000119f0100000 	C:\Program Files\Java\jdk-9.0.4\bin\api-ms-win-crt-private-l1-1-0.dll
0x00000119f0100000 - 0x00000119f0103000 	C:\Program Files\Java\jdk-9.0.4\bin\api-ms-win-crt-process-l1-1-0.dll
0x00000119f0110000 - 0x00000119f0114000 	C:\Program Files\Java\jdk-9.0.4\bin\api-ms-win-crt-runtime-l1-1-0.dll
0x00000119f0120000 - 0x00000119f0124000 	C:\Program Files\Java\jdk-9.0.4\bin\api-ms-win-crt-stdio-l1-1-0.dll
0x00000119f0130000 - 0x00000119f0134000 	C:\Program Files\Java\jdk-9.0.4\bin\api-ms-win-crt-string-l1-1-0.dll
0x00000119f0140000 - 0x00000119f0143000 	C:\Program Files\Java\jdk-9.0.4\bin\api-ms-win-crt-time-l1-1-0.dll
0x00000119f0150000 - 0x00000119f0153000 	C:\Program Files\Java\jdk-9.0.4\bin\api-ms-win-crt-utility-l1-1-0.dll
0x00007ffe51040000 - 0x00007ffe51136000 	C:\Program Files\Java\jdk-9.0.4\bin\ucrtbase.dll
0x00007ffe64f70000 - 0x00007ffe64f86000 	C:\Program Files\Java\jdk-9.0.4\bin\vcruntime140.dll
0x00007ffe52530000 - 0x00007ffe525cc000 	C:\Program Files\Java\jdk-9.0.4\bin\msvcp140.dll
0x00007ffe59920000 - 0x00007ffe59971000 	C:\Program Files\Java\jdk-9.0.4\bin\concrt140.dll
0x00007ffe624b0000 - 0x00007ffe624d3000 	C:\Program Files\Java\jdk-9.0.4\bin\prism_d3d.dll
0x00007ffe59c90000 - 0x00007ffe59e27000 	C:\WINDOWS\system32\d3d9.dll
0x00007ffe888c0000 - 0x00007ffe888e9000 	C:\WINDOWS\SYSTEM32\dwmapi.dll
0x00007ffe887e0000 - 0x00007ffe88878000 	C:\WINDOWS\system32\uxtheme.dll
0x00007ffe28cc0000 - 0x00007ffe2e4ac000 	C:\WINDOWS\System32\DriverStore\FileRepository\igdlh64.inf_amd64_3b4451a7a4481c81\igdumdim64.dll
0x00007ffe8c2e0000 - 0x00007ffe8c3a2000 	C:\WINDOWS\System32\OLEAUT32.dll
0x00007ffe8b3c0000 - 0x00007ffe8b511000 	C:\WINDOWS\System32\ole32.dll
0x00007ffe8b670000 - 0x00007ffe8babb000 	C:\WINDOWS\System32\SETUPAPI.dll
0x00007ffe58eb0000 - 0x00007ffe58efa000 	C:\Program Files\Java\jdk-9.0.4\bin\glass.dll
0x00007ffe8b2d0000 - 0x00007ffe8b3bd000 	C:\WINDOWS\System32\COMDLG32.dll
0x00007ffe8c150000 - 0x00007ffe8c2c5000 	C:\WINDOWS\System32\MSCTF.dll
0x00007ffe81c00000 - 0x00007ffe82d5f000 	C:\WINDOWS\System32\DriverStore\FileRepository\igdlh64.inf_amd64_3b4451a7a4481c81\igc64.dll
0x00007ffe5ebf0000 - 0x00007ffe5ec04000 	C:\Program Files\Java\jdk-9.0.4\bin\javafx_font.dll
0x00007ffe50ea0000 - 0x00007ffe51039000 	C:\Program Files\Java\jdk-9.0.4\bin\awt.dll
0x00007ffe87800000 - 0x00007ffe87dc7000 	C:\WINDOWS\SYSTEM32\d2d1.dll
0x00007ffe884e0000 - 0x00007ffe8856b000 	C:\WINDOWS\SYSTEM32\apphelp.dll
0x00007ffe4aa00000 - 0x00007ffe4aa9d000 	C:\Program Files\Java\jdk-9.0.4\bin\fontmanager.dll
0x00007ffe76410000 - 0x00007ffe7672c000 	C:\WINDOWS\SYSTEM32\dwrite.dll
0x0000000071100000 - 0x0000000071125000 	C:\Users\rosti\.jssc\windows\jSSC-2.8_x86_64.dll
0x00007ffe8dc90000 - 0x00007ffe8dd30000 	C:\WINDOWS\System32\clbcatq.dll
0x00007ffe86000000 - 0x00007ffe861ae000 	C:\WINDOWS\SYSTEM32\WindowsCodecs.dll
0x00007ffe71140000 - 0x00007ffe71198000 	C:\WINDOWS\system32\dataexchange.dll
0x00007ffe874f0000 - 0x00007ffe877fb000 	C:\WINDOWS\system32\d3d11.dll
0x00007ffe87dd0000 - 0x00007ffe87f6c000 	C:\WINDOWS\system32\dcomp.dll
0x00007ffe88f10000 - 0x00007ffe88fcb000 	C:\WINDOWS\system32\dxgi.dll
0x00007ffe88a20000 - 0x00007ffe88bd8000 	C:\WINDOWS\system32\twinapi.appcore.dll
0x00007ffe889a0000 - 0x00007ffe889c1000 	C:\WINDOWS\system32\RMCLIENT.dll

VM Arguments:
jvm_args: -javaagent:C:\Program Files\JetBrains\IntelliJ IDEA 2018.2.4\lib\idea_rt.jar=61487:C:\Program Files\JetBrains\IntelliJ IDEA 2018.2.4\bin -Dfile.encoding=UTF-8 
java_command: com.intellij.uiDesigner.snapShooter.SnapShooter 3 61486 sample.Main
java_class_path (initial): C:\Program Files\JetBrains\IntelliJ IDEA 2018.2.4\plugins\uiDesigner\lib\uiDesigner.jar;C:\Program Files\JetBrains\IntelliJ IDEA 2018.2.4\lib\util.jar;C:\Program Files\JetBrains\IntelliJ IDEA 2018.2.4\lib\trove4j.jar;C:\Program Files\JetBrains\IntelliJ IDEA 2018.2.4\lib\resources_en.jar;C:\Program Files\JetBrains\IntelliJ IDEA 2018.2.4\lib\platform-impl.jar;C:\Program Files\JetBrains\IntelliJ IDEA 2018.2.4\lib\platform-api.jar;C:\Program Files\JetBrains\IntelliJ IDEA 2018.2.4\lib\oro-2.0.8.jar;C:\Program Files\JetBrains\IntelliJ IDEA 2018.2.4\lib\lz4-1.3.0.jar;C:\Program Files\JetBrains\IntelliJ IDEA 2018.2.4\lib\log4j.jar;C:\Program Files\JetBrains\IntelliJ IDEA 2018.2.4\lib\jna.jar;C:\Program Files\JetBrains\IntelliJ IDEA 2018.2.4\lib\jna-platform.jar;C:\Program Files\JetBrains\IntelliJ IDEA 2018.2.4\lib\jdom.jar;C:\Program Files\JetBrains\IntelliJ IDEA 2018.2.4\lib\javac2.jar;C:\Program Files\JetBrains\IntelliJ IDEA 2018.2.4\lib\forms_rt.jar;C:\Program Files\JetBrains\IntelliJ IDEA 2018.2.4\lib\forms-1.1-preview.jar;C:\Program Files\JetBrains\IntelliJ IDEA 2018.2.4\lib\extensions.jar;C:\Program Files\JetBrains\IntelliJ IDEA 2018.2.4\lib\annotations.jar;C:\Users\rosti\Documents\GitHub\toks-labs-2018\LAB1.ComMessenger\out\production\LAB1.ComMessenger;C:\Users\rosti\Documents\GitHub\toks-labs-2018\jssc-2.8.0.jar
Launcher Type: SUN_STANDARD

Logging:
Log output configuration:
#0: stdout all=warning uptime,level,tags
#1: stderr all=off uptime,level,tags

Environment Variables:
JAVA_HOME=C:\Program Files\Java\jdk-9.0.4
JRE_HOME=C:\Program Files\Java\jdk-9.0.4
PATH=C:\ProgramData\Oracle\Java\javapath;C:\WINDOWS\system32;C:\WINDOWS;C:\WINDOWS\System32\Wbem;C:\WINDOWS\System32\WindowsPowerShell\v1.0\;C:\Program Files\Intel\WiFi\bin\;C:\Program Files\Common Files\Intel\WirelessCommon\;C:\Program Files\dotnet\;C:\Program Files\Java\jdk-9.0.4\bin;C:\Program Files (x86)\sbt\bin;C:\WINDOWS\System32\OpenSSH\;c:\quartus\quartus\bin;C:\Program Files\Java\apache-maven-3.5.4\bin;
USERNAME=rosti
OS=Windows_NT
PROCESSOR_IDENTIFIER=Intel64 Family 6 Model 142 Stepping 9, GenuineIntel



---------------  S Y S T E M  ---------------

OS: Windows 10 , 64 bit Build 17134 (10.0.17134.1)

CPU:total 4 (initial active 4) (2 cores per cpu, 2 threads per core) family 6 model 142 stepping 9, cmov, cx8, fxsr, mmx, sse, sse2, sse3, ssse3, sse4.1, sse4.2, popcnt, avx, avx2, aes, clmul, erms, 3dnowpref, lzcnt, ht, tsc, tscinvbit, bmi1, bmi2, adx, fma

Memory: 4k page, physical 4074596k(480084k free), swap 8990916k(1754744k free)

vm_info: Java HotSpot(TM) 64-Bit Server VM (9.0.4+11) for windows-amd64 JRE (9.0.4+11), built on Dec 20 2017 02:18:54 by "mach5one" with MS VC++ 12.0 (VS2013)

END.
