#
# A fatal error has been detected by the Java Runtime Environment:
#
#  EXCEPTION_ACCESS_VIOLATION (0xc0000005) at pc=0x000000007110b5db, pid=4060, tid=5336
#
# JRE version: Java(TM) SE Runtime Environment (9.0+11) (build 9.0.4+11)
# Java VM: Java HotSpot(TM) 64-Bit Server VM (9.0.4+11, mixed mode, tiered, compressed oops, g1 gc, windows-amd64)
# Problematic frame:
# C  [jSSC-2.8_x86_64.dll+0xb5db]
#
# No core dump will be written. Minidumps are not enabled by default on client versions of Windows
#
# If you would like to submit a bug report, please visit:
#   http://bugreport.java.com/bugreport/crash.jsp
# The crash happened outside the Java Virtual Machine in native code.
# See problematic frame for where to report the bug.
#

---------------  S U M M A R Y ------------

Command Line: -javaagent:C:\Program Files\JetBrains\IntelliJ IDEA 2018.2.4\lib\idea_rt.jar=58485:C:\Program Files\JetBrains\IntelliJ IDEA 2018.2.4\bin -Dfile.encoding=UTF-8 sample.Main

Host: Intel(R) Core(TM) m3-7Y30 CPU @ 1.00GHz, 4 cores, 3G,  Windows 10 , 64 bit Build 17134 (10.0.17134.1)
Time: Tue Sep 25 00:51:44 2018 Aaea?onu (ceia) elapsed time: 9 seconds (0d 0h 0m 9s)

---------------  T H R E A D  ---------------

Current thread (0x000002c60050c800):  JavaThread "JavaFX Application Thread" [_thread_in_native, id=5336, stack(0x000000cc09100000,0x000000cc09200000)]

Stack: [0x000000cc09100000,0x000000cc09200000],  sp=0x000000cc091fa9d0,  free space=1002k
Native frames: (J=compiled Java code, j=interpreted, Vv=VM code, C=native code)
C  [jSSC-2.8_x86_64.dll+0xb5db]
C  [jSSC-2.8_x86_64.dll+0x12590]
C  [jSSC-2.8_x86_64.dll+0x1595]
C  0x000002c66b02921c

Java frames: (J=compiled Java code, j=interpreted, Vv=VM code)
j  jssc.SerialNativeInterface.openPort(Ljava/lang/String;Z)J+0
j  jssc.SerialPort.openPort()Z+65
j  sample.MessengerCore.connect()V+601
j  sample.Controller.pressedConnectButton()V+4
v  ~StubRoutines::call_stub
j  jdk.internal.reflect.NativeMethodAccessorImpl.invoke0(Ljava/lang/reflect/Method;Ljava/lang/Object;[Ljava/lang/Object;)Ljava/lang/Object;+0 java.base@9.0.4
j  jdk.internal.reflect.NativeMethodAccessorImpl.invoke(Ljava/lang/Object;[Ljava/lang/Object;)Ljava/lang/Object;+100 java.base@9.0.4
J 1250 c1 jdk.internal.reflect.DelegatingMethodAccessorImpl.invoke(Ljava/lang/Object;[Ljava/lang/Object;)Ljava/lang/Object; java.base@9.0.4 (10 bytes) @ 0x000002c66b8020bc [0x000002c66b801fc0+0x00000000000000fc]
J 1249 c1 java.lang.reflect.Method.invoke(Ljava/lang/Object;[Ljava/lang/Object;)Ljava/lang/Object; java.base@9.0.4 (65 bytes) @ 0x000002c66b801b24 [0x000002c66b801700+0x0000000000000424]
j  com.sun.javafx.reflect.Trampoline.invoke(Ljava/lang/reflect/Method;Ljava/lang/Object;[Ljava/lang/Object;)Ljava/lang/Object;+7
j  jdk.internal.reflect.GeneratedMethodAccessor2.invoke(Ljava/lang/Object;[Ljava/lang/Object;)Ljava/lang/Object;+40
J 1250 c1 jdk.internal.reflect.DelegatingMethodAccessorImpl.invoke(Ljava/lang/Object;[Ljava/lang/Object;)Ljava/lang/Object; java.base@9.0.4 (10 bytes) @ 0x000002c66b8020bc [0x000002c66b801fc0+0x00000000000000fc]
J 1249 c1 java.lang.reflect.Method.invoke(Ljava/lang/Object;[Ljava/lang/Object;)Ljava/lang/Object; java.base@9.0.4 (65 bytes) @ 0x000002c66b801b24 [0x000002c66b801700+0x0000000000000424]
j  com.sun.javafx.reflect.MethodUtil.invoke(Ljava/lang/reflect/Method;Ljava/lang/Object;[Ljava/lang/Object;)Ljava/lang/Object;+20 javafx.base@9.0.4
j  com.sun.javafx.fxml.MethodHelper.invoke(Ljava/lang/reflect/Method;Ljava/lang/Object;[Ljava/lang/Object;)Ljava/lang/Object;+142 javafx.fxml@9.0.4
j  javafx.fxml.FXMLLoader$MethodHandler.invoke([Ljava/lang/Object;)V+38 javafx.fxml@9.0.4
j  javafx.fxml.FXMLLoader$ControllerMethodEventHandler.handle(Ljavafx/event/Event;)V+12 javafx.fxml@9.0.4
J 2782 c1 com.sun.javafx.event.CompositeEventHandler.dispatchBubblingEvent(Ljavafx/event/Event;)V javafx.base@9.0.4 (57 bytes) @ 0x000002c66bae8fbc [0x000002c66bae8c00+0x00000000000003bc]
J 2280 c1 com.sun.javafx.event.EventHandlerManager.dispatchBubblingEvent(Ljavafx/event/Event;)Ljavafx/event/Event; javafx.base@9.0.4 (23 bytes) @ 0x000002c66ba03604 [0x000002c66ba02fa0+0x0000000000000664]
J 2279 c1 com.sun.javafx.event.CompositeEventDispatcher.dispatchBubblingEvent(Ljavafx/event/Event;)Ljavafx/event/Event; javafx.base@9.0.4 (35 bytes) @ 0x000002c66ba03f94 [0x000002c66ba03de0+0x00000000000001b4]
J 2255 c1 com.sun.javafx.event.BasicEventDispatcher.dispatchEvent(Ljavafx/event/Event;Ljavafx/event/EventDispatchChain;)Ljavafx/event/Event; javafx.base@9.0.4 (44 bytes) @ 0x000002c66b9f5eac [0x000002c66b9f5b80+0x000000000000032c]
J 2239 c1 com.sun.javafx.event.EventDispatchChainImpl.dispatchEvent(Ljavafx/event/Event;)Ljavafx/event/Event; javafx.base@9.0.4 (101 bytes) @ 0x000002c66b9ecb8c [0x000002c66b9ec9e0+0x00000000000001ac]
J 2255 c1 com.sun.javafx.event.BasicEventDispatcher.dispatchEvent(Ljavafx/event/Event;Ljavafx/event/EventDispatchChain;)Ljavafx/event/Event; javafx.base@9.0.4 (44 bytes) @ 0x000002c66b9f5dc4 [0x000002c66b9f5b80+0x0000000000000244]
J 2239 c1 com.sun.javafx.event.EventDispatchChainImpl.dispatchEvent(Ljavafx/event/Event;)Ljavafx/event/Event; javafx.base@9.0.4 (101 bytes) @ 0x000002c66b9ecb8c [0x000002c66b9ec9e0+0x00000000000001ac]
J 2255 c1 com.sun.javafx.event.BasicEventDispatcher.dispatchEvent(Ljavafx/event/Event;Ljavafx/event/EventDispatchChain;)Ljavafx/event/Event; javafx.base@9.0.4 (44 bytes) @ 0x000002c66b9f5dc4 [0x000002c66b9f5b80+0x0000000000000244]
J 2239 c1 com.sun.javafx.event.EventDispatchChainImpl.dispatchEvent(Ljavafx/event/Event;)Ljavafx/event/Event; javafx.base@9.0.4 (101 bytes) @ 0x000002c66b9ecb8c [0x000002c66b9ec9e0+0x00000000000001ac]
J 2255 c1 com.sun.javafx.event.BasicEventDispatcher.dispatchEvent(Ljavafx/event/Event;Ljavafx/event/EventDispatchChain;)Ljavafx/event/Event; javafx.base@9.0.4 (44 bytes) @ 0x000002c66b9f5dc4 [0x000002c66b9f5b80+0x0000000000000244]
J 2239 c1 com.sun.javafx.event.EventDispatchChainImpl.dispatchEvent(Ljavafx/event/Event;)Ljavafx/event/Event; javafx.base@9.0.4 (101 bytes) @ 0x000002c66b9ecb8c [0x000002c66b9ec9e0+0x00000000000001ac]
J 2715 c1 com.sun.javafx.event.EventUtil.fireEvent(Ljavafx/event/EventTarget;Ljavafx/event/Event;)Ljavafx/event/Event; javafx.base@9.0.4 (81 bytes) @ 0x000002c66babcfd4 [0x000002c66babc1a0+0x0000000000000e34]
J 2714 c1 javafx.event.Event.fireEvent(Ljavafx/event/EventTarget;Ljavafx/event/Event;)V javafx.base@9.0.4 (35 bytes) @ 0x000002c66babbac4 [0x000002c66babba00+0x00000000000000c4]
j  javafx.scene.Node.fireEvent(Ljavafx/event/Event;)V+86 javafx.graphics@9.0.4
j  javafx.scene.control.Button.fire()V+15 javafx.controls@9.0.4
j  com.sun.javafx.scene.control.behavior.ButtonBehavior.mouseReleased(Ljavafx/scene/input/MouseEvent;)V+27 javafx.controls@9.0.4
j  com.sun.javafx.scene.control.behavior.ButtonBehavior$$Lambda$429.handle(Ljavafx/event/Event;)V+8 javafx.controls@9.0.4
j  com.sun.javafx.scene.control.inputmap.InputMap.handle(Ljavafx/event/Event;)V+61 javafx.controls@9.0.4
j  com.sun.javafx.scene.control.inputmap.InputMap$$Lambda$174.handle(Ljavafx/event/Event;)V+5 javafx.controls@9.0.4
J 2720 c1 com.sun.javafx.event.CompositeEventHandler$NormalEventHandlerRecord.handleBubblingEvent(Ljavafx/event/Event;)V javafx.base@9.0.4 (11 bytes) @ 0x000002c66bac04bc [0x000002c66bac03c0+0x00000000000000fc]
J 2782 c1 com.sun.javafx.event.CompositeEventHandler.dispatchBubblingEvent(Ljavafx/event/Event;)V javafx.base@9.0.4 (57 bytes) @ 0x000002c66bae8e3c [0x000002c66bae8c00+0x000000000000023c]
J 2280 c1 com.sun.javafx.event.EventHandlerManager.dispatchBubblingEvent(Ljavafx/event/Event;)Ljavafx/event/Event; javafx.base@9.0.4 (23 bytes) @ 0x000002c66ba03604 [0x000002c66ba02fa0+0x0000000000000664]
J 2279 c1 com.sun.javafx.event.CompositeEventDispatcher.dispatchBubblingEvent(Ljavafx/event/Event;)Ljavafx/event/Event; javafx.base@9.0.4 (35 bytes) @ 0x000002c66ba03f94 [0x000002c66ba03de0+0x00000000000001b4]
J 2255 c1 com.sun.javafx.event.BasicEventDispatcher.dispatchEvent(Ljavafx/event/Event;Ljavafx/event/EventDispatchChain;)Ljavafx/event/Event; javafx.base@9.0.4 (44 bytes) @ 0x000002c66b9f5eac [0x000002c66b9f5b80+0x000000000000032c]
J 2239 c1 com.sun.javafx.event.EventDispatchChainImpl.dispatchEvent(Ljavafx/event/Event;)Ljavafx/event/Event; javafx.base@9.0.4 (101 bytes) @ 0x000002c66b9ecb8c [0x000002c66b9ec9e0+0x00000000000001ac]
J 2255 c1 com.sun.javafx.event.BasicEventDispatcher.dispatchEvent(Ljavafx/event/Event;Ljavafx/event/EventDispatchChain;)Ljavafx/event/Event; javafx.base@9.0.4 (44 bytes) @ 0x000002c66b9f5dc4 [0x000002c66b9f5b80+0x0000000000000244]
J 2239 c1 com.sun.javafx.event.EventDispatchChainImpl.dispatchEvent(Ljavafx/event/Event;)Ljavafx/event/Event; javafx.base@9.0.4 (101 bytes) @ 0x000002c66b9ecb8c [0x000002c66b9ec9e0+0x00000000000001ac]
J 2255 c1 com.sun.javafx.event.BasicEventDispatcher.dispatchEvent(Ljavafx/event/Event;Ljavafx/event/EventDispatchChain;)Ljavafx/event/Event; javafx.base@9.0.4 (44 bytes) @ 0x000002c66b9f5dc4 [0x000002c66b9f5b80+0x0000000000000244]
J 2239 c1 com.sun.javafx.event.EventDispatchChainImpl.dispatchEvent(Ljavafx/event/Event;)Ljavafx/event/Event; javafx.base@9.0.4 (101 bytes) @ 0x000002c66b9ecb8c [0x000002c66b9ec9e0+0x00000000000001ac]
J 2255 c1 com.sun.javafx.event.BasicEventDispatcher.dispatchEvent(Ljavafx/event/Event;Ljavafx/event/EventDispatchChain;)Ljavafx/event/Event; javafx.base@9.0.4 (44 bytes) @ 0x000002c66b9f5dc4 [0x000002c66b9f5b80+0x0000000000000244]
J 2239 c1 com.sun.javafx.event.EventDispatchChainImpl.dispatchEvent(Ljavafx/event/Event;)Ljavafx/event/Event; javafx.base@9.0.4 (101 bytes) @ 0x000002c66b9ecb8c [0x000002c66b9ec9e0+0x00000000000001ac]
J 2715 c1 com.sun.javafx.event.EventUtil.fireEvent(Ljavafx/event/EventTarget;Ljavafx/event/Event;)Ljavafx/event/Event; javafx.base@9.0.4 (81 bytes) @ 0x000002c66babcb44 [0x000002c66babc1a0+0x00000000000009a4]
J 2795 c1 javafx.scene.Scene$MouseHandler.process(Ljavafx/scene/input/MouseEvent;Z)V javafx.graphics@9.0.4 (735 bytes) @ 0x000002c66baf3eb4 [0x000002c66baf1620+0x0000000000002894]
J 2794 c1 javafx.scene.Scene$MouseHandler.access$1300(Ljavafx/scene/Scene$MouseHandler;Ljavafx/scene/input/MouseEvent;Z)V javafx.graphics@9.0.4 (7 bytes) @ 0x000002c66baef194 [0x000002c66baef140+0x0000000000000054]
j  javafx.scene.Scene.processMouseEvent(Ljavafx/scene/input/MouseEvent;)V+6 javafx.graphics@9.0.4
j  javafx.scene.Scene$ScenePeerListener.mouseEvent(Ljavafx/event/EventType;DDDDLjavafx/scene/input/MouseButton;ZZZZZZZZZ)V+46 javafx.graphics@9.0.4
j  com.sun.javafx.tk.quantum.GlassViewEventHandler$MouseEventNotification.run()Ljava/lang/Void;+582 javafx.graphics@9.0.4
J 2801 c1 com.sun.javafx.tk.quantum.GlassViewEventHandler$MouseEventNotification.run()Ljava/lang/Object; javafx.graphics@9.0.4 (5 bytes) @ 0x000002c66baf9b44 [0x000002c66baf9ac0+0x0000000000000084]
v  ~StubRoutines::call_stub
J 2446  java.security.AccessController.doPrivileged(Ljava/security/PrivilegedAction;Ljava/security/AccessControlContext;)Ljava/lang/Object; java.base@9.0.4 (0 bytes) @ 0x000002c672bf2f46 [0x000002c672bf2ee0+0x0000000000000066]
j  com.sun.javafx.tk.quantum.GlassViewEventHandler.lambda$handleMouseEvent$2()Ljava/lang/Void;+11 javafx.graphics@9.0.4
j  com.sun.javafx.tk.quantum.GlassViewEventHandler$$Lambda$482.get()Ljava/lang/Object;+4 javafx.graphics@9.0.4
J 2753 c1 com.sun.javafx.tk.quantum.QuantumToolkit.runWithoutRenderLock(Ljava/util/function/Supplier;)Ljava/lang/Object; javafx.graphics@9.0.4 (49 bytes) @ 0x000002c66bada25c [0x000002c66bad9d40+0x000000000000051c]
j  com.sun.javafx.tk.quantum.GlassViewEventHandler.handleMouseEvent(Lcom/sun/glass/ui/View;JIIIIIIIZZ)V+103 javafx.graphics@9.0.4
J 2799 c1 com.sun.glass.ui.View.notifyMouse(IIIIIIIZZ)V javafx.graphics@9.0.4 (221 bytes) @ 0x000002c66baf87cc [0x000002c66baf77c0+0x000000000000100c]
v  ~StubRoutines::call_stub
j  com.sun.glass.ui.win.WinApplication._runLoop(Ljava/lang/Runnable;)V+0 javafx.graphics@9.0.4
j  com.sun.glass.ui.win.WinApplication.lambda$runLoop$3(ILjava/lang/Runnable;)V+8 javafx.graphics@9.0.4
j  com.sun.glass.ui.win.WinApplication$$Lambda$49.run()V+12 javafx.graphics@9.0.4
j  java.lang.Thread.run()V+11 java.base@9.0.4
v  ~StubRoutines::call_stub

siginfo: EXCEPTION_ACCESS_VIOLATION (0xc0000005), reading address 0x0000000000c04ff6


Register to memory mapping:

RIP=0x000000007110b5db jSSC-2.8_x86_64.dll
RAX=0x0000000000c04ff6 is an unknown value
RBX=0x000000cc091faa40 is pointing into the stack for thread: 0x000002c60050c800
RCX=0x00007ffe8deda0d4 ntdll.dll
RDX=0x0000000000000000 is an unknown value
RSP=0x000000cc091fa9d0 is pointing into the stack for thread: 0x000002c60050c800
RBP=0x000000cc091fab50 is pointing into the stack for thread: 0x000002c60050c800
RSI=0x000002c60050ca18 is an unknown value
RDI=0x000000000000087c is an unknown value
R8 =0x000000cc091fa8c8 is pointing into the stack for thread: 0x000002c60050c800
R9 =0x000000cc091fa9c0 is pointing into the stack for thread: 0x000002c60050c800
R10=0x0000000000000000 is an unknown value
R11=0x0000000000000246 is an unknown value
R12=0x000000cc091fac08 is pointing into the stack for thread: 0x000002c60050c800
R13=0x000002c6063190f0 is an unknown value
R14=0x000000cc091fab00 is pointing into the stack for thread: 0x000002c60050c800
R15=0x000002c60050c800 is a thread


Registers:
RAX=0x0000000000c04ff6, RBX=0x000000cc091faa40, RCX=0x00007ffe8deda0d4, RDX=0x0000000000000000
RSP=0x000000cc091fa9d0, RBP=0x000000cc091fab50, RSI=0x000002c60050ca18, RDI=0x000000000000087c
R8 =0x000000cc091fa8c8, R9 =0x000000cc091fa9c0, R10=0x0000000000000000, R11=0x0000000000000246
R12=0x000000cc091fac08, R13=0x000002c6063190f0, R14=0x000000cc091fab00, R15=0x000002c60050c800
RIP=0x000000007110b5db, EFLAGS=0x0000000000010202

Top of Stack: (sp=0x000000cc091fa9d0)
0x000000cc091fa9d0:   000000cc091fa9f8 00007ffe00000000
0x000000cc091fa9e0:   000000007110b230 00007ffe8de50428
0x000000cc091fa9f0:   000002c6063190f0 0000000000000004
0x000000cc091faa00:   000002c60050ca18 000000000000087c
0x000000cc091faa10:   000000cc091fab50 0000000071112590
0x000000cc091faa20:   000000cc091faa80 000000cc091fac08
0x000000cc091faa30:   000002c606318ad0 0000000000000000
0x000000cc091faa40:   000000000000087c 00007ffe8ae94847
0x000000cc091faa50:   000002c60050c800 000000cc091fab00
0x000000cc091faa60:   000002c6063190f0 000002c60050ca18
0x000000cc091faa70:   0000000071113500 0000000071113be8
0x000000cc091faa80:   000000cc091faab0 0000000071112641
0x000000cc091faa90:   000000cc091faa20 0000000040000000
0x000000cc091faaa0:   0000000000000000 0000000000000000
0x000000cc091faab0:   000000cc091fab50 0000000071101595
0x000000cc091faac0:   000000000000001c 000002c60050ca18 

Instructions: (pc=0x000000007110b5db)
0x000000007110b5bb:   c5 0f 1f 40 00 55 57 56 53 48 83 ec 28 48 8b 05
0x000000007110b5cb:   39 33 01 00 48 89 cb 48 85 c0 0f 84 c5 00 00 00
0x000000007110b5db:   8b 38 85 ff 0f 88 ab 00 00 00 48 8b 05 1c 33 01
0x000000007110b5eb:   00 48 85 c0 0f 84 bc 00 00 00 8b 30 85 f6 74 57 



---------------  P R O C E S S  ---------------

Java Threads: ( => current thread )
  0x000002c60549f000 JavaThread "Prism Font Disposer" daemon [_thread_blocked, id=9756, stack(0x000000cc09b00000,0x000000cc09c00000)]
  0x000002c605470000 JavaThread "Java2D Disposer" daemon [_thread_blocked, id=13332, stack(0x000000cc09700000,0x000000cc09800000)]
  0x000002c600105000 JavaThread "Thread-2" daemon [_thread_in_native, id=7576, stack(0x000000cc09500000,0x000000cc09600000)]
  0x000002c600741000 JavaThread "JavaFX-Launcher" [_thread_blocked, id=13664, stack(0x000000cc09600000,0x000000cc09700000)]
=>0x000002c60050c800 JavaThread "JavaFX Application Thread" [_thread_in_native, id=5336, stack(0x000000cc09100000,0x000000cc09200000)]
  0x000002c600500800 JavaThread "InvokeLaterDispatcher" daemon [_thread_blocked, id=5556, stack(0x000000cc09000000,0x000000cc09100000)]
  0x000002c600404800 JavaThread "QuantumRenderer-0" daemon [_thread_blocked, id=14988, stack(0x000000cc08f00000,0x000000cc09000000)]
  0x000002c6000e7000 JavaThread "Service Thread" daemon [_thread_blocked, id=3108, stack(0x000000cc08d00000,0x000000cc08e00000)]
  0x000002c6000eb000 JavaThread "Monitor Ctrl-Break" daemon [_thread_in_native, id=4180, stack(0x000000cc08c00000,0x000000cc08d00000)]
  0x000002c67fb47800 JavaThread "Common-Cleaner" daemon [_thread_blocked, id=1996, stack(0x000000cc08b00000,0x000000cc08c00000)]
  0x000002c67fab8000 JavaThread "Sweeper thread" daemon [_thread_blocked, id=14188, stack(0x000000cc08a00000,0x000000cc08b00000)]
  0x000002c67faac000 JavaThread "C1 CompilerThread2" daemon [_thread_blocked, id=5876, stack(0x000000cc08900000,0x000000cc08a00000)]
  0x000002c67f1ad000 JavaThread "C2 CompilerThread1" daemon [_thread_blocked, id=1048, stack(0x000000cc08800000,0x000000cc08900000)]
  0x000002c67faa3800 JavaThread "C2 CompilerThread0" daemon [_thread_blocked, id=2944, stack(0x000000cc08700000,0x000000cc08800000)]
  0x000002c67f1a7000 JavaThread "Attach Listener" daemon [_thread_blocked, id=5620, stack(0x000000cc08600000,0x000000cc08700000)]
  0x000002c67fa99800 JavaThread "Signal Dispatcher" daemon [_thread_blocked, id=4372, stack(0x000000cc08500000,0x000000cc08600000)]
  0x000002c67fa50800 JavaThread "Finalizer" daemon [_thread_blocked, id=14464, stack(0x000000cc08400000,0x000000cc08500000)]
  0x000002c67f1a3800 JavaThread "Reference Handler" daemon [_thread_blocked, id=14160, stack(0x000000cc08300000,0x000000cc08400000)]
  0x000002c65f023000 JavaThread "main" [_thread_blocked, id=10052, stack(0x000000cc07600000,0x000000cc07700000)]

Other Threads:
  0x000002c67f19b000 VMThread "VM Thread" [stack: 0x000000cc08200000,0x000000cc08300000] [id=14444]
  0x000002c60011f000 WatcherThread [stack: 0x000000cc08e00000,0x000000cc08f00000] [id=13224]
  0x000002c65f038800 GCTaskThread "GC Thread#0" [stack: 0x000000cc07700000,0x000000cc07800000] [id=12960]
  0x000002c65f03a000 GCTaskThread "GC Thread#1" [stack: 0x000000cc07800000,0x000000cc07900000] [id=11572]
  0x000002c65f03c800 GCTaskThread "GC Thread#2" [stack: 0x000000cc07900000,0x000000cc07a00000] [id=2112]
  0x000002c65f03e800 GCTaskThread "GC Thread#3" [stack: 0x000000cc07a00000,0x000000cc07b00000] [id=1348]
  0x000002c65f09a000 ConcurrentGCThread "G1 Main Marker" [stack: 0x000000cc08000000,0x000000cc08100000] [id=14340]
  0x000002c65f0a1000 ConcurrentGCThread "G1 Marker#0" [stack: 0x000000cc08100000,0x000000cc08200000] [id=9440]
  0x000002c65f056000 ConcurrentGCThread "G1 Refine#0" [stack: 0x000000cc07e00000,0x000000cc07f00000] [id=7708]
  0x000002c65f04e800 ConcurrentGCThread "G1 Refine#1" [stack: 0x000000cc07d00000,0x000000cc07e00000] [id=6096]
  0x000002c65f04c800 ConcurrentGCThread "G1 Refine#2" [stack: 0x000000cc07c00000,0x000000cc07d00000] [id=7104]
  0x000002c65f040800 ConcurrentGCThread "G1 Refine#3" [stack: 0x000000cc07b00000,0x000000cc07c00000] [id=5180]
  0x000002c65f05c000 ConcurrentGCThread "G1 Young RemSet Sampling" [stack: 0x000000cc07f00000,0x000000cc08000000] [id=12508]

Threads with active compile tasks:

VM state:not at safepoint (normal execution)

VM Mutex/Monitor currently owned by a thread: None

Heap address: 0x00000000c1c00000, size: 996 MB, Compressed Oops mode: 32-bit
Narrow klass base: 0x0000000000000000, Narrow klass shift: 3
Compressed class space size: 1073741824 Address: 0x0000000100000000

Heap:
 garbage-first heap   total 65536K, used 18295K [0x00000000c1c00000, 0x00000000c1d00200, 0x0000000100000000)
  region size 1024K, 16 young (16384K), 5 survivors (5120K)
 Metaspace       used 22387K, capacity 24870K, committed 25212K, reserved 1071104K
  class space    used 2921K, capacity 3351K, committed 3452K, reserved 1048576K
Heap Regions: E=young(eden), S=young(survivor), O=old, HS=humongous(starts), HC=humongous(continues), CS=collection set, F=free, A=archive, TS=gc time stamp, AC=allocation context, TAMS=top-at-mark-start (previous, next)
|   0|0x00000000c1c00000, 0x00000000c1cdde00, 0x00000000c1d00000| 86%| O|  |TS  0|AC  0|TAMS 0x00000000c1cdde00, 0x00000000c1cdde00|
|   1|0x00000000c1d00000, 0x00000000c1e00000, 0x00000000c1e00000|100%|HS|  |TS  0|AC  0|TAMS 0x00000000c1d00000, 0x00000000c1d00000|
|   2|0x00000000c1e00000, 0x00000000c1f00000, 0x00000000c1f00000|100%|HC|  |TS  0|AC  0|TAMS 0x00000000c1e00000, 0x00000000c1e00000|
|   3|0x00000000c1f00000, 0x00000000c1f00000, 0x00000000c2000000|  0%| F|  |TS  0|AC  0|TAMS 0x00000000c1f00000, 0x00000000c1f00000|
|   4|0x00000000c2000000, 0x00000000c2000000, 0x00000000c2100000|  0%| F|  |TS  0|AC  0|TAMS 0x00000000c2000000, 0x00000000c2000000|
|   5|0x00000000c2100000, 0x00000000c2100000, 0x00000000c2200000|  0%| F|  |TS  0|AC  0|TAMS 0x00000000c2100000, 0x00000000c2100000|
|   6|0x00000000c2200000, 0x00000000c2200000, 0x00000000c2300000|  0%| F|  |TS  0|AC  0|TAMS 0x00000000c2200000, 0x00000000c2200000|
|   7|0x00000000c2300000, 0x00000000c2300000, 0x00000000c2400000|  0%| F|  |TS  0|AC  0|TAMS 0x00000000c2300000, 0x00000000c2300000|
|   8|0x00000000c2400000, 0x00000000c2400000, 0x00000000c2500000|  0%| F|  |TS  0|AC  0|TAMS 0x00000000c2400000, 0x00000000c2400000|
|   9|0x00000000c2500000, 0x00000000c2500000, 0x00000000c2600000|  0%| F|  |TS  0|AC  0|TAMS 0x00000000c2500000, 0x00000000c2500000|
|  10|0x00000000c2600000, 0x00000000c2600000, 0x00000000c2700000|  0%| F|  |TS  0|AC  0|TAMS 0x00000000c2600000, 0x00000000c2600000|
|  11|0x00000000c2700000, 0x00000000c2700000, 0x00000000c2800000|  0%| F|  |TS  0|AC  0|TAMS 0x00000000c2700000, 0x00000000c2700000|
|  12|0x00000000c2800000, 0x00000000c2800000, 0x00000000c2900000|  0%| F|  |TS  0|AC  0|TAMS 0x00000000c2800000, 0x00000000c2800000|
|  13|0x00000000c2900000, 0x00000000c2900000, 0x00000000c2a00000|  0%| F|  |TS  0|AC  0|TAMS 0x00000000c2900000, 0x00000000c2900000|
|  14|0x00000000c2a00000, 0x00000000c2a00000, 0x00000000c2b00000|  0%| F|  |TS  0|AC  0|TAMS 0x00000000c2a00000, 0x00000000c2a00000|
|  15|0x00000000c2b00000, 0x00000000c2b00000, 0x00000000c2c00000|  0%| F|  |TS  0|AC  0|TAMS 0x00000000c2b00000, 0x00000000c2b00000|
|  16|0x00000000c2c00000, 0x00000000c2c00000, 0x00000000c2d00000|  0%| F|  |TS  0|AC  0|TAMS 0x00000000c2c00000, 0x00000000c2c00000|
|  17|0x00000000c2d00000, 0x00000000c2d00000, 0x00000000c2e00000|  0%| F|  |TS  0|AC  0|TAMS 0x00000000c2d00000, 0x00000000c2d00000|
|  18|0x00000000c2e00000, 0x00000000c2e00000, 0x00000000c2f00000|  0%| F|  |TS  0|AC  0|TAMS 0x00000000c2e00000, 0x00000000c2e00000|
|  19|0x00000000c2f00000, 0x00000000c2f00000, 0x00000000c3000000|  0%| F|  |TS  0|AC  0|TAMS 0x00000000c2f00000, 0x00000000c2f00000|
|  20|0x00000000c3000000, 0x00000000c3000000, 0x00000000c3100000|  0%| F|  |TS  0|AC  0|TAMS 0x00000000c3000000, 0x00000000c3000000|
|  21|0x00000000c3100000, 0x00000000c3100000, 0x00000000c3200000|  0%| F|  |TS  0|AC  0|TAMS 0x00000000c3100000, 0x00000000c3100000|
|  22|0x00000000c3200000, 0x00000000c3200000, 0x00000000c3300000|  0%| F|  |TS  0|AC  0|TAMS 0x00000000c3200000, 0x00000000c3200000|
|  23|0x00000000c3300000, 0x00000000c3300000, 0x00000000c3400000|  0%| F|  |TS  0|AC  0|TAMS 0x00000000c3300000, 0x00000000c3300000|
|  24|0x00000000c3400000, 0x00000000c3400000, 0x00000000c3500000|  0%| F|  |TS  0|AC  0|TAMS 0x00000000c3400000, 0x00000000c3400000|
|  25|0x00000000c3500000, 0x00000000c3500000, 0x00000000c3600000|  0%| F|  |TS  0|AC  0|TAMS 0x00000000c3500000, 0x00000000c3500000|
|  26|0x00000000c3600000, 0x00000000c3600000, 0x00000000c3700000|  0%| F|  |TS  0|AC  0|TAMS 0x00000000c3600000, 0x00000000c3600000|
|  27|0x00000000c3700000, 0x00000000c3700000, 0x00000000c3800000|  0%| F|  |TS  0|AC  0|TAMS 0x00000000c3700000, 0x00000000c3700000|
|  28|0x00000000c3800000, 0x00000000c3800000, 0x00000000c3900000|  0%| F|  |TS  0|AC  0|TAMS 0x00000000c3800000, 0x00000000c3800000|
|  29|0x00000000c3900000, 0x00000000c3900000, 0x00000000c3a00000|  0%| F|  |TS  0|AC  0|TAMS 0x00000000c3900000, 0x00000000c3900000|
|  30|0x00000000c3a00000, 0x00000000c3a00000, 0x00000000c3b00000|  0%| F|  |TS  0|AC  0|TAMS 0x00000000c3a00000, 0x00000000c3a00000|
|  31|0x00000000c3b00000, 0x00000000c3b00000, 0x00000000c3c00000|  0%| F|  |TS  0|AC  0|TAMS 0x00000000c3b00000, 0x00000000c3b00000|
|  32|0x00000000c3c00000, 0x00000000c3c00000, 0x00000000c3d00000|  0%| F|  |TS  0|AC  0|TAMS 0x00000000c3c00000, 0x00000000c3c00000|
|  33|0x00000000c3d00000, 0x00000000c3d00000, 0x00000000c3e00000|  0%| F|  |TS  0|AC  0|TAMS 0x00000000c3d00000, 0x00000000c3d00000|
|  34|0x00000000c3e00000, 0x00000000c3e00000, 0x00000000c3f00000|  0%| F|  |TS  0|AC  0|TAMS 0x00000000c3e00000, 0x00000000c3e00000|
|  35|0x00000000c3f00000, 0x00000000c3f00000, 0x00000000c4000000|  0%| F|  |TS  0|AC  0|TAMS 0x00000000c3f00000, 0x00000000c3f00000|
|  36|0x00000000c4000000, 0x00000000c4000000, 0x00000000c4100000|  0%| F|  |TS  0|AC  0|TAMS 0x00000000c4000000, 0x00000000c4000000|
|  37|0x00000000c4100000, 0x00000000c4100000, 0x00000000c4200000|  0%| F|  |TS  0|AC  0|TAMS 0x00000000c4100000, 0x00000000c4100000|
|  38|0x00000000c4200000, 0x00000000c4300000, 0x00000000c4300000|100%| S|CS|TS  0|AC  0|TAMS 0x00000000c4200000, 0x00000000c4200000|
|  39|0x00000000c4300000, 0x00000000c4400000, 0x00000000c4400000|100%| S|CS|TS  0|AC  0|TAMS 0x00000000c4300000, 0x00000000c4300000|
|  40|0x00000000c4400000, 0x00000000c4500000, 0x00000000c4500000|100%| S|CS|TS  0|AC  0|TAMS 0x00000000c4400000, 0x00000000c4400000|
|  41|0x00000000c4500000, 0x00000000c4600000, 0x00000000c4600000|100%| S|CS|TS  0|AC  0|TAMS 0x00000000c4500000, 0x00000000c4500000|
|  42|0x00000000c4600000, 0x00000000c4700000, 0x00000000c4700000|100%| S|CS|TS  0|AC  0|TAMS 0x00000000c4600000, 0x00000000c4600000|
|  43|0x00000000c4700000, 0x00000000c4700000, 0x00000000c4800000|  0%| F|  |TS  0|AC  0|TAMS 0x00000000c4700000, 0x00000000c4700000|
|  44|0x00000000c4800000, 0x00000000c4800000, 0x00000000c4900000|  0%| F|  |TS  0|AC  0|TAMS 0x00000000c4800000, 0x00000000c4800000|
|  45|0x00000000c4900000, 0x00000000c4900000, 0x00000000c4a00000|  0%| F|  |TS  0|AC  0|TAMS 0x00000000c4900000, 0x00000000c4900000|
|  46|0x00000000c4a00000, 0x00000000c4a00000, 0x00000000c4b00000|  0%| F|  |TS  0|AC  0|TAMS 0x00000000c4a00000, 0x00000000c4a00000|
|  47|0x00000000c4b00000, 0x00000000c4b00000, 0x00000000c4c00000|  0%| F|  |TS  0|AC  0|TAMS 0x00000000c4b00000, 0x00000000c4b00000|
|  48|0x00000000c4c00000, 0x00000000c4c00000, 0x00000000c4d00000|  0%| F|  |TS  0|AC  0|TAMS 0x00000000c4c00000, 0x00000000c4c00000|
|  49|0x00000000c4d00000, 0x00000000c4d00000, 0x00000000c4e00000|  0%| F|  |TS  0|AC  0|TAMS 0x00000000c4d00000, 0x00000000c4d00000|
|  50|0x00000000c4e00000, 0x00000000c4e00000, 0x00000000c4f00000|  0%| F|  |TS  0|AC  0|TAMS 0x00000000c4e00000, 0x00000000c4e00000|
|  51|0x00000000c4f00000, 0x00000000c4f00000, 0x00000000c5000000|  0%| F|  |TS  0|AC  0|TAMS 0x00000000c4f00000, 0x00000000c4f00000|
|  52|0x00000000c5000000, 0x00000000c5000000, 0x00000000c5100000|  0%| F|  |TS  0|AC  0|TAMS 0x00000000c5000000, 0x00000000c5000000|
|  53|0x00000000c5100000, 0x00000000c5200000, 0x00000000c5200000|100%| E|  |TS  0|AC  0|TAMS 0x00000000c5100000, 0x00000000c5100000|
|  54|0x00000000c5200000, 0x00000000c5300000, 0x00000000c5300000|100%| E|CS|TS  0|AC  0|TAMS 0x00000000c5200000, 0x00000000c5200000|
|  55|0x00000000c5300000, 0x00000000c5400000, 0x00000000c5400000|100%| E|CS|TS  0|AC  0|TAMS 0x00000000c5300000, 0x00000000c5300000|
|  56|0x00000000c5400000, 0x00000000c5500000, 0x00000000c5500000|100%| E|CS|TS  0|AC  0|TAMS 0x00000000c5400000, 0x00000000c5400000|
|  57|0x00000000c5500000, 0x00000000c5600000, 0x00000000c5600000|100%| E|CS|TS  0|AC  0|TAMS 0x00000000c5500000, 0x00000000c5500000|
|  58|0x00000000c5600000, 0x00000000c5700000, 0x00000000c5700000|100%| E|CS|TS  0|AC  0|TAMS 0x00000000c5600000, 0x00000000c5600000|
|  59|0x00000000c5700000, 0x00000000c5800000, 0x00000000c5800000|100%| E|CS|TS  0|AC  0|TAMS 0x00000000c5700000, 0x00000000c5700000|
|  60|0x00000000c5800000, 0x00000000c5900000, 0x00000000c5900000|100%| E|CS|TS  0|AC  0|TAMS 0x00000000c5800000, 0x00000000c5800000|
|  61|0x00000000c5900000, 0x00000000c5a00000, 0x00000000c5a00000|100%| E|CS|TS  0|AC  0|TAMS 0x00000000c5900000, 0x00000000c5900000|
|  62|0x00000000c5a00000, 0x00000000c5b00000, 0x00000000c5b00000|100%| E|CS|TS  0|AC  0|TAMS 0x00000000c5a00000, 0x00000000c5a00000|
|  63|0x00000000c5b00000, 0x00000000c5c00000, 0x00000000c5c00000|100%| E|CS|TS  0|AC  0|TAMS 0x00000000c5b00000, 0x00000000c5b00000|

Card table byte_map: [0x000002c67a950000,0x000002c67ab50000] byte_map_base: 0x000002c67a342000

Marking Bits (Prev, Next): (CMBitMap*) 0x000002c65f0991f8, (CMBitMap*) 0x000002c65f0991c0
 Prev Bits: [0x000002c67bce0000, 0x000002c67cc70000)
 Next Bits: [0x000002c67ad50000, 0x000002c67bce0000)

Polling page: 0x000002c65ef00000

CodeHeap 'non-profiled nmethods': size=120064Kb used=1330Kb max_used=1330Kb free=118733Kb
 bounds [0x000002c672ad0000, 0x000002c672d40000, 0x000002c67a010000]
CodeHeap 'profiled nmethods': size=120000Kb used=5576Kb max_used=5576Kb free=114423Kb
 bounds [0x000002c66b5a0000, 0x000002c66bb20000, 0x000002c672ad0000]
CodeHeap 'non-nmethods': size=5696Kb used=1469Kb max_used=1499Kb free=4226Kb
 bounds [0x000002c66b010000, 0x000002c66b280000, 0x000002c66b5a0000]
 total_blobs=4078 nmethods=2835 adapters=651
 compilation: enabled

Compilation events (10 events):
Event: 9.099 Thread 0x000002c67faac000 2831       3       java.util.concurrent.locks.AbstractQueuedSynchronizer$ConditionObject::signal (33 bytes)
Event: 9.099 Thread 0x000002c67faac000 nmethod 2831 0x000002c66bb0f210 code [0x000002c66bb0f400, 0x000002c66bb0f770]
Event: 9.115 Thread 0x000002c67faac000 2832       3       java.util.WeakHashMap$EntryIterator::next (5 bytes)
Event: 9.115 Thread 0x000002c67faac000 nmethod 2832 0x000002c66bb0f890 code [0x000002c66bb0fa40, 0x000002c66bb0fcb0]
Event: 9.115 Thread 0x000002c67faac000 2833       3       java.util.WeakHashMap$EntryIterator::next (5 bytes)
Event: 9.115 Thread 0x000002c67faac000 nmethod 2833 0x000002c66bb0fd90 code [0x000002c66bb0ff40, 0x000002c66bb10150]
Event: 9.170 Thread 0x000002c67faac000 2834       3       java.io.WinNTFileSystem::prefixLength (91 bytes)
Event: 9.171 Thread 0x000002c67faac000 nmethod 2834 0x000002c66bb10210 code [0x000002c66bb10520, 0x000002c66bb11ac0]
Event: 9.174 Thread 0x000002c67faac000 2835       1       java.util.zip.ZStreamRef::address (5 bytes)
Event: 9.174 Thread 0x000002c67faac000 nmethod 2835 0x000002c672c1c610 code [0x000002c672c1c7c0, 0x000002c672c1c8d8]

GC Heap History (4 events):
Event: 0.832 GC heap before
{Heap before GC invocations=0 (full 0):
 garbage-first heap   total 65536K, used 14336K [0x00000000c1c00000, 0x00000000c1d00200, 0x0000000100000000)
  region size 1024K, 14 young (14336K), 0 survivors (0K)
 Metaspace       used 11047K, capacity 11680K, committed 11904K, reserved 1060864K
  class space    used 1152K, capacity 1290K, committed 1408K, reserved 1048576K
}
Event: 0.837 GC heap after
{Heap after GC invocations=1 (full 0):
 garbage-first heap   total 65536K, used 2745K [0x00000000c1c00000, 0x00000000c1d00200, 0x0000000100000000)
  region size 1024K, 2 young (2048K), 2 survivors (2048K)
 Metaspace       used 11047K, capacity 11680K, committed 11904K, reserved 1060864K
  class space    used 1152K, capacity 1290K, committed 1408K, reserved 1048576K
}
Event: 2.089 GC heap before
{Heap before GC invocations=1 (full 0):
 garbage-first heap   total 65536K, used 21177K [0x00000000c1c00000, 0x00000000c1d00200, 0x0000000100000000)
  region size 1024K, 21 young (21504K), 2 survivors (2048K)
 Metaspace       used 19383K, capacity 21214K, committed 21248K, reserved 1067008K
  class space    used 2517K, capacity 2809K, committed 2816K, reserved 1048576K
}
Event: 2.102 GC heap after
{Heap after GC invocations=2 (full 0):
 garbage-first heap   total 65536K, used 6007K [0x00000000c1c00000, 0x00000000c1d00200, 0x0000000100000000)
  region size 1024K, 5 young (5120K), 5 survivors (5120K)
 Metaspace       used 19383K, capacity 21214K, committed 21248K, reserved 1067008K
  class space    used 2517K, capacity 2809K, committed 2816K, reserved 1048576K
}

Deoptimization events (10 events):
Event: 6.744 Thread 0x000002c60050c800 Uncommon trap: reason=array_check action=maybe_recompile pc=0x000002c672bb4818 method=javafx.css.SimpleSelector.applies(Ljavafx/css/Styleable;[Ljava/util/Set;I)Z @ 37 c2
Event: 6.744 Thread 0x000002c60050c800 Uncommon trap: reason=array_check action=maybe_recompile pc=0x000002c672bb4818 method=javafx.css.SimpleSelector.applies(Ljavafx/css/Styleable;[Ljava/util/Set;I)Z @ 37 c2
Event: 6.744 Thread 0x000002c60050c800 Uncommon trap: reason=array_check action=maybe_recompile pc=0x000002c672baa2e8 method=javafx.css.SimpleSelector.applies(Ljavafx/css/Styleable;[Ljava/util/Set;I)Z @ 37 c2
Event: 6.774 Thread 0x000002c60050c800 Uncommon trap: reason=class_check action=maybe_recompile pc=0x000002c672bd1cc4 method=javafx.scene.Node.updateLocalToParentTransform()V @ 11 c2
Event: 6.776 Thread 0x000002c60050c800 Uncommon trap: reason=class_check action=maybe_recompile pc=0x000002c672bd1cc4 method=javafx.scene.Node.updateLocalToParentTransform()V @ 11 c2
Event: 6.776 Thread 0x000002c60050c800 Uncommon trap: reason=class_check action=maybe_recompile pc=0x000002c672bd1cc4 method=javafx.scene.Node.updateLocalToParentTransform()V @ 11 c2
Event: 6.776 Thread 0x000002c60050c800 Uncommon trap: reason=class_check action=maybe_recompile pc=0x000002c672bd1cc4 method=javafx.scene.Node.updateLocalToParentTransform()V @ 11 c2
Event: 6.794 Thread 0x000002c60050c800 Uncommon trap: reason=unstable_if action=reinterpret pc=0x000002c672bea0a4 method=java.util.HashMap.removeNode(ILjava/lang/Object;Ljava/lang/Object;ZZ)Ljava/util/HashMap$Node; @ 234 c2
Event: 7.922 Thread 0x000002c60050c800 Uncommon trap: reason=null_check action=make_not_entrant pc=0x000002c672c1507c method=javafx.scene.Node$MiscProperties.getClip()Ljavafx/scene/Node; @ 20 c2
Event: 7.923 Thread 0x000002c60050c800 Uncommon trap: reason=null_check action=make_not_entrant pc=0x000002c672bff85c method=javafx.scene.Node$MiscProperties.getClip()Ljavafx/scene/Node; @ 20 c2

Classes redefined (0 events):
No events

Internal exceptions (10 events):
Event: 2.455 Thread 0x000002c60050c800 Implicit null exception at 0x000002c672b8774a to 0x000002c672b87e09
Event: 2.491 Thread 0x000002c600404800 Exception <a 'java/lang/NoSuchMethodError'{0x00000000c5560ad8}: java.lang.invoke.DirectMethodHandle$Holder.invokeStaticInit(Ljava/lang/Object;Ljava/lang/Object;)I> (0x00000000c5560ad8) thrown at [t:/workspace/hotspot/src/share/vm/interpreter/linkResolver.
Event: 2.707 Thread 0x000002c600404800 Exception <a 'java/lang/NoSuchMethodError'{0x00000000c54bdb58}: java.lang.invoke.DirectMethodHandle$Holder.invokeStaticInit(Ljava/lang/Object;I)Ljava/lang/Object;> (0x00000000c54bdb58) thrown at [t:/workspace/hotspot/src/share/vm/interpreter/linkResolver.
Event: 4.365 Thread 0x000002c60050c800 Exception <a 'java/lang/NoSuchMethodError'{0x00000000c52339e8}: method resolution failed> (0x00000000c52339e8) thrown at [t:/workspace/hotspot/src/share/vm/prims/methodHandles.cpp, line 1256]
Event: 4.366 Thread 0x000002c60050c800 Exception <a 'java/lang/NoSuchMethodError'{0x00000000c5236c10}: java.lang.invoke.DirectMethodHandle$Holder.invokeStaticInit(Ljava/lang/Object;Ljava/lang/Object;Ljava/lang/Object;)J> (0x00000000c5236c10) thrown at [t:/workspace/hotspot/src/share/vm/interpr
Event: 4.368 Thread 0x000002c60050c800 Exception <a 'java/lang/NoSuchMethodError'{0x00000000c5249740}: method resolution failed> (0x00000000c5249740) thrown at [t:/workspace/hotspot/src/share/vm/prims/methodHandles.cpp, line 1256]
Event: 4.369 Thread 0x000002c60050c800 Exception <a 'java/lang/NoSuchMethodError'{0x00000000c524f868}: java.lang.invoke.DirectMethodHandle$Holder.invokeStatic(Ljava/lang/Object;Ljava/lang/Object;J)Ljava/lang/Object;> (0x00000000c524f868) thrown at [t:/workspace/hotspot/src/share/vm/interpreter
Event: 4.369 Thread 0x000002c60050c800 Exception <a 'java/lang/NoSuchMethodError'{0x00000000c5252e60}: method resolution failed> (0x00000000c5252e60) thrown at [t:/workspace/hotspot/src/share/vm/prims/methodHandles.cpp, line 1256]
Event: 7.922 Thread 0x000002c60050c800 Implicit null exception at 0x000002c672c1477e to 0x000002c672c15061
Event: 7.923 Thread 0x000002c60050c800 Implicit null exception at 0x000002c672bff807 to 0x000002c672bff851

Events (10 events):
Event: 7.923 Thread 0x000002c60050c800 DEOPT PACKING pc=0x000002c672bff85c sp=0x000000cc091fc8b0
Event: 7.923 Thread 0x000002c60050c800 DEOPT UNPACKING pc=0x000002c66b05df29 sp=0x000000cc091fc7e0 mode 2
Event: 9.170 loading class jssc/SerialPort
Event: 9.170 loading class jssc/SerialPort done
Event: 9.173 loading class jssc/SerialPortTimeoutException
Event: 9.173 loading class jssc/SerialPortTimeoutException done
Event: 9.173 loading class jssc/SerialPort$EventThread
Event: 9.173 loading class jssc/SerialPort$EventThread done
Event: 9.174 loading class jssc/SerialPort$LinuxEventThread
Event: 9.174 loading class jssc/SerialPort$LinuxEventThread done


Dynamic libraries:
0x00007ff66f370000 - 0x00007ff66f3ae000 	C:\Program Files\Java\jdk-9.0.4\bin\java.exe
0x00007ffe8de40000 - 0x00007ffe8e021000 	C:\WINDOWS\SYSTEM32\ntdll.dll
0x00007ffe8dd30000 - 0x00007ffe8dde2000 	C:\WINDOWS\System32\KERNEL32.DLL
0x00007ffe8ae60000 - 0x00007ffe8b0d3000 	C:\WINDOWS\System32\KERNELBASE.dll
0x00007ffe8c7a0000 - 0x00007ffe8c841000 	C:\WINDOWS\System32\ADVAPI32.dll
0x00007ffe8b5d0000 - 0x00007ffe8b66e000 	C:\WINDOWS\System32\msvcrt.dll
0x00007ffe8c4c0000 - 0x00007ffe8c51b000 	C:\WINDOWS\System32\sechost.dll
0x00007ffe8c020000 - 0x00007ffe8c144000 	C:\WINDOWS\System32\RPCRT4.dll
0x00007ffe8c520000 - 0x00007ffe8c6b0000 	C:\WINDOWS\System32\USER32.dll
0x00007ffe8ab00000 - 0x00007ffe8ab20000 	C:\WINDOWS\System32\win32u.dll
0x00007ffe8c3b0000 - 0x00007ffe8c3d8000 	C:\WINDOWS\System32\GDI32.dll
0x00007ffe8ab20000 - 0x00007ffe8acb2000 	C:\WINDOWS\System32\gdi32full.dll
0x00007ffe8adc0000 - 0x00007ffe8ae5f000 	C:\WINDOWS\System32\msvcp_win.dll
0x00007ffe8acc0000 - 0x00007ffe8adba000 	C:\WINDOWS\System32\ucrtbase.dll
0x00007ffe7cc00000 - 0x00007ffe7ce69000 	C:\WINDOWS\WinSxS\amd64_microsoft.windows.common-controls_6595b64144ccf1df_6.0.17134.285_none_fb4297e330656775\COMCTL32.dll
0x00007ffe8bac0000 - 0x00007ffe8bde3000 	C:\WINDOWS\System32\combase.dll
0x00007ffe7c900000 - 0x00007ffe7c90a000 	C:\WINDOWS\SYSTEM32\VERSION.dll
0x00007ffe8a260000 - 0x00007ffe8a2da000 	C:\WINDOWS\System32\bcryptPrimitives.dll
0x00007ffe8bdf0000 - 0x00007ffe8be1d000 	C:\WINDOWS\System32\IMM32.DLL
0x00007ffe55e90000 - 0x00007ffe55f7f000 	C:\Program Files\Java\jdk-9.0.4\bin\msvcr120.dll
0x00007ffe58770000 - 0x00007ffe58816000 	C:\Program Files\Java\jdk-9.0.4\bin\msvcp120.dll
0x000000006c650000 - 0x000000006d075000 	C:\Program Files\Java\jdk-9.0.4\bin\server\jvm.dll
0x00007ffe8c2d0000 - 0x00007ffe8c2d8000 	C:\WINDOWS\System32\PSAPI.DLL
0x00007ffe86fd0000 - 0x00007ffe86ff3000 	C:\WINDOWS\SYSTEM32\WINMM.dll
0x00007ffe75560000 - 0x00007ffe75569000 	C:\WINDOWS\SYSTEM32\WSOCK32.dll
0x00007ffe8c450000 - 0x00007ffe8c4bc000 	C:\WINDOWS\System32\WS2_32.dll
0x00007ffe86fa0000 - 0x00007ffe86fca000 	C:\WINDOWS\SYSTEM32\winmmbase.dll
0x00007ffe8a210000 - 0x00007ffe8a259000 	C:\WINDOWS\System32\cfgmgr32.dll
0x00007ffe864a0000 - 0x00007ffe864af000 	C:\Program Files\Java\jdk-9.0.4\bin\verify.dll
0x00007ffe67430000 - 0x00007ffe67457000 	C:\Program Files\Java\jdk-9.0.4\bin\java.dll
0x00007ffe670d0000 - 0x00007ffe670fa000 	C:\Program Files\Java\jdk-9.0.4\bin\instrument.dll
0x00007ffe670b0000 - 0x00007ffe670c6000 	C:\Program Files\Java\jdk-9.0.4\bin\zip.dll
0x00007ffe83030000 - 0x00007ffe8303a000 	C:\Program Files\Java\jdk-9.0.4\bin\jimage.dll
0x00007ffe8c850000 - 0x00007ffe8dc90000 	C:\WINDOWS\System32\SHELL32.dll
0x00007ffe8b520000 - 0x00007ffe8b5c9000 	C:\WINDOWS\System32\shcore.dll
0x00007ffe8a2e0000 - 0x00007ffe8a9ed000 	C:\WINDOWS\System32\windows.storage.dll
0x00007ffe8c740000 - 0x00007ffe8c791000 	C:\WINDOWS\System32\shlwapi.dll
0x00007ffe8a1d0000 - 0x00007ffe8a1e1000 	C:\WINDOWS\System32\kernel.appcore.dll
0x00007ffe8a160000 - 0x00007ffe8a17f000 	C:\WINDOWS\System32\profapi.dll
0x00007ffe8a180000 - 0x00007ffe8a1cc000 	C:\WINDOWS\System32\powrprof.dll
0x00007ffe8a150000 - 0x00007ffe8a15a000 	C:\WINDOWS\System32\FLTLIB.DLL
0x00007ffe66de0000 - 0x00007ffe66dfa000 	C:\Program Files\Java\jdk-9.0.4\bin\net.dll
0x00007ffe84de0000 - 0x00007ffe84ebc000 	C:\WINDOWS\SYSTEM32\WINHTTP.dll
0x00007ffe89970000 - 0x00007ffe899d6000 	C:\WINDOWS\system32\mswsock.dll
0x00007ffe66dc0000 - 0x00007ffe66dd1000 	C:\Program Files\Java\jdk-9.0.4\bin\nio.dll
0x00007ffe7fdb0000 - 0x00007ffe7fdca000 	C:\Program Files\JetBrains\IntelliJ IDEA 2018.2.4\bin\breakgen64.dll
0x000002c65f1d0000 - 0x000002c65f1d3000 	C:\Program Files\Java\jdk-9.0.4\bin\api-ms-win-core-console-l1-1-0.dll
0x000002c65f1e0000 - 0x000002c65f1e3000 	C:\Program Files\Java\jdk-9.0.4\bin\api-ms-win-core-datetime-l1-1-0.dll
0x000002c65f1f0000 - 0x000002c65f1f3000 	C:\Program Files\Java\jdk-9.0.4\bin\api-ms-win-core-debug-l1-1-0.dll
0x000002c65f200000 - 0x000002c65f203000 	C:\Program Files\Java\jdk-9.0.4\bin\api-ms-win-core-errorhandling-l1-1-0.dll
0x000002c67fca0000 - 0x000002c67fca4000 	C:\Program Files\Java\jdk-9.0.4\bin\api-ms-win-core-file-l1-1-0.dll
0x000002c67fcb0000 - 0x000002c67fcb3000 	C:\Program Files\Java\jdk-9.0.4\bin\api-ms-win-core-file-l1-2-0.dll
0x000002c67fcc0000 - 0x000002c67fcc3000 	C:\Program Files\Java\jdk-9.0.4\bin\api-ms-win-core-file-l2-1-0.dll
0x000002c67fcd0000 - 0x000002c67fcd3000 	C:\Program Files\Java\jdk-9.0.4\bin\api-ms-win-core-handle-l1-1-0.dll
0x000002c67fce0000 - 0x000002c67fce3000 	C:\Program Files\Java\jdk-9.0.4\bin\api-ms-win-core-heap-l1-1-0.dll
0x000002c67fcf0000 - 0x000002c67fcf3000 	C:\Program Files\Java\jdk-9.0.4\bin\api-ms-win-core-interlocked-l1-1-0.dll
0x000002c67fd00000 - 0x000002c67fd03000 	C:\Program Files\Java\jdk-9.0.4\bin\api-ms-win-core-libraryloader-l1-1-0.dll
0x000002c67fd10000 - 0x000002c67fd13000 	C:\Program Files\Java\jdk-9.0.4\bin\api-ms-win-core-localization-l1-2-0.dll
0x000002c67fd20000 - 0x000002c67fd23000 	C:\Program Files\Java\jdk-9.0.4\bin\api-ms-win-core-memory-l1-1-0.dll
0x000002c67fd30000 - 0x000002c67fd33000 	C:\Program Files\Java\jdk-9.0.4\bin\api-ms-win-core-namedpipe-l1-1-0.dll
0x000002c67fd40000 - 0x000002c67fd43000 	C:\Program Files\Java\jdk-9.0.4\bin\api-ms-win-core-processenvironment-l1-1-0.dll
0x000002c67fd50000 - 0x000002c67fd53000 	C:\Program Files\Java\jdk-9.0.4\bin\api-ms-win-core-processthreads-l1-1-0.dll
0x000002c67fd60000 - 0x000002c67fd63000 	C:\Program Files\Java\jdk-9.0.4\bin\api-ms-win-core-processthreads-l1-1-1.dll
0x000002c67fd70000 - 0x000002c67fd73000 	C:\Program Files\Java\jdk-9.0.4\bin\api-ms-win-core-profile-l1-1-0.dll
0x000002c67fd80000 - 0x000002c67fd83000 	C:\Program Files\Java\jdk-9.0.4\bin\api-ms-win-core-rtlsupport-l1-1-0.dll
0x000002c67fd90000 - 0x000002c67fd93000 	C:\Program Files\Java\jdk-9.0.4\bin\api-ms-win-core-string-l1-1-0.dll
0x000002c67fda0000 - 0x000002c67fda3000 	C:\Program Files\Java\jdk-9.0.4\bin\api-ms-win-core-synch-l1-1-0.dll
0x000002c67fdb0000 - 0x000002c67fdb3000 	C:\Program Files\Java\jdk-9.0.4\bin\api-ms-win-core-synch-l1-2-0.dll
0x000002c67fdc0000 - 0x000002c67fdc3000 	C:\Program Files\Java\jdk-9.0.4\bin\api-ms-win-core-sysinfo-l1-1-0.dll
0x000002c67fdd0000 - 0x000002c67fdd3000 	C:\Program Files\Java\jdk-9.0.4\bin\api-ms-win-core-timezone-l1-1-0.dll
0x000002c67fde0000 - 0x000002c67fde3000 	C:\Program Files\Java\jdk-9.0.4\bin\api-ms-win-core-util-l1-1-0.dll
0x000002c67fdf0000 - 0x000002c67fdf3000 	C:\Program Files\Java\jdk-9.0.4\bin\api-ms-win-crt-conio-l1-1-0.dll
0x000002c67fe00000 - 0x000002c67fe04000 	C:\Program Files\Java\jdk-9.0.4\bin\api-ms-win-crt-convert-l1-1-0.dll
0x000002c67fe10000 - 0x000002c67fe13000 	C:\Program Files\Java\jdk-9.0.4\bin\api-ms-win-crt-environment-l1-1-0.dll
0x000002c67fe20000 - 0x000002c67fe23000 	C:\Program Files\Java\jdk-9.0.4\bin\api-ms-win-crt-filesystem-l1-1-0.dll
0x000002c67fe30000 - 0x000002c67fe33000 	C:\Program Files\Java\jdk-9.0.4\bin\api-ms-win-crt-heap-l1-1-0.dll
0x000002c67fe40000 - 0x000002c67fe43000 	C:\Program Files\Java\jdk-9.0.4\bin\api-ms-win-crt-locale-l1-1-0.dll
0x000002c67fe50000 - 0x000002c67fe55000 	C:\Program Files\Java\jdk-9.0.4\bin\api-ms-win-crt-math-l1-1-0.dll
0x000002c67fe60000 - 0x000002c67fe65000 	C:\Program Files\Java\jdk-9.0.4\bin\api-ms-win-crt-multibyte-l1-1-0.dll
0x000002c67fe70000 - 0x000002c67fe80000 	C:\Program Files\Java\jdk-9.0.4\bin\api-ms-win-crt-private-l1-1-0.dll
0x000002c67fe80000 - 0x000002c67fe83000 	C:\Program Files\Java\jdk-9.0.4\bin\api-ms-win-crt-process-l1-1-0.dll
0x000002c67fe90000 - 0x000002c67fe94000 	C:\Program Files\Java\jdk-9.0.4\bin\api-ms-win-crt-runtime-l1-1-0.dll
0x000002c67fea0000 - 0x000002c67fea4000 	C:\Program Files\Java\jdk-9.0.4\bin\api-ms-win-crt-stdio-l1-1-0.dll
0x000002c67feb0000 - 0x000002c67feb4000 	C:\Program Files\Java\jdk-9.0.4\bin\api-ms-win-crt-string-l1-1-0.dll
0x000002c67fec0000 - 0x000002c67fec3000 	C:\Program Files\Java\jdk-9.0.4\bin\api-ms-win-crt-time-l1-1-0.dll
0x000002c67fed0000 - 0x000002c67fed3000 	C:\Program Files\Java\jdk-9.0.4\bin\api-ms-win-crt-utility-l1-1-0.dll
0x00007ffe55bd0000 - 0x00007ffe55cc6000 	C:\Program Files\Java\jdk-9.0.4\bin\ucrtbase.dll
0x00007ffe66da0000 - 0x00007ffe66db6000 	C:\Program Files\Java\jdk-9.0.4\bin\vcruntime140.dll
0x00007ffe577a0000 - 0x00007ffe5783c000 	C:\Program Files\Java\jdk-9.0.4\bin\msvcp140.dll
0x00007ffe5ae50000 - 0x00007ffe5aea1000 	C:\Program Files\Java\jdk-9.0.4\bin\concrt140.dll
0x00007ffe66d70000 - 0x00007ffe66d93000 	C:\Program Files\Java\jdk-9.0.4\bin\prism_d3d.dll
0x00007ffe5a140000 - 0x00007ffe5a2d7000 	C:\WINDOWS\system32\d3d9.dll
0x00007ffe888c0000 - 0x00007ffe888e9000 	C:\WINDOWS\SYSTEM32\dwmapi.dll
0x00007ffe887e0000 - 0x00007ffe88878000 	C:\WINDOWS\system32\uxtheme.dll
0x00007ffe27330000 - 0x00007ffe2cb1c000 	C:\WINDOWS\System32\DriverStore\FileRepository\igdlh64.inf_amd64_3b4451a7a4481c81\igdumdim64.dll
0x00007ffe8c2e0000 - 0x00007ffe8c3a2000 	C:\WINDOWS\System32\OLEAUT32.dll
0x00007ffe8b3c0000 - 0x00007ffe8b511000 	C:\WINDOWS\System32\ole32.dll
0x00007ffe8b670000 - 0x00007ffe8babb000 	C:\WINDOWS\System32\SETUPAPI.dll
0x00007ffe64da0000 - 0x00007ffe64dea000 	C:\Program Files\Java\jdk-9.0.4\bin\glass.dll
0x00007ffe8b2d0000 - 0x00007ffe8b3bd000 	C:\WINDOWS\System32\COMDLG32.dll
0x00007ffe8c150000 - 0x00007ffe8c2c5000 	C:\WINDOWS\System32\MSCTF.dll
0x00007ffe81c00000 - 0x00007ffe82d5f000 	C:\WINDOWS\System32\DriverStore\FileRepository\igdlh64.inf_amd64_3b4451a7a4481c81\igc64.dll
0x00007ffe66c00000 - 0x00007ffe66c14000 	C:\Program Files\Java\jdk-9.0.4\bin\javafx_font.dll
0x00007ffe52ec0000 - 0x00007ffe53059000 	C:\Program Files\Java\jdk-9.0.4\bin\awt.dll
0x00007ffe87800000 - 0x00007ffe87dc7000 	C:\WINDOWS\SYSTEM32\d2d1.dll
0x00007ffe884e0000 - 0x00007ffe8856b000 	C:\WINDOWS\SYSTEM32\apphelp.dll
0x00007ffe53920000 - 0x00007ffe539bd000 	C:\Program Files\Java\jdk-9.0.4\bin\fontmanager.dll
0x00007ffe76410000 - 0x00007ffe7672c000 	C:\WINDOWS\SYSTEM32\dwrite.dll
0x0000000071100000 - 0x0000000071125000 	C:\Users\rosti\.jssc\windows\jSSC-2.8_x86_64.dll
0x00007ffe8dc90000 - 0x00007ffe8dd30000 	C:\WINDOWS\System32\clbcatq.dll
0x00007ffe86000000 - 0x00007ffe861ae000 	C:\WINDOWS\SYSTEM32\WindowsCodecs.dll
0x00007ffe71140000 - 0x00007ffe71198000 	C:\WINDOWS\system32\dataexchange.dll
0x00007ffe874f0000 - 0x00007ffe877fb000 	C:\WINDOWS\system32\d3d11.dll
0x00007ffe87dd0000 - 0x00007ffe87f6c000 	C:\WINDOWS\system32\dcomp.dll
0x00007ffe88f10000 - 0x00007ffe88fcb000 	C:\WINDOWS\system32\dxgi.dll
0x00007ffe88a20000 - 0x00007ffe88bd8000 	C:\WINDOWS\system32\twinapi.appcore.dll
0x00007ffe889a0000 - 0x00007ffe889c1000 	C:\WINDOWS\system32\RMCLIENT.dll
0x00007ffe66fe0000 - 0x00007ffe67014000 	C:\Program Files\Common Files\Microsoft Shared\Ink\rtscom.dll
0x00007ffe79560000 - 0x00007ffe795f7000 	C:\WINDOWS\System32\TextInputFramework.dll
0x00007ffe882b0000 - 0x00007ffe8838a000 	C:\WINDOWS\System32\CoreMessaging.dll
0x00007ffe85740000 - 0x00007ffe85a5e000 	C:\WINDOWS\System32\CoreUIComponents.dll
0x00007ffe862f0000 - 0x00007ffe8643d000 	C:\WINDOWS\SYSTEM32\wintypes.dll
0x00007ffe89270000 - 0x00007ffe892a1000 	C:\WINDOWS\SYSTEM32\ntmarta.dll
0x00007ffe66be0000 - 0x00007ffe66bf2000 	C:\Program Files\Java\jdk-9.0.4\bin\prism_common.dll
0x00007ffe854b0000 - 0x00007ffe85679000 	C:\WINDOWS\SYSTEM32\dbghelp.dll

VM Arguments:
jvm_args: -javaagent:C:\Program Files\JetBrains\IntelliJ IDEA 2018.2.4\lib\idea_rt.jar=58485:C:\Program Files\JetBrains\IntelliJ IDEA 2018.2.4\bin -Dfile.encoding=UTF-8 
java_command: sample.Main
java_class_path (initial): C:\Users\rosti\Documents\GitHub\java-labs-2018\mysql-connector-java-5.1.46\mysql-connector-java-5.1.46-bin.jar;C:\Users\rosti\Documents\GitHub\toks-labs-2018\LAB1.ComMessenger\out\production\LAB1.ComMessenger;C:\Users\rosti\Documents\GitHub\toks-labs-2018\jssc-2.8.0.jar
Launcher Type: SUN_STANDARD

Logging:
Log output configuration:
#0: stdout all=warning uptime,level,tags
#1: stderr all=off uptime,level,tags

Environment Variables:
JAVA_HOME=C:\Program Files\Java\jdk-9.0.4
JRE_HOME=C:\Program Files\Java\jdk-9.0.4
PATH=C:\ProgramData\Oracle\Java\javapath;C:\WINDOWS\system32;C:\WINDOWS;C:\WINDOWS\System32\Wbem;C:\WINDOWS\System32\WindowsPowerShell\v1.0\;C:\Program Files\Intel\WiFi\bin\;C:\Program Files\Common Files\Intel\WirelessCommon\;C:\Program Files\dotnet\;C:\Program Files\Java\jdk-9.0.4\bin;C:\Program Files (x86)\sbt\bin;C:\WINDOWS\System32\OpenSSH\;c:\quartus\quartus\bin;C:\Users\rosti\AppData\Local\Microsoft\WindowsApps;C:\Program Files\Intel\WiFi\bin\;C:\Program Files\Common Files\Intel\WirelessCommon\;C:\Program Files\Microsoft VS Code\bin;C:\Users\rosti\AppData\Local\GitHubDesktop\bin;%USERPROFILE%\AppData\Local\Microsoft\WindowsApps;
USERNAME=rosti
OS=Windows_NT
PROCESSOR_IDENTIFIER=Intel64 Family 6 Model 142 Stepping 9, GenuineIntel



---------------  S Y S T E M  ---------------

OS: Windows 10 , 64 bit Build 17134 (10.0.17134.1)

CPU:total 4 (initial active 4) (2 cores per cpu, 2 threads per core) family 6 model 142 stepping 9, cmov, cx8, fxsr, mmx, sse, sse2, sse3, ssse3, sse4.1, sse4.2, popcnt, avx, avx2, aes, clmul, erms, 3dnowpref, lzcnt, ht, tsc, tscinvbit, bmi1, bmi2, adx, fma

Memory: 4k page, physical 4074596k(477420k free), swap 7875684k(1185016k free)

vm_info: Java HotSpot(TM) 64-Bit Server VM (9.0.4+11) for windows-amd64 JRE (9.0.4+11), built on Dec 20 2017 02:18:54 by "mach5one" with MS VC++ 12.0 (VS2013)

END.
